2024-07-10 17:23:08 -  [Thread debugging using libthread_db enabled]
2024-07-10 17:23:08 -  Using host libthread_db library "/lib/x86_64-linux-gnu/libthread_db.so.1".
2024-07-10 17:23:09 -  [New Thread 0x7ffff52a3700 (LWP 20026)]
2024-07-10 17:23:09 -  otPokemon Imperium, version 0.3.6 (otPokemon Imperium.)
2024-07-10 17:23:09 -  Compiled with GNU C++ version 10.2.1 20210110 at Jun 26 2024, 23:14:09.
2024-07-10 17:23:09 -  A server developed by : GOD Vitor.
2024-07-10 17:23:09 -  otPokemon Imperium - Pokemon Tibia Online.
2024-07-10 17:23:09 -  
2024-07-10 17:23:09 -  >> Loading config (config.lua)
2024-07-10 17:23:09 -  > Using SHA1 encryption
2024-07-10 17:23:09 -  >> Loading RSA key
2024-07-10 17:23:09 -  >> Starting SQL connection
2024-07-10 17:23:09 -  >> Running Database Manager
2024-07-10 17:23:09 -  > No tables were optimized.
2024-07-10 17:23:09 -  >> Loading items
2024-07-10 17:23:09 -  >> Loading groups
2024-07-10 17:23:09 -  >> Loading vocations
2024-07-10 17:23:09 -  >> Loading script systems
2024-07-10 17:23:09 -  >> Loading chat channels
2024-07-10 17:23:09 -  >> Loading outfits
2024-07-10 17:23:09 -  >> Loading experience stages
2024-07-10 17:23:09 -  >> Loading monsters
2024-07-10 17:23:09 -  I/O warning : failed to load external entity "datapack/monster/pokes/geracao 1/Sks Mewtwo.xml"
2024-07-10 17:23:09 -  [Warning - Monsters::loadMonster] Cannot load monster (Sks Mewtwo) file (datapack/monster/pokes/geracao 1/Sks Mewtwo.xml).
2024-07-10 17:23:09 -  Info: failed to load external entity "datapack/monster/pokes/geracao 1/Sks Mewtwo.xml"
2024-07-10 17:23:09 -  
2024-07-10 17:23:09 -  
2024-07-10 17:23:10 -  I/O warning : failed to load external entity "datapack/monster/pokes/Control/CMGengar.xml"
2024-07-10 17:23:10 -  [Warning - Monsters::loadMonster] Cannot load monster (Gengar cm) file (datapack/monster/pokes/Control/CMGengar.xml).
2024-07-10 17:23:10 -  Info: failed to load external entity "datapack/monster/pokes/Control/CMGengar.xml"
2024-07-10 17:23:10 -  
2024-07-10 17:23:10 -  
2024-07-10 17:23:10 -  I/O warning : failed to load external entity "datapack/monster/pokes/Control/CMAlakazam.xml"
2024-07-10 17:23:10 -  [Warning - Monsters::loadMonster] Cannot load monster (Alakazam cm) file (datapack/monster/pokes/Control/CMAlakazam.xml).
2024-07-10 17:23:10 -  Info: failed to load external entity "datapack/monster/pokes/Control/CMAlakazam.xml"
2024-07-10 17:23:10 -  
2024-07-10 17:23:10 -  
2024-07-10 17:23:10 -  I/O warning : failed to load external entity "datapack/monster/pokes/Control/CMHaunter.xml"
2024-07-10 17:23:10 -  [Warning - Monsters::loadMonster] Cannot load monster (Haunter cm) file (datapack/monster/pokes/Control/CMHaunter.xml).
2024-07-10 17:23:10 -  Info: failed to load external entity "datapack/monster/pokes/Control/CMHaunter.xml"
2024-07-10 17:23:10 -  
2024-07-10 17:23:10 -  
2024-07-10 17:23:10 -  I/O warning : failed to load external entity "datapack/monster/pokes/Control/CMSlowking.xml"
2024-07-10 17:23:10 -  [Warning - Monsters::loadMonster] Cannot load monster (Slowking cm) file (datapack/monster/pokes/Control/CMSlowking.xml).
2024-07-10 17:23:10 -  Info: failed to load external entity "datapack/monster/pokes/Control/CMSlowking.xml"
2024-07-10 17:23:10 -  
2024-07-10 17:23:10 -  
2024-07-10 17:23:10 -  I/O warning : failed to load external entity "datapack/monster/pokes/Control/CMTentacruel.xml"
2024-07-10 17:23:10 -  [Warning - Monsters::loadMonster] Cannot load monster (Tentacruel cm) file (datapack/monster/pokes/Control/CMTentacruel.xml).
2024-07-10 17:23:10 -  Info: failed to load external entity "datapack/monster/pokes/Control/CMTentacruel.xml"
2024-07-10 17:23:10 -  
2024-07-10 17:23:10 -  
2024-07-10 17:23:10 -  I/O warning : failed to load external entity "datapack/monster/pokes/Control/CMShiny Alakazam.xml"
2024-07-10 17:23:10 -  [Warning - Monsters::loadMonster] Cannot load monster (Shiny Alakazam cm) file (datapack/monster/pokes/Control/CMShiny Alakazam.xml).
2024-07-10 17:23:10 -  Info: failed to load external entity "datapack/monster/pokes/Control/CMShiny Alakazam.xml"
2024-07-10 17:23:10 -  
2024-07-10 17:23:10 -  
2024-07-10 17:23:10 -  I/O warning : failed to load external entity "datapack/monster/pokes/Control/CMShiny Gengar.xml"
2024-07-10 17:23:10 -  [Warning - Monsters::loadMonster] Cannot load monster (Shiny Gengar cm) file (datapack/monster/pokes/Control/CMShiny Gengar.xml).
2024-07-10 17:23:10 -  Info: failed to load external entity "datapack/monster/pokes/Control/CMShiny Gengar.xml"
2024-07-10 17:23:10 -  
2024-07-10 17:23:10 -  
2024-07-10 17:23:10 -  I/O warning : failed to load external entity "datapack/monster/pokes/Control/CMShiny Tentacruel.xml"
2024-07-10 17:23:10 -  [Warning - Monsters::loadMonster] Cannot load monster (Shiny Tentacruel cm) file (datapack/monster/pokes/Control/CMShiny Tentacruel.xml).
2024-07-10 17:23:10 -  Info: failed to load external entity "datapack/monster/pokes/Control/CMShiny Tentacruel.xml"
2024-07-10 17:23:10 -  
2024-07-10 17:23:10 -  
2024-07-10 17:23:10 -  >> Loading mods...
2024-07-10 17:23:10 -  > Loading firstitems.xml... done.
2024-07-10 17:23:10 -  > 1 mods were loaded.
2024-07-10 17:23:10 -  >> Loading map and spawns...
2024-07-10 17:23:10 -  > Map size: 2501x4119.
2024-07-10 17:23:10 -  > Map descriptions: 
2024-07-10 17:23:10 -  "Saved with Remere's Map Editor 3.7.0"
2024-07-10 17:23:10 -  "Poke Sapphire
2024-07-10 17:23:10 -  Thalles and Bianca
2024-07-10 17:23:10 -  
2024-07-10 17:23:10 -  Map by [GM] Bob Dylan"
2024-07-10 17:23:11 -  [Warning - IOMap::loadMap] Movable item in house: 1096, item type: 2080, pos 1174/1007/7
2024-07-10 17:23:13 -  [Warning - IOMap::loadMap] Movable item in house: 1096, item type: 38041, pos 1175/1028/7
2024-07-10 17:23:18 -  > Map loading time: 8.89 seconds.
2024-07-10 17:23:19 -  [Warning - Spawns::loadFromXml] Magneton ( 01652 / 00955 / 002 ) spawntime cannot be less than 1 seconds.
2024-07-10 17:23:19 -  [Warning - Spawns::loadFromXml] Electabuzz ( 01640 / 00989 / 002 ) spawntime cannot be less than 1 seconds.
2024-07-10 17:23:19 -  I/O warning : failed to load external entity "datapack/npc/Geraldo.xml"
2024-07-10 17:23:19 -  [Warning - Npc::loadFromXml] Cannot load npc file (datapack/npc/Geraldo.xml).
2024-07-10 17:23:19 -  Info: failed to load external entity "datapack/npc/Geraldo.xml"
2024-07-10 17:23:19 -  
2024-07-10 17:23:19 -  
2024-07-10 17:23:19 -  [Warning - Spawns::loadFromXml] Voltorb ( 01640 / 00991 / 004 ) spawntime cannot be less than 1 seconds.
2024-07-10 17:23:19 -  I/O warning : failed to load external entity "datapack/npc/roberto.xml"
2024-07-10 17:23:19 -  [Warning - Npc::loadFromXml] Cannot load npc file (datapack/npc/roberto.xml).
2024-07-10 17:23:19 -  Info: failed to load external entity "datapack/npc/roberto.xml"
2024-07-10 17:23:19 -  
2024-07-10 17:23:19 -  
2024-07-10 17:23:19 -  [Spawn::addMonster] Cannot find "Pansage"
2024-07-10 17:23:19 -  [Spawn::addMonster] Cannot find "Pansage"
2024-07-10 17:23:19 -  [Spawn::addMonster] Cannot find "Pansage"
2024-07-10 17:23:19 -  [Spawn::addMonster] Cannot find "Pansage"
2024-07-10 17:23:19 -  [Spawn::addMonster] Cannot find "Golett"
2024-07-10 17:23:19 -  [Spawn::addMonster] Cannot find "Golett"
2024-07-10 17:23:19 -  [Spawn::addMonster] Cannot find "Golett"
2024-07-10 17:23:19 -  [Spawn::addMonster] Cannot find "Golett"
2024-07-10 17:23:19 -  [Spawn::addMonster] Cannot find "Golett"
2024-07-10 17:23:19 -  [Spawn::addMonster] Cannot find "Golett"
2024-07-10 17:23:19 -  [Spawn::addMonster] Cannot find "Golett"
2024-07-10 17:23:19 -  [Spawn::addMonster] Cannot find "Gigalith"
2024-07-10 17:23:19 -  [Spawn::addMonster] Cannot find "Gigalith"
2024-07-10 17:23:19 -  [Spawn::addMonster] Cannot find "Gigalith"
2024-07-10 17:23:19 -  [Spawn::addMonster] Cannot find "Gigalith"
2024-07-10 17:23:19 -  [Spawn::addMonster] Cannot find "Gigalith"
2024-07-10 17:23:19 -  [Spawn::addMonster] Cannot find "Gigalith"
2024-07-10 17:23:19 -  [Spawn::addMonster] Cannot find "Gigalith"
2024-07-10 17:23:19 -  [Spawn::addMonster] Cannot find "Gigalith"
2024-07-10 17:23:19 -  [Spawn::addMonster] Cannot find "Gigalith"
2024-07-10 17:23:19 -  [Spawn::addMonster] Cannot find "Gigalith"
2024-07-10 17:23:19 -  [Spawn::addMonster] Cannot find "Gigalith"
2024-07-10 17:23:19 -  [Spawn::addMonster] Cannot find "Gigalith"
2024-07-10 17:23:19 -  [Spawn::addMonster] Cannot find "Gigalith"
2024-07-10 17:23:19 -  [Spawn::addMonster] Cannot find "Gigalith"
2024-07-10 17:23:19 -  [Spawn::addMonster] Cannot find "Gigalith"
2024-07-10 17:23:19 -  [Spawn::addMonster] Cannot find "Gigalith"
2024-07-10 17:23:19 -  [Spawn::addMonster] Cannot find "Gigalith"
2024-07-10 17:23:19 -  [Spawn::addMonster] Cannot find "Gigalith"
2024-07-10 17:23:19 -  [Spawn::addMonster] Cannot find "Gigalith"
2024-07-10 17:23:19 -  [Spawn::addMonster] Cannot find "Gigalith"
2024-07-10 17:23:19 -  [Spawn::addMonster] Cannot find "Gigalith"
2024-07-10 17:23:19 -  [Spawn::addMonster] Cannot find "Gigalith"
2024-07-10 17:23:19 -  [Spawn::addMonster] Cannot find "Gigalith"
2024-07-10 17:23:19 -  [Spawn::addMonster] Cannot find "Gigalith"
2024-07-10 17:23:19 -  [Spawn::addMonster] Cannot find "Beartic"
2024-07-10 17:23:19 -  [Spawn::addMonster] Cannot find "Beartic"
2024-07-10 17:23:19 -  [Spawn::addMonster] Cannot find "Beartic"
2024-07-10 17:23:19 -  [Spawn::addMonster] Cannot find "Beartic"
2024-07-10 17:23:19 -  [Spawn::addMonster] Cannot find "Beartic"
2024-07-10 17:23:19 -  [Spawn::addMonster] Cannot find "Beartic"
2024-07-10 17:23:19 -  [Spawn::addMonster] Cannot find "Beartic"
2024-07-10 17:23:19 -  [Spawn::addMonster] Cannot find "Beartic"
2024-07-10 17:23:19 -  [Spawn::addMonster] Cannot find "Beartic"
2024-07-10 17:23:19 -  [Spawn::addMonster] Cannot find "Beartic"
2024-07-10 17:23:19 -  [Spawn::addMonster] Cannot find "Beartic"
2024-07-10 17:23:19 -  [Spawn::addMonster] Cannot find "Beartic"
2024-07-10 17:23:19 -  [Spawn::addMonster] Cannot find "Beartic"
2024-07-10 17:23:19 -  [Spawn::addMonster] Cannot find "Beartic"
2024-07-10 17:23:19 -  [Spawn::addMonster] Cannot find "Beartic"
2024-07-10 17:23:19 -  [Spawn::addMonster] Cannot find "Beartic"
2024-07-10 17:23:19 -  [Spawn::addMonster] Cannot find "Beartic"
2024-07-10 17:23:19 -  [Spawn::addMonster] Cannot find "Beartic"
2024-07-10 17:23:19 -  [Spawn::addMonster] Cannot find "Beartic"
2024-07-10 17:23:19 -  [Spawn::addMonster] Cannot find "Beartic"
2024-07-10 17:23:19 -  [Spawn::addMonster] Cannot find "Beartic"
2024-07-10 17:23:19 -  I/O warning : failed to load external entity "datapack/npc/Capitao Luiz.xml"
2024-07-10 17:23:19 -  [Warning - Npc::loadFromXml] Cannot load npc file (datapack/npc/Capitao Luiz.xml).
2024-07-10 17:23:19 -  Info: failed to load external entity "datapack/npc/Capitao Luiz.xml"
2024-07-10 17:23:19 -  
2024-07-10 17:23:19 -  
2024-07-10 17:23:19 -  I/O warning : failed to load external entity "datapack/npc/Capitao Barbosa.xml"
2024-07-10 17:23:19 -  [Warning - Npc::loadFromXml] Cannot load npc file (datapack/npc/Capitao Barbosa.xml).
2024-07-10 17:23:19 -  Info: failed to load external entity "datapack/npc/Capitao Barbosa.xml"
2024-07-10 17:23:19 -  
2024-07-10 17:23:19 -  
2024-07-10 17:23:19 -  I/O warning : failed to load external entity "datapack/npc/Capitao Barbosa.xml"
2024-07-10 17:23:19 -  [Warning - Npc::loadFromXml] Cannot load npc file (datapack/npc/Capitao Barbosa.xml).
2024-07-10 17:23:19 -  Info: failed to load external entity "datapack/npc/Capitao Barbosa.xml"
2024-07-10 17:23:19 -  
2024-07-10 17:23:19 -  
2024-07-10 17:23:19 -  I/O warning : failed to load external entity "datapack/npc/DD - Anlow.xml"
2024-07-10 17:23:19 -  [Warning - Npc::loadFromXml] Cannot load npc file (datapack/npc/DD - Anlow.xml).
2024-07-10 17:23:19 -  Info: failed to load external entity "datapack/npc/DD - Anlow.xml"
2024-07-10 17:23:19 -  
2024-07-10 17:23:19 -  
2024-07-10 17:23:19 -  [Spawn::addMonster] Cannot find "Darmanitan"
2024-07-10 17:23:19 -  [Spawn::addMonster] Cannot find "Darmanitan"
2024-07-10 17:23:19 -  I/O warning : failed to load external entity "datapack/npc/Nurse Audino.xml"
2024-07-10 17:23:19 -  [Warning - Npc::loadFromXml] Cannot load npc file (datapack/npc/Nurse Audino.xml).
2024-07-10 17:23:19 -  Info: failed to load external entity "datapack/npc/Nurse Audino.xml"
2024-07-10 17:23:19 -  
2024-07-10 17:23:19 -  
2024-07-10 17:23:19 -  I/O warning : failed to load external entity "datapack/npc/Nurse Audino.xml"
2024-07-10 17:23:19 -  [Warning - Npc::loadFromXml] Cannot load npc file (datapack/npc/Nurse Audino.xml).
2024-07-10 17:23:19 -  Info: failed to load external entity "datapack/npc/Nurse Audino.xml"
2024-07-10 17:23:19 -  
2024-07-10 17:23:19 -  
2024-07-10 17:23:19 -  [Spawn::addMonster] Cannot find "Pansage"
2024-07-10 17:23:19 -  [Spawn::addMonster] Cannot find "Pansage"
2024-07-10 17:23:19 -  [Spawn::addMonster] Cannot find "Pansage"
2024-07-10 17:23:19 -  [Spawn::addMonster] Cannot find "Pansage"
2024-07-10 17:23:19 -  [Spawn::addMonster] Cannot find "Pansage"
2024-07-10 17:23:19 -  [Spawn::addMonster] Cannot find "Pansage"
2024-07-10 17:23:19 -  [Spawn::addMonster] Cannot find "Pansage"
2024-07-10 17:23:19 -  [Spawn::addMonster] Cannot find "Pansage"
2024-07-10 17:23:19 -  [Spawn::addMonster] Cannot find "Pansage"
2024-07-10 17:23:19 -  [Spawn::addMonster] Cannot find "Pansage"
2024-07-10 17:23:19 -  [Spawn::addMonster] Cannot find "Pansage"
2024-07-10 17:23:19 -  [Spawn::addMonster] Cannot find "Pansage"
2024-07-10 17:23:19 -  [Spawn::addMonster] Cannot find "Pansage"
2024-07-10 17:23:19 -  [Spawn::addMonster] Cannot find "Gothorita"
2024-07-10 17:23:19 -  [Spawn::addMonster] Cannot find "Gothorita"
2024-07-10 17:23:19 -  [Spawn::addMonster] Cannot find "Pansage"
2024-07-10 17:23:19 -  [Spawn::addMonster] Cannot find "Pansage"
2024-07-10 17:23:19 -  [Spawn::addMonster] Cannot find "Darmanitan"
2024-07-10 17:23:19 -  [Spawn::addMonster] Cannot find "Pansage"
2024-07-10 17:23:19 -  [Spawn::addMonster] Cannot find "Gothorita"
2024-07-10 17:23:19 -  [Spawn::addMonster] Cannot find "Gothorita"
2024-07-10 17:23:19 -  [Spawn::addMonster] Cannot find "Gothorita"
2024-07-10 17:23:19 -  [Spawn::addMonster] Cannot find "Gothorita"
2024-07-10 17:23:19 -  [Spawn::addMonster] Cannot find "Gothorita"
2024-07-10 17:23:19 -  [Spawn::addMonster] Cannot find "Gothorita"
2024-07-10 17:23:19 -  [Spawn::addMonster] Cannot find "Gothorita"
2024-07-10 17:23:19 -  [Spawn::addMonster] Cannot find "Gothorita"
2024-07-10 17:23:19 -  [Spawn::addMonster] Cannot find "Gothorita"
2024-07-10 17:23:19 -  [Spawn::addMonster] Cannot find "Gothorita"
2024-07-10 17:23:19 -  [Spawn::addMonster] Cannot find "Gothorita"
2024-07-10 17:23:19 -  [Spawn::addMonster] Cannot find "Gothorita"
2024-07-10 17:23:19 -  [Spawn::addMonster] Cannot find "Gothorita"
2024-07-10 17:23:19 -  [Spawn::addMonster] Cannot find "Gothorita"
2024-07-10 17:23:19 -  [Spawn::addMonster] Cannot find "Gothorita"
2024-07-10 17:23:19 -  [Spawn::addMonster] Cannot find "Gothorita"
2024-07-10 17:23:19 -  [Spawn::addMonster] Cannot find "Gothorita"
2024-07-10 17:23:19 -  [Spawn::addMonster] Cannot find "Gothorita"
2024-07-10 17:23:19 -  [Spawn::addMonster] Cannot find "Gothorita"
2024-07-10 17:23:19 -  [Spawn::addMonster] Cannot find "Gothorita"
2024-07-10 17:23:19 -  [Spawn::addMonster] Cannot find "Gothorita"
2024-07-10 17:23:19 -  [Spawn::addMonster] Cannot find "Gothorita"
2024-07-10 17:23:19 -  [Spawn::addMonster] Cannot find "Gothorita"
2024-07-10 17:23:19 -  [Spawn::addMonster] Cannot find "Gothorita"
2024-07-10 17:23:19 -  [Spawn::addMonster] Cannot find "Gothorita"
2024-07-10 17:23:19 -  [Spawn::addMonster] Cannot find "Gothorita"
2024-07-10 17:23:19 -  [Spawn::addMonster] Cannot find "Gothorita"
2024-07-10 17:23:19 -  [Spawn::addMonster] Cannot find "Gothorita"
2024-07-10 17:23:19 -  [Spawn::addMonster] Cannot find "Gothorita"
2024-07-10 17:23:19 -  [Spawn::addMonster] Cannot find "Gothorita"
2024-07-10 17:23:19 -  [Spawn::addMonster] Cannot find "Gothorita"
2024-07-10 17:23:19 -  [Spawn::addMonster] Cannot find "Gothorita"
2024-07-10 17:23:19 -  [Spawn::addMonster] Cannot find "Gothorita"
2024-07-10 17:23:19 -  [Spawn::addMonster] Cannot find "Pansage"
2024-07-10 17:23:19 -  [Spawn::addMonster] Cannot find "Gothorita"
2024-07-10 17:23:19 -  [Spawn::addMonster] Cannot find "Gothorita"
2024-07-10 17:23:19 -  [Spawn::addMonster] Cannot find "Gothorita"
2024-07-10 17:23:19 -  [Spawn::addMonster] Cannot find "Gothorita"
2024-07-10 17:23:19 -  [Spawn::addMonster] Cannot find "Pansage"
2024-07-10 17:23:19 -  [Spawn::addMonster] Cannot find "Pansage"
2024-07-10 17:23:19 -  [Spawn::addMonster] Cannot find "Pansage"
2024-07-10 17:23:19 -  [Spawn::addMonster] Cannot find "Gothorita"
2024-07-10 17:23:19 -  [Spawn::addMonster] Cannot find "Pansage"
2024-07-10 17:23:19 -  [Spawn::addMonster] Cannot find "Pansage"
2024-07-10 17:23:19 -  [Spawn::addMonster] Cannot find "Pansage"
2024-07-10 17:23:19 -  [Spawn::addMonster] Cannot find "Pansage"
2024-07-10 17:23:19 -  [Spawn::addMonster] Cannot find "Pansage"
2024-07-10 17:23:19 -  [Spawn::addMonster] Cannot find "Pansage"
2024-07-10 17:23:19 -  [Spawn::addMonster] Cannot find "Pansage"
2024-07-10 17:23:19 -  [Spawn::addMonster] Cannot find "Pansage"
2024-07-10 17:23:19 -  [Spawn::addMonster] Cannot find "Pansage"
2024-07-10 17:23:19 -  [Spawn::addMonster] Cannot find "Pansage"
2024-07-10 17:23:19 -  [Spawn::addMonster] Cannot find "Pansage"
2024-07-10 17:23:19 -  [Spawn::addMonster] Cannot find "Pansage"
2024-07-10 17:23:19 -  [Spawn::addMonster] Cannot find "Pansage"
2024-07-10 17:23:19 -  [Spawn::addMonster] Cannot find "Pansage"
2024-07-10 17:23:19 -  [Spawn::addMonster] Cannot find "Pansage"
2024-07-10 17:23:19 -  [Spawn::addMonster] Cannot find "Golett"
2024-07-10 17:23:19 -  [Spawn::addMonster] Cannot find "Golett"
2024-07-10 17:23:19 -  [Spawn::addMonster] Cannot find "Golett"
2024-07-10 17:23:19 -  [Spawn::addMonster] Cannot find "Golett"
2024-07-10 17:23:19 -  [Spawn::addMonster] Cannot find "Pansage"
2024-07-10 17:23:19 -  [Spawn::addMonster] Cannot find "Pansage"
2024-07-10 17:23:19 -  [Spawn::addMonster] Cannot find "Pansage"
2024-07-10 17:23:19 -  [Spawn::addMonster] Cannot find "Pansage"
2024-07-10 17:23:19 -  [Spawn::addMonster] Cannot find "Golett"
2024-07-10 17:23:19 -  [Spawn::addMonster] Cannot find "Golett"
2024-07-10 17:23:19 -  [Spawn::addMonster] Cannot find "Pansage"
2024-07-10 17:23:19 -  [Spawn::addMonster] Cannot find "Pansage"
2024-07-10 17:23:19 -  [Spawn::addMonster] Cannot find "Golett"
2024-07-10 17:23:19 -  [Spawn::addMonster] Cannot find "Golett"
2024-07-10 17:23:19 -  [Spawn::addMonster] Cannot find "Pansage"
2024-07-10 17:23:19 -  [Spawn::addMonster] Cannot find "Pansage"
2024-07-10 17:23:19 -  [Spawn::addMonster] Cannot find "Pansage"
2024-07-10 17:23:19 -  [Spawn::addMonster] Cannot find "Pansage"
2024-07-10 17:23:19 -  [Spawn::addMonster] Cannot find "Pansage"
2024-07-10 17:23:19 -  [Spawn::addMonster] Cannot find "Pansage"
2024-07-10 17:23:19 -  [Spawn::addMonster] Cannot find "Pansage"
2024-07-10 17:23:19 -  [Spawn::addMonster] Cannot find "Pansage"
2024-07-10 17:23:19 -  [Spawn::addMonster] Cannot find "Pansage"
2024-07-10 17:23:19 -  [Spawn::addMonster] Cannot find "Pansage"
2024-07-10 17:23:19 -  [Spawn::addMonster] Cannot find "Pansage"
2024-07-10 17:23:19 -  [Spawn::addMonster] Cannot find "Pansage"
2024-07-10 17:23:19 -  [Spawn::addMonster] Cannot find "Pansage"
2024-07-10 17:23:19 -  [Spawn::addMonster] Cannot find "Pansage"
2024-07-10 17:23:19 -  [Spawn::addMonster] Cannot find "Pansage"
2024-07-10 17:23:19 -  [Spawn::addMonster] Cannot find "Pansage"
2024-07-10 17:23:19 -  [Spawn::addMonster] Cannot find "Pansage"
2024-07-10 17:23:19 -  [Spawn::addMonster] Cannot find "Pansage"
2024-07-10 17:23:19 -  [Spawn::addMonster] Cannot find "Pansage"
2024-07-10 17:23:19 -  [Spawn::addMonster] Cannot find "Pansage"
2024-07-10 17:23:19 -  [Spawn::addMonster] Cannot find "Oshawott"
2024-07-10 17:23:19 -  [Spawn::addMonster] Cannot find "Oshawott"
2024-07-10 17:23:19 -  [Spawn::addMonster] Cannot find "Oshawott"
2024-07-10 17:23:19 -  [Spawn::addMonster] Cannot find "Oshawott"
2024-07-10 17:23:19 -  [Spawn::addMonster] Cannot find "Oshawott"
2024-07-10 17:23:19 -  [Spawn::addMonster] Cannot find "Oshawott"
2024-07-10 17:23:19 -  [Spawn::addMonster] Cannot find "Oshawott"
2024-07-10 17:23:19 -  [Spawn::addMonster] Cannot find "Oshawott"
2024-07-10 17:23:19 -  [Spawn::addMonster] Cannot find "Oshawott"
2024-07-10 17:23:19 -  [Spawn::addMonster] Cannot find "Krookodile"
2024-07-10 17:23:19 -  [Spawn::addMonster] Cannot find "Oshawott"
2024-07-10 17:23:19 -  [Spawn::addMonster] Cannot find "Oshawott"
2024-07-10 17:23:19 -  [Spawn::addMonster] Cannot find "Oshawott"
2024-07-10 17:23:19 -  [Spawn::addMonster] Cannot find "Oshawott"
2024-07-10 17:23:19 -  [Spawn::addMonster] Cannot find "Oshawott"
2024-07-10 17:23:19 -  [Spawn::addMonster] Cannot find "Oshawott"
2024-07-10 17:23:19 -  [Spawn::addMonster] Cannot find "Oshawott"
2024-07-10 17:23:19 -  [Spawn::addMonster] Cannot find "Oshawott"
2024-07-10 17:23:19 -  [Spawn::addMonster] Cannot find "Pansage"
2024-07-10 17:23:19 -  [Spawn::addMonster] Cannot find "Pansage"
2024-07-10 17:23:19 -  [Spawn::addMonster] Cannot find "Zweilous"
2024-07-10 17:23:19 -  I/O warning : failed to load external entity "datapack/npc/Nurse Audino.xml"
2024-07-10 17:23:19 -  [Warning - Npc::loadFromXml] Cannot load npc file (datapack/npc/Nurse Audino.xml).
2024-07-10 17:23:19 -  Info: failed to load external entity "datapack/npc/Nurse Audino.xml"
2024-07-10 17:23:19 -  
2024-07-10 17:23:19 -  
2024-07-10 17:23:19 -  [Spawn::addMonster] Cannot find "Pansear"
2024-07-10 17:23:19 -  [Spawn::addMonster] Cannot find "Pansear"
2024-07-10 17:23:19 -  [Spawn::addMonster] Cannot find "Pansear"
2024-07-10 17:23:19 -  [Spawn::addMonster] Cannot find "Pansear"
2024-07-10 17:23:19 -  [Spawn::addMonster] Cannot find "Darmanitan"
2024-07-10 17:23:19 -  [Spawn::addMonster] Cannot find "Pansear"
2024-07-10 17:23:19 -  [Spawn::addMonster] Cannot find "Pansear"
2024-07-10 17:23:19 -  [Spawn::addMonster] Cannot find "Pansear"
2024-07-10 17:23:19 -  [Spawn::addMonster] Cannot find "Pansear"
2024-07-10 17:23:19 -  [Spawn::addMonster] Cannot find "Pansear"
2024-07-10 17:23:19 -  [Spawn::addMonster] Cannot find "Pansear"
2024-07-10 17:23:19 -  [Spawn::addMonster] Cannot find "Pansear"
2024-07-10 17:23:19 -  [Spawn::addMonster] Cannot find "Pansear"
2024-07-10 17:23:19 -  [Spawn::addMonster] Cannot find "Pansear"
2024-07-10 17:23:19 -  [Spawn::addMonster] Cannot find "Pansear"
2024-07-10 17:23:19 -  [Spawn::addMonster] Cannot find "Pansear"
2024-07-10 17:23:19 -  [Spawn::addMonster] Cannot find "Pansear"
2024-07-10 17:23:19 -  [Spawn::addMonster] Cannot find "Pansear"
2024-07-10 17:23:19 -  [Spawn::addMonster] Cannot find "Pansear"
2024-07-10 17:23:19 -  [Spawn::addMonster] Cannot find "Pansear"
2024-07-10 17:23:19 -  [Spawn::addMonster] Cannot find "Pansear"
2024-07-10 17:23:19 -  [Spawn::addMonster] Cannot find "Pansear"
2024-07-10 17:23:19 -  [Spawn::addMonster] Cannot find "Pansear"
2024-07-10 17:23:19 -  [Spawn::addMonster] Cannot find "Pansear"
2024-07-10 17:23:19 -  [Spawn::addMonster] Cannot find "Pansear"
2024-07-10 17:23:19 -  [Spawn::addMonster] Cannot find "Pansear"
2024-07-10 17:23:19 -  [Spawn::addMonster] Cannot find "Pansear"
2024-07-10 17:23:19 -  [Spawn::addMonster] Cannot find "Pansear"
2024-07-10 17:23:19 -  [Spawn::addMonster] Cannot find "Pansear"
2024-07-10 17:23:19 -  [Spawn::addMonster] Cannot find "Zweilous"
2024-07-10 17:23:19 -  [Spawn::addMonster] Cannot find "Zweilous"
2024-07-10 17:23:19 -  [Spawn::addMonster] Cannot find "Pansage"
2024-07-10 17:23:19 -  [Spawn::addMonster] Cannot find "Pansage"
2024-07-10 17:23:19 -  [Spawn::addMonster] Cannot find "Pansage"
2024-07-10 17:23:19 -  [Spawn::addMonster] Cannot find "Pansage"
2024-07-10 17:23:19 -  [Spawn::addMonster] Cannot find "Pansage"
2024-07-10 17:23:19 -  [Spawn::addMonster] Cannot find "Zweilous"
2024-07-10 17:23:19 -  [Spawn::addMonster] Cannot find "Zweilous"
2024-07-10 17:23:19 -  [Spawn::addMonster] Cannot find "Zweilous"
2024-07-10 17:23:19 -  [Spawn::addMonster] Cannot find "Pansage"
2024-07-10 17:23:19 -  [Spawn::addMonster] Cannot find "Zweilous"
2024-07-10 17:23:19 -  [Spawn::addMonster] Cannot find "Zweilous"
2024-07-10 17:23:19 -  [Spawn::addMonster] Cannot find "Gothorita"
2024-07-10 17:23:19 -  [Spawn::addMonster] Cannot find "Zweilous"
2024-07-10 17:23:19 -  [Spawn::addMonster] Cannot find "Gothorita"
2024-07-10 17:23:19 -  [Spawn::addMonster] Cannot find "Gothorita"
2024-07-10 17:23:19 -  [Spawn::addMonster] Cannot find "Gothorita"
2024-07-10 17:23:19 -  [Spawn::addMonster] Cannot find "Gothorita"
2024-07-10 17:23:19 -  [Spawn::addMonster] Cannot find "Gothorita"
2024-07-10 17:23:19 -  [Spawn::addMonster] Cannot find "Gothorita"
2024-07-10 17:23:19 -  [Spawn::addMonster] Cannot find "Pansage"
2024-07-10 17:23:19 -  [Spawn::addMonster] Cannot find "Zweilous"
2024-07-10 17:23:19 -  [Spawn::addMonster] Cannot find "Gothorita"
2024-07-10 17:23:19 -  [Spawn::addMonster] Cannot find "Gothorita"
2024-07-10 17:23:19 -  [Spawn::addMonster] Cannot find "Gothorita"
2024-07-10 17:23:19 -  [Spawn::addMonster] Cannot find "Gothorita"
2024-07-10 17:23:19 -  [Spawn::addMonster] Cannot find "Gothorita"
2024-07-10 17:23:19 -  [Spawn::addMonster] Cannot find "Gothorita"
2024-07-10 17:23:19 -  [Spawn::addMonster] Cannot find "Gothorita"
2024-07-10 17:23:19 -  [Spawn::addMonster] Cannot find "Pansage"
2024-07-10 17:23:19 -  [Spawn::addMonster] Cannot find "Gothorita"
2024-07-10 17:23:19 -  [Spawn::addMonster] Cannot find "Gothorita"
2024-07-10 17:23:19 -  [Spawn::addMonster] Cannot find "Pansage"
2024-07-10 17:23:19 -  [Spawn::addMonster] Cannot find "Pansage"
2024-07-10 17:23:19 -  [Spawn::addMonster] Cannot find "Gothorita"
2024-07-10 17:23:19 -  [Spawn::addMonster] Cannot find "Cubchoo"
2024-07-10 17:23:19 -  [Spawn::addMonster] Cannot find "Cubchoo"
2024-07-10 17:23:19 -  [Spawn::addMonster] Cannot find "Beartic"
2024-07-10 17:23:19 -  [Spawn::addMonster] Cannot find "Cubchoo"
2024-07-10 17:23:19 -  [Spawn::addMonster] Cannot find "Cubchoo"
2024-07-10 17:23:19 -  [Spawn::addMonster] Cannot find "Cubchoo"
2024-07-10 17:23:19 -  [Spawn::addMonster] Cannot find "Cubchoo"
2024-07-10 17:23:19 -  [Spawn::addMonster] Cannot find "Beartic"
2024-07-10 17:23:19 -  [Spawn::addMonster] Cannot find "Beartic"
2024-07-10 17:23:19 -  [Spawn::addMonster] Cannot find "Cubchoo"
2024-07-10 17:23:19 -  [Spawn::addMonster] Cannot find "Cubchoo"
2024-07-10 17:23:19 -  [Spawn::addMonster] Cannot find "Beartic"
2024-07-10 17:23:19 -  [Spawn::addMonster] Cannot find "Beartic"
2024-07-10 17:23:19 -  [Spawn::addMonster] Cannot find "Cubchoo"
2024-07-10 17:23:19 -  [Spawn::addMonster] Cannot find "Beartic"
2024-07-10 17:23:19 -  [Spawn::addMonster] Cannot find "Cubchoo"
2024-07-10 17:23:19 -  [Spawn::addMonster] Cannot find "Beartic"
2024-07-10 17:23:19 -  [Spawn::addMonster] Cannot find "Beartic"
2024-07-10 17:23:19 -  [Spawn::addMonster] Cannot find "Cubchoo"
2024-07-10 17:23:19 -  [Spawn::addMonster] Cannot find "Cubchoo"
2024-07-10 17:23:19 -  [Spawn::addMonster] Cannot find "Cubchoo"
2024-07-10 17:23:19 -  [Spawn::addMonster] Cannot find "Cubchoo"
2024-07-10 17:23:19 -  [Spawn::addMonster] Cannot find "Cubchoo"
2024-07-10 17:23:19 -  [Spawn::addMonster] Cannot find "Beartic"
2024-07-10 17:23:19 -  [Spawn::addMonster] Cannot find "Pansage"
2024-07-10 17:23:19 -  [Spawn::addMonster] Cannot find "Pansage"
2024-07-10 17:23:19 -  [Spawn::addMonster] Cannot find "Pansage"
2024-07-10 17:23:19 -  [Spawn::addMonster] Cannot find "Gothorita"
2024-07-10 17:23:19 -  [Spawn::addMonster] Cannot find "Gothorita"
2024-07-10 17:23:19 -  [Spawn::addMonster] Cannot find "Gothorita"
2024-07-10 17:23:19 -  [Spawn::addMonster] Cannot find "Gothorita"
2024-07-10 17:23:19 -  [Spawn::addMonster] Cannot find "Gothorita"
2024-07-10 17:23:19 -  [Spawn::addMonster] Cannot find "Gothorita"
2024-07-10 17:23:19 -  [Spawn::addMonster] Cannot find "Gothorita"
2024-07-10 17:23:19 -  [Spawn::addMonster] Cannot find "Cubchoo"
2024-07-10 17:23:19 -  [Spawn::addMonster] Cannot find "Cubchoo"
2024-07-10 17:23:19 -  [Spawn::addMonster] Cannot find "Cubchoo"
2024-07-10 17:23:19 -  [Spawn::addMonster] Cannot find "Cubchoo"
2024-07-10 17:23:19 -  [Spawn::addMonster] Cannot find "Cubchoo"
2024-07-10 17:23:19 -  [Spawn::addMonster] Cannot find "Cubchoo"
2024-07-10 17:23:19 -  [Spawn::addMonster] Cannot find "Cubchoo"
2024-07-10 17:23:19 -  [Spawn::addMonster] Cannot find "Cubchoo"
2024-07-10 17:23:19 -  [Spawn::addMonster] Cannot find "Beartic"
2024-07-10 17:23:19 -  [Spawn::addMonster] Cannot find "Cubchoo"
2024-07-10 17:23:19 -  [Spawn::addMonster] Cannot find "Beartic"
2024-07-10 17:23:19 -  [Spawn::addMonster] Cannot find "Cubchoo"
2024-07-10 17:23:19 -  [Spawn::addMonster] Cannot find "Cubchoo"
2024-07-10 17:23:19 -  [Spawn::addMonster] Cannot find "Cubchoo"
2024-07-10 17:23:19 -  [Spawn::addMonster] Cannot find "Cubchoo"
2024-07-10 17:23:19 -  [Spawn::addMonster] Cannot find "Gothorita"
2024-07-10 17:23:19 -  [Spawn::addMonster] Cannot find "Gothorita"
2024-07-10 17:23:19 -  [Spawn::addMonster] Cannot find "Gothorita"
2024-07-10 17:23:19 -  [Spawn::addMonster] Cannot find "Gothorita"
2024-07-10 17:23:19 -  [Spawn::addMonster] Cannot find "Cubchoo"
2024-07-10 17:23:19 -  [Spawn::addMonster] Cannot find "Cubchoo"
2024-07-10 17:23:19 -  [Spawn::addMonster] Cannot find "Beartic"
2024-07-10 17:23:19 -  [Spawn::addMonster] Cannot find "Cubchoo"
2024-07-10 17:23:19 -  [Spawn::addMonster] Cannot find "Cubchoo"
2024-07-10 17:23:19 -  [Spawn::addMonster] Cannot find "Cubchoo"
2024-07-10 17:23:19 -  [Spawn::addMonster] Cannot find "Beartic"
2024-07-10 17:23:19 -  [Spawn::addMonster] Cannot find "Guardian Magmar"
2024-07-10 17:23:19 -  [Spawn::addMonster] Cannot find "Guardian Magmar"
2024-07-10 17:23:19 -  [Spawn::addMonster] Cannot find "Guardian Magmar"
2024-07-10 17:23:19 -  [Spawn::addMonster] Cannot find "Guardian Magmar"
2024-07-10 17:23:19 -  [Spawn::addMonster] Cannot find "Guardian Magmar"
2024-07-10 17:23:19 -  [Spawn::addMonster] Cannot find "Guardian Magmar"
2024-07-10 17:23:19 -  [Spawn::addMonster] Cannot find "Guardian Magmar"
2024-07-10 17:23:19 -  [Spawn::addMonster] Cannot find "Guardian Magmar"
2024-07-10 17:23:19 -  [Spawn::addMonster] Cannot find "Guardian Magmar"
2024-07-10 17:23:19 -  [Spawn::addMonster] Cannot find "Guardian Magmar"
2024-07-10 17:23:19 -  [Spawn::addMonster] Cannot find "Guardian Magmar"
2024-07-10 17:23:19 -  [Spawn::addMonster] Cannot find "Guardian Magmar"
2024-07-10 17:23:19 -  [Spawn::addMonster] Cannot find "Guardian Magmar"
2024-07-10 17:23:19 -  [Spawn::addMonster] Cannot find "Guardian Magmar"
2024-07-10 17:23:19 -  [Spawn::addMonster] Cannot find "Guardian Magmar"
2024-07-10 17:23:19 -  [Spawn::addMonster] Cannot find "Guardian Magmar"
2024-07-10 17:23:19 -  [Spawn::addMonster] Cannot find "Guardian Magmar"
2024-07-10 17:23:19 -  [Spawn::addMonster] Cannot find "Guardian Magmar"
2024-07-10 17:23:19 -  [Spawn::addMonster] Cannot find "Guardian Magmar"
2024-07-10 17:23:19 -  [Spawn::addMonster] Cannot find "Guardian Magmar"
2024-07-10 17:23:19 -  [Spawn::addMonster] Cannot find "Krookodile"
2024-07-10 17:23:19 -  [Spawn::addMonster] Cannot find "Krookodile"
2024-07-10 17:23:19 -  [Spawn::addMonster] Cannot find "Krookodile"
2024-07-10 17:23:19 -  [Spawn::addMonster] Cannot find "Krookodile"
2024-07-10 17:23:19 -  [Spawn::addMonster] Cannot find "Oshawott"
2024-07-10 17:23:19 -  [Spawn::addMonster] Cannot find "Krookodile"
2024-07-10 17:23:19 -  [Spawn::addMonster] Cannot find "Krookodile"
2024-07-10 17:23:19 -  [Spawn::addMonster] Cannot find "Krookodile"
2024-07-10 17:23:19 -  [Spawn::addMonster] Cannot find "Krookodile"
2024-07-10 17:23:19 -  [Spawn::addMonster] Cannot find "Krookodile"
2024-07-10 17:23:19 -  [Spawn::addMonster] Cannot find "Krookodile"
2024-07-10 17:23:19 -  [Spawn::addMonster] Cannot find "Krookodile"
2024-07-10 17:23:19 -  [Spawn::addMonster] Cannot find "Krookodile"
2024-07-10 17:23:19 -  [Spawn::addMonster] Cannot find "Guardian Magmar"
2024-07-10 17:23:19 -  [Spawn::addMonster] Cannot find "Guardian Magmar"
2024-07-10 17:23:19 -  [Spawn::addMonster] Cannot find "Guardian Magmar"
2024-07-10 17:23:19 -  [Spawn::addMonster] Cannot find "Guardian Magmar"
2024-07-10 17:23:19 -  [Spawn::addMonster] Cannot find "Guardian Magmar"
2024-07-10 17:23:19 -  [Spawn::addMonster] Cannot find "Guardian Magmar"
2024-07-10 17:23:19 -  [Spawn::addMonster] Cannot find "Guardian Magmar"
2024-07-10 17:23:19 -  [Spawn::addMonster] Cannot find "Guardian Magmar"
2024-07-10 17:23:19 -  [Spawn::addMonster] Cannot find "Guardian Magmar"
2024-07-10 17:23:19 -  [Spawn::addMonster] Cannot find "Guardian Magmar"
2024-07-10 17:23:19 -  [Spawn::addMonster] Cannot find "Guardian Magmar"
2024-07-10 17:23:19 -  [Spawn::addMonster] Cannot find "Guardian Magmar"
2024-07-10 17:23:19 -  [Spawn::addMonster] Cannot find "Guardian Magmar"
2024-07-10 17:23:19 -  [Spawn::addMonster] Cannot find "Guardian Magmar"
2024-07-10 17:23:19 -  [Spawn::addMonster] Cannot find "Guardian Magmar"
2024-07-10 17:23:19 -  [Spawn::addMonster] Cannot find "Guardian Magmar"
2024-07-10 17:23:19 -  [Spawn::addMonster] Cannot find "Guardian Magmar"
2024-07-10 17:23:19 -  [Spawn::addMonster] Cannot find "Guardian Magmar"
2024-07-10 17:23:19 -  [Spawn::addMonster] Cannot find "Guardian Magmar"
2024-07-10 17:23:19 -  [Spawn::addMonster] Cannot find "Guardian Magmar"
2024-07-10 17:23:19 -  [Spawn::addMonster] Cannot find "Guardian Magmar"
2024-07-10 17:23:19 -  [Spawn::addMonster] Cannot find "Guardian Magmar"
2024-07-10 17:23:19 -  [Spawn::addMonster] Cannot find "Guardian Magmar"
2024-07-10 17:23:19 -  [Spawn::addMonster] Cannot find "Guardian Magmar"
2024-07-10 17:23:19 -  [Spawn::addMonster] Cannot find "Guardian Magmar"
2024-07-10 17:23:19 -  [Spawn::addMonster] Cannot find "Guardian Magmar"
2024-07-10 17:23:19 -  [Spawn::addMonster] Cannot find "Guardian Magmar"
2024-07-10 17:23:19 -  [Spawn::addMonster] Cannot find "Guardian Magmar"
2024-07-10 17:23:19 -  [Spawn::addMonster] Cannot find "Guardian Magmar"
2024-07-10 17:23:19 -  [Spawn::addMonster] Cannot find "Guardian Magmar"
2024-07-10 17:23:19 -  [Spawn::addMonster] Cannot find "Guardian Magmar"
2024-07-10 17:23:19 -  [Spawn::addMonster] Cannot find "Guardian Magmar"
2024-07-10 17:23:19 -  [Spawn::addMonster] Cannot find "Guardian Magmar"
2024-07-10 17:23:19 -  [Spawn::addMonster] Cannot find "Guardian Magmar"
2024-07-10 17:23:19 -  [Spawn::addMonster] Cannot find "Krookodile"
2024-07-10 17:23:19 -  [Spawn::addMonster] Cannot find "Krookodile"
2024-07-10 17:23:19 -  [Spawn::addMonster] Cannot find "Krookodile"
2024-07-10 17:23:19 -  [Spawn::addMonster] Cannot find "Krookodile"
2024-07-10 17:23:19 -  [Spawn::addMonster] Cannot find "Krookodile"
2024-07-10 17:23:19 -  [Spawn::addMonster] Cannot find "Oshawott"
2024-07-10 17:23:19 -  [Spawn::addMonster] Cannot find "Krookodile"
2024-07-10 17:23:19 -  [Spawn::addMonster] Cannot find "Krookodile"
2024-07-10 17:23:19 -  [Spawn::addMonster] Cannot find "Krookodile"
2024-07-10 17:23:19 -  [Spawn::addMonster] Cannot find "Guardian Magmar"
2024-07-10 17:23:19 -  [Spawn::addMonster] Cannot find "Guardian Magmar"
2024-07-10 17:23:19 -  [Spawn::addMonster] Cannot find "Guardian Magmar"
2024-07-10 17:23:19 -  [Spawn::addMonster] Cannot find "Guardian Magmar"
2024-07-10 17:23:19 -  [Spawn::addMonster] Cannot find "Guardian Magmar"
2024-07-10 17:23:19 -  [Spawn::addMonster] Cannot find "Guardian Magmar"
2024-07-10 17:23:19 -  [Spawn::addMonster] Cannot find "Guardian Magmar"
2024-07-10 17:23:19 -  [Spawn::addMonster] Cannot find "Guardian Magmar"
2024-07-10 17:23:19 -  [Spawn::addMonster] Cannot find "Guardian Magmar"
2024-07-10 17:23:19 -  [Spawn::addMonster] Cannot find "Guardian Magmar"
2024-07-10 17:23:19 -  [Spawn::addMonster] Cannot find "Guardian Magmar"
2024-07-10 17:23:19 -  [Spawn::addMonster] Cannot find "Guardian Magmar"
2024-07-10 17:23:19 -  [Spawn::addMonster] Cannot find "Guardian Magmar"
2024-07-10 17:23:19 -  [Spawn::addMonster] Cannot find "Guardian Magmar"
2024-07-10 17:23:19 -  [Spawn::addMonster] Cannot find "Guardian Magmar"
2024-07-10 17:23:19 -  [Spawn::addMonster] Cannot find "Guardian Magmar"
2024-07-10 17:23:19 -  [Spawn::addMonster] Cannot find "Guardian Magmar"
2024-07-10 17:23:19 -  [Spawn::addMonster] Cannot find "Guardian Magmar"
2024-07-10 17:23:19 -  [Spawn::addMonster] Cannot find "Guardian Magmar"
2024-07-10 17:23:19 -  [Spawn::addMonster] Cannot find "Guardian Magmar"
2024-07-10 17:23:19 -  [Spawn::addMonster] Cannot find "Guardian Magmar"
2024-07-10 17:23:19 -  [Warning - Houses::loadFromXml] House entry not set for: Forgotten headquarter (Flat 1, Area 42) (471)
2024-07-10 17:23:19 -  [Warning - Houses::loadFromXml] House entry not set for: Forgotten headquarter (Flat 1, Area 42) (472)
2024-07-10 17:23:19 -  [Warning - Houses::loadFromXml] House entry not set for: Forgotten headquarter (Flat 1, Area 42) (473)
2024-07-10 17:23:19 -  [Warning - Houses::loadFromXml] House entry not set for: Forgotten headquarter (Flat 1, Area 42) (474)
2024-07-10 17:23:19 -  [Warning - Houses::loadFromXml] House entry not set for: Forgotten headquarter (Flat 1, Area 42) (475)
2024-07-10 17:23:19 -  [Warning - Houses::loadFromXml] House entry not set for: Forgotten headquarter (Flat 1, Area 42) (476)
2024-07-10 17:23:19 -  [Warning - Houses::loadFromXml] House entry not set for: Forgotten headquarter (Flat 1, Area 42) (477)
2024-07-10 17:23:19 -  [Warning - Houses::loadFromXml] House entry not set for: Forgotten headquarter (Flat 1, Area 42) (478)
2024-07-10 17:23:19 -  [Warning - Houses::loadFromXml] House entry not set for: Forgotten headquarter (Flat 1, Area 42) (1028)
2024-07-10 17:23:19 -  [Warning - Houses::loadFromXml] House entry not set for: Forgotten headquarter (Flat 1, Area 42) (1029)
2024-07-10 17:23:19 -  [Warning - Houses::loadFromXml] House entry not set for: Forgotten headquarter (Flat 1, Area 42) (1030)
2024-07-10 17:23:19 -  [Warning - Houses::loadFromXml] House entry not set for: Forgotten headquarter (Flat 1, Area 42) (1031)
2024-07-10 17:23:19 -  [Warning - Houses::loadFromXml] House entry not set for: Forgotten headquarter (Flat 1, Area 42) (1032)
2024-07-10 17:23:19 -  [Warning - Houses::loadFromXml] House entry not set for: Forgotten headquarter (Flat 1, Area 42) (1033)
2024-07-10 17:23:19 -  [Warning - Houses::loadFromXml] House entry not set for: Forgotten headquarter (Flat 1, Area 42) (1034)
2024-07-10 17:23:19 -  [Warning - Houses::loadFromXml] House entry not set for: Forgotten headquarter (Flat 1, Area 42) (1035)
2024-07-10 17:23:19 -  [Warning - Houses::loadFromXml] House entry not set for: Forgotten headquarter (Flat 1, Area 42) (1036)
2024-07-10 17:23:19 -  [Warning - Houses::loadFromXml] House entry not set for: Forgotten headquarter (Flat 1, Area 42) (1037)
2024-07-10 17:23:19 -  [Warning - Houses::loadFromXml] House entry not set for: Forgotten headquarter (Flat 1, Area 42) (1038)
2024-07-10 17:23:19 -  [Warning - Houses::loadFromXml] House entry not set for: Forgotten headquarter (Flat 1, Area 42) (1039)
2024-07-10 17:23:19 -  [Warning - Houses::loadFromXml] House entry not set for: Forgotten headquarter (Flat 1, Area 42) (1040)
2024-07-10 17:23:19 -  [Warning - Houses::loadFromXml] House entry not set for: Forgotten headquarter (Flat 1, Area 42) (1041)
2024-07-10 17:23:19 -  [Warning - Houses::loadFromXml] House entry not set for: Forgotten headquarter (Flat 1, Area 42) (1042)
2024-07-10 17:23:19 -  [Warning - Houses::loadFromXml] House entry not set for: Forgotten headquarter (Flat 1, Area 42) (1043)
2024-07-10 17:23:19 -  [Warning - Houses::loadFromXml] House entry not set for: Forgotten headquarter (Flat 1, Area 42) (1044)
2024-07-10 17:23:19 -  [Warning - Houses::loadFromXml] House entry not set for: Forgotten headquarter (Flat 1, Area 42) (1056)
2024-07-10 17:23:19 -  [Warning - Houses::loadFromXml] House entry not set for: Forgotten headquarter (Flat 1, Area 42) (1094)
2024-07-10 17:23:19 -  > Data parsing time: 0.349 seconds.
2024-07-10 17:23:19 -  > Houses synchronization time: 0.363 seconds.
2024-07-10 17:23:28 -  > Content unserialization time: 8.492 seconds.
2024-07-10 17:23:28 -  >> Checking world type... NoN-PvP
2024-07-10 17:23:28 -  >> Initializing game state modules and registering services...
2024-07-10 17:23:28 -  [New Thread 0x7fff7ffff700 (LWP 20030)]
2024-07-10 17:23:30 -  [Warning - Monster::Monster] Unknown event name - tp
2024-07-10 17:23:30 -  > Global address: 85.209.93.118
2024-07-10 17:23:30 -  > Local ports: 7172	7183	
2024-07-10 17:23:30 -  >> All modules were loaded, server is starting up...
2024-07-10 17:23:30 -  >> Green server Online!
2024-07-10 17:23:30 -  
2024-07-10 17:23:34 -  Yuukireh has logged in.
2024-07-10 17:23:37 -  > Saving server...
2024-07-10 17:23:39 -  > SAVE: Complete in 1.778 seconds using relational house storage.
2024-07-10 17:23:51 -  [ADM] Venez has logged in.
2024-07-10 17:25:58 -  
2024-07-10 17:25:58 -  Thread 1 "theforgottenser" received signal SIGINT, Interrupt.
2024-07-10 17:25:58 -  0x00007ffff7786d96 in epoll_wait (epfd=4, events=events@entry=0x7fffffffdc50, maxevents=maxevents@entry=128, timeout=timeout@entry=-1) at ../sysdeps/unix/sysv/linux/epoll_wait.c:30
2024-07-10 17:25:58 -  30	../sysdeps/unix/sysv/linux/epoll_wait.c: No such file or directory.
2024-07-10 17:25:58 -  
2024-07-10 17:25:58 -  Thread 3 (Thread 0x7fff7ffff700 (LWP 20030) "theforgottenser"):
2024-07-10 17:25:58 -  #0  futex_abstimed_wait_cancelable (private=0, abstime=0x7fff7fffee50, clockid=2147478864, expected=0, futex_word=0x5555557e3db8 <Scheduler::getInstance()::scheduler+184>) at ../sysdeps/nptl/futex-internal.h:323
2024-07-10 17:25:58 -          __ret = -516
2024-07-10 17:25:58 -          clockbit = 0
2024-07-10 17:25:58 -          op = 137
2024-07-10 17:25:58 -          __ret = <optimized out>
2024-07-10 17:25:58 -          oldtype = 0
2024-07-10 17:25:58 -          err = <optimized out>
2024-07-10 17:25:58 -          oldtype = <optimized out>
2024-07-10 17:25:58 -          err = <optimized out>
2024-07-10 17:25:58 -          __ret = <optimized out>
2024-07-10 17:25:58 -          clockbit = <optimized out>
2024-07-10 17:25:58 -          op = <optimized out>
2024-07-10 17:25:58 -          __ret = <optimized out>
2024-07-10 17:25:58 -          resultvar = <optimized out>
2024-07-10 17:25:58 -          __arg6 = <optimized out>
2024-07-10 17:25:58 -          __arg5 = <optimized out>
2024-07-10 17:25:58 -          __arg4 = <optimized out>
2024-07-10 17:25:58 -          __arg3 = <optimized out>
2024-07-10 17:25:58 -          __arg2 = <optimized out>
2024-07-10 17:25:58 -          __arg1 = <optimized out>
2024-07-10 17:25:58 -          _a6 = <optimized out>
2024-07-10 17:25:58 -          _a5 = <optimized out>
2024-07-10 17:25:58 -          _a4 = <optimized out>
2024-07-10 17:25:58 -          _a3 = <optimized out>
2024-07-10 17:25:58 -          _a2 = <optimized out>
2024-07-10 17:25:58 -          _a1 = <optimized out>
2024-07-10 17:25:58 -  #1  __pthread_cond_wait_common (abstime=0x7fff7fffee50, clockid=2147478864, mutex=0x5555557e3d68 <Scheduler::getInstance()::scheduler+104>, cond=0x5555557e3d90 <Scheduler::getInstance()::scheduler+144>) at pthread_cond_wait.c:520
2024-07-10 17:25:58 -          spin = 0
2024-07-10 17:25:58 -          buffer = {__routine = 0x7ffff7b98540 <__condvar_cleanup_waiting>, __arg = 0x7fff7fffed50, __canceltype = 1434336616, __prev = 0x0}
2024-07-10 17:25:58 -          cbuffer = {wseq = 9338, cond = 0x5555557e3d90 <Scheduler::getInstance()::scheduler+144>, mutex = 0x5555557e3d68 <Scheduler::getInstance()::scheduler+104>, private = 0}
2024-07-10 17:25:58 -          err = <optimized out>
2024-07-10 17:25:58 -          g = 0
2024-07-10 17:25:58 -          flags = <optimized out>
2024-07-10 17:25:58 -          g1_start = <optimized out>
2024-07-10 17:25:58 -          maxspin = 0
2024-07-10 17:25:58 -          signals = <optimized out>
2024-07-10 17:25:58 -          result = 0
2024-07-10 17:25:58 -          wseq = 9338
2024-07-10 17:25:58 -          seq = 4669
2024-07-10 17:25:58 -          private = 0
2024-07-10 17:25:58 -          maxspin = <optimized out>
2024-07-10 17:25:58 -          err = <optimized out>
2024-07-10 17:25:58 -          result = <optimized out>
2024-07-10 17:25:58 -          wseq = <optimized out>
2024-07-10 17:25:58 -          g = <optimized out>
2024-07-10 17:25:58 -          seq = <optimized out>
2024-07-10 17:25:58 -          flags = <optimized out>
2024-07-10 17:25:58 -          private = <optimized out>
2024-07-10 17:25:58 -          signals = <optimized out>
2024-07-10 17:25:58 -          done = <optimized out>
2024-07-10 17:25:58 -          g1_start = <optimized out>
2024-07-10 17:25:58 -          spin = <optimized out>
2024-07-10 17:25:58 -          buffer = {__routine = <optimized out>, __arg = <optimized out>, __canceltype = <optimized out>, __prev = <optimized out>}
2024-07-10 17:25:58 -          cbuffer = {wseq = <optimized out>, cond = <optimized out>, mutex = <optimized out>, private = <optimized out>}
2024-07-10 17:25:58 -          s = <optimized out>
2024-07-10 17:25:58 -  #2  __pthread_cond_timedwait (cond=cond@entry=0x5555557e3d90 <Scheduler::getInstance()::scheduler+144>, mutex=mutex@entry=0x5555557e3d68 <Scheduler::getInstance()::scheduler+104>, abstime=abstime@entry=0x7fff7fffee50) at pthread_cond_wait.c:656
2024-07-10 17:25:58 -          flags = <optimized out>
2024-07-10 17:25:58 -          clockid = 2147478864
2024-07-10 17:25:58 -  #3  0x0000555555717bbf in boost::posix::pthread_cond_timedwait (t=0x7fff7fffee50, m=0x5555557e3d68 <Scheduler::getInstance()::scheduler+104>, c=0x5555557e3d90 <Scheduler::getInstance()::scheduler+144>) at /usr/include/boost/thread/pthread/pthread_helpers.hpp:123
2024-07-10 17:25:58 -          ret = <optimized out>
2024-07-10 17:25:58 -          ret = <optimized out>
2024-07-10 17:25:58 -  #4  boost::condition_variable::do_wait_until (timeout=..., m=..., this=0x5555557e3d68 <Scheduler::getInstance()::scheduler+104>) at /usr/include/boost/thread/pthread/condition_variable.hpp:122
2024-07-10 17:25:58 -          guard = {m = 0x7fff7fffee30}
2024-07-10 17:25:58 -          check_for_interruption = {thread_info = 0x7fffead1d1e0, m = 0x5555557e3d68 <Scheduler::getInstance()::scheduler+104>, set = true, done = false}
2024-07-10 17:25:58 -          the_mutex = 0x5555557e3d68 <Scheduler::getInstance()::scheduler+104>
2024-07-10 17:25:58 -          cond_res = <optimized out>
2024-07-10 17:25:58 -          cond_res = <optimized out>
2024-07-10 17:25:58 -          guard = {m = <optimized out>}
2024-07-10 17:25:58 -          check_for_interruption = {thread_info = <optimized out>, m = <optimized out>, set = <optimized out>, done = <optimized out>}
2024-07-10 17:25:58 -          the_mutex = <optimized out>
2024-07-10 17:25:58 -  #5  boost::condition_variable::timed_wait (abs_time=..., m=..., this=0x5555557e3d68 <Scheduler::getInstance()::scheduler+104>) at /usr/include/boost/thread/pthread/condition_variable_fwd.hpp:116
2024-07-10 17:25:59 -          ts = {dur = {ts_val = {tv_sec = <optimized out>, tv_nsec = <optimized out>}}}
2024-07-10 17:25:59 -          d = {ts_val = {tv_sec = <optimized out>, tv_nsec = <optimized out>}}
2024-07-10 17:25:59 -          ts = {dur = {ts_val = {tv_sec = <optimized out>, tv_nsec = <optimized out>}}}
2024-07-10 17:25:59 -          d = {ts_val = {tv_sec = <optimized out>, tv_nsec = <optimized out>}}
2024-07-10 17:25:59 -  #6  Scheduler::schedulerThread (p=0x5555557e3d00 <Scheduler::getInstance()::scheduler>) at scheduler.cpp:52
2024-07-10 17:25:59 -          task = 0x0
2024-07-10 17:25:59 -          run = false
2024-07-10 17:25:59 -          ret = false
2024-07-10 17:25:59 -          scheduler = 0x5555557e3d00 <Scheduler::getInstance()::scheduler>
2024-07-10 17:25:59 -          eventLockUnique = {m = 0x5555557e3d40 <Scheduler::getInstance()::scheduler+64>, is_locked = false}
2024-07-10 17:25:59 -  #7  0x0000555555718a06 in boost::_bi::list1<boost::_bi::value<void*> >::operator()<void (*)(void*), boost::_bi::list0> (a=<synthetic pointer>..., f=<optimized out>, this=<optimized out>) at /usr/include/boost/bind/bind.hpp:259
2024-07-10 17:25:59 -  No locals.
2024-07-10 17:25:59 -  #8  boost::_bi::bind_t<void, void (*)(void*), boost::_bi::list1<boost::_bi::value<void*> > >::operator() (this=<optimized out>) at /usr/include/boost/bind/bind.hpp:1294
2024-07-10 17:25:59 -          a = {<No data fields>}
2024-07-10 17:25:59 -  #9  boost::detail::thread_data<boost::_bi::bind_t<void, void (*)(void*), boost::_bi::list1<boost::_bi::value<void*> > > >::run (this=<optimized out>) at /usr/include/boost/thread/detail/thread.hpp:120
2024-07-10 17:25:59 -  No locals.
2024-07-10 17:25:59 -  #10 0x00007ffff7bb7787 in ?? () from /lib/x86_64-linux-gnu/libboost_thread.so.1.74.0
2024-07-10 17:25:59 -  No symbol table info available.
2024-07-10 17:25:59 -  #11 0x00007ffff7b91ea7 in start_thread (arg=<optimized out>) at pthread_create.c:477
2024-07-10 17:25:59 -          ret = <optimized out>
2024-07-10 17:25:59 -          pd = <optimized out>
2024-07-10 17:25:59 -          unwind_buf = {cancel_jmp_buf = {{jmp_buf = {140735340869376, -3205060103872304086, 140737306567950, 140737306567951, 140735340867520, 8396800, 3205341578309282858, 3205078195303885866}, mask_was_saved = 0}}, priv = {pad = {0x0, 0x0, 0x0, 0x0}, data = {prev = 0x0, cleanup = 0x0, canceltype = 0}}}
2024-07-10 17:25:59 -          not_first_call = 0
2024-07-10 17:25:59 -  #12 0x00007ffff7786a6f in clone () at ../sysdeps/unix/sysv/linux/x86_64/clone.S:95
2024-07-10 17:25:59 -  No locals.
2024-07-10 17:25:59 -  
2024-07-10 17:25:59 -  Thread 2 (Thread 0x7ffff52a3700 (LWP 20026) "theforgottenser"):
2024-07-10 17:25:59 -  #0  futex_wait_cancelable (private=0, expected=0, futex_word=0x5555557e3fa0 <Dispatcher::getInstance()::dispatcher+128>) at ../sysdeps/nptl/futex-internal.h:186
2024-07-10 17:25:59 -          __ret = -512
2024-07-10 17:25:59 -          oldtype = 0
2024-07-10 17:25:59 -          err = <optimized out>
2024-07-10 17:25:59 -          oldtype = <optimized out>
2024-07-10 17:25:59 -          err = <optimized out>
2024-07-10 17:25:59 -          __ret = <optimized out>
2024-07-10 17:25:59 -          resultvar = <optimized out>
2024-07-10 17:25:59 -          __arg4 = <optimized out>
2024-07-10 17:25:59 -          __arg3 = <optimized out>
2024-07-10 17:25:59 -          __arg2 = <optimized out>
2024-07-10 17:25:59 -          __arg1 = <optimized out>
2024-07-10 17:25:59 -          _a4 = <optimized out>
2024-07-10 17:25:59 -          _a3 = <optimized out>
2024-07-10 17:25:59 -          _a2 = <optimized out>
2024-07-10 17:25:59 -          _a1 = <optimized out>
2024-07-10 17:25:59 -  #1  __pthread_cond_wait_common (abstime=0x0, clockid=0, mutex=0x5555557e3f50 <Dispatcher::getInstance()::dispatcher+48>, cond=0x5555557e3f78 <Dispatcher::getInstance()::dispatcher+88>) at pthread_cond_wait.c:508
2024-07-10 17:25:59 -          spin = 0
2024-07-10 17:25:59 -          buffer = {__routine = 0x7ffff7b98540 <__condvar_cleanup_waiting>, __arg = 0x7ffff52a2d10, __canceltype = -1, __prev = 0x0}
2024-07-10 17:25:59 -          cbuffer = {wseq = 7484, cond = 0x5555557e3f78 <Dispatcher::getInstance()::dispatcher+88>, mutex = 0x5555557e3f50 <Dispatcher::getInstance()::dispatcher+48>, private = 0}
2024-07-10 17:25:59 -          err = <optimized out>
2024-07-10 17:25:59 -          g = 4113181936
2024-07-10 17:25:59 -          flags = <optimized out>
2024-07-10 17:25:59 -          g1_start = <optimized out>
2024-07-10 17:25:59 -          maxspin = 0
2024-07-10 17:25:59 -          signals = <optimized out>
2024-07-10 17:25:59 -          result = 0
2024-07-10 17:25:59 -          wseq = 7484
2024-07-10 17:25:59 -          seq = 3742
2024-07-10 17:25:59 -          private = 0
2024-07-10 17:25:59 -          maxspin = <optimized out>
2024-07-10 17:25:59 -          err = <optimized out>
2024-07-10 17:25:59 -          result = <optimized out>
2024-07-10 17:25:59 -          wseq = <optimized out>
2024-07-10 17:25:59 -          g = <optimized out>
2024-07-10 17:25:59 -          seq = <optimized out>
2024-07-10 17:25:59 -          flags = <optimized out>
2024-07-10 17:25:59 -          private = <optimized out>
2024-07-10 17:25:59 -          signals = <optimized out>
2024-07-10 17:25:59 -          done = <optimized out>
2024-07-10 17:25:59 -          g1_start = <optimized out>
2024-07-10 17:25:59 -          spin = <optimized out>
2024-07-10 17:25:59 -          buffer = {__routine = <optimized out>, __arg = <optimized out>, __canceltype = <optimized out>, __prev = <optimized out>}
2024-07-10 17:25:59 -          cbuffer = {wseq = <optimized out>, cond = <optimized out>, mutex = <optimized out>, private = <optimized out>}
2024-07-10 17:25:59 -          s = <optimized out>
2024-07-10 17:25:59 -  #2  __pthread_cond_wait (cond=cond@entry=0x5555557e3f78 <Dispatcher::getInstance()::dispatcher+88>, mutex=mutex@entry=0x5555557e3f50 <Dispatcher::getInstance()::dispatcher+48>) at pthread_cond_wait.c:638
2024-07-10 17:25:59 -  No locals.
2024-07-10 17:25:59 -  #3  0x00005555556baaf0 in boost::posix::pthread_cond_wait (m=<optimized out>, c=<optimized out>) at /usr/include/boost/thread/pthread/pthread_helpers.hpp:112
2024-07-10 17:25:59 -          ret = <optimized out>
2024-07-10 17:25:59 -  #4  boost::condition_variable::wait (this=0x5555557e3f50 <Dispatcher::getInstance()::dispatcher+48>, m=...) at /usr/include/boost/thread/pthread/condition_variable.hpp:79
2024-07-10 17:25:59 -          guard = {m = <optimized out>}
2024-07-10 17:25:59 -          check_for_interruption = {thread_info = 0x555555812fc0, m = 0x5555557e3f50 <Dispatcher::getInstance()::dispatcher+48>, set = true, done = false}
2024-07-10 17:25:59 -          the_mutex = 0x5555557e3f50 <Dispatcher::getInstance()::dispatcher+48>
2024-07-10 17:25:59 -          res = 0
2024-07-10 17:25:59 -  #5  0x000055555573ca92 in Dispatcher::dispatcherThread (p=0x5555557e3f20 <Dispatcher::getInstance()::dispatcher>) at tasks.cpp:54
2024-07-10 17:25:59 -          task = 0x0
2024-07-10 17:25:59 -          dispatcher = 0x5555557e3f20 <Dispatcher::getInstance()::dispatcher>
2024-07-10 17:25:59 -          outputPool = <optimized out>
2024-07-10 17:25:59 -          taskLockUnique = {m = 0x5555557e3f28 <Dispatcher::getInstance()::dispatcher+8>, is_locked = false}
2024-07-10 17:25:59 -  #6  0x0000555555718a06 in boost::_bi::list1<boost::_bi::value<void*> >::operator()<void (*)(void*), boost::_bi::list0> (a=<synthetic pointer>..., f=<optimized out>, this=<optimized out>) at /usr/include/boost/bind/bind.hpp:259
2024-07-10 17:25:59 -  No locals.
2024-07-10 17:25:59 -  #7  boost::_bi::bind_t<void, void (*)(void*), boost::_bi::list1<boost::_bi::value<void*> > >::operator() (this=<optimized out>) at /usr/include/boost/bind/bind.hpp:1294
2024-07-10 17:25:59 -          a = {<No data fields>}
2024-07-10 17:25:59 -  #8  boost::detail::thread_data<boost::_bi::bind_t<void, void (*)(void*), boost::_bi::list1<boost::_bi::value<void*> > > >::run (this=<optimized out>) at /usr/include/boost/thread/detail/thread.hpp:120
2024-07-10 17:25:59 -  No locals.
2024-07-10 17:25:59 -  #9  0x00007ffff7bb7787 in ?? () from /lib/x86_64-linux-gnu/libboost_thread.so.1.74.0
2024-07-10 17:25:59 -  No symbol table info available.
2024-07-10 17:25:59 -  #10 0x00007ffff7b91ea7 in start_thread (arg=<optimized out>) at pthread_create.c:477
2024-07-10 17:25:59 -          ret = <optimized out>
2024-07-10 17:25:59 -          pd = <optimized out>
2024-07-10 17:25:59 -          unwind_buf = {cancel_jmp_buf = {{jmp_buf = {140737306572544, -3205060103872304086, 140737488347774, 140737488347775, 140737306570688, 8396800, 3205081365568171050, 3205078195303885866}, mask_was_saved = 0}}, priv = {pad = {0x0, 0x0, 0x0, 0x0}, data = {prev = 0x0, cleanup = 0x0, canceltype = 0}}}
2024-07-10 17:25:59 -          not_first_call = 0
2024-07-10 17:25:59 -  #11 0x00007ffff7786a6f in clone () at ../sysdeps/unix/sysv/linux/x86_64/clone.S:95
2024-07-10 17:25:59 -  No locals.
2024-07-10 17:25:59 -  
2024-07-10 17:25:59 -  Thread 1 (Thread 0x7ffff52a9b80 (LWP 20022) "theforgottenser"):
2024-07-10 17:25:59 -  #0  0x00007ffff7786d96 in epoll_wait (epfd=4, events=events@entry=0x7fffffffdc50, maxevents=maxevents@entry=128, timeout=timeout@entry=-1) at ../sysdeps/unix/sysv/linux/epoll_wait.c:30
2024-07-10 17:25:59 -  No locals.
2024-07-10 17:25:59 -  #1  0x00005555555ae6ed in boost::asio::detail::epoll_reactor::run (this=0x555555812ee0, usec=usec@entry=-1, ops=...) at /usr/include/boost/asio/detail/impl/epoll_reactor.ipp:471
2024-07-10 17:25:59 -          timeout = -1
2024-07-10 17:25:59 -          events = {{events = 1, data = {ptr = 0x5555558024c0, fd = 1434461376, u32 = 1434461376, u64 = 93824995042496}}, {events = 1, data = {ptr = 0x555555812f48, fd = 1434529608, u32 = 1434529608, u64 = 93824995110728}}, {events = 1720643097, data = {ptr = 0x557e3f2000000000, fd = 0, u32 = 0, u64 = 6160430746960920576}}, {events = 21845, data = {ptr = 0x7fffffffdf00, fd = -8448, u32 = 4294958848, u64 = 140737488346880}}, {events = 1, data = {ptr = 0xf774324d00000000, fd = 0, u32 = 0, u64 = 17830932130960506880}}, {events = 32767, data = {ptr = 0x8, fd = 8, u32 = 8, u64 = 8}}, {events = 4294958336, data = {ptr = 0xffffdcb000000000, fd = 0, u32 = 0, u64 = 18446705247205195776}}, {events = 32767, data = {ptr = 0x6, fd = 6, u32 = 6, u64 = 6}}, {events = 1802658116, data = {ptr = 0xf024fc4800006e69, fd = 28265, u32 = 28265, u64 = 17304233054432161385}}, {events = 32767, data = {ptr = 0x7fffffffdcd0, fd = -9008, u32 = 4294958288, u64 = 140737488346320}}, {events = 10, data = {ptr = 0x6d61624f00000000, fd = 0, u32 = 0, u64 = 7881688914317017088}}, {events = 808464993, data = {ptr = 0x555555006132, fd = 1426088242, u32 = 1426088242, u64 = 93824986669362}}, {events = 0, data = {ptr = 0x0, fd = 0, u32 = 0, u64 = 0}}, {events = 0, data = {ptr = 0x6e696b726144, fd = 1802658116, u32 = 1802658116, u64 = 121399053279556}}, {events = 1431883221, data = {ptr = 0x556ff86a00005555, fd = 21845, u32 = 21845, u64 = 6156412349789001045}}, {events = 21845, data = {ptr = 0x0, fd = 0, u32 = 0, u64 = 0}}, {events = 1434491648, data = {ptr = 0xf7b9c32700005555, fd = 21845, u32 = 21845, u64 = 17850513170330834261}}, {events = 32767, data = {ptr = 0xffffffffffffffff, fd = -1, u32 = 4294967295, u64 = 18446744073709551615}}, {events = 1434465280, data = {ptr = 0x200005555, fd = 21845, u32 = 21845, u64 = 8589956437}}, {events = 0, data = {ptr = 0xf7b9c327, fd = -138820825, u32 = 4156146471, u64 = 4156146471}}, {events = 1434530768, data = {ptr = 0x555ae38e00005555, fd = 21845, u32 = 21845, u64 = 6150478440152716629}}, {events = 21845, data = {ptr = 0x555555809598, fd = 1434490264, u32 = 1434490264, u64 = 93824995071384}}, {events = 12, data = {ptr = 0x558133d001005555, fd = 16799061, u32 = 16799061, u64 = 6161262733682562389}}, {events = 21845, data = {ptr = 0x5555555ae302 <boost::asio::detail::reactive_socket_recv_op_base<boost::asio::mutable_buffers_1>::do_perform(boost::asio::detail::reactor_op*)+115>, fd = 1432019714, u32 = 1432019714, u64 = 93824992600834}}, {events = 11, data = {ptr = 0x557d557000000001, fd = 1, u32 = 1, u64 = 6160173804837404673}}, {events = 21845, data = {ptr = 0x7fffffffde60, fd = -8608, u32 = 4294958688, u64 = 140737488346720}}, {events = 0, data = {ptr = 0x558133d000000000, fd = 0, u32 = 0, u64 = 6161262733665763328}}, {events = 21845, data = {ptr = 0x555555809580, fd = 1434490240, u32 = 1434490240, u64 = 93824995071360}}, {events = 1434529504, data = {ptr = 0x5555, fd = 21845, u32 = 21845, u64 = 21845}}, {events = 0, data = {ptr = 0x1, fd = 1, u32 = 1, u64 = 1}}, {events = 1432023589, data = {ptr = 0x5580340000005555, fd = 21845, u32 = 21845, u64 = 6160981464847504725}}, {events = 21845, data = {ptr = 0xcf774324d, fd = -143379891, u32 = 4151587405, u64 = 55691194957}}, {events = 1434530768, data = {ptr = 0x555af17a00005555, fd = 21845, u32 = 21845, u64 = 6150493747416159573}}, {events = 0, data = {ptr = 0x5555558024e8, fd = 1434461416, u32 = 1434461416, u64 = 93824995042536}}, {events = 304838913, data = {ptr = 0x80a0e07168c98, fd = 118918296, u32 = 118918296, u64 = 2262855178423448}}, {events = 0, data = {ptr = 0x555555809580, fd = 1434490240, u32 = 1434490240, u64 = 93824995071360}}, {events = 4294958848, data = {ptr = 0x200007fff, fd = 32767, u32 = 32767, u64 = 8589967359}}, {events = 0, data = {ptr = 0x2, fd = 2, u32 = 2, u64 = 2}}, {events = 3501332976, data = {ptr = 0x5580340000007fff, fd = 32767, u32 = 32767, u64 = 6160981464847515647}}, {events = 21845, data = {ptr = 0x5555555b52c6 <boost::asio::detail::start_read_buffer_sequence_op<boost::asio::basic_stream_socket<boost::asio::ip::tcp, boost::asio::execution::any_executor<boost::asio::execution::context_as_t<boost::asio::execution_context&>, boost::asio::execution::detail::blocking::never_t<0>, boost::asio::execution::prefer_only<boost::asio::execution::detail::blocking::possibly_t<0> >, boost::asio::execution::prefer_only<boost::asio::execution::detail::outstanding_work::tracked_t<0> >, boost::asio::execution::prefer_only<boost::asio::execution::detail::outstanding_work::untracked_t<0> >, boost::asio::execution::prefer_only<boost::asio::execution::detail::relationship::fork_t<0> >, boost::asio::execution::prefer_only<boost::asio::execution::detail::relationship::continuation_t<0> > > >, boost::asio::mutable_buffers_1, boost::asio::mutable_buffer const*, boost::asio::detail::transfer_all_t, boost::_bi::bind_t<void, boost::_mfi::mf1<void, Connection, boost::system::error_code const&>, boost::_bi::list2<boost::_bi::value<boost::shared_ptr<Connection> >, boost::arg<1> (*)()> > >(boost::asio::basic_stream_socket<boost::asio::ip::tcp, boost::asio::execution::any_executor<boost::asio::execution::context_as_t<boost::asio::execution_context&>, boost::asio::execution::detail::blocking::never_t<0>, boost::asio::execution::prefer_only<boost::asio::execution::detail::blocking::possibly_t<0> >, boost::asio::execution::prefer_only<boost::asio::execution::detail::outstanding_work::tracked_t<0> >, boost::asio::execution::prefer_only<boost::asio::execution::detail::outstanding_work::untracked_t<0> >, boost::asio::execution::prefer_only<boost::asio::execution::detail::relationship::fork_t<0> >, boost::asio::execution::prefer_only<boost::asio::execution::detail::relationship::continuation_t<0> > > >&, boost::asio::mutable_buffers_1 const&, boost::asio::mutable_buffer const* const&, boost::asio::detail::transfer_all_t&, boost::_bi::bind_t<void, boost::_mfi::mf1<void, Connection, boost::system::error_code const&>, boost::_bi::list2<boost::_bi::value<boost::shared_ptr<Connection> >, boost::arg<1> (*)()> >&)+675>, fd = 1432048326, u32 = 1432048326, u64 = 93824992629446}}, {events = 1, data = {ptr = 0x555b51df00000000, fd = 0, u32 = 0, u64 = 6150599734324101120}}, {events = 21845, data = {ptr = 0x5555558133e0, fd = 1434530784, u32 = 1434530784, u64 = 93824995111904}}, {events = 1434530752, data = {ptr = 0x100005555, fd = 21845, u32 = 21845, u64 = 4294989141}}, {events = 0, data = {ptr = 0x5555555b51df <boost::asio::detail::start_read_buffer_sequence_op<boost::asio::basic_stream_socket<boost::asio::ip::tcp, boost::asio::execution::any_executor<boost::asio::execution::context_as_t<boost::asio::execution_context&>, boost::asio::execution::detail::blocking::never_t<0>, boost::asio::execution::prefer_only<boost::asio::execution::detail::blocking::possibly_t<0> >, boost::asio::execution::prefer_only<boost::asio::execution::detail::outstanding_work::tracked_t<0> >, boost::asio::execution::prefer_only<boost::asio::execution::detail::outstanding_work::untracked_t<0> >, boost::asio::execution::prefer_only<boost::asio::execution::detail::relationship::fork_t<0> >, boost::asio::execution::prefer_only<boost::asio::execution::detail::relationship::continuation_t<0> > > >, boost::asio::mutable_buffers_1, boost::asio::mutable_buffer const*, boost::asio::detail::transfer_all_t, boost::_bi::bind_t<void, boost::_mfi::mf1<void, Connection, boost::system::error_code const&>, boost::_bi::list2<boost::_bi::value<boost::shared_ptr<Connection> >, boost::arg<1> (*)()> > >(boost::asio::basic_stream_socket<boost::asio::ip::tcp, boost::asio::execution::any_executor<boost::asio::execution::context_as_t<boost::asio::execution_context&>, boost::asio::execution::detail::blocking::never_t<0>, boost::asio::execution::prefer_only<boost::asio::execution::detail::blocking::possibly_t<0> >, boost::asio::execution::prefer_only<boost::asio::execution::detail::outstanding_work::tracked_t<0> >, boost::asio::execution::prefer_only<boost::asio::execution::detail::outstanding_work::untracked_t<0> >, boost::asio::execution::prefer_only<boost::asio::execution::detail::relationship::fork_t<0> >, boost::asio::execution::prefer_only<boost::asio::execution::detail::relationship::continuation_t<0> > > >&, boost::asio::mutable_buffers_1 const&, boost::asio::mutable_buffer const* const&, boost::asio::detail::transfer_all_t&, boost::_bi::bind_t<void, boost::_mfi::mf1<void, Connection, boost::system::error_code const&>, boost::_bi::list2<boost::_bi::value<boost::shared_ptr<Connection> >, boost::arg<1> (*)()> >&)+444>, fd = 1432048095, u32 = 1432048095, u64 = 93824992629215}}, {events = 4294958720, data = {ptr = 0x5580958000007fff, fd = 32767, u32 = 32767, u64 = 6161088667231223807}}, {events = 21845, data = {ptr = 0x555555809580, fd = 1434490240, u32 = 1434490240, u64 = 93824995071360}}, {events = 3, data = {ptr = 0x558133c0000000bf, fd = 191, u32 = 191, u64 = 6161262664946286783}}, {events = 21845, data = {ptr = 0x555555803400, fd = 1434465280, u32 = 1434465280, u64 = 93824995046400}}, {events = 2, data = {ptr = 0x0, fd = 0, u32 = 0, u64 = 0}}, {events = 0, data = {ptr = 0x1, fd = 1, u32 = 1, u64 = 1}}, {events = 1432002892, data = {ptr = 0x5555, fd = 21845, u32 = 21845, u64 = 21845}}, {events = 0, data = {ptr = 0x0, fd = 0, u32 = 0, u64 = 0}}, {events = 0, data = {ptr = 0x555b0ffe00000000, fd = 0, u32 = 0, u64 = 6150527299700654080}}, {events = 21845, data = {ptr = 0x7fffffffdf78, fd = -8328, u32 = 4294958968, u64 = 140737488347000}}, {events = 1434465248, data = {ptr = 0x5580954800005555, fd = 21845, u32 = 21845, u64 = 6161088426713044309}}, {events = 21845, data = {ptr = 0x5555558033e8, fd = 1434465256, u32 = 1434465256, u64 = 93824995046376}}, {events = 1434529376, data = {ptr = 0x555afd9a00005555, fd = 21845, u32 = 21845, u64 = 6150507078994646357}}, {events = 21845, data = {ptr = 0x5555558033e0, fd = 1434465248, u32 = 1434465248, u64 = 93824995046368}}, {events = 1432005190, data = {ptr = 0x5580946800005555, fd = 21845, u32 = 21845, u64 = 6161087464640370005}}, {events = 21845, data = {ptr = 0x555555809430, fd = 1434489904, u32 = 1434489904, u64 = 93824995071024}}, {events = 1434465248, data = {ptr = 0x555aa43600005555, fd = 21845, u32 = 21845, u64 = 6150408792963044693}}, {events = 21845, data = {ptr = 0x5555555aa59a <Connection::parsePacket(boost::system::error_code const&)>, fd = 1432003994, u32 = 1432003994, u64 = 93824992585114}}, {events = 0, data = {ptr = 0x555aa14c00000000, fd = 0, u32 = 0, u64 = 6150405588917420032}}, {events = 21845, data = {ptr = 0x0, fd = 0, u32 = 0, u64 = 0}}, {events = 0, data = {ptr = 0x0, fd = 0, u32 = 0, u64 = 0}}, {events = 0, data = {ptr = 0x5555555a89ee <Connection::handleReadTimeout(boost::weak_ptr<Connection>, boost::system::error_code const&)>, fd = 1431996910, u32 = 1431996910, u64 = 93824992578030}}, {events = 0, data = {ptr = 0x0, fd = 0, u32 = 0, u64 = 0}}, {events = 0, data = {ptr = 0x1c9c380, fd = 30000000, u32 = 30000000, u64 = 30000000}}, {events = 1431996910, data = {ptr = 0x5555, fd = 21845, u32 = 21845, u64 = 21845}}, {events = 0, data = {ptr = 0x0, fd = 0, u32 = 0, u64 = 0}}, {events = 1434464448, data = {ptr = 0x558033e000005555, fd = 21845, u32 = 21845, u64 = 6160981327408551253}}, {events = 21845, data = {ptr = 0x5555558030c0, fd = 1434464448, u32 = 1434464448, u64 = 93824995045568}}, {events = 1434465248, data = {ptr = 0x558030c000005555, fd = 21845, u32 = 21845, u64 = 6160977891434714453}}, {events = 21845, data = {ptr = 0x5555558033e0, fd = 1434465248, u32 = 1434465248, u64 = 93824995046368}}, {events = 1434464448, data = {ptr = 0x5580340000005555, fd = 21845, u32 = 21845, u64 = 6160981464847504725}}, {events = 21845, data = {ptr = 0x2, fd = 2, u32 = 2, u64 = 2}}, {events = 0, data = {ptr = 0xffffe16000000000, fd = 0, u32 = 0, u64 = 18446710401165950976}}, {events = 32767, data = {ptr = 0x7fffffffdfd0, fd = -8240, u32 = 4294959056, u64 = 140737488347088}}, {events = 4294959888, data = {ptr = 0x55812e1000007fff, fd = 32767, u32 = 32767, u64 = 6161256411473936383}}, {events = 21845, data = {ptr = 0x7fffffffe180, fd = -7808, u32 = 4294959488, u64 = 140737488347520}}, {events = 4294959296, data = {ptr = 0xffffe31000007fff, fd = 32767, u32 = 32767, u64 = 18446712256591855615}}, {events = 32767, data = {ptr = 0x555555812e10, fd = 1434529296, u32 = 1434529296, u64 = 93824995110416}}, {events = 4294959936, data = {ptr = 0x7fff, fd = 32767, u32 = 32767, u64 = 32767}}, {events = 0, data = {ptr = 0x5555555b4da7 <boost::asio::detail::read_op<boost::asio::basic_stream_socket<boost::asio::ip::tcp, boost::asio::execution::any_executor<boost::asio::execution::context_as_t<boost::asio::execution_context&>, boost::asio::execution::detail::blocking::never_t<0>, boost::asio::execution::prefer_only<boost::asio::execution::detail::blocking::possibly_t<0> >, boost::asio::execution::prefer_only<boost::asio::execution::detail::outstanding_work::tracked_t<0> >, boost::asio::execution::prefer_only<boost::asio::execution::detail::outstanding_work::untracked_t<0> >, boost::asio::execution::prefer_only<boost::asio::execution::detail::relationship::fork_t<0> >, boost::asio::execution::prefer_only<boost::asio::execution::detail::relationship::continuation_t<0> > > >, boost::asio::mutable_buffers_1, boost::asio::mutable_buffer const*, boost::asio::detail::transfer_all_t, boost::_bi::bind_t<void, boost::_mfi::mf1<void, Connection, boost::system::error_code const&>, boost::_bi::list2<boost::_bi::value<boost::shared_ptr<Connection> >, boost::arg<1> (*)()> > >::operator()(boost::system::error_code const&, unsigned long, int)+95>, fd = 1432047015, u32 = 1432047015, u64 = 93824992628135}}, {events = 1434529296, data = {ptr = 0x122b790000005555, fd = 21845, u32 = 21845, u64 = 1309273157588243797}}, {events = 118918296, data = {ptr = 0x5555557e3fe0 <OutputMessagePool::getInstance()::instance>, fd = 1434337248, u32 = 1434337248, u64 = 93824994918368}}, {events = 3429068512, data = {ptr = 0x55812d6000007fff, fd = 32767, u32 = 32767, u64 = 6161255655559692287}}, {events = 21845, data = {ptr = 0x7168c98122b7900, fd = 304838912, u32 = 304838912, u64 = 510750192520886528}}, {events = 1434529296, data = {ptr = 0x5580958000005555, fd = 21845, u32 = 21845, u64 = 6161088667231212885}}, {events = 21845, data = {ptr = 0x7fffffffe310, fd = -7408, u32 = 4294959888, u64 = 140737488347920}}, {events = 304838912, data = {ptr = 0xffffe34007168c98, fd = 118918296, u32 = 118918296, u64 = 18446712462869171352}}, {events = 32767, data = {ptr = 0x555555809580, fd = 1434490240, u32 = 1434490240, u64 = 93824995071360}}, {events = 4294959888, data = {ptr = 0x55812e1000007fff, fd = 32767, u32 = 32767, u64 = 6161256411473936383}}, {events = 21845, data = {ptr = 0x7fffffffe340, fd = -7360, u32 = 4294959936, u64 = 140737488347968}}, {events = 0, data = {ptr = 0x55812d6000000000, fd = 0, u32 = 0, u64 = 6161255655559659520}}, {events = 21845, data = {ptr = 0x5555555b6428 <boost::asio::detail::reactive_socket_recv_op<boost::asio::mutable_buffers_1, boost::asio::detail::read_op<boost::asio::basic_stream_socket<boost::asio::ip::tcp, boost::asio::execution::any_executor<boost::asio::execution::context_as_t<boost::asio::execution_context&>, boost::asio::execution::detail::blocking::never_t<0>, boost::asio::execution::prefer_only<boost::asio::execution::detail::blocking::possibly_t<0> >, boost::asio::execution::prefer_only<boost::asio::execution::detail::outstanding_work::tracked_t<0> >, boost::asio::execution::prefer_only<boost::asio::execution::detail::outstanding_work::untracked_t<0> >, boost::asio::execution::prefer_only<boost::asio::execution::detail::relationship::fork_t<0> >, boost::asio::execution::prefer_only<boost::asio::execution::detail::relationship::continuation_t<0> > > >, boost::asio::mutable_buffers_1, boost::asio::mutable_buffer const*, boost::asio::detail::transfer_all_t, boost::_bi::bind_t<void, boost::_mfi::mf1<void, Connection, boost::system::error_code const&>, boost::_bi::list2<boost::_bi::value<boost::shared_ptr<Connection> >, boost::arg<1> (*)()> > >, boost::asio::execution::any_executor<boost::asio::execution::context_as_t<boost::asio::execution_context&>, boost::asio::execution::detail::blocking::never_t<0>, boost::asio::execution::prefer_only<boost::asio::execution::detail::blocking::possibly_t<0> >, boost::asio::execution::prefer_only<boost::asio::execution::detail::outstanding_work::tracked_t<0> >, boost::asio::execution::prefer_only<boost::asio::execution::detail::outstanding_work::untracked_t<0> >, boost::asio::execution::prefer_only<boost::asio::execution::detail::relationship::fork_t<0> >, boost::asio::execution::prefer_only<boost::asio::execution::detail::relationship::continuation_t<0> > > >::do_complete(void*, boost::asio::detail::scheduler_operation*, boost::system::error_code const&, unsigned long)+1063>, fd = 1432052776, u32 = 1432052776, u64 = 93824992633896}}, {events = 0, data = {ptr = 0xcc494a308000001b, fd = -2147483621, u32 = 2147483675, u64 = 14720378429203546139}}, {events = 32767, data = {ptr = 0x555555812d60, fd = 1434529120, u32 = 1434529120, u64 = 93824995110240}}, {events = 1431996939, data = {ptr = 0x55812e1000005555, fd = 21845, u32 = 21845, u64 = 6161256411473925461}}, {events = 21845, data = {ptr = 0x555555810c10, fd = 1434520592, u32 = 1434520592, u64 = 93824995101712}}, {events = 1434529120, data = {ptr = 0x555b5edf00005555, fd = 21845, u32 = 21845, u64 = 6150614027975284053}}, {events = 21845, data = {ptr = 0xd, fd = 13, u32 = 13, u64 = 13}}, {events = 1433537090, data = {ptr = 0x555b37b300005555, fd = 21845, u32 = 21845, u64 = 6150570958043239765}}, {events = 21845, data = {ptr = 0x5571ec80, fd = 1433529472, u32 = 1433529472, u64 = 1433529472}}, {events = 0, data = {ptr = 0xf7b9c32700000000, fd = 0, u32 = 0, u64 = 17850513170330812416}}, {events = 32767, data = {ptr = 0x2, fd = 2, u32 = 2, u64 = 2}}, {events = 1434465280, data = {ptr = 0x200005555, fd = 21845, u32 = 21845, u64 = 8589956437}}, {events = 0, data = {ptr = 0x55813600, fd = 1434531328, u32 = 1434531328, u64 = 1434531328}}, {events = 1434530752, data = {ptr = 0x5580340000005555, fd = 21845, u32 = 21845, u64 = 6160981464847504725}}, {events = 21845, data = {ptr = 0x2, fd = 2, u32 = 2, u64 = 2}}, {events = 2, data = {ptr = 0x558133c000000000, fd = 0, u32 = 0, u64 = 6161262664946286592}}, {events = 21845, data = {ptr = 0x555555803402, fd = 1434465282, u32 = 1434465282, u64 = 93824995046402}}, {events = 12, data = {ptr = 0xc00000000, fd = 0, u32 = 0, u64 = 51539607552}}, {events = 0, data = {ptr = 0x5555555a89ee <Connection::handleReadTimeout(boost::weak_ptr<Connection>, boost::system::error_code const&)>, fd = 1431996910, u32 = 1431996910, u64 = 93824992578030}}, {events = 1434465248, data = {ptr = 0x558030c000005555, fd = 21845, u32 = 21845, u64 = 6160977891434714453}}, {events = 21845, data = {ptr = 0x640000010000007d, fd = 125, u32 = 125, u64 = 7205759408087761021}}, {events = 1434277232, data = {ptr = 0x5555, fd = 21845, u32 = 21845, u64 = 21845}}, {events = 1677721600, data = {ptr = 0x5555557d5570 <boost::system::detail::cat_holder<void>::system_category_instance>, fd = 1434277232, u32 = 1434277232, u64 = 93824994858352}}, {events = 12, data = {ptr = 0x557d686000000000, fd = 0, u32 = 0, u64 = 6160194626838855680}}, {events = 21845, data = {ptr = 0x0, fd = 0, u32 = 0, u64 = 0}}, {events = 1434282048, data = {ptr = 0x557d668000005555, fd = 21845, u32 = 21845, u64 = 6160192565254575445}}, {events = 21845, data = {ptr = 0x7fffffffe1a0, fd = -7776, u32 = 4294959520, u64 = 140737488347552}}, {events = 0, data = {ptr = 0x0, fd = 0, u32 = 0, u64 = 0}}, {events = 0, data = {ptr = 0x0, fd = 0, u32 = 0, u64 = 0}}, {events = 1434465248, data = {ptr = 0x558030c000005555, fd = 21845, u32 = 21845, u64 = 6160977891434714453}}, {events = 21845, data = {ptr = 0x7fffffffe3e0, fd = -7200, u32 = 4294960096, u64 = 140737488348128}}, {events = 4294959888, data = {ptr = 0x55812e1000007fff, fd = 32767, u32 = 32767, u64 = 6161256411473936383}}, {events = 21845, data = {ptr = 0x555555812d60, fd = 1434529120, u32 = 1434529120, u64 = 93824995110240}}}
2024-07-10 17:25:59 -          num_events = <optimized out>
2024-07-10 17:25:59 -          check_timers = <optimized out>
2024-07-10 17:25:59 -  #2  0x00005555555af480 in boost::asio::detail::scheduler::do_run_one (this=this@entry=0x555555812d60, lock=..., this_thread=..., ec=...) at /usr/include/boost/asio/detail/impl/scheduler.ipp:465
2024-07-10 17:25:59 -          on_exit = {scheduler_ = 0x555555812d60, lock_ = 0x7fffffffe310, this_thread_ = 0x7fffffffe340}
2024-07-10 17:25:59 -          o = <optimized out>
2024-07-10 17:25:59 -          more_handlers = false
2024-07-10 17:25:59 -  #3  0x00005555555b09cd in boost::asio::detail::scheduler::run (this=0x555555812d60, ec=...) at /usr/include/boost/asio/detail/impl/scheduler.ipp:204
2024-07-10 17:25:59 -          this_thread = {<boost::asio::detail::thread_info_base> = {<boost::asio::detail::noncopyable> = {<No data fields>}, reusable_memory_ = {0x555555810c10, 0x0, 0x0}, has_pending_exception_ = 0, pending_exception_ = {_M_exception_object = 0x0}}, private_op_queue = {<boost::asio::detail::noncopyable> = {<No data fields>}, front_ = 0x0, back_ = 0x0}, private_outstanding_work = 0}
2024-07-10 17:25:59 -          ctx = {<boost::asio::detail::noncopyable> = {<No data fields>}, key_ = 0x555555812d60, value_ = 0x7fffffffe340, next_ = 0x0}
2024-07-10 17:25:59 -          lock = {<boost::asio::detail::noncopyable> = {<No data fields>}, mutex_ = @0x555555812d90, locked_ = false}
2024-07-10 17:25:59 -          n = 4132
2024-07-10 17:25:59 -  #4  0x000055555571ceb7 in boost::asio::io_context::run (this=0x7fffffffe568) at /usr/include/boost/asio/impl/io_context.ipp:63
2024-07-10 17:25:59 -          ec = {val_ = 0, failed_ = false, cat_ = 0x5555557d5570 <boost::system::detail::cat_holder<void>::system_category_instance>}
2024-07-10 17:25:59 -          s = <optimized out>
2024-07-10 17:25:59 -          ec = {val_ = <optimized out>, failed_ = <optimized out>, cat_ = <optimized out>}
2024-07-10 17:25:59 -          s = <optimized out>
2024-07-10 17:25:59 -  #5  ServiceManager::run (this=this@entry=0x7fffffffe560) at server.cpp:218
2024-07-10 17:25:59 -          __PRETTY_FUNCTION__ = "void ServiceManager::run()"
2024-07-10 17:25:59 -  #6  0x00005555556b57af in main (argc=<optimized out>, argv=<optimized out>) at otserv.cpp:358
2024-07-10 17:25:59 -          args = std::vector of length 1, capacity 1 = {"/home/servidor/theforgottenserver"}
2024-07-10 17:25:59 -          servicer = {<boost::noncopyable_::noncopyable> = {<boost::noncopyable_::base_token> = {<No data fields>}, <No data fields>}, _vptr.ServiceManager = 0x5555557d7e48 <vtable for ServiceManager+16>, m_io_service = {<boost::asio::execution_context> = {<boost::asio::detail::noncopyable> = {<No data fields>}, service_registry_ = 0x555555812d10}, impl_ = @0x555555812d60}, deathTimer = {impl_ = {service_ = 0x555555812e60, implementation_ = {<boost::asio::detail::noncopyable> = {<No data fields>}, expiry = {<boost::date_time::base_time<boost::posix_time::ptime, boost::date_time::counted_time_system<boost::date_time::counted_time_rep<boost::posix_time::millisec_posix_time_system_config> > >> = {<boost::operators_impl::less_than_comparable<boost::posix_time::ptime, boost::operators_impl::equality_comparable<boost::posix_time::ptime, boost::posix_time::ptime, boost::operators_impl::operators_detail::empty_base<boost::posix_time::ptime>, boost::operators_impl::operators_detail::false_t>, boost::operators_impl::operators_detail::empty_base<boost::posix_time::ptime>, boost::operators_impl::operators_detail::true_t>> = {<boost::operators_impl::less_than_comparable1<boost::posix_time::ptime, boost::operators_impl::equality_comparable<boost::posix_time::ptime, boost::posix_time::ptime, boost::operators_impl::operators_detail::empty_base<boost::posix_time::ptime>, boost::operators_impl::operators_detail::false_t> >> = {<boost::operators_impl::equality_comparable<boost::posix_time::ptime, boost::posix_time::ptime, boost::operators_impl::operators_detail::empty_base<boost::posix_time::ptime>, boost::operators_impl::operators_detail::false_t>> = {<boost::operators_impl::equality_comparable1<boost::posix_time::ptime, boost::operators_impl::operators_detail::empty_base<boost::posix_time::ptime> >> = {<boost::operators_impl::operators_detail::empty_base<boost::posix_time::ptime>> = {<No data fields>}, <No data fields>}, <No data fields>}, <No data fields>}, <No data fields>}, time_ = {time_count_ = {value_ = 9223372036854775806}}}, <No data fields>}, might_have_pending_waits = false, timer_data = {op_queue_ = {<boost::asio::detail::noncopyable> = {<No data fields>}, front_ = 0x0, back_ = 0x0}, heap_index_ = 18446744073709551615, next_ = 0x0, prev_ = 0x0}}, executor_ = {<boost::asio::execution::detail::any_executor_base> = {object_ = {__data = "h\345\377\377\377\177\000\000\020S}U\000\000\000", __align = {<No data fields>}}, object_fns_ = 0x5555557d6740 <boost::asio::execution::detail::any_executor_base::object_fns_table<boost::asio::io_context::basic_executor_type<std::allocator<void>, 0u> >(std::enable_if<(!std::is_same<boost::asio::io_context::basic_executor_type<std::allocator<void>, 0u>, void>::value)&&(!std::is_same<boost::asio::io_context::basic_executor_type<std::allocator<void>, 0u>, std::shared_ptr<void> >::value), void>::type*)::fns>, target_ = 0x7fffffffe5b8, target_fns_ = 0x5555557d6760 <boost::asio::execution::detail::any_executor_base::target_fns_table<boost::asio::io_context::basic_executor_type<std::allocator<void>, 0u> >(bool, std::enable_if<!std::is_same<boost::asio::io_context::basic_executor_type<std::allocator<void>, 0u>, void>::value, void>::type*)::fns_with_execute>}, <boost::asio::execution::detail::any_executor_context<boost::asio::execution::any_executor<boost::asio::execution::context_as_t<boost::asio::execution_context&>, boost::asio::execution::detail::blocking::never_t<0>, boost::asio::execution::prefer_only<boost::asio::execution::detail::blocking::possibly_t<0> >, boost::asio::execution::prefer_only<boost::asio::execution::detail::outstanding_work::tracked_t<0> >, boost::asio::execution::prefer_only<boost::asio::execution::detail::outstanding_work::untracked_t<0> >, boost::asio::execution::prefer_only<boost::asio::execution::detail::relationship::fork_t<0> >, boost::asio::execution::prefer_only<boost::asio::execution::detail::relationship::continuation_t<0> > >, boost::asio::execution::detail::supportable_properties<0, void(boost::asio::execution::context_as_t<boost::asio::execution_context&>, boost::asio::execution::detail::blocking::never_t<0>, boost::asio::execution::prefer_only<boost::asio::execution::detail::blocking::possibly_t<0> >, boost::asio::execution::prefer_only<boost::asio::execution::detail::outstanding_work::tracked_t<0> >, boost::asio::execution::prefer_only<boost::asio::execution::detail::outstanding_work::untracked_t<0> >, boost::asio::execution::prefer_only<boost::asio::execution::detail::relationship::fork_t<0> >, boost::asio::execution::prefer_only<boost::asio::execution::detail::relationship::continuation_t<0> >)>::find_context_as_property, void>> = {<No data fields>}, prop_fns_ = 0x5555557d6780 <boost::asio::execution::any_executor<boost::asio::execution::context_as_t<boost::asio::execution_context&>, boost::asio::execution::detail::blocking::never_t<0>, boost::asio::execution::prefer_only<boost::asio::execution::detail::blocking::possibly_t<0> >, boost::asio::execution::prefer_only<boost::asio::execution::detail::outstanding_work::tracked_t<0> >, boost::asio::execution::prefer_only<boost::asio::execution::detail::outstanding_work::untracked_t<0> >, boost::asio::execution::prefer_only<boost::asio::execution::detail::relationship::fork_t<0> >, boost::asio::execution::prefer_only<boost::asio::execution::detail::relationship::continuation_t<0> > >::prop_fns_table<boost::asio::io_context::basic_executor_type<std::allocator<void>, 0u> >()::fns>}}}, running = false, m_acceptors = std::map with 2 elements = {[7172] = {px = 0x7fffe8d07f10, pn = {pi_ = 0x7fffd0b2be50}}, [7183] = {px = 0x7fffead116b0, pn = {pi_ = 0x7fffd0b2bf80}}}}
2024-07-10 17:25:59 -          sigh = {__sigaction_handler = {sa_handler = 0x1, sa_sigaction = 0x1}, sa_mask = {__val = {0 <repeats 16 times>}}, sa_flags = 0, sa_restorer = 0x4000000042}
2024-07-10 17:25:59 -          outPath = ""
2024-07-10 17:25:59 -          errPath = ""
2024-07-10 17:25:59 -  > Saving server...
2024-07-10 17:26:02 -  > SAVE: Complete in 2.837 seconds using relational house storage.
2024-07-10 17:26:02 -  A debugging session is active.
2024-07-10 17:26:02 -  
2024-07-10 17:26:02 -  	Inferior 1 [process 20022] will be killed.
2024-07-10 17:26:02 -  
2024-07-10 17:26:02 -  Quit anyway? (y or n) [answered Y; input not from terminal]
