2024-07-12 19:42:57 -  [Thread debugging using libthread_db enabled]
2024-07-12 19:42:57 -  Using host libthread_db library "/lib/x86_64-linux-gnu/libthread_db.so.1".
2024-07-12 19:42:57 -  [New Thread 0x7ffff52a3700 (LWP 36582)]
2024-07-12 19:42:57 -  otPokemon Imperium, version 0.3.6 (otPokemon Imperium.)
2024-07-12 19:42:57 -  Compiled with GNU C++ version 10.2.1 20210110 at Jun 26 2024, 23:14:09.
2024-07-12 19:42:57 -  A server developed by : GOD Vitor.
2024-07-12 19:42:57 -  otPokemon Imperium - Pokemon Tibia Online.
2024-07-12 19:42:57 -  
2024-07-12 19:42:57 -  >> Loading config (config.lua)
2024-07-12 19:42:57 -  > Using SHA1 encryption
2024-07-12 19:42:57 -  >> Loading RSA key
2024-07-12 19:42:57 -  >> Starting SQL connection
2024-07-12 19:42:57 -  >> Running Database Manager
2024-07-12 19:42:57 -  > No tables were optimized.
2024-07-12 19:42:57 -  >> Loading items
2024-07-12 19:42:57 -  >> Loading groups
2024-07-12 19:42:57 -  >> Loading vocations
2024-07-12 19:42:57 -  >> Loading script systems
2024-07-12 19:42:58 -  >> Loading chat channels
2024-07-12 19:42:58 -  >> Loading outfits
2024-07-12 19:42:58 -  >> Loading experience stages
2024-07-12 19:42:58 -  >> Loading monsters
2024-07-12 19:42:58 -  I/O warning : failed to load external entity "datapack/monster/pokes/geracao 1/Sks Mewtwo.xml"
2024-07-12 19:42:58 -  [Warning - Monsters::loadMonster] Cannot load monster (Sks Mewtwo) file (datapack/monster/pokes/geracao 1/Sks Mewtwo.xml).
2024-07-12 19:42:58 -  Info: failed to load external entity "datapack/monster/pokes/geracao 1/Sks Mewtwo.xml"
2024-07-12 19:42:58 -  
2024-07-12 19:42:58 -  
2024-07-12 19:42:58 -  I/O warning : failed to load external entity "datapack/monster/pokes/Control/CMGengar.xml"
2024-07-12 19:42:58 -  [Warning - Monsters::loadMonster] Cannot load monster (Gengar cm) file (datapack/monster/pokes/Control/CMGengar.xml).
2024-07-12 19:42:58 -  Info: failed to load external entity "datapack/monster/pokes/Control/CMGengar.xml"
2024-07-12 19:42:58 -  
2024-07-12 19:42:58 -  
2024-07-12 19:42:58 -  I/O warning : failed to load external entity "datapack/monster/pokes/Control/CMAlakazam.xml"
2024-07-12 19:42:58 -  [Warning - Monsters::loadMonster] Cannot load monster (Alakazam cm) file (datapack/monster/pokes/Control/CMAlakazam.xml).
2024-07-12 19:42:58 -  Info: failed to load external entity "datapack/monster/pokes/Control/CMAlakazam.xml"
2024-07-12 19:42:58 -  
2024-07-12 19:42:58 -  
2024-07-12 19:42:58 -  I/O warning : failed to load external entity "datapack/monster/pokes/Control/CMHaunter.xml"
2024-07-12 19:42:58 -  [Warning - Monsters::loadMonster] Cannot load monster (Haunter cm) file (datapack/monster/pokes/Control/CMHaunter.xml).
2024-07-12 19:42:58 -  Info: failed to load external entity "datapack/monster/pokes/Control/CMHaunter.xml"
2024-07-12 19:42:58 -  
2024-07-12 19:42:58 -  
2024-07-12 19:42:58 -  I/O warning : failed to load external entity "datapack/monster/pokes/Control/CMSlowking.xml"
2024-07-12 19:42:58 -  [Warning - Monsters::loadMonster] Cannot load monster (Slowking cm) file (datapack/monster/pokes/Control/CMSlowking.xml).
2024-07-12 19:42:58 -  Info: failed to load external entity "datapack/monster/pokes/Control/CMSlowking.xml"
2024-07-12 19:42:58 -  
2024-07-12 19:42:58 -  
2024-07-12 19:42:58 -  I/O warning : failed to load external entity "datapack/monster/pokes/Control/CMTentacruel.xml"
2024-07-12 19:42:58 -  [Warning - Monsters::loadMonster] Cannot load monster (Tentacruel cm) file (datapack/monster/pokes/Control/CMTentacruel.xml).
2024-07-12 19:42:58 -  Info: failed to load external entity "datapack/monster/pokes/Control/CMTentacruel.xml"
2024-07-12 19:42:58 -  
2024-07-12 19:42:58 -  
2024-07-12 19:42:58 -  I/O warning : failed to load external entity "datapack/monster/pokes/Control/CMShiny Alakazam.xml"
2024-07-12 19:42:58 -  [Warning - Monsters::loadMonster] Cannot load monster (Shiny Alakazam cm) file (datapack/monster/pokes/Control/CMShiny Alakazam.xml).
2024-07-12 19:42:58 -  Info: failed to load external entity "datapack/monster/pokes/Control/CMShiny Alakazam.xml"
2024-07-12 19:42:58 -  
2024-07-12 19:42:58 -  
2024-07-12 19:42:58 -  I/O warning : failed to load external entity "datapack/monster/pokes/Control/CMShiny Gengar.xml"
2024-07-12 19:42:58 -  [Warning - Monsters::loadMonster] Cannot load monster (Shiny Gengar cm) file (datapack/monster/pokes/Control/CMShiny Gengar.xml).
2024-07-12 19:42:58 -  Info: failed to load external entity "datapack/monster/pokes/Control/CMShiny Gengar.xml"
2024-07-12 19:42:58 -  
2024-07-12 19:42:58 -  
2024-07-12 19:42:58 -  I/O warning : failed to load external entity "datapack/monster/pokes/Control/CMShiny Tentacruel.xml"
2024-07-12 19:42:58 -  [Warning - Monsters::loadMonster] Cannot load monster (Shiny Tentacruel cm) file (datapack/monster/pokes/Control/CMShiny Tentacruel.xml).
2024-07-12 19:42:58 -  Info: failed to load external entity "datapack/monster/pokes/Control/CMShiny Tentacruel.xml"
2024-07-12 19:42:58 -  
2024-07-12 19:42:58 -  
2024-07-12 19:42:58 -  >> Loading mods...
2024-07-12 19:42:58 -  > Loading firstitems.xml... done.
2024-07-12 19:42:58 -  > 1 mods were loaded.
2024-07-12 19:42:58 -  >> Loading map and spawns...
2024-07-12 19:42:59 -  > Map size: 2501x4119.
2024-07-12 19:42:59 -  > Map descriptions: 
2024-07-12 19:42:59 -  "Saved with Remere's Map Editor 3.7.0"
2024-07-12 19:42:59 -  "Poke Sapphire
2024-07-12 19:42:59 -  Thalles and Bianca
2024-07-12 19:42:59 -  
2024-07-12 19:42:59 -  Map by [GM] Bob Dylan"
2024-07-12 19:43:00 -  [Warning - IOMap::loadMap] Movable item in house: 1099, item type: 2080, pos 1174/1007/7
2024-07-12 19:43:01 -  [Warning - IOMap::loadMap] Movable item in house: 1101, item type: 38041, pos 1202/1041/7
2024-07-12 19:43:05 -  > Map loading time: 7.602 seconds.
2024-07-12 19:43:05 -  [Warning - Spawns::loadFromXml] Magneton ( 01652 / 00955 / 002 ) spawntime cannot be less than 1 seconds.
2024-07-12 19:43:05 -  [Warning - Spawns::loadFromXml] Electabuzz ( 01640 / 00989 / 002 ) spawntime cannot be less than 1 seconds.
2024-07-12 19:43:06 -  I/O warning : failed to load external entity "datapack/npc/Geraldo.xml"
2024-07-12 19:43:06 -  [Warning - Npc::loadFromXml] Cannot load npc file (datapack/npc/Geraldo.xml).
2024-07-12 19:43:06 -  Info: failed to load external entity "datapack/npc/Geraldo.xml"
2024-07-12 19:43:06 -  
2024-07-12 19:43:06 -  
2024-07-12 19:43:06 -  [Warning - Spawns::loadFromXml] Voltorb ( 01640 / 00991 / 004 ) spawntime cannot be less than 1 seconds.
2024-07-12 19:43:06 -  I/O warning : failed to load external entity "datapack/npc/roberto.xml"
2024-07-12 19:43:06 -  [Warning - Npc::loadFromXml] Cannot load npc file (datapack/npc/roberto.xml).
2024-07-12 19:43:06 -  Info: failed to load external entity "datapack/npc/roberto.xml"
2024-07-12 19:43:06 -  
2024-07-12 19:43:06 -  
2024-07-12 19:43:06 -  [Spawn::addMonster] Cannot find "Pansage"
2024-07-12 19:43:06 -  [Spawn::addMonster] Cannot find "Pansage"
2024-07-12 19:43:06 -  [Spawn::addMonster] Cannot find "Pansage"
2024-07-12 19:43:06 -  [Spawn::addMonster] Cannot find "Pansage"
2024-07-12 19:43:06 -  [Spawn::addMonster] Cannot find "Golett"
2024-07-12 19:43:06 -  [Spawn::addMonster] Cannot find "Golett"
2024-07-12 19:43:06 -  [Spawn::addMonster] Cannot find "Golett"
2024-07-12 19:43:06 -  [Spawn::addMonster] Cannot find "Golett"
2024-07-12 19:43:06 -  [Spawn::addMonster] Cannot find "Golett"
2024-07-12 19:43:06 -  [Spawn::addMonster] Cannot find "Golett"
2024-07-12 19:43:06 -  [Spawn::addMonster] Cannot find "Golett"
2024-07-12 19:43:06 -  [Spawn::addMonster] Cannot find "Gigalith"
2024-07-12 19:43:06 -  [Spawn::addMonster] Cannot find "Gigalith"
2024-07-12 19:43:06 -  [Spawn::addMonster] Cannot find "Gigalith"
2024-07-12 19:43:06 -  [Spawn::addMonster] Cannot find "Gigalith"
2024-07-12 19:43:06 -  [Spawn::addMonster] Cannot find "Gigalith"
2024-07-12 19:43:06 -  [Spawn::addMonster] Cannot find "Gigalith"
2024-07-12 19:43:06 -  [Spawn::addMonster] Cannot find "Gigalith"
2024-07-12 19:43:06 -  [Spawn::addMonster] Cannot find "Gigalith"
2024-07-12 19:43:06 -  [Spawn::addMonster] Cannot find "Gigalith"
2024-07-12 19:43:06 -  [Spawn::addMonster] Cannot find "Gigalith"
2024-07-12 19:43:06 -  [Spawn::addMonster] Cannot find "Gigalith"
2024-07-12 19:43:06 -  [Spawn::addMonster] Cannot find "Gigalith"
2024-07-12 19:43:06 -  [Spawn::addMonster] Cannot find "Gigalith"
2024-07-12 19:43:06 -  [Spawn::addMonster] Cannot find "Gigalith"
2024-07-12 19:43:06 -  [Spawn::addMonster] Cannot find "Gigalith"
2024-07-12 19:43:06 -  [Spawn::addMonster] Cannot find "Gigalith"
2024-07-12 19:43:06 -  [Spawn::addMonster] Cannot find "Gigalith"
2024-07-12 19:43:06 -  [Spawn::addMonster] Cannot find "Gigalith"
2024-07-12 19:43:06 -  [Spawn::addMonster] Cannot find "Gigalith"
2024-07-12 19:43:06 -  [Spawn::addMonster] Cannot find "Gigalith"
2024-07-12 19:43:06 -  [Spawn::addMonster] Cannot find "Gigalith"
2024-07-12 19:43:06 -  [Spawn::addMonster] Cannot find "Gigalith"
2024-07-12 19:43:06 -  [Spawn::addMonster] Cannot find "Gigalith"
2024-07-12 19:43:06 -  [Spawn::addMonster] Cannot find "Gigalith"
2024-07-12 19:43:06 -  [Spawn::addMonster] Cannot find "Beartic"
2024-07-12 19:43:06 -  [Spawn::addMonster] Cannot find "Beartic"
2024-07-12 19:43:06 -  [Spawn::addMonster] Cannot find "Beartic"
2024-07-12 19:43:06 -  [Spawn::addMonster] Cannot find "Beartic"
2024-07-12 19:43:06 -  [Spawn::addMonster] Cannot find "Beartic"
2024-07-12 19:43:06 -  [Spawn::addMonster] Cannot find "Beartic"
2024-07-12 19:43:06 -  [Spawn::addMonster] Cannot find "Beartic"
2024-07-12 19:43:06 -  [Spawn::addMonster] Cannot find "Beartic"
2024-07-12 19:43:06 -  [Spawn::addMonster] Cannot find "Beartic"
2024-07-12 19:43:06 -  [Spawn::addMonster] Cannot find "Beartic"
2024-07-12 19:43:06 -  [Spawn::addMonster] Cannot find "Beartic"
2024-07-12 19:43:06 -  [Spawn::addMonster] Cannot find "Beartic"
2024-07-12 19:43:06 -  [Spawn::addMonster] Cannot find "Beartic"
2024-07-12 19:43:06 -  [Spawn::addMonster] Cannot find "Beartic"
2024-07-12 19:43:06 -  [Spawn::addMonster] Cannot find "Beartic"
2024-07-12 19:43:06 -  [Spawn::addMonster] Cannot find "Beartic"
2024-07-12 19:43:06 -  [Spawn::addMonster] Cannot find "Beartic"
2024-07-12 19:43:06 -  [Spawn::addMonster] Cannot find "Beartic"
2024-07-12 19:43:06 -  [Spawn::addMonster] Cannot find "Beartic"
2024-07-12 19:43:06 -  [Spawn::addMonster] Cannot find "Beartic"
2024-07-12 19:43:06 -  [Spawn::addMonster] Cannot find "Beartic"
2024-07-12 19:43:06 -  I/O warning : failed to load external entity "datapack/npc/Capitao Luiz.xml"
2024-07-12 19:43:06 -  [Warning - Npc::loadFromXml] Cannot load npc file (datapack/npc/Capitao Luiz.xml).
2024-07-12 19:43:06 -  Info: failed to load external entity "datapack/npc/Capitao Luiz.xml"
2024-07-12 19:43:06 -  
2024-07-12 19:43:06 -  
2024-07-12 19:43:06 -  I/O warning : failed to load external entity "datapack/npc/Capitao Barbosa.xml"
2024-07-12 19:43:06 -  [Warning - Npc::loadFromXml] Cannot load npc file (datapack/npc/Capitao Barbosa.xml).
2024-07-12 19:43:06 -  Info: failed to load external entity "datapack/npc/Capitao Barbosa.xml"
2024-07-12 19:43:06 -  
2024-07-12 19:43:06 -  
2024-07-12 19:43:06 -  I/O warning : failed to load external entity "datapack/npc/Capitao Barbosa.xml"
2024-07-12 19:43:06 -  [Warning - Npc::loadFromXml] Cannot load npc file (datapack/npc/Capitao Barbosa.xml).
2024-07-12 19:43:06 -  Info: failed to load external entity "datapack/npc/Capitao Barbosa.xml"
2024-07-12 19:43:06 -  
2024-07-12 19:43:06 -  
2024-07-12 19:43:06 -  I/O warning : failed to load external entity "datapack/npc/DD - Anlow.xml"
2024-07-12 19:43:06 -  [Warning - Npc::loadFromXml] Cannot load npc file (datapack/npc/DD - Anlow.xml).
2024-07-12 19:43:06 -  Info: failed to load external entity "datapack/npc/DD - Anlow.xml"
2024-07-12 19:43:06 -  
2024-07-12 19:43:06 -  
2024-07-12 19:43:06 -  [Spawn::addMonster] Cannot find "Darmanitan"
2024-07-12 19:43:06 -  [Spawn::addMonster] Cannot find "Darmanitan"
2024-07-12 19:43:06 -  I/O warning : failed to load external entity "datapack/npc/Nurse Audino.xml"
2024-07-12 19:43:06 -  [Warning - Npc::loadFromXml] Cannot load npc file (datapack/npc/Nurse Audino.xml).
2024-07-12 19:43:06 -  Info: failed to load external entity "datapack/npc/Nurse Audino.xml"
2024-07-12 19:43:06 -  
2024-07-12 19:43:06 -  
2024-07-12 19:43:06 -  I/O warning : failed to load external entity "datapack/npc/Nurse Audino.xml"
2024-07-12 19:43:06 -  [Warning - Npc::loadFromXml] Cannot load npc file (datapack/npc/Nurse Audino.xml).
2024-07-12 19:43:06 -  Info: failed to load external entity "datapack/npc/Nurse Audino.xml"
2024-07-12 19:43:06 -  
2024-07-12 19:43:06 -  
2024-07-12 19:43:06 -  [Spawn::addMonster] Cannot find "Pansage"
2024-07-12 19:43:06 -  [Spawn::addMonster] Cannot find "Pansage"
2024-07-12 19:43:06 -  [Spawn::addMonster] Cannot find "Pansage"
2024-07-12 19:43:06 -  [Spawn::addMonster] Cannot find "Pansage"
2024-07-12 19:43:06 -  [Spawn::addMonster] Cannot find "Pansage"
2024-07-12 19:43:06 -  [Spawn::addMonster] Cannot find "Pansage"
2024-07-12 19:43:06 -  [Spawn::addMonster] Cannot find "Pansage"
2024-07-12 19:43:06 -  [Spawn::addMonster] Cannot find "Pansage"
2024-07-12 19:43:06 -  [Spawn::addMonster] Cannot find "Pansage"
2024-07-12 19:43:06 -  [Spawn::addMonster] Cannot find "Pansage"
2024-07-12 19:43:06 -  [Spawn::addMonster] Cannot find "Pansage"
2024-07-12 19:43:06 -  [Spawn::addMonster] Cannot find "Pansage"
2024-07-12 19:43:06 -  [Spawn::addMonster] Cannot find "Pansage"
2024-07-12 19:43:06 -  [Spawn::addMonster] Cannot find "Gothorita"
2024-07-12 19:43:06 -  [Spawn::addMonster] Cannot find "Gothorita"
2024-07-12 19:43:06 -  [Spawn::addMonster] Cannot find "Pansage"
2024-07-12 19:43:06 -  [Spawn::addMonster] Cannot find "Pansage"
2024-07-12 19:43:06 -  [Spawn::addMonster] Cannot find "Darmanitan"
2024-07-12 19:43:06 -  [Spawn::addMonster] Cannot find "Pansage"
2024-07-12 19:43:06 -  [Spawn::addMonster] Cannot find "Gothorita"
2024-07-12 19:43:06 -  [Spawn::addMonster] Cannot find "Gothorita"
2024-07-12 19:43:06 -  [Spawn::addMonster] Cannot find "Gothorita"
2024-07-12 19:43:06 -  [Spawn::addMonster] Cannot find "Gothorita"
2024-07-12 19:43:06 -  [Spawn::addMonster] Cannot find "Gothorita"
2024-07-12 19:43:06 -  [Spawn::addMonster] Cannot find "Gothorita"
2024-07-12 19:43:06 -  [Spawn::addMonster] Cannot find "Gothorita"
2024-07-12 19:43:06 -  [Spawn::addMonster] Cannot find "Gothorita"
2024-07-12 19:43:06 -  [Spawn::addMonster] Cannot find "Gothorita"
2024-07-12 19:43:06 -  [Spawn::addMonster] Cannot find "Gothorita"
2024-07-12 19:43:06 -  [Spawn::addMonster] Cannot find "Gothorita"
2024-07-12 19:43:06 -  [Spawn::addMonster] Cannot find "Gothorita"
2024-07-12 19:43:06 -  [Spawn::addMonster] Cannot find "Gothorita"
2024-07-12 19:43:06 -  [Spawn::addMonster] Cannot find "Gothorita"
2024-07-12 19:43:06 -  [Spawn::addMonster] Cannot find "Gothorita"
2024-07-12 19:43:06 -  [Spawn::addMonster] Cannot find "Gothorita"
2024-07-12 19:43:06 -  [Spawn::addMonster] Cannot find "Gothorita"
2024-07-12 19:43:06 -  [Spawn::addMonster] Cannot find "Gothorita"
2024-07-12 19:43:06 -  [Spawn::addMonster] Cannot find "Gothorita"
2024-07-12 19:43:06 -  [Spawn::addMonster] Cannot find "Gothorita"
2024-07-12 19:43:06 -  [Spawn::addMonster] Cannot find "Gothorita"
2024-07-12 19:43:06 -  [Spawn::addMonster] Cannot find "Gothorita"
2024-07-12 19:43:06 -  [Spawn::addMonster] Cannot find "Gothorita"
2024-07-12 19:43:06 -  [Spawn::addMonster] Cannot find "Gothorita"
2024-07-12 19:43:06 -  [Spawn::addMonster] Cannot find "Gothorita"
2024-07-12 19:43:06 -  [Spawn::addMonster] Cannot find "Gothorita"
2024-07-12 19:43:06 -  [Spawn::addMonster] Cannot find "Gothorita"
2024-07-12 19:43:06 -  [Spawn::addMonster] Cannot find "Gothorita"
2024-07-12 19:43:06 -  [Spawn::addMonster] Cannot find "Gothorita"
2024-07-12 19:43:06 -  [Spawn::addMonster] Cannot find "Gothorita"
2024-07-12 19:43:06 -  [Spawn::addMonster] Cannot find "Gothorita"
2024-07-12 19:43:06 -  [Spawn::addMonster] Cannot find "Gothorita"
2024-07-12 19:43:06 -  [Spawn::addMonster] Cannot find "Gothorita"
2024-07-12 19:43:06 -  [Spawn::addMonster] Cannot find "Pansage"
2024-07-12 19:43:06 -  [Spawn::addMonster] Cannot find "Gothorita"
2024-07-12 19:43:06 -  [Spawn::addMonster] Cannot find "Gothorita"
2024-07-12 19:43:06 -  [Spawn::addMonster] Cannot find "Gothorita"
2024-07-12 19:43:06 -  [Spawn::addMonster] Cannot find "Gothorita"
2024-07-12 19:43:06 -  [Spawn::addMonster] Cannot find "Pansage"
2024-07-12 19:43:06 -  [Spawn::addMonster] Cannot find "Pansage"
2024-07-12 19:43:06 -  [Spawn::addMonster] Cannot find "Pansage"
2024-07-12 19:43:06 -  [Spawn::addMonster] Cannot find "Gothorita"
2024-07-12 19:43:06 -  [Spawn::addMonster] Cannot find "Pansage"
2024-07-12 19:43:06 -  [Spawn::addMonster] Cannot find "Pansage"
2024-07-12 19:43:06 -  [Spawn::addMonster] Cannot find "Pansage"
2024-07-12 19:43:06 -  [Spawn::addMonster] Cannot find "Pansage"
2024-07-12 19:43:06 -  [Spawn::addMonster] Cannot find "Pansage"
2024-07-12 19:43:06 -  [Spawn::addMonster] Cannot find "Pansage"
2024-07-12 19:43:06 -  [Spawn::addMonster] Cannot find "Pansage"
2024-07-12 19:43:06 -  [Spawn::addMonster] Cannot find "Pansage"
2024-07-12 19:43:06 -  [Spawn::addMonster] Cannot find "Pansage"
2024-07-12 19:43:06 -  [Spawn::addMonster] Cannot find "Pansage"
2024-07-12 19:43:06 -  [Spawn::addMonster] Cannot find "Pansage"
2024-07-12 19:43:06 -  [Spawn::addMonster] Cannot find "Pansage"
2024-07-12 19:43:06 -  [Spawn::addMonster] Cannot find "Pansage"
2024-07-12 19:43:06 -  [Spawn::addMonster] Cannot find "Pansage"
2024-07-12 19:43:06 -  [Spawn::addMonster] Cannot find "Pansage"
2024-07-12 19:43:06 -  [Spawn::addMonster] Cannot find "Golett"
2024-07-12 19:43:06 -  [Spawn::addMonster] Cannot find "Golett"
2024-07-12 19:43:06 -  [Spawn::addMonster] Cannot find "Golett"
2024-07-12 19:43:06 -  [Spawn::addMonster] Cannot find "Golett"
2024-07-12 19:43:06 -  [Spawn::addMonster] Cannot find "Pansage"
2024-07-12 19:43:06 -  [Spawn::addMonster] Cannot find "Pansage"
2024-07-12 19:43:06 -  [Spawn::addMonster] Cannot find "Pansage"
2024-07-12 19:43:06 -  [Spawn::addMonster] Cannot find "Pansage"
2024-07-12 19:43:06 -  [Spawn::addMonster] Cannot find "Golett"
2024-07-12 19:43:06 -  [Spawn::addMonster] Cannot find "Golett"
2024-07-12 19:43:06 -  [Spawn::addMonster] Cannot find "Pansage"
2024-07-12 19:43:06 -  [Spawn::addMonster] Cannot find "Pansage"
2024-07-12 19:43:06 -  [Spawn::addMonster] Cannot find "Golett"
2024-07-12 19:43:06 -  [Spawn::addMonster] Cannot find "Golett"
2024-07-12 19:43:06 -  [Spawn::addMonster] Cannot find "Pansage"
2024-07-12 19:43:06 -  [Spawn::addMonster] Cannot find "Pansage"
2024-07-12 19:43:06 -  [Spawn::addMonster] Cannot find "Pansage"
2024-07-12 19:43:06 -  [Spawn::addMonster] Cannot find "Pansage"
2024-07-12 19:43:06 -  [Spawn::addMonster] Cannot find "Pansage"
2024-07-12 19:43:06 -  [Spawn::addMonster] Cannot find "Pansage"
2024-07-12 19:43:06 -  [Spawn::addMonster] Cannot find "Pansage"
2024-07-12 19:43:06 -  [Spawn::addMonster] Cannot find "Pansage"
2024-07-12 19:43:06 -  [Spawn::addMonster] Cannot find "Pansage"
2024-07-12 19:43:06 -  [Spawn::addMonster] Cannot find "Pansage"
2024-07-12 19:43:06 -  [Spawn::addMonster] Cannot find "Pansage"
2024-07-12 19:43:06 -  [Spawn::addMonster] Cannot find "Pansage"
2024-07-12 19:43:06 -  [Spawn::addMonster] Cannot find "Pansage"
2024-07-12 19:43:06 -  [Spawn::addMonster] Cannot find "Pansage"
2024-07-12 19:43:06 -  [Spawn::addMonster] Cannot find "Pansage"
2024-07-12 19:43:06 -  [Spawn::addMonster] Cannot find "Pansage"
2024-07-12 19:43:06 -  [Spawn::addMonster] Cannot find "Pansage"
2024-07-12 19:43:06 -  [Spawn::addMonster] Cannot find "Pansage"
2024-07-12 19:43:06 -  [Spawn::addMonster] Cannot find "Pansage"
2024-07-12 19:43:06 -  [Spawn::addMonster] Cannot find "Pansage"
2024-07-12 19:43:06 -  [Spawn::addMonster] Cannot find "Oshawott"
2024-07-12 19:43:06 -  [Spawn::addMonster] Cannot find "Oshawott"
2024-07-12 19:43:06 -  [Spawn::addMonster] Cannot find "Oshawott"
2024-07-12 19:43:06 -  [Spawn::addMonster] Cannot find "Oshawott"
2024-07-12 19:43:06 -  [Spawn::addMonster] Cannot find "Oshawott"
2024-07-12 19:43:06 -  [Spawn::addMonster] Cannot find "Oshawott"
2024-07-12 19:43:06 -  [Spawn::addMonster] Cannot find "Oshawott"
2024-07-12 19:43:06 -  [Spawn::addMonster] Cannot find "Oshawott"
2024-07-12 19:43:06 -  [Spawn::addMonster] Cannot find "Oshawott"
2024-07-12 19:43:06 -  [Spawn::addMonster] Cannot find "Krookodile"
2024-07-12 19:43:06 -  [Spawn::addMonster] Cannot find "Oshawott"
2024-07-12 19:43:06 -  [Spawn::addMonster] Cannot find "Oshawott"
2024-07-12 19:43:06 -  [Spawn::addMonster] Cannot find "Oshawott"
2024-07-12 19:43:06 -  [Spawn::addMonster] Cannot find "Oshawott"
2024-07-12 19:43:06 -  [Spawn::addMonster] Cannot find "Oshawott"
2024-07-12 19:43:06 -  [Spawn::addMonster] Cannot find "Oshawott"
2024-07-12 19:43:06 -  [Spawn::addMonster] Cannot find "Oshawott"
2024-07-12 19:43:06 -  [Spawn::addMonster] Cannot find "Oshawott"
2024-07-12 19:43:06 -  [Spawn::addMonster] Cannot find "Pansage"
2024-07-12 19:43:06 -  [Spawn::addMonster] Cannot find "Pansage"
2024-07-12 19:43:06 -  [Spawn::addMonster] Cannot find "Zweilous"
2024-07-12 19:43:06 -  I/O warning : failed to load external entity "datapack/npc/Nurse Audino.xml"
2024-07-12 19:43:06 -  [Warning - Npc::loadFromXml] Cannot load npc file (datapack/npc/Nurse Audino.xml).
2024-07-12 19:43:06 -  Info: failed to load external entity "datapack/npc/Nurse Audino.xml"
2024-07-12 19:43:06 -  
2024-07-12 19:43:06 -  
2024-07-12 19:43:06 -  [Spawn::addMonster] Cannot find "Pansear"
2024-07-12 19:43:06 -  [Spawn::addMonster] Cannot find "Pansear"
2024-07-12 19:43:06 -  [Spawn::addMonster] Cannot find "Pansear"
2024-07-12 19:43:06 -  [Spawn::addMonster] Cannot find "Pansear"
2024-07-12 19:43:06 -  [Spawn::addMonster] Cannot find "Darmanitan"
2024-07-12 19:43:06 -  [Spawn::addMonster] Cannot find "Pansear"
2024-07-12 19:43:06 -  [Spawn::addMonster] Cannot find "Pansear"
2024-07-12 19:43:06 -  [Spawn::addMonster] Cannot find "Pansear"
2024-07-12 19:43:06 -  [Spawn::addMonster] Cannot find "Pansear"
2024-07-12 19:43:06 -  [Spawn::addMonster] Cannot find "Pansear"
2024-07-12 19:43:06 -  [Spawn::addMonster] Cannot find "Pansear"
2024-07-12 19:43:06 -  [Spawn::addMonster] Cannot find "Pansear"
2024-07-12 19:43:06 -  [Spawn::addMonster] Cannot find "Pansear"
2024-07-12 19:43:06 -  [Spawn::addMonster] Cannot find "Pansear"
2024-07-12 19:43:06 -  [Spawn::addMonster] Cannot find "Pansear"
2024-07-12 19:43:06 -  [Spawn::addMonster] Cannot find "Pansear"
2024-07-12 19:43:06 -  [Spawn::addMonster] Cannot find "Pansear"
2024-07-12 19:43:06 -  [Spawn::addMonster] Cannot find "Pansear"
2024-07-12 19:43:06 -  [Spawn::addMonster] Cannot find "Pansear"
2024-07-12 19:43:06 -  [Spawn::addMonster] Cannot find "Pansear"
2024-07-12 19:43:06 -  [Spawn::addMonster] Cannot find "Pansear"
2024-07-12 19:43:06 -  [Spawn::addMonster] Cannot find "Pansear"
2024-07-12 19:43:06 -  [Spawn::addMonster] Cannot find "Pansear"
2024-07-12 19:43:06 -  [Spawn::addMonster] Cannot find "Pansear"
2024-07-12 19:43:06 -  [Spawn::addMonster] Cannot find "Pansear"
2024-07-12 19:43:06 -  [Spawn::addMonster] Cannot find "Pansear"
2024-07-12 19:43:06 -  [Spawn::addMonster] Cannot find "Pansear"
2024-07-12 19:43:06 -  [Spawn::addMonster] Cannot find "Pansear"
2024-07-12 19:43:06 -  [Spawn::addMonster] Cannot find "Pansear"
2024-07-12 19:43:06 -  [Spawn::addMonster] Cannot find "Zweilous"
2024-07-12 19:43:06 -  [Spawn::addMonster] Cannot find "Zweilous"
2024-07-12 19:43:06 -  [Spawn::addMonster] Cannot find "Pansage"
2024-07-12 19:43:06 -  [Spawn::addMonster] Cannot find "Pansage"
2024-07-12 19:43:06 -  [Spawn::addMonster] Cannot find "Pansage"
2024-07-12 19:43:06 -  [Spawn::addMonster] Cannot find "Pansage"
2024-07-12 19:43:06 -  [Spawn::addMonster] Cannot find "Pansage"
2024-07-12 19:43:06 -  [Spawn::addMonster] Cannot find "Zweilous"
2024-07-12 19:43:06 -  [Spawn::addMonster] Cannot find "Zweilous"
2024-07-12 19:43:06 -  [Spawn::addMonster] Cannot find "Zweilous"
2024-07-12 19:43:06 -  [Spawn::addMonster] Cannot find "Pansage"
2024-07-12 19:43:06 -  [Spawn::addMonster] Cannot find "Zweilous"
2024-07-12 19:43:06 -  [Spawn::addMonster] Cannot find "Zweilous"
2024-07-12 19:43:06 -  [Spawn::addMonster] Cannot find "Gothorita"
2024-07-12 19:43:06 -  [Spawn::addMonster] Cannot find "Zweilous"
2024-07-12 19:43:06 -  [Spawn::addMonster] Cannot find "Gothorita"
2024-07-12 19:43:06 -  [Spawn::addMonster] Cannot find "Gothorita"
2024-07-12 19:43:06 -  [Spawn::addMonster] Cannot find "Gothorita"
2024-07-12 19:43:06 -  [Spawn::addMonster] Cannot find "Gothorita"
2024-07-12 19:43:06 -  [Spawn::addMonster] Cannot find "Gothorita"
2024-07-12 19:43:06 -  [Spawn::addMonster] Cannot find "Gothorita"
2024-07-12 19:43:06 -  [Spawn::addMonster] Cannot find "Pansage"
2024-07-12 19:43:06 -  [Spawn::addMonster] Cannot find "Zweilous"
2024-07-12 19:43:06 -  [Spawn::addMonster] Cannot find "Gothorita"
2024-07-12 19:43:06 -  [Spawn::addMonster] Cannot find "Gothorita"
2024-07-12 19:43:06 -  [Spawn::addMonster] Cannot find "Gothorita"
2024-07-12 19:43:06 -  [Spawn::addMonster] Cannot find "Gothorita"
2024-07-12 19:43:06 -  [Spawn::addMonster] Cannot find "Gothorita"
2024-07-12 19:43:06 -  [Spawn::addMonster] Cannot find "Gothorita"
2024-07-12 19:43:06 -  [Spawn::addMonster] Cannot find "Gothorita"
2024-07-12 19:43:06 -  [Spawn::addMonster] Cannot find "Pansage"
2024-07-12 19:43:06 -  [Spawn::addMonster] Cannot find "Gothorita"
2024-07-12 19:43:06 -  [Spawn::addMonster] Cannot find "Gothorita"
2024-07-12 19:43:06 -  [Spawn::addMonster] Cannot find "Pansage"
2024-07-12 19:43:06 -  [Spawn::addMonster] Cannot find "Pansage"
2024-07-12 19:43:06 -  [Spawn::addMonster] Cannot find "Gothorita"
2024-07-12 19:43:06 -  [Spawn::addMonster] Cannot find "Cubchoo"
2024-07-12 19:43:06 -  [Spawn::addMonster] Cannot find "Cubchoo"
2024-07-12 19:43:06 -  [Spawn::addMonster] Cannot find "Beartic"
2024-07-12 19:43:06 -  [Spawn::addMonster] Cannot find "Cubchoo"
2024-07-12 19:43:06 -  [Spawn::addMonster] Cannot find "Cubchoo"
2024-07-12 19:43:06 -  [Spawn::addMonster] Cannot find "Cubchoo"
2024-07-12 19:43:06 -  [Spawn::addMonster] Cannot find "Cubchoo"
2024-07-12 19:43:06 -  [Spawn::addMonster] Cannot find "Beartic"
2024-07-12 19:43:06 -  [Spawn::addMonster] Cannot find "Beartic"
2024-07-12 19:43:06 -  [Spawn::addMonster] Cannot find "Cubchoo"
2024-07-12 19:43:06 -  [Spawn::addMonster] Cannot find "Cubchoo"
2024-07-12 19:43:06 -  [Spawn::addMonster] Cannot find "Beartic"
2024-07-12 19:43:06 -  [Spawn::addMonster] Cannot find "Beartic"
2024-07-12 19:43:06 -  [Spawn::addMonster] Cannot find "Cubchoo"
2024-07-12 19:43:06 -  [Spawn::addMonster] Cannot find "Beartic"
2024-07-12 19:43:06 -  [Spawn::addMonster] Cannot find "Cubchoo"
2024-07-12 19:43:06 -  [Spawn::addMonster] Cannot find "Beartic"
2024-07-12 19:43:06 -  [Spawn::addMonster] Cannot find "Beartic"
2024-07-12 19:43:06 -  [Spawn::addMonster] Cannot find "Cubchoo"
2024-07-12 19:43:06 -  [Spawn::addMonster] Cannot find "Cubchoo"
2024-07-12 19:43:06 -  [Spawn::addMonster] Cannot find "Cubchoo"
2024-07-12 19:43:06 -  [Spawn::addMonster] Cannot find "Cubchoo"
2024-07-12 19:43:06 -  [Spawn::addMonster] Cannot find "Cubchoo"
2024-07-12 19:43:06 -  [Spawn::addMonster] Cannot find "Beartic"
2024-07-12 19:43:06 -  [Spawn::addMonster] Cannot find "Pansage"
2024-07-12 19:43:06 -  [Spawn::addMonster] Cannot find "Pansage"
2024-07-12 19:43:06 -  [Spawn::addMonster] Cannot find "Pansage"
2024-07-12 19:43:06 -  [Spawn::addMonster] Cannot find "Gothorita"
2024-07-12 19:43:06 -  [Spawn::addMonster] Cannot find "Gothorita"
2024-07-12 19:43:06 -  [Spawn::addMonster] Cannot find "Gothorita"
2024-07-12 19:43:06 -  [Spawn::addMonster] Cannot find "Gothorita"
2024-07-12 19:43:06 -  [Spawn::addMonster] Cannot find "Gothorita"
2024-07-12 19:43:06 -  [Spawn::addMonster] Cannot find "Gothorita"
2024-07-12 19:43:06 -  [Spawn::addMonster] Cannot find "Gothorita"
2024-07-12 19:43:06 -  [Spawn::addMonster] Cannot find "Cubchoo"
2024-07-12 19:43:06 -  [Spawn::addMonster] Cannot find "Cubchoo"
2024-07-12 19:43:06 -  [Spawn::addMonster] Cannot find "Cubchoo"
2024-07-12 19:43:06 -  [Spawn::addMonster] Cannot find "Cubchoo"
2024-07-12 19:43:06 -  [Spawn::addMonster] Cannot find "Cubchoo"
2024-07-12 19:43:06 -  [Spawn::addMonster] Cannot find "Cubchoo"
2024-07-12 19:43:06 -  [Spawn::addMonster] Cannot find "Cubchoo"
2024-07-12 19:43:06 -  [Spawn::addMonster] Cannot find "Cubchoo"
2024-07-12 19:43:06 -  [Spawn::addMonster] Cannot find "Beartic"
2024-07-12 19:43:06 -  [Spawn::addMonster] Cannot find "Cubchoo"
2024-07-12 19:43:06 -  [Spawn::addMonster] Cannot find "Beartic"
2024-07-12 19:43:06 -  [Spawn::addMonster] Cannot find "Cubchoo"
2024-07-12 19:43:06 -  [Spawn::addMonster] Cannot find "Cubchoo"
2024-07-12 19:43:06 -  [Spawn::addMonster] Cannot find "Cubchoo"
2024-07-12 19:43:06 -  [Spawn::addMonster] Cannot find "Cubchoo"
2024-07-12 19:43:06 -  [Spawn::addMonster] Cannot find "Gothorita"
2024-07-12 19:43:06 -  [Spawn::addMonster] Cannot find "Gothorita"
2024-07-12 19:43:06 -  [Spawn::addMonster] Cannot find "Gothorita"
2024-07-12 19:43:06 -  [Spawn::addMonster] Cannot find "Gothorita"
2024-07-12 19:43:06 -  [Spawn::addMonster] Cannot find "Cubchoo"
2024-07-12 19:43:06 -  [Spawn::addMonster] Cannot find "Cubchoo"
2024-07-12 19:43:06 -  [Spawn::addMonster] Cannot find "Beartic"
2024-07-12 19:43:06 -  [Spawn::addMonster] Cannot find "Cubchoo"
2024-07-12 19:43:06 -  [Spawn::addMonster] Cannot find "Cubchoo"
2024-07-12 19:43:06 -  [Spawn::addMonster] Cannot find "Cubchoo"
2024-07-12 19:43:06 -  [Spawn::addMonster] Cannot find "Beartic"
2024-07-12 19:43:06 -  [Spawn::addMonster] Cannot find "Guardian Magmar"
2024-07-12 19:43:06 -  [Spawn::addMonster] Cannot find "Guardian Magmar"
2024-07-12 19:43:06 -  [Spawn::addMonster] Cannot find "Guardian Magmar"
2024-07-12 19:43:06 -  [Spawn::addMonster] Cannot find "Guardian Magmar"
2024-07-12 19:43:06 -  [Spawn::addMonster] Cannot find "Guardian Magmar"
2024-07-12 19:43:06 -  [Spawn::addMonster] Cannot find "Guardian Magmar"
2024-07-12 19:43:06 -  [Spawn::addMonster] Cannot find "Guardian Magmar"
2024-07-12 19:43:06 -  [Spawn::addMonster] Cannot find "Guardian Magmar"
2024-07-12 19:43:06 -  [Spawn::addMonster] Cannot find "Guardian Magmar"
2024-07-12 19:43:06 -  [Spawn::addMonster] Cannot find "Guardian Magmar"
2024-07-12 19:43:06 -  [Spawn::addMonster] Cannot find "Guardian Magmar"
2024-07-12 19:43:06 -  [Spawn::addMonster] Cannot find "Guardian Magmar"
2024-07-12 19:43:06 -  [Spawn::addMonster] Cannot find "Guardian Magmar"
2024-07-12 19:43:06 -  [Spawn::addMonster] Cannot find "Guardian Magmar"
2024-07-12 19:43:06 -  [Spawn::addMonster] Cannot find "Guardian Magmar"
2024-07-12 19:43:06 -  [Spawn::addMonster] Cannot find "Guardian Magmar"
2024-07-12 19:43:06 -  [Spawn::addMonster] Cannot find "Guardian Magmar"
2024-07-12 19:43:06 -  [Spawn::addMonster] Cannot find "Guardian Magmar"
2024-07-12 19:43:06 -  [Spawn::addMonster] Cannot find "Guardian Magmar"
2024-07-12 19:43:06 -  [Spawn::addMonster] Cannot find "Guardian Magmar"
2024-07-12 19:43:06 -  [Spawn::addMonster] Cannot find "Krookodile"
2024-07-12 19:43:06 -  [Spawn::addMonster] Cannot find "Krookodile"
2024-07-12 19:43:06 -  [Spawn::addMonster] Cannot find "Krookodile"
2024-07-12 19:43:06 -  [Spawn::addMonster] Cannot find "Krookodile"
2024-07-12 19:43:06 -  [Spawn::addMonster] Cannot find "Oshawott"
2024-07-12 19:43:06 -  [Spawn::addMonster] Cannot find "Krookodile"
2024-07-12 19:43:06 -  [Spawn::addMonster] Cannot find "Krookodile"
2024-07-12 19:43:06 -  [Spawn::addMonster] Cannot find "Krookodile"
2024-07-12 19:43:06 -  [Spawn::addMonster] Cannot find "Krookodile"
2024-07-12 19:43:06 -  [Spawn::addMonster] Cannot find "Krookodile"
2024-07-12 19:43:06 -  [Spawn::addMonster] Cannot find "Krookodile"
2024-07-12 19:43:06 -  [Spawn::addMonster] Cannot find "Krookodile"
2024-07-12 19:43:06 -  [Spawn::addMonster] Cannot find "Krookodile"
2024-07-12 19:43:06 -  [Spawn::addMonster] Cannot find "Guardian Magmar"
2024-07-12 19:43:06 -  [Spawn::addMonster] Cannot find "Guardian Magmar"
2024-07-12 19:43:06 -  [Spawn::addMonster] Cannot find "Guardian Magmar"
2024-07-12 19:43:06 -  [Spawn::addMonster] Cannot find "Guardian Magmar"
2024-07-12 19:43:06 -  [Spawn::addMonster] Cannot find "Guardian Magmar"
2024-07-12 19:43:06 -  [Spawn::addMonster] Cannot find "Guardian Magmar"
2024-07-12 19:43:06 -  [Spawn::addMonster] Cannot find "Guardian Magmar"
2024-07-12 19:43:06 -  [Spawn::addMonster] Cannot find "Guardian Magmar"
2024-07-12 19:43:06 -  [Spawn::addMonster] Cannot find "Guardian Magmar"
2024-07-12 19:43:06 -  [Spawn::addMonster] Cannot find "Guardian Magmar"
2024-07-12 19:43:06 -  [Spawn::addMonster] Cannot find "Guardian Magmar"
2024-07-12 19:43:06 -  [Spawn::addMonster] Cannot find "Guardian Magmar"
2024-07-12 19:43:06 -  [Spawn::addMonster] Cannot find "Guardian Magmar"
2024-07-12 19:43:06 -  [Spawn::addMonster] Cannot find "Guardian Magmar"
2024-07-12 19:43:06 -  [Spawn::addMonster] Cannot find "Guardian Magmar"
2024-07-12 19:43:06 -  [Spawn::addMonster] Cannot find "Guardian Magmar"
2024-07-12 19:43:06 -  [Spawn::addMonster] Cannot find "Guardian Magmar"
2024-07-12 19:43:06 -  [Spawn::addMonster] Cannot find "Guardian Magmar"
2024-07-12 19:43:06 -  [Spawn::addMonster] Cannot find "Guardian Magmar"
2024-07-12 19:43:06 -  [Spawn::addMonster] Cannot find "Guardian Magmar"
2024-07-12 19:43:06 -  [Spawn::addMonster] Cannot find "Guardian Magmar"
2024-07-12 19:43:06 -  [Spawn::addMonster] Cannot find "Guardian Magmar"
2024-07-12 19:43:06 -  [Spawn::addMonster] Cannot find "Guardian Magmar"
2024-07-12 19:43:06 -  [Spawn::addMonster] Cannot find "Guardian Magmar"
2024-07-12 19:43:06 -  [Spawn::addMonster] Cannot find "Guardian Magmar"
2024-07-12 19:43:06 -  [Spawn::addMonster] Cannot find "Guardian Magmar"
2024-07-12 19:43:06 -  [Spawn::addMonster] Cannot find "Guardian Magmar"
2024-07-12 19:43:06 -  [Spawn::addMonster] Cannot find "Guardian Magmar"
2024-07-12 19:43:06 -  [Spawn::addMonster] Cannot find "Guardian Magmar"
2024-07-12 19:43:06 -  [Spawn::addMonster] Cannot find "Guardian Magmar"
2024-07-12 19:43:06 -  [Spawn::addMonster] Cannot find "Guardian Magmar"
2024-07-12 19:43:06 -  [Spawn::addMonster] Cannot find "Guardian Magmar"
2024-07-12 19:43:06 -  [Spawn::addMonster] Cannot find "Guardian Magmar"
2024-07-12 19:43:06 -  [Spawn::addMonster] Cannot find "Guardian Magmar"
2024-07-12 19:43:06 -  [Spawn::addMonster] Cannot find "Krookodile"
2024-07-12 19:43:06 -  [Spawn::addMonster] Cannot find "Krookodile"
2024-07-12 19:43:06 -  [Spawn::addMonster] Cannot find "Krookodile"
2024-07-12 19:43:06 -  [Spawn::addMonster] Cannot find "Krookodile"
2024-07-12 19:43:06 -  [Spawn::addMonster] Cannot find "Krookodile"
2024-07-12 19:43:06 -  [Spawn::addMonster] Cannot find "Oshawott"
2024-07-12 19:43:06 -  [Spawn::addMonster] Cannot find "Krookodile"
2024-07-12 19:43:06 -  [Spawn::addMonster] Cannot find "Krookodile"
2024-07-12 19:43:06 -  [Spawn::addMonster] Cannot find "Krookodile"
2024-07-12 19:43:06 -  [Spawn::addMonster] Cannot find "Guardian Magmar"
2024-07-12 19:43:06 -  [Spawn::addMonster] Cannot find "Guardian Magmar"
2024-07-12 19:43:06 -  [Spawn::addMonster] Cannot find "Guardian Magmar"
2024-07-12 19:43:06 -  [Spawn::addMonster] Cannot find "Guardian Magmar"
2024-07-12 19:43:06 -  [Spawn::addMonster] Cannot find "Guardian Magmar"
2024-07-12 19:43:06 -  [Spawn::addMonster] Cannot find "Guardian Magmar"
2024-07-12 19:43:06 -  [Spawn::addMonster] Cannot find "Guardian Magmar"
2024-07-12 19:43:06 -  [Spawn::addMonster] Cannot find "Guardian Magmar"
2024-07-12 19:43:06 -  [Spawn::addMonster] Cannot find "Guardian Magmar"
2024-07-12 19:43:06 -  [Spawn::addMonster] Cannot find "Guardian Magmar"
2024-07-12 19:43:06 -  [Spawn::addMonster] Cannot find "Guardian Magmar"
2024-07-12 19:43:06 -  [Spawn::addMonster] Cannot find "Guardian Magmar"
2024-07-12 19:43:06 -  [Spawn::addMonster] Cannot find "Guardian Magmar"
2024-07-12 19:43:06 -  [Spawn::addMonster] Cannot find "Guardian Magmar"
2024-07-12 19:43:06 -  [Spawn::addMonster] Cannot find "Guardian Magmar"
2024-07-12 19:43:06 -  [Spawn::addMonster] Cannot find "Guardian Magmar"
2024-07-12 19:43:06 -  [Spawn::addMonster] Cannot find "Guardian Magmar"
2024-07-12 19:43:06 -  [Spawn::addMonster] Cannot find "Guardian Magmar"
2024-07-12 19:43:06 -  [Spawn::addMonster] Cannot find "Guardian Magmar"
2024-07-12 19:43:06 -  [Spawn::addMonster] Cannot find "Guardian Magmar"
2024-07-12 19:43:06 -  [Spawn::addMonster] Cannot find "Guardian Magmar"
2024-07-12 19:43:06 -  [Warning - Houses::loadFromXml] House entry not set for: Forgotten headquarter (Flat 1, Area 42) (471)
2024-07-12 19:43:06 -  [Warning - Houses::loadFromXml] House entry not set for: Forgotten headquarter (Flat 1, Area 42) (472)
2024-07-12 19:43:06 -  [Warning - Houses::loadFromXml] House entry not set for: Forgotten headquarter (Flat 1, Area 42) (473)
2024-07-12 19:43:06 -  [Warning - Houses::loadFromXml] House entry not set for: Forgotten headquarter (Flat 1, Area 42) (474)
2024-07-12 19:43:06 -  [Warning - Houses::loadFromXml] House entry not set for: Forgotten headquarter (Flat 1, Area 42) (475)
2024-07-12 19:43:06 -  [Warning - Houses::loadFromXml] House entry not set for: Forgotten headquarter (Flat 1, Area 42) (476)
2024-07-12 19:43:06 -  [Warning - Houses::loadFromXml] House entry not set for: Forgotten headquarter (Flat 1, Area 42) (477)
2024-07-12 19:43:06 -  [Warning - Houses::loadFromXml] House entry not set for: Forgotten headquarter (Flat 1, Area 42) (478)
2024-07-12 19:43:06 -  [Warning - Houses::loadFromXml] House entry not set for: Forgotten headquarter (Flat 1, Area 42) (1028)
2024-07-12 19:43:06 -  [Warning - Houses::loadFromXml] House entry not set for: Forgotten headquarter (Flat 1, Area 42) (1029)
2024-07-12 19:43:06 -  [Warning - Houses::loadFromXml] House entry not set for: Forgotten headquarter (Flat 1, Area 42) (1030)
2024-07-12 19:43:06 -  [Warning - Houses::loadFromXml] House entry not set for: Forgotten headquarter (Flat 1, Area 42) (1031)
2024-07-12 19:43:06 -  [Warning - Houses::loadFromXml] House entry not set for: Forgotten headquarter (Flat 1, Area 42) (1032)
2024-07-12 19:43:06 -  [Warning - Houses::loadFromXml] House entry not set for: Forgotten headquarter (Flat 1, Area 42) (1033)
2024-07-12 19:43:06 -  [Warning - Houses::loadFromXml] House entry not set for: Forgotten headquarter (Flat 1, Area 42) (1034)
2024-07-12 19:43:06 -  [Warning - Houses::loadFromXml] House entry not set for: Forgotten headquarter (Flat 1, Area 42) (1035)
2024-07-12 19:43:06 -  [Warning - Houses::loadFromXml] House entry not set for: Forgotten headquarter (Flat 1, Area 42) (1036)
2024-07-12 19:43:06 -  [Warning - Houses::loadFromXml] House entry not set for: Forgotten headquarter (Flat 1, Area 42) (1037)
2024-07-12 19:43:06 -  [Warning - Houses::loadFromXml] House entry not set for: Forgotten headquarter (Flat 1, Area 42) (1038)
2024-07-12 19:43:06 -  [Warning - Houses::loadFromXml] House entry not set for: Forgotten headquarter (Flat 1, Area 42) (1039)
2024-07-12 19:43:06 -  [Warning - Houses::loadFromXml] House entry not set for: Forgotten headquarter (Flat 1, Area 42) (1040)
2024-07-12 19:43:06 -  [Warning - Houses::loadFromXml] House entry not set for: Forgotten headquarter (Flat 1, Area 42) (1041)
2024-07-12 19:43:06 -  [Warning - Houses::loadFromXml] House entry not set for: Forgotten headquarter (Flat 1, Area 42) (1042)
2024-07-12 19:43:06 -  [Warning - Houses::loadFromXml] House entry not set for: Forgotten headquarter (Flat 1, Area 42) (1043)
2024-07-12 19:43:06 -  [Warning - Houses::loadFromXml] House entry not set for: Forgotten headquarter (Flat 1, Area 42) (1044)
2024-07-12 19:43:06 -  [Warning - Houses::loadFromXml] House entry not set for: Forgotten headquarter (Flat 1, Area 42) (1056)
2024-07-12 19:43:06 -  [Warning - Houses::loadFromXml] House entry not set for: Forgotten headquarter (Flat 1, Area 42) (1094)
2024-07-12 19:43:06 -  > Data parsing time: 0.319 seconds.
2024-07-12 19:43:06 -  > Houses synchronization time: 0.13 seconds.
2024-07-12 19:43:11 -  > Content unserialization time: 4.874 seconds.
2024-07-12 19:43:11 -  >> Checking world type... NoN-PvP
2024-07-12 19:43:11 -  >> Initializing game state modules and registering services...
2024-07-12 19:43:11 -  [New Thread 0x7fff7ffff700 (LWP 36583)]
2024-07-12 19:43:12 -  [Warning - Monster::Monster] Unknown event name - tp
2024-07-12 19:43:13 -  > Global address: 85.209.93.118
2024-07-12 19:43:13 -  > Local ports: 7172	7183	
2024-07-12 19:43:13 -  >> All modules were loaded, server is starting up...
2024-07-12 19:43:13 -  >> Green server Online!
2024-07-12 19:43:13 -  
2024-07-12 19:43:13 -  [ADM] Venez has logged in.
2024-07-12 19:43:20 -  > Saving server...
2024-07-12 19:43:21 -  > SAVE: Complete in 1.066 seconds using relational house storage.
2024-07-12 19:46:08 -  Lain has logged in.
2024-07-12 19:46:19 -  > Broadcasted message: "Evitem acessar sites falsos! Nosso único site oficial é www.pokenight.com. Fiquem atentos e joguem com segurança!".
2024-07-12 19:46:21 -  Koiakinho has logged in.
2024-07-12 19:47:33 -  [YT] Maaster has logged in.
2024-07-12 19:47:58 -  [Warning - Groups::getGroup] Group 0 not found.
2024-07-12 19:47:58 -  [Warning - Groups::getGroup] Group 0 not found.
2024-07-12 19:47:58 -  Klaus has logged in.
2024-07-12 19:48:02 -  Jardins has logged in.
2024-07-12 19:49:14 -  Frank Castle has logged in.
2024-07-12 19:49:40 -  > Broadcasted message: "Está curtindo o servidor? Que tal convidar seus amigos para se juntarem a você? A diversão é ainda melhor quando compartilhada!".
2024-07-12 19:49:45 -  Frank Castle has logged out.
2024-07-12 19:50:39 -  Norann has logged in.
2024-07-12 19:50:54 -  Jardins has logged out.
2024-07-12 19:52:32 -  Sky Bos has logged in.
2024-07-12 19:52:38 -  Albedo has logged in.
2024-07-12 19:53:01 -  > Broadcasted message: "Pedimos desculpas pelas quedas e bugs. Estamos trabalhando para melhorar a estabilidade. Agradecemos sua paciência.".
2024-07-12 19:53:15 -  Albedo has logged out.
2024-07-12 19:53:17 -  Yukina has logged in.
2024-07-12 19:53:40 -  Yukina has logged out.
2024-07-12 19:53:41 -  Albedo has logged in.
2024-07-12 19:54:02 -  Albedo has logged out.
2024-07-12 19:54:03 -  Yukina has logged in.
2024-07-12 19:54:10 -  Yukina has logged out.
2024-07-12 19:54:11 -  Albedo has logged in.
2024-07-12 19:55:26 -  Xnenel has logged in.
2024-07-12 19:56:22 -  > Broadcasted message: "Problemas para chamar seu Pokémon ou com o comando 'order'? Vá até o Centro Pokémon e clique no computador ao lado de Nurse Joy para resolver.".
2024-07-12 19:56:34 -  Bahia Camisadez has logged in.
2024-07-12 19:57:22 -  Xnenel has logged out.
2024-07-12 19:57:23 -  Xnenel has logged in.
2024-07-12 19:58:11 -  Nando has logged in.
2024-07-12 19:58:55 -  Bahia Camisadez has logged out.
2024-07-12 19:58:58 -  Bahia Camisadez has logged in.
2024-07-12 19:59:43 -  > Broadcasted message: "Roubos são estritamente proibidos. Se você tiver evidências, por favor, apresente-as à administração para que a punição adequada seja aplicada ao infrator. Juntos, mantemos a integridade do servidor.".
2024-07-12 20:02:26 -  Jardins has logged in.
2024-07-12 20:03:04 -  > Broadcasted message: "Quer expressar uma reclamação, protestar ou simplesmente conversar? Utilize o chat do jogo para isso. O canal de ajuda (help) deve ser usado exclusivamente para esclarecer dúvidas sobre o jogo, sem spoilers. Agradecemos sua cooperação!".
2024-07-12 20:03:20 -  Jardins has logged out.
2024-07-12 20:03:21 -  Praagah has logged in.
2024-07-12 20:03:23 -  Jardins has logged in.
2024-07-12 20:05:28 -  Praagah has logged out.
2024-07-12 20:05:36 -  Praagah has logged in.
2024-07-12 20:06:25 -  > Broadcasted message: "É estritamente proibido vender itens do jogo por dinheiro real. Qualquer violação dessa regra está sujeita a banimento permanente. Mantenhamos o jogo justo e divertido para todos!".
2024-07-12 20:07:33 -  Futura has logged in.
2024-07-12 20:07:51 -  Naveen has logged in.
2024-07-12 20:08:03 -  Praagah has logged out.
2024-07-12 20:08:05 -  Praagah has logged in.
2024-07-12 20:08:40 -  Futura has logged out.
2024-07-12 20:08:43 -  Futura has logged in.
2024-07-12 20:09:12 -  Xnenel has logged out.
2024-07-12 20:09:14 -  Xnenel has logged in.
2024-07-12 20:09:23 -  Futura has logged out.
2024-07-12 20:09:24 -  Futura has logged in.
2024-07-12 20:09:46 -  > Broadcasted message: "Todas as doações recebidas para o servidor são usadas para adquirir novos sistemas e implementar melhorias. Agradecemos imensamente a todos que estão contribuindo para tornar nossa comunidade ainda melhor!".
2024-07-12 20:11:24 -  Futura has logged out.
2024-07-12 20:13:07 -  > Broadcasted message: "Preparem-se para a diversão! Todos os finais de semana teremos eventos especiais. Fiquem ligados para participar e ganhar prêmios incríveis!".
2024-07-12 20:13:38 -  Klaus has logged out.
2024-07-12 20:14:40 -  Jardins has logged out.
2024-07-12 20:14:41 -  Jardins has logged in.
2024-07-12 20:14:41 -  Frank Castle has logged in.
2024-07-12 20:14:55 -  Jardins has logged out.
2024-07-12 20:14:58 -  Jardins has logged in.
2024-07-12 20:15:39 -  Samuelmazali has logged in.
2024-07-12 20:15:52 -  Praagah has logged out.
2024-07-12 20:15:54 -  Praagah has logged in.
2024-07-12 20:16:11 -  Xnenel has logged out.
2024-07-12 20:16:13 -  Xnenel has logged in.
2024-07-12 20:16:28 -  > Broadcasted message: "Evitem acessar sites falsos! Nosso único site oficial é www.pokenight.com. Fiquem atentos e joguem com segurança!".
2024-07-12 20:19:49 -  > Broadcasted message: "Está curtindo o servidor? Que tal convidar seus amigos para se juntarem a você? A diversão é ainda melhor quando compartilhada!".
2024-07-12 20:19:50 -  Praagah has logged out.
2024-07-12 20:19:51 -  Praagah has logged in.
2024-07-12 20:20:01 -  Naveen has logged out.
2024-07-12 20:20:14 -  Bahia Camisadez has logged out.
2024-07-12 20:20:47 -  Frank Castle has logged out.
2024-07-12 20:20:52 -  Punisher has logged in.
2024-07-12 20:20:52 -  Praagah has logged out.
2024-07-12 20:20:53 -  Praagah has logged in.
2024-07-12 20:21:26 -  Punisher has logged out.
2024-07-12 20:21:26 -  Frank Castle has logged in.
2024-07-12 20:22:33 -  Praagah has logged out.
2024-07-12 20:22:35 -  Praagah has logged in.
2024-07-12 20:23:10 -  > Broadcasted message: "Pedimos desculpas pelas quedas e bugs. Estamos trabalhando para melhorar a estabilidade. Agradecemos sua paciência.".
2024-07-12 20:23:38 -  Matheuszh has logged in.
2024-07-12 20:23:47 -  Praagah has logged out.
2024-07-12 20:23:48 -  Praagah has logged in.
2024-07-12 20:25:15 -  Matheuszh has logged out.
2024-07-12 20:25:17 -  Matheuszh has logged in.
2024-07-12 20:25:39 -  Praagah has logged out.
2024-07-12 20:25:42 -  Praagah has logged in.
2024-07-12 20:26:31 -  > Broadcasted message: "Problemas para chamar seu Pokémon ou com o comando 'order'? Vá até o Centro Pokémon e clique no computador ao lado de Nurse Joy para resolver.".
2024-07-12 20:26:38 -  Shapa has logged in.
2024-07-12 20:27:56 -  Shapa has logged out.
2024-07-12 20:27:57 -  Shapa has logged in.
2024-07-12 20:29:19 -  Jardins has logged out.
2024-07-12 20:29:24 -  Shapa has logged out.
2024-07-12 20:29:28 -  > [ADM] Venez broadcasted message: "Reinicialização pra reset da pesca.".
2024-07-12 20:29:29 -  > [ADM] Venez broadcasted message: "Reinicialização pra reset da pesca.".
2024-07-12 20:29:30 -  > [ADM] Venez broadcasted message: "Reinicialização pra reset da pesca.".
2024-07-12 20:29:31 -  > [ADM] Venez broadcasted message: "Reinicialização pra reset da pesca.".
2024-07-12 20:29:31 -  > [ADM] Venez broadcasted message: "Reinicialização pra reset da pesca.".
2024-07-12 20:29:32 -  > [ADM] Venez broadcasted message: "Reinicialização pra reset da pesca.".
2024-07-12 20:29:33 -  > [ADM] Venez broadcasted message: "Reinicialização pra reset da pesca.".
2024-07-12 20:29:38 -  > [ADM] Venez broadcasted message: "Reinicialização pra reset da pesca.".
2024-07-12 20:29:39 -  > [ADM] Venez broadcasted message: "Reinicialização pra reset da pesca.".
2024-07-12 20:29:40 -  > [ADM] Venez broadcasted message: "Reinicialização pra reset da pesca.".
2024-07-12 20:29:41 -  > [ADM] Venez broadcasted message: "Reinicialização pra reset da pesca.".
2024-07-12 20:29:43 -  > [ADM] Venez broadcasted message: "Reinicialização pra reset da pesca.".
2024-07-12 20:29:44 -  > [ADM] Venez broadcasted message: "Reinicialização pra reset da pesca.".
2024-07-12 20:29:45 -  > [ADM] Venez broadcasted message: "Reinicialização pra reset da pesca.".
2024-07-12 20:29:46 -  > [ADM] Venez broadcasted message: "Reinicialização pra reset da pesca.".
2024-07-12 20:29:47 -  > [ADM] Venez broadcasted message: "Reinicialização pra reset da pesca.".
2024-07-12 20:29:48 -  > [ADM] Venez broadcasted message: "Reinicialização pra reset da pesca.".
2024-07-12 20:29:49 -  > [ADM] Venez broadcasted message: "Reinicialização pra reset da pesca.".
2024-07-12 20:29:52 -  > Broadcasted message: "Roubos são estritamente proibidos. Se você tiver evidências, por favor, apresente-as à administração para que a punição adequada seja aplicada ao infrator. Juntos, mantemos a integridade do servidor.".
2024-07-12 20:29:55 -  Lain has logged out.
2024-07-12 20:29:55 -  Koiakinho has logged out.
2024-07-12 20:29:55 -  [YT] Maaster has logged out.
2024-07-12 20:29:55 -  Norann has logged out.
2024-07-12 20:29:55 -  Sky Bos has logged out.
2024-07-12 20:29:55 -  Albedo has logged out.
2024-07-12 20:29:55 -  Nando has logged out.
2024-07-12 20:29:55 -  Samuelmazali has logged out.
2024-07-12 20:29:55 -  Xnenel has logged out.
2024-07-12 20:29:55 -  Frank Castle has logged out.
2024-07-12 20:29:55 -  Matheuszh has logged out.
2024-07-12 20:29:55 -  Praagah has logged out.
2024-07-12 20:29:55 -  > Saving server...
2024-07-12 20:29:56 -  > SAVE: Complete in 0.804 seconds using relational house storage.
2024-07-12 20:29:56 -  
2024-07-12 20:29:56 -  [Error - Npc interface] 
2024-07-12 20:29:56 -  In a timer event called from: 
2024-07-12 20:29:56 -  datapack/npc/scripts/heal.lua:onCreatureSay
2024-07-12 20:29:56 -  Description: 
2024-07-12 20:29:56 -  (luaGetPlayerSlotItem) Player not found
2024-07-12 20:30:01 -  [ADM] Venez has logged out.
2024-07-12 20:32:58 -  
2024-07-12 20:32:58 -  Thread 1 "theforgottenser" received signal SIGINT, Interrupt.
2024-07-12 20:32:58 -  0x00007ffff7786d96 in epoll_wait (epfd=4, events=events@entry=0x7fffffffdc50, maxevents=maxevents@entry=128, timeout=timeout@entry=-1) at ../sysdeps/unix/sysv/linux/epoll_wait.c:30
2024-07-12 20:32:58 -  30	../sysdeps/unix/sysv/linux/epoll_wait.c: No such file or directory.
2024-07-12 20:32:58 -  
2024-07-12 20:32:58 -  Thread 3 (Thread 0x7fff7ffff700 (LWP 36583) "theforgottenser"):
2024-07-12 20:32:58 -  #0  futex_abstimed_wait_cancelable (private=0, abstime=0x7fff7fffee50, clockid=2147478864, expected=0, futex_word=0x5555557e3dbc <Scheduler::getInstance()::scheduler+188>) at ../sysdeps/nptl/futex-internal.h:323
2024-07-12 20:32:58 -          __ret = -516
2024-07-12 20:32:58 -          clockbit = 0
2024-07-12 20:32:58 -          op = 137
2024-07-12 20:32:58 -          __ret = <optimized out>
2024-07-12 20:32:58 -          oldtype = 0
2024-07-12 20:32:58 -          err = <optimized out>
2024-07-12 20:32:58 -          oldtype = <optimized out>
2024-07-12 20:32:58 -          err = <optimized out>
2024-07-12 20:32:58 -          __ret = <optimized out>
2024-07-12 20:32:58 -          clockbit = <optimized out>
2024-07-12 20:32:58 -          op = <optimized out>
2024-07-12 20:32:58 -          __ret = <optimized out>
2024-07-12 20:32:58 -          resultvar = <optimized out>
2024-07-12 20:32:58 -          __arg6 = <optimized out>
2024-07-12 20:32:58 -          __arg5 = <optimized out>
2024-07-12 20:32:58 -          __arg4 = <optimized out>
2024-07-12 20:32:58 -          __arg3 = <optimized out>
2024-07-12 20:32:58 -          __arg2 = <optimized out>
2024-07-12 20:32:58 -          __arg1 = <optimized out>
2024-07-12 20:32:58 -          _a6 = <optimized out>
2024-07-12 20:32:58 -          _a5 = <optimized out>
2024-07-12 20:32:58 -          _a4 = <optimized out>
2024-07-12 20:32:58 -          _a3 = <optimized out>
2024-07-12 20:32:58 -          _a2 = <optimized out>
2024-07-12 20:32:58 -          _a1 = <optimized out>
2024-07-12 20:32:58 -  #1  __pthread_cond_wait_common (abstime=0x7fff7fffee50, clockid=2147478864, mutex=0x5555557e3d68 <Scheduler::getInstance()::scheduler+104>, cond=0x5555557e3d90 <Scheduler::getInstance()::scheduler+144>) at pthread_cond_wait.c:520
2024-07-12 20:32:58 -          spin = 0
2024-07-12 20:32:58 -          buffer = {__routine = 0x7ffff7b98540 <__condvar_cleanup_waiting>, __arg = 0x7fff7fffed50, __canceltype = 1434336616, __prev = 0x0}
2024-07-12 20:32:58 -          cbuffer = {wseq = 5152353, cond = 0x5555557e3d90 <Scheduler::getInstance()::scheduler+144>, mutex = 0x5555557e3d68 <Scheduler::getInstance()::scheduler+104>, private = 0}
2024-07-12 20:32:58 -          err = <optimized out>
2024-07-12 20:32:58 -          g = 1
2024-07-12 20:32:58 -          flags = <optimized out>
2024-07-12 20:32:58 -          g1_start = <optimized out>
2024-07-12 20:32:58 -          maxspin = 0
2024-07-12 20:32:58 -          signals = <optimized out>
2024-07-12 20:32:58 -          result = 0
2024-07-12 20:32:58 -          wseq = 5152353
2024-07-12 20:32:58 -          seq = 2576176
2024-07-12 20:32:58 -          private = 0
2024-07-12 20:32:58 -          maxspin = <optimized out>
2024-07-12 20:32:58 -          err = <optimized out>
2024-07-12 20:32:58 -          result = <optimized out>
2024-07-12 20:32:58 -          wseq = <optimized out>
2024-07-12 20:32:58 -          g = <optimized out>
2024-07-12 20:32:58 -          seq = <optimized out>
2024-07-12 20:32:58 -          flags = <optimized out>
2024-07-12 20:32:58 -          private = <optimized out>
2024-07-12 20:32:58 -          signals = <optimized out>
2024-07-12 20:32:58 -          done = <optimized out>
2024-07-12 20:32:58 -          g1_start = <optimized out>
2024-07-12 20:32:58 -          spin = <optimized out>
2024-07-12 20:32:58 -          buffer = {__routine = <optimized out>, __arg = <optimized out>, __canceltype = <optimized out>, __prev = <optimized out>}
2024-07-12 20:32:58 -          cbuffer = {wseq = <optimized out>, cond = <optimized out>, mutex = <optimized out>, private = <optimized out>}
2024-07-12 20:32:58 -          s = <optimized out>
2024-07-12 20:32:58 -  #2  __pthread_cond_timedwait (cond=cond@entry=0x5555557e3d90 <Scheduler::getInstance()::scheduler+144>, mutex=mutex@entry=0x5555557e3d68 <Scheduler::getInstance()::scheduler+104>, abstime=abstime@entry=0x7fff7fffee50) at pthread_cond_wait.c:656
2024-07-12 20:32:58 -          flags = <optimized out>
2024-07-12 20:32:58 -          clockid = 2147478864
2024-07-12 20:32:58 -  #3  0x0000555555717bbf in boost::posix::pthread_cond_timedwait (t=0x7fff7fffee50, m=0x5555557e3d68 <Scheduler::getInstance()::scheduler+104>, c=0x5555557e3d90 <Scheduler::getInstance()::scheduler+144>) at /usr/include/boost/thread/pthread/pthread_helpers.hpp:123
2024-07-12 20:32:58 -          ret = <optimized out>
2024-07-12 20:32:58 -          ret = <optimized out>
2024-07-12 20:32:58 -  #4  boost::condition_variable::do_wait_until (timeout=..., m=..., this=0x5555557e3d68 <Scheduler::getInstance()::scheduler+104>) at /usr/include/boost/thread/pthread/condition_variable.hpp:122
2024-07-12 20:32:58 -          guard = {m = 0x7fff7fffee30}
2024-07-12 20:32:58 -          check_for_interruption = {thread_info = 0x7fffeab8f270, m = 0x5555557e3d68 <Scheduler::getInstance()::scheduler+104>, set = true, done = false}
2024-07-12 20:32:58 -          the_mutex = 0x5555557e3d68 <Scheduler::getInstance()::scheduler+104>
2024-07-12 20:32:58 -          cond_res = <optimized out>
2024-07-12 20:32:58 -          cond_res = <optimized out>
2024-07-12 20:32:58 -          guard = {m = <optimized out>}
2024-07-12 20:32:58 -          check_for_interruption = {thread_info = <optimized out>, m = <optimized out>, set = <optimized out>, done = <optimized out>}
2024-07-12 20:32:58 -          the_mutex = <optimized out>
2024-07-12 20:32:58 -  #5  boost::condition_variable::timed_wait (abs_time=..., m=..., this=0x5555557e3d68 <Scheduler::getInstance()::scheduler+104>) at /usr/include/boost/thread/pthread/condition_variable_fwd.hpp:116
2024-07-12 20:32:59 -          ts = {dur = {ts_val = {tv_sec = <optimized out>, tv_nsec = <optimized out>}}}
2024-07-12 20:32:59 -          d = {ts_val = {tv_sec = <optimized out>, tv_nsec = <optimized out>}}
2024-07-12 20:32:59 -          ts = {dur = {ts_val = {tv_sec = <optimized out>, tv_nsec = <optimized out>}}}
2024-07-12 20:32:59 -          d = {ts_val = {tv_sec = <optimized out>, tv_nsec = <optimized out>}}
2024-07-12 20:32:59 -  #6  Scheduler::schedulerThread (p=0x5555557e3d00 <Scheduler::getInstance()::scheduler>) at scheduler.cpp:52
2024-07-12 20:32:59 -          task = 0x0
2024-07-12 20:32:59 -          run = false
2024-07-12 20:32:59 -          ret = false
2024-07-12 20:32:59 -          scheduler = 0x5555557e3d00 <Scheduler::getInstance()::scheduler>
2024-07-12 20:32:59 -          eventLockUnique = {m = 0x5555557e3d40 <Scheduler::getInstance()::scheduler+64>, is_locked = false}
2024-07-12 20:32:59 -  #7  0x0000555555718a06 in boost::_bi::list1<boost::_bi::value<void*> >::operator()<void (*)(void*), boost::_bi::list0> (a=<synthetic pointer>..., f=<optimized out>, this=<optimized out>) at /usr/include/boost/bind/bind.hpp:259
2024-07-12 20:32:59 -  No locals.
2024-07-12 20:32:59 -  #8  boost::_bi::bind_t<void, void (*)(void*), boost::_bi::list1<boost::_bi::value<void*> > >::operator() (this=<optimized out>) at /usr/include/boost/bind/bind.hpp:1294
2024-07-12 20:32:59 -          a = {<No data fields>}
2024-07-12 20:32:59 -  #9  boost::detail::thread_data<boost::_bi::bind_t<void, void (*)(void*), boost::_bi::list1<boost::_bi::value<void*> > > >::run (this=<optimized out>) at /usr/include/boost/thread/detail/thread.hpp:120
2024-07-12 20:32:59 -  No locals.
2024-07-12 20:32:59 -  #10 0x00007ffff7bb7787 in ?? () from /lib/x86_64-linux-gnu/libboost_thread.so.1.74.0
2024-07-12 20:32:59 -  No symbol table info available.
2024-07-12 20:32:59 -  #11 0x00007ffff7b91ea7 in start_thread (arg=<optimized out>) at pthread_create.c:477
2024-07-12 20:32:59 -          ret = <optimized out>
2024-07-12 20:32:59 -          pd = <optimized out>
2024-07-12 20:32:59 -          unwind_buf = {cancel_jmp_buf = {{jmp_buf = {140735340869376, -7351770629166712495, 140737306567950, 140737306567951, 140735340867520, 8396800, 7352052104659089745, 7351753529847200081}, mask_was_saved = 0}}, priv = {pad = {0x0, 0x0, 0x0, 0x0}, data = {prev = 0x0, cleanup = 0x0, canceltype = 0}}}
2024-07-12 20:32:59 -          not_first_call = 0
2024-07-12 20:32:59 -  #12 0x00007ffff7786a6f in clone () at ../sysdeps/unix/sysv/linux/x86_64/clone.S:95
2024-07-12 20:32:59 -  No locals.
2024-07-12 20:32:59 -  
2024-07-12 20:32:59 -  Thread 2 (Thread 0x7ffff52a3700 (LWP 36582) "theforgottenser"):
2024-07-12 20:32:59 -  #0  futex_wait_cancelable (private=0, expected=0, futex_word=0x5555557e3fa4 <Dispatcher::getInstance()::dispatcher+132>) at ../sysdeps/nptl/futex-internal.h:186
2024-07-12 20:32:59 -          __ret = -512
2024-07-12 20:32:59 -          oldtype = 0
2024-07-12 20:32:59 -          err = <optimized out>
2024-07-12 20:32:59 -          oldtype = <optimized out>
2024-07-12 20:32:59 -          err = <optimized out>
2024-07-12 20:32:59 -          __ret = <optimized out>
2024-07-12 20:32:59 -          resultvar = <optimized out>
2024-07-12 20:32:59 -          __arg4 = <optimized out>
2024-07-12 20:32:59 -          __arg3 = <optimized out>
2024-07-12 20:32:59 -          __arg2 = <optimized out>
2024-07-12 20:32:59 -          __arg1 = <optimized out>
2024-07-12 20:32:59 -          _a4 = <optimized out>
2024-07-12 20:32:59 -          _a3 = <optimized out>
2024-07-12 20:32:59 -          _a2 = <optimized out>
2024-07-12 20:32:59 -          _a1 = <optimized out>
2024-07-12 20:32:59 -  #1  __pthread_cond_wait_common (abstime=0x0, clockid=0, mutex=0x5555557e3f50 <Dispatcher::getInstance()::dispatcher+48>, cond=0x5555557e3f78 <Dispatcher::getInstance()::dispatcher+88>) at pthread_cond_wait.c:508
2024-07-12 20:32:59 -          spin = 0
2024-07-12 20:32:59 -          buffer = {__routine = 0x7ffff7b98540 <__condvar_cleanup_waiting>, __arg = 0x7ffff52a2d10, __canceltype = -670093488, __prev = 0x0}
2024-07-12 20:32:59 -          cbuffer = {wseq = 2160971, cond = 0x5555557e3f78 <Dispatcher::getInstance()::dispatcher+88>, mutex = 0x5555557e3f50 <Dispatcher::getInstance()::dispatcher+48>, private = 0}
2024-07-12 20:32:59 -          err = <optimized out>
2024-07-12 20:32:59 -          g = 4113181936
2024-07-12 20:32:59 -          flags = <optimized out>
2024-07-12 20:32:59 -          g1_start = <optimized out>
2024-07-12 20:32:59 -          maxspin = 0
2024-07-12 20:32:59 -          signals = <optimized out>
2024-07-12 20:32:59 -          result = 0
2024-07-12 20:32:59 -          wseq = 2160971
2024-07-12 20:32:59 -          seq = 1080485
2024-07-12 20:32:59 -          private = 0
2024-07-12 20:32:59 -          maxspin = <optimized out>
2024-07-12 20:32:59 -          err = <optimized out>
2024-07-12 20:32:59 -          result = <optimized out>
2024-07-12 20:32:59 -          wseq = <optimized out>
2024-07-12 20:32:59 -          g = <optimized out>
2024-07-12 20:32:59 -          seq = <optimized out>
2024-07-12 20:32:59 -          flags = <optimized out>
2024-07-12 20:32:59 -          private = <optimized out>
2024-07-12 20:32:59 -          signals = <optimized out>
2024-07-12 20:32:59 -          done = <optimized out>
2024-07-12 20:32:59 -          g1_start = <optimized out>
2024-07-12 20:32:59 -          spin = <optimized out>
2024-07-12 20:32:59 -          buffer = {__routine = <optimized out>, __arg = <optimized out>, __canceltype = <optimized out>, __prev = <optimized out>}
2024-07-12 20:32:59 -          cbuffer = {wseq = <optimized out>, cond = <optimized out>, mutex = <optimized out>, private = <optimized out>}
2024-07-12 20:32:59 -          s = <optimized out>
2024-07-12 20:32:59 -  #2  __pthread_cond_wait (cond=cond@entry=0x5555557e3f78 <Dispatcher::getInstance()::dispatcher+88>, mutex=mutex@entry=0x5555557e3f50 <Dispatcher::getInstance()::dispatcher+48>) at pthread_cond_wait.c:638
2024-07-12 20:32:59 -  No locals.
2024-07-12 20:32:59 -  #3  0x00005555556baaf0 in boost::posix::pthread_cond_wait (m=<optimized out>, c=<optimized out>) at /usr/include/boost/thread/pthread/pthread_helpers.hpp:112
2024-07-12 20:32:59 -          ret = <optimized out>
2024-07-12 20:32:59 -  #4  boost::condition_variable::wait (this=0x5555557e3f50 <Dispatcher::getInstance()::dispatcher+48>, m=...) at /usr/include/boost/thread/pthread/condition_variable.hpp:79
2024-07-12 20:32:59 -          guard = {m = <optimized out>}
2024-07-12 20:32:59 -          check_for_interruption = {thread_info = 0x555555812fc0, m = 0x5555557e3f50 <Dispatcher::getInstance()::dispatcher+48>, set = true, done = false}
2024-07-12 20:32:59 -          the_mutex = 0x5555557e3f50 <Dispatcher::getInstance()::dispatcher+48>
2024-07-12 20:32:59 -          res = 0
2024-07-12 20:32:59 -  #5  0x000055555573ca92 in Dispatcher::dispatcherThread (p=0x5555557e3f20 <Dispatcher::getInstance()::dispatcher>) at tasks.cpp:54
2024-07-12 20:32:59 -          task = 0x0
2024-07-12 20:32:59 -          dispatcher = 0x5555557e3f20 <Dispatcher::getInstance()::dispatcher>
2024-07-12 20:32:59 -          outputPool = <optimized out>
2024-07-12 20:32:59 -          taskLockUnique = {m = 0x5555557e3f28 <Dispatcher::getInstance()::dispatcher+8>, is_locked = false}
2024-07-12 20:32:59 -  #6  0x0000555555718a06 in boost::_bi::list1<boost::_bi::value<void*> >::operator()<void (*)(void*), boost::_bi::list0> (a=<synthetic pointer>..., f=<optimized out>, this=<optimized out>) at /usr/include/boost/bind/bind.hpp:259
2024-07-12 20:32:59 -  No locals.
2024-07-12 20:32:59 -  #7  boost::_bi::bind_t<void, void (*)(void*), boost::_bi::list1<boost::_bi::value<void*> > >::operator() (this=<optimized out>) at /usr/include/boost/bind/bind.hpp:1294
2024-07-12 20:32:59 -          a = {<No data fields>}
2024-07-12 20:32:59 -  #8  boost::detail::thread_data<boost::_bi::bind_t<void, void (*)(void*), boost::_bi::list1<boost::_bi::value<void*> > > >::run (this=<optimized out>) at /usr/include/boost/thread/detail/thread.hpp:120
2024-07-12 20:32:59 -  No locals.
2024-07-12 20:32:59 -  #9  0x00007ffff7bb7787 in ?? () from /lib/x86_64-linux-gnu/libboost_thread.so.1.74.0
2024-07-12 20:32:59 -  No symbol table info available.
2024-07-12 20:32:59 -  #10 0x00007ffff7b91ea7 in start_thread (arg=<optimized out>) at pthread_create.c:477
2024-07-12 20:32:59 -          ret = <optimized out>
2024-07-12 20:32:59 -          pd = <optimized out>
2024-07-12 20:32:59 -          unwind_buf = {cancel_jmp_buf = {{jmp_buf = {140737306572544, -7351770629166712495, 140737488347774, 140737488347775, 140737306570688, 8396800, 7351750101886187857, 7351753529847200081}, mask_was_saved = 0}}, priv = {pad = {0x0, 0x0, 0x0, 0x0}, data = {prev = 0x0, cleanup = 0x0, canceltype = 0}}}
2024-07-12 20:32:59 -          not_first_call = 0
2024-07-12 20:32:59 -  #11 0x00007ffff7786a6f in clone () at ../sysdeps/unix/sysv/linux/x86_64/clone.S:95
2024-07-12 20:32:59 -  No locals.
2024-07-12 20:32:59 -  
2024-07-12 20:32:59 -  Thread 1 (Thread 0x7ffff52a9b80 (LWP 36578) "theforgottenser"):
2024-07-12 20:32:59 -  #0  0x00007ffff7786d96 in epoll_wait (epfd=4, events=events@entry=0x7fffffffdc50, maxevents=maxevents@entry=128, timeout=timeout@entry=-1) at ../sysdeps/unix/sysv/linux/epoll_wait.c:30
2024-07-12 20:32:59 -  No locals.
2024-07-12 20:32:59 -  #1  0x00005555555ae6ed in boost::asio::detail::epoll_reactor::run (this=0x555555812ee0, usec=usec@entry=-1, ops=...) at /usr/include/boost/asio/detail/impl/epoll_reactor.ipp:471
2024-07-12 20:32:59 -          timeout = -1
2024-07-12 20:32:59 -          events = {{events = 1, data = {ptr = 0x555555812f48, fd = 1434529608, u32 = 1434529608, u64 = 93824995110728}}, {events = 0, data = {ptr = 0x55555558d3ac <boost::date_time::c_time::gmtime(long const*, tm*)>, fd = 1431884716, u32 = 1431884716, u64 = 93824992465836}}, {events = 1431883221, data = {ptr = 0x557e3f2000005555, fd = 21845, u32 = 21845, u64 = 6160430746960942421}}, {events = 21845, data = {ptr = 0x7fffffffdf00, fd = -8448, u32 = 4294958848, u64 = 140737488346880}}, {events = 1, data = {ptr = 0xf774324d00000000, fd = 0, u32 = 0, u64 = 17830932130960506880}}, {events = 32767, data = {ptr = 0x2000000039, fd = 57, u32 = 57, u64 = 137438953529}}, {events = 4294958336, data = {ptr = 0xffffdcb000007fff, fd = 32767, u32 = 32767, u64 = 18446705247205228543}}, {events = 32767, data = {ptr = 0x9, fd = 9, u32 = 9, u64 = 9}}, {events = 1752457549, data = {ptr = 0xffff00687a737565, fd = 2054387045, u32 = 2054387045, u64 = 18446463047463826789}}, {events = 32767, data = {ptr = 0x7fffffffdcd0, fd = -9008, u32 = 4294958288, u64 = 140737488346320}}, {events = 11, data = {ptr = 0x6378617a00000000, fd = 0, u32 = 0, u64 = 7167585983574048768}}, {events = 926495097, data = {ptr = 0x313135, fd = 3223861, u32 = 3223861, u64 = 3223861}}, {events = 0, data = {ptr = 0xffffdd5000000000, fd = 0, u32 = 0, u64 = 18446705934399963136}}, {events = 32767, data = {ptr = 0x7fffffffddd0, fd = -8752, u32 = 4294958544, u64 = 140737488346576}}, {events = 1434517608, data = {ptr = 0x556ff86a00000000, fd = 0, u32 = 0, u64 = 6156412349788979200}}, {events = 21845, data = {ptr = 0x7fffffffddd0, fd = -8752, u32 = 4294958544, u64 = 140737488346576}}, {events = 0, data = {ptr = 0xf7b9c32700000000, fd = 0, u32 = 0, u64 = 17850513170330812416}}, {events = 32767, data = {ptr = 0xffffffffffffffff, fd = -1, u32 = 4294967295, u64 = 18446744073709551615}}, {events = 1435722192, data = {ptr = 0x200005555, fd = 21845, u32 = 21845, u64 = 8589956437}}, {events = 0, data = {ptr = 0xf774324d, fd = -143379891, u32 = 4151587405, u64 = 4151587405}}, {events = 1435315216, data = {ptr = 0x555ae38e00005555, fd = 21845, u32 = 21845, u64 = 6150478440152716629}}, {events = 21845, data = {ptr = 0x555555887f18, fd = 1435008792, u32 = 1435008792, u64 = 93824995589912}}, {events = 11, data = {ptr = 0x73af101ed3b43, fd = 32324419, u32 = 32324419, u64 = 2035131630828355}}, {events = 0, data = {ptr = 0x55555558d3ac <boost::date_time::c_time::gmtime(long const*, tm*)>, fd = 1431884716, u32 = 1431884716, u64 = 93824992465836}}, {events = 11, data = {ptr = 0x557d557000000001, fd = 1, u32 = 1, u64 = 6160173804837404673}}, {events = 21845, data = {ptr = 0x7fffffffde60, fd = -8608, u32 = 4294958688, u64 = 140737488346720}}, {events = 0, data = {ptr = 0x558d2c1000000000, fd = 0, u32 = 0, u64 = 6164631912171175936}}, {events = 21845, data = {ptr = 0x555555887f00, fd = 1435008768, u32 = 1435008768, u64 = 93824995589888}}, {events = 1434529504, data = {ptr = 0x5555, fd = 21845, u32 = 21845, u64 = 21845}}, {events = 0, data = {ptr = 0x1, fd = 1, u32 = 1, u64 = 1}}, {events = 1432023589, data = {ptr = 0x559361d000005555, fd = 21845, u32 = 21845, u64 = 6166379860781454677}}, {events = 21845, data = {ptr = 0xbf774324d, fd = -143379891, u32 = 4151587405, u64 = 51396227661}}, {events = 57, data = {ptr = 0x1700000020, fd = 32, u32 = 32, u64 = 98784247840}}, {events = 12, data = {ptr = 0x555555813298, fd = 1434530456, u32 = 1434530456, u64 = 93824995111576}}, {events = 1, data = {ptr = 0xc1, fd = 193, u32 = 193, u64 = 193}}, {events = 0, data = {ptr = 0x555555887f00, fd = 1435008768, u32 = 1435008768, u64 = 93824995589888}}, {events = 4294958848, data = {ptr = 0x200007fff, fd = 32767, u32 = 32767, u64 = 8589967359}}, {events = 0, data = {ptr = 0x2, fd = 2, u32 = 2, u64 = 2}}, {events = 3501310096, data = {ptr = 0x559361d000007fff, fd = 32767, u32 = 32767, u64 = 6166379860781465599}}, {events = 21845, data = {ptr = 0x5555555b52c6 <boost::asio::detail::start_read_buffer_sequence_op<boost::asio::basic_stream_socket<boost::asio::ip::tcp, boost::asio::execution::any_executor<boost::asio::execution::context_as_t<boost::asio::execution_context&>, boost::asio::execution::detail::blocking::never_t<0>, boost::asio::execution::prefer_only<boost::asio::execution::detail::blocking::possibly_t<0> >, boost::asio::execution::prefer_only<boost::asio::execution::detail::outstanding_work::tracked_t<0> >, boost::asio::execution::prefer_only<boost::asio::execution::detail::outstanding_work::untracked_t<0> >, boost::asio::execution::prefer_only<boost::asio::execution::detail::relationship::fork_t<0> >, boost::asio::execution::prefer_only<boost::asio::execution::detail::relationship::continuation_t<0> > > >, boost::asio::mutable_buffers_1, boost::asio::mutable_buffer const*, boost::asio::detail::transfer_all_t, boost::_bi::bind_t<void, boost::_mfi::mf1<void, Connection, boost::system::error_code const&>, boost::_bi::list2<boost::_bi::value<boost::shared_ptr<Connection> >, boost::arg<1> (*)()> > >(boost::asio::basic_stream_socket<boost::asio::ip::tcp, boost::asio::execution::any_executor<boost::asio::execution::context_as_t<boost::asio::execution_context&>, boost::asio::execution::detail::blocking::never_t<0>, boost::asio::execution::prefer_only<boost::asio::execution::detail::blocking::possibly_t<0> >, boost::asio::execution::prefer_only<boost::asio::execution::detail::outstanding_work::tracked_t<0> >, boost::asio::execution::prefer_only<boost::asio::execution::detail::outstanding_work::untracked_t<0> >, boost::asio::execution::prefer_only<boost::asio::execution::detail::relationship::fork_t<0> >, boost::asio::execution::prefer_only<boost::asio::execution::detail::relationship::continuation_t<0> > > >&, boost::asio::mutable_buffers_1 const&, boost::asio::mutable_buffer const* const&, boost::asio::detail::transfer_all_t&, boost::_bi::bind_t<void, boost::_mfi::mf1<void, Connection, boost::system::error_code const&>, boost::_bi::list2<boost::_bi::value<boost::shared_ptr<Connection> >, boost::arg<1> (*)()> >&)+675>, fd = 1432048326, u32 = 1432048326, u64 = 93824992629446}}, {events = 1, data = {ptr = 0x555b51df00000000, fd = 0, u32 = 0, u64 = 6150599734324101120}}, {events = 21845, data = {ptr = 0x5555558d2c20, fd = 1435315232, u32 = 1435315232, u64 = 93824995896352}}, {events = 1435315200, data = {ptr = 0x9b59048000005555, fd = 21845, u32 = 21845, u64 = 11193983296608425301}}, {events = 32767, data = {ptr = 0x5555555b26e9 <boost::asio::detail::timer_queue<boost::asio::time_traits<boost::posix_time::ptime> >::wait_duration_usec(long) const+53>, fd = 1432037097, u32 = 1432037097, u64 = 93824992618217}}, {events = 1435747096, data = {ptr = 0x555b38f700005555, fd = 21845, u32 = 21845, u64 = 6150572349612643669}}, {events = 21845, data = {ptr = 0x555555887f00, fd = 1435008768, u32 = 1435008768, u64 = 93824995589888}}, {events = 1434529416, data = {ptr = 0x558d2c0000005555, fd = 21845, u32 = 21845, u64 = 6164631843451721045}}, {events = 21845, data = {ptr = 0x7fff9b590480, fd = -1688664960, u32 = 2606302336, u64 = 140735799690368}}, {events = 1434529120, data = {ptr = 0x555b203f00005555, fd = 21845, u32 = 21845, u64 = 6150545171059594581}}, {events = 21845, data = {ptr = 0x0, fd = 0, u32 = 0, u64 = 0}}, {events = 1434337188, data = {ptr = 0x55812ee000005555, fd = 21845, u32 = 21845, u64 = 6161257304827123029}}, {events = 21845, data = {ptr = 0x5555555afd9a <boost::recursive_mutex::unlock()+12>, fd = 1432026522, u32 = 1432026522, u64 = 93824992607642}}, {events = 1435722160, data = {ptr = 0x555a895b00005555, fd = 21845, u32 = 21845, u64 = 6150379265062884693}}, {events = 21845, data = {ptr = 0x55555593c318, fd = 1435747096, u32 = 1435747096, u64 = 93824996328216}}, {events = 1435746561, data = {ptr = 0xffffe0c000005555, fd = 21845, u32 = 21845, u64 = 18446709713971205461}}, {events = 32767, data = {ptr = 0x7fffffffe1c8, fd = -7736, u32 = 4294959560, u64 = 140737488347592}}, {events = 1435747096, data = {ptr = 0x5593c1f800005555, fd = 21845, u32 = 21845, u64 = 6166485585696413013}}, {events = 21845, data = {ptr = 0x0, fd = 0, u32 = 0, u64 = 0}}, {events = 1432040230, data = {ptr = 0x5555, fd = 21845, u32 = 21845, u64 = 21845}}, {events = 21760, data = {ptr = 0x5555555afd9a <boost::recursive_mutex::unlock()+12>, fd = 1432026522, u32 = 1432026522, u64 = 93824992607642}}, {events = 1435722160, data = {ptr = 0x555aa1cb00005555, fd = 21845, u32 = 21845, u64 = 6150406134378288469}}, {events = 21845, data = {ptr = 0x5555558d2c00, fd = 1435315200, u32 = 1435315200, u64 = 93824995896320}}, {events = 1435747096, data = {ptr = 0x558d2c0000005555, fd = 21845, u32 = 21845, u64 = 6164631843451721045}}, {events = 21845, data = {ptr = 0x7ffff770fcfa <_int_malloc+2858>, fd = -143590150, u32 = 4151377146, u64 = 140737344765178}}, {events = 1435722160, data = {ptr = 0xf7859be000005555, fd = 21845, u32 = 21845, u64 = 17835833285645718869}}, {events = 32767, data = {ptr = 0x1, fd = 1, u32 = 1, u64 = 1}}, {events = 4151377146, data = {ptr = 0x3000007fff, fd = 32767, u32 = 32767, u64 = 206158462975}}, {events = 0, data = {ptr = 0x20, fd = 32, u32 = 32, u64 = 32}}, {events = 3, data = {ptr = 0x555a809400000000, fd = 0, u32 = 0, u64 = 6150369614271348736}}, {events = 21845, data = {ptr = 0x30, fd = 48, u32 = 48, u64 = 48}}, {events = 0, data = {ptr = 0x1800000000, fd = 0, u32 = 0, u64 = 103079215104}}, {events = 0, data = {ptr = 0x5555557e3f20 <Dispatcher::getInstance()::dispatcher>, fd = 1434337056, u32 = 1434337056, u64 = 93824994918176}}, {events = 1, data = {ptr = 0xf7a630b500000000, fd = 0, u32 = 0, u64 = 17845004127449382912}}, {events = 32767, data = {ptr = 0x5555557e3f28 <Dispatcher::getInstance()::dispatcher+8>, fd = 1434337064, u32 = 1434337064, u64 = 93824994918184}}, {events = 1433651067, data = {ptr = 0x5555, fd = 21845, u32 = 21845, u64 = 21845}}, {events = 0, data = {ptr = 0x5555558e2090, fd = 1435377808, u32 = 1435377808, u64 = 93824995958928}}, {events = 32, data = {ptr = 0xf7859b8000000000, fd = 0, u32 = 0, u64 = 17835832873328836608}}, {events = 32767, data = {ptr = 0x555555812e10, fd = 1434529296, u32 = 1434529296, u64 = 93824995110416}}, {events = 2037461504, data = {ptr = 0xe2ed3b43, fd = -487769277, u32 = 3807198019, u64 = 3807198019}}, {events = 0, data = {ptr = 0x7fffffffe180, fd = -7808, u32 = 4294959488, u64 = 140737488347520}}, {events = 4294959296, data = {ptr = 0xffffe31000007fff, fd = 32767, u32 = 32767, u64 = 18446712256591855615}}, {events = 32767, data = {ptr = 0x555555812e10, fd = 1434529296, u32 = 1434529296, u64 = 93824995110416}}, {events = 4294959936, data = {ptr = 0x7fff, fd = 32767, u32 = 32767, u64 = 32767}}, {events = 0, data = {ptr = 0x5555555b4da7 <boost::asio::detail::read_op<boost::asio::basic_stream_socket<boost::asio::ip::tcp, boost::asio::execution::any_executor<boost::asio::execution::context_as_t<boost::asio::execution_context&>, boost::asio::execution::detail::blocking::never_t<0>, boost::asio::execution::prefer_only<boost::asio::execution::detail::blocking::possibly_t<0> >, boost::asio::execution::prefer_only<boost::asio::execution::detail::outstanding_work::tracked_t<0> >, boost::asio::execution::prefer_only<boost::asio::execution::detail::outstanding_work::untracked_t<0> >, boost::asio::execution::prefer_only<boost::asio::execution::detail::relationship::fork_t<0> >, boost::asio::execution::prefer_only<boost::asio::execution::detail::relationship::continuation_t<0> > > >, boost::asio::mutable_buffers_1, boost::asio::mutable_buffer const*, boost::asio::detail::transfer_all_t, boost::_bi::bind_t<void, boost::_mfi::mf1<void, Connection, boost::system::error_code const&>, boost::_bi::list2<boost::_bi::value<boost::shared_ptr<Connection> >, boost::arg<1> (*)()> > >::operator()(boost::system::error_code const&, unsigned long, int)+95>, fd = 1432047015, u32 = 1432047015, u64 = 93824992628135}}, {events = 1434529296, data = {ptr = 0x7971320000005555, fd = 21845, u32 = 21845, u64 = 8750830526538995029}}, {events = 3807198019, data = {ptr = 0x5555557e3fe0 <OutputMessagePool::getInstance()::instance>, fd = 1434337248, u32 = 1434337248, u64 = 93824994918368}}, {events = 3936639984, data = {ptr = 0x55812d6000007fff, fd = 32767, u32 = 32767, u64 = 6161255655559692287}}, {events = 21845, data = {ptr = 0x7fffffffe310, fd = -7408, u32 = 4294959888, u64 = 140737488347920}}, {events = 1434529296, data = {ptr = 0xffffe34000005555, fd = 21845, u32 = 21845, u64 = 18446712462750274901}}, {events = 32767, data = {ptr = 0x0, fd = 0, u32 = 0, u64 = 0}}, {events = 2037461504, data = {ptr = 0x55812d60e2ed3b43, fd = -487769277, u32 = 3807198019, u64 = 6161255659366857539}}, {events = 21845, data = {ptr = 0x555555887f00, fd = 1435008768, u32 = 1435008768, u64 = 93824995589888}}, {events = 4294959888, data = {ptr = 0x55812e1000007fff, fd = 32767, u32 = 32767, u64 = 6161256411473936383}}, {events = 21845, data = {ptr = 0x7fffffffe340, fd = -7360, u32 = 4294959936, u64 = 140737488347968}}, {events = 0, data = {ptr = 0x55812d6000000000, fd = 0, u32 = 0, u64 = 6161255655559659520}}, {events = 21845, data = {ptr = 0xe2ed3b4379713200, fd = 2037461504, u32 = 2037461504, u64 = 16351790983038448128}}, {events = 0, data = {ptr = 0x9b5904808000001b, fd = -2147483621, u32 = 2147483675, u64 = 11193983298755887131}}, {events = 32767, data = {ptr = 0x555555812d60, fd = 1434529120, u32 = 1434529120, u64 = 93824995110240}}, {events = 1431996939, data = {ptr = 0x55812e1000005555, fd = 21845, u32 = 21845, u64 = 6161256411473925461}}, {events = 21845, data = {ptr = 0x7fff9b590480, fd = -1688664960, u32 = 2606302336, u64 = 140735799690368}}, {events = 1434529120, data = {ptr = 0x555b5edf00005555, fd = 21845, u32 = 21845, u64 = 6150614027975284053}}, {events = 21845, data = {ptr = 0xb, fd = 11, u32 = 11, u64 = 11}}, {events = 1433537090, data = {ptr = 0x555b37b300005555, fd = 21845, u32 = 21845, u64 = 6150570958043239765}}, {events = 21845, data = {ptr = 0x5571ec80, fd = 1433529472, u32 = 1433529472, u64 = 1433529472}}, {events = 0, data = {ptr = 0xf7b9c32700000000, fd = 0, u32 = 0, u64 = 17850513170330812416}}, {events = 32767, data = {ptr = 0x2, fd = 2, u32 = 2, u64 = 2}}, {events = 2037461504, data = {ptr = 0x557e4120e2ed3b43, fd = -487769277, u32 = 3807198019, u64 = 6160432949791374147}}, {events = 21845, data = {ptr = 0x5555559361b0, fd = 1435722160, u32 = 1435722160, u64 = 93824996303280}}, {events = 1435747096, data = {ptr = 0x558d2c0000005555, fd = 21845, u32 = 21845, u64 = 6164631843451721045}}, {events = 21845, data = {ptr = 0x0, fd = 0, u32 = 0, u64 = 0}}, {events = 2037461504, data = {ptr = 0xe2ed3b43, fd = -487769277, u32 = 3807198019, u64 = 3807198019}}, {events = 0, data = {ptr = 0x5555558db940, fd = 1435351360, u32 = 1435351360, u64 = 93824995932480}}, {events = 4294959632, data = {ptr = 0x558d2c0000007fff, fd = 32767, u32 = 32767, u64 = 6164631843451731967}}, {events = 21845, data = {ptr = 0x0, fd = 0, u32 = 0, u64 = 0}}, {events = 4294959936, data = {ptr = 0x7fff, fd = 32767, u32 = 32767, u64 = 32767}}, {events = 0, data = {ptr = 0x5555555abf48 <boost::detail::sp_counted_impl_p<Connection>::~sp_counted_impl_p()+14>, fd = 1432010568, u32 = 1432010568, u64 = 93824992591688}}, {events = 4294959632, data = {ptr = 0x5558529800007fff, fd = 32767, u32 = 32767, u64 = 6149756103962951679}}, {events = 21845, data = {ptr = 0x5555559361b0, fd = 1435722160, u32 = 1435722160, u64 = 93824996303280}}, {events = 1431854670, data = {ptr = 0x559361b000005555, fd = 21845, u32 = 21845, u64 = 6166379723342501205}}, {events = 21845, data = {ptr = 0x5555555a92da <Connection::onStop()+1238>, fd = 1431999194, u32 = 1431999194, u64 = 93824992580314}}, {events = 1434282048, data = {ptr = 0x557d668000005555, fd = 21845, u32 = 21845, u64 = 6160192565254575445}}, {events = 21845, data = {ptr = 0x7fffffffe1a0, fd = -7776, u32 = 4294959520, u64 = 140737488347552}}, {events = 2037461504, data = {ptr = 0x559361b0e2ed3b43, fd = -487769277, u32 = 3807198019, u64 = 6166379727149677379}}, {events = 21845, data = {ptr = 0x5555558db940, fd = 1435351360, u32 = 1435351360, u64 = 93824995932480}}, {events = 1434529120, data = {ptr = 0x559361b000005555, fd = 21845, u32 = 21845, u64 = 6166379723342501205}}, {events = 21845, data = {ptr = 0x5555555a8e04 <Connection::onStop()>, fd = 1431997956, u32 = 1431997956, u64 = 93824992579076}}, {events = 0, data = {ptr = 0xffffe34000000000, fd = 0, u32 = 0, u64 = 18446712462750253056}}, {events = 32767, data = {ptr = 0x5555555ac732 <boost::asio::detail::completion_handler<boost::_bi::bind_t<void, boost::_mfi::mf0<void, Connection>, boost::_bi::list1<boost::_bi::value<Connection*> > >, boost::asio::io_context::basic_executor_type<std::allocator<void>, 0u> >::do_complete(void*, boost::asio::detail::scheduler_operation*, boost::system::error_code const&, unsigned long)+89>, fd = 1432012594, u32 = 1432012594, u64 = 93824992593714}}}
2024-07-12 20:32:59 -          num_events = <optimized out>
2024-07-12 20:32:59 -          check_timers = <optimized out>
2024-07-12 20:32:59 -  #2  0x00005555555af480 in boost::asio::detail::scheduler::do_run_one (this=this@entry=0x555555812d60, lock=..., this_thread=..., ec=...) at /usr/include/boost/asio/detail/impl/scheduler.ipp:465
2024-07-12 20:32:59 -          on_exit = {scheduler_ = 0x555555812d60, lock_ = 0x7fffffffe310, this_thread_ = 0x7fffffffe340}
2024-07-12 20:32:59 -          o = <optimized out>
2024-07-12 20:32:59 -          more_handlers = false
2024-07-12 20:32:59 -  #3  0x00005555555b09cd in boost::asio::detail::scheduler::run (this=0x555555812d60, ec=...) at /usr/include/boost/asio/detail/impl/scheduler.ipp:204
2024-07-12 20:32:59 -          this_thread = {<boost::asio::detail::thread_info_base> = {<boost::asio::detail::noncopyable> = {<No data fields>}, reusable_memory_ = {0x7fffd9b295c0, 0x0, 0x0}, has_pending_exception_ = 0, pending_exception_ = {_M_exception_object = 0x0}}, private_op_queue = {<boost::asio::detail::noncopyable> = {<No data fields>}, front_ = 0x0, back_ = 0x0}, private_outstanding_work = 0}
2024-07-12 20:32:59 -          ctx = {<boost::asio::detail::noncopyable> = {<No data fields>}, key_ = 0x555555812d60, value_ = 0x7fffffffe340, next_ = 0x0}
2024-07-12 20:32:59 -          lock = {<boost::asio::detail::noncopyable> = {<No data fields>}, mutex_ = @0x555555812d90, locked_ = false}
2024-07-12 20:32:59 -          n = 3896781
2024-07-12 20:32:59 -  #4  0x000055555571ceb7 in boost::asio::io_context::run (this=0x7fffffffe568) at /usr/include/boost/asio/impl/io_context.ipp:63
2024-07-12 20:32:59 -          ec = {val_ = 0, failed_ = false, cat_ = 0x5555557d5570 <boost::system::detail::cat_holder<void>::system_category_instance>}
2024-07-12 20:32:59 -          s = <optimized out>
2024-07-12 20:32:59 -          ec = {val_ = <optimized out>, failed_ = <optimized out>, cat_ = <optimized out>}
2024-07-12 20:32:59 -          s = <optimized out>
2024-07-12 20:32:59 -  #5  ServiceManager::run (this=this@entry=0x7fffffffe560) at server.cpp:218
2024-07-12 20:32:59 -          __PRETTY_FUNCTION__ = "void ServiceManager::run()"
2024-07-12 20:32:59 -  #6  0x00005555556b57af in main (argc=<optimized out>, argv=<optimized out>) at otserv.cpp:358
2024-07-12 20:32:59 -          args = std::vector of length 1, capacity 1 = {"/home/servidor/theforgottenserver"}
2024-07-12 20:33:00 -          servicer = {<boost::noncopyable_::noncopyable> = {<boost::noncopyable_::base_token> = {<No data fields>}, <No data fields>}, _vptr.ServiceManager = 0x5555557d7e48 <vtable for ServiceManager+16>, m_io_service = {<boost::asio::execution_context> = {<boost::asio::detail::noncopyable> = {<No data fields>}, service_registry_ = 0x555555812d10}, impl_ = @0x555555812d60}, deathTimer = {impl_ = {service_ = 0x555555812e60, implementation_ = {<boost::asio::detail::noncopyable> = {<No data fields>}, expiry = {<boost::date_time::base_time<boost::posix_time::ptime, boost::date_time::counted_time_system<boost::date_time::counted_time_rep<boost::posix_time::millisec_posix_time_system_config> > >> = {<boost::operators_impl::less_than_comparable<boost::posix_time::ptime, boost::operators_impl::equality_comparable<boost::posix_time::ptime, boost::posix_time::ptime, boost::operators_impl::operators_detail::empty_base<boost::posix_time::ptime>, boost::operators_impl::operators_detail::false_t>, boost::operators_impl::operators_detail::empty_base<boost::posix_time::ptime>, boost::operators_impl::operators_detail::true_t>> = {<boost::operators_impl::less_than_comparable1<boost::posix_time::ptime, boost::operators_impl::equality_comparable<boost::posix_time::ptime, boost::posix_time::ptime, boost::operators_impl::operators_detail::empty_base<boost::posix_time::ptime>, boost::operators_impl::operators_detail::false_t> >> = {<boost::operators_impl::equality_comparable<boost::posix_time::ptime, boost::posix_time::ptime, boost::operators_impl::operators_detail::empty_base<boost::posix_time::ptime>, boost::operators_impl::operators_detail::false_t>> = {<boost::operators_impl::equality_comparable1<boost::posix_time::ptime, boost::operators_impl::operators_detail::empty_base<boost::posix_time::ptime> >> = {<boost::operators_impl::operators_detail::empty_base<boost::posix_time::ptime>> = {<No data fields>}, <No data fields>}, <No data fields>}, <No data fields>}, <No data fields>}, time_ = {time_count_ = {value_ = 9223372036854775806}}}, <No data fields>}, might_have_pending_waits = false, timer_data = {op_queue_ = {<boost::asio::detail::noncopyable> = {<No data fields>}, front_ = 0x0, back_ = 0x0}, heap_index_ = 18446744073709551615, next_ = 0x0, prev_ = 0x0}}, executor_ = {<boost::asio::execution::detail::any_executor_base> = {object_ = {__data = "h\345\377\377\377\177\000\000\020S}U\000\000\000", __align = {<No data fields>}}, object_fns_ = 0x5555557d6740 <boost::asio::execution::detail::any_executor_base::object_fns_table<boost::asio::io_context::basic_executor_type<std::allocator<void>, 0u> >(std::enable_if<(!std::is_same<boost::asio::io_context::basic_executor_type<std::allocator<void>, 0u>, void>::value)&&(!std::is_same<boost::asio::io_context::basic_executor_type<std::allocator<void>, 0u>, std::shared_ptr<void> >::value), void>::type*)::fns>, target_ = 0x7fffffffe5b8, target_fns_ = 0x5555557d6760 <boost::asio::execution::detail::any_executor_base::target_fns_table<boost::asio::io_context::basic_executor_type<std::allocator<void>, 0u> >(bool, std::enable_if<!std::is_same<boost::asio::io_context::basic_executor_type<std::allocator<void>, 0u>, void>::value, void>::type*)::fns_with_execute>}, <boost::asio::execution::detail::any_executor_context<boost::asio::execution::any_executor<boost::asio::execution::context_as_t<boost::asio::execution_context&>, boost::asio::execution::detail::blocking::never_t<0>, boost::asio::execution::prefer_only<boost::asio::execution::detail::blocking::possibly_t<0> >, boost::asio::execution::prefer_only<boost::asio::execution::detail::outstanding_work::tracked_t<0> >, boost::asio::execution::prefer_only<boost::asio::execution::detail::outstanding_work::untracked_t<0> >, boost::asio::execution::prefer_only<boost::asio::execution::detail::relationship::fork_t<0> >, boost::asio::execution::prefer_only<boost::asio::execution::detail::relationship::continuation_t<0> > >, boost::asio::execution::detail::supportable_properties<0, void(boost::asio::execution::context_as_t<boost::asio::execution_context&>, boost::asio::execution::detail::blocking::never_t<0>, boost::asio::execution::prefer_only<boost::asio::execution::detail::blocking::possibly_t<0> >, boost::asio::execution::prefer_only<boost::asio::execution::detail::outstanding_work::tracked_t<0> >, boost::asio::execution::prefer_only<boost::asio::execution::detail::outstanding_work::untracked_t<0> >, boost::asio::execution::prefer_only<boost::asio::execution::detail::relationship::fork_t<0> >, boost::asio::execution::prefer_only<boost::asio::execution::detail::relationship::continuation_t<0> >)>::find_context_as_property, void>> = {<No data fields>}, prop_fns_ = 0x5555557d6780 <boost::asio::execution::any_executor<boost::asio::execution::context_as_t<boost::asio::execution_context&>, boost::asio::execution::detail::blocking::never_t<0>, boost::asio::execution::prefer_only<boost::asio::execution::detail::blocking::possibly_t<0> >, boost::asio::execution::prefer_only<boost::asio::execution::detail::outstanding_work::tracked_t<0> >, boost::asio::execution::prefer_only<boost::asio::execution::detail::outstanding_work::untracked_t<0> >, boost::asio::execution::prefer_only<boost::asio::execution::detail::relationship::fork_t<0> >, boost::asio::execution::prefer_only<boost::asio::execution::detail::relationship::continuation_t<0> > >::prop_fns_table<boost::asio::io_context::basic_executor_type<std::allocator<void>, 0u> >()::fns>}}}, running = false, m_acceptors = std::map with 2 elements = {[7172] = {px = 0x7fffe8d07f50, pn = {pi_ = 0x7fffeab900d0}}, [7183] = {px = 0x7fffeab90080, pn = {pi_ = 0x7fffd0b26580}}}}
2024-07-12 20:33:00 -          sigh = {__sigaction_handler = {sa_handler = 0x1, sa_sigaction = 0x1}, sa_mask = {__val = {0 <repeats 16 times>}}, sa_flags = 0, sa_restorer = 0x4000000042}
2024-07-12 20:33:00 -          outPath = ""
2024-07-12 20:33:00 -          errPath = ""
2024-07-12 20:33:00 -  > Saving server...
2024-07-12 20:33:01 -  > SAVE: Complete in 1.192 seconds using relational house storage.
2024-07-12 20:33:01 -  A debugging session is active.
2024-07-12 20:33:01 -  
2024-07-12 20:33:01 -  	Inferior 1 [process 36578] will be killed.
2024-07-12 20:33:01 -  
2024-07-12 20:33:01 -  Quit anyway? (y or n) [answered Y; input not from terminal]
