2024-04-29 20:55:05 -  [Thread debugging using libthread_db enabled]
2024-04-29 20:55:05 -  Using host libthread_db library "/lib/x86_64-linux-gnu/libthread_db.so.1".
2024-04-29 20:55:05 -  [New Thread 0x7ffff52a3700 (LWP 40988)]
2024-04-29 20:55:05 -  otPokemon Imperium, version 0.3.6 (otPokemon Imperium.)
2024-04-29 20:55:05 -  Compiled with GNU C++ version 10.2.1 20210110 at Apr 21 2024, 02:09:11.
2024-04-29 20:55:05 -  A server developed by : GOD Vitor.
2024-04-29 20:55:05 -  otPokemon Imperium - Pokemon Tibia Online.
2024-04-29 20:55:05 -  
2024-04-29 20:55:05 -  >> Loading config (config.lua)
2024-04-29 20:55:05 -  > Using SHA1 encryption
2024-04-29 20:55:05 -  >> Loading RSA key
2024-04-29 20:55:05 -  >> Starting SQL connection
2024-04-29 20:55:05 -  >> Running Database Manager
2024-04-29 20:55:05 -  > Optimizing table: player_items... [success]
2024-04-29 20:55:06 -  > Optimizing table: player_depotitems... [success]
2024-04-29 20:55:06 -  > Optimizing table: player_storage... [success]
2024-04-29 20:55:06 -  >> Loading items
2024-04-29 20:55:06 -  >> Loading groups
2024-04-29 20:55:06 -  >> Loading vocations
2024-04-29 20:55:06 -  >> Loading script systems
2024-04-29 20:55:06 -  [Warning - TalkAction::configureEvent] Duplicate registered talkaction with words: /online
2024-04-29 20:55:06 -  >> Loading chat channels
2024-04-29 20:55:06 -  >> Loading outfits
2024-04-29 20:55:06 -  >> Loading experience stages
2024-04-29 20:55:06 -  >> Loading monsters
2024-04-29 20:55:06 -  >> Loading mods...
2024-04-29 20:55:06 -  > Loading firstitems.xml... done.
2024-04-29 20:55:06 -  > 1 mods were loaded.
2024-04-29 20:55:06 -  >> Loading map and spawns...
2024-04-29 20:55:07 -  > Map size: 2501x4119.
2024-04-29 20:55:07 -  > Map descriptions: 
2024-04-29 20:55:07 -  "Saved with OTAcademy Map Editor 4.1.1"
2024-04-29 20:55:07 -  "Poke Sapphire
2024-04-29 20:55:07 -  Thalles and Bianca
2024-04-29 20:55:07 -  
2024-04-29 20:55:07 -  Map by [GM] Bob Dylan"
2024-04-29 20:55:11 -  [Warning - IOMap::loadMap] Movable item in house: 187, item type: 2080, pos 1174/1007/7
2024-04-29 20:55:16 -  [Warning - IOMap::loadMap] Movable item in house: 187, item type: 38041, pos 1175/1028/7
2024-04-29 20:55:16 -  [Warning - IOMap::loadMap] Movable item in house: 162, item type: 38041, pos 1202/1041/7
2024-04-29 20:55:33 -  > Map loading time: 26.345 seconds.
2024-04-29 20:55:33 -  [Warning - Spawns::loadFromXml] Magneton ( 01652 / 00955 / 002 ) spawntime cannot be less than 1 seconds.
2024-04-29 20:55:33 -  [Warning - Spawns::loadFromXml] Electabuzz ( 01640 / 00989 / 002 ) spawntime cannot be less than 1 seconds.
2024-04-29 20:55:33 -  I/O warning : failed to load external entity "datapack/npc/Geraldo.xml"
2024-04-29 20:55:33 -  [Warning - Npc::loadFromXml] Cannot load npc file (datapack/npc/Geraldo.xml).
2024-04-29 20:55:33 -  Info: failed to load external entity "datapack/npc/Geraldo.xml"
2024-04-29 20:55:33 -  
2024-04-29 20:55:33 -  
2024-04-29 20:55:33 -  [Warning - Spawns::loadFromXml] Voltorb ( 01640 / 00991 / 004 ) spawntime cannot be less than 1 seconds.
2024-04-29 20:55:33 -  I/O warning : failed to load external entity "datapack/npc/roberto.xml"
2024-04-29 20:55:33 -  [Warning - Npc::loadFromXml] Cannot load npc file (datapack/npc/roberto.xml).
2024-04-29 20:55:33 -  Info: failed to load external entity "datapack/npc/roberto.xml"
2024-04-29 20:55:33 -  
2024-04-29 20:55:33 -  
2024-04-29 20:55:33 -  [Spawn::addMonster] Cannot find "Pansage"
2024-04-29 20:55:33 -  [Spawn::addMonster] Cannot find "Pansage"
2024-04-29 20:55:33 -  [Spawn::addMonster] Cannot find "Pansage"
2024-04-29 20:55:33 -  [Spawn::addMonster] Cannot find "Pansage"
2024-04-29 20:55:33 -  [Spawn::addMonster] Cannot find "Golett"
2024-04-29 20:55:33 -  [Spawn::addMonster] Cannot find "Golett"
2024-04-29 20:55:33 -  [Spawn::addMonster] Cannot find "Golett"
2024-04-29 20:55:33 -  [Spawn::addMonster] Cannot find "Golett"
2024-04-29 20:55:33 -  [Spawn::addMonster] Cannot find "Golett"
2024-04-29 20:55:33 -  [Spawn::addMonster] Cannot find "Golett"
2024-04-29 20:55:33 -  [Spawn::addMonster] Cannot find "Golett"
2024-04-29 20:55:33 -  [Spawn::addMonster] Cannot find "Gigalith"
2024-04-29 20:55:33 -  [Spawn::addMonster] Cannot find "Gigalith"
2024-04-29 20:55:33 -  [Spawn::addMonster] Cannot find "Gigalith"
2024-04-29 20:55:33 -  [Spawn::addMonster] Cannot find "Gigalith"
2024-04-29 20:55:33 -  [Spawn::addMonster] Cannot find "Gigalith"
2024-04-29 20:55:33 -  [Spawn::addMonster] Cannot find "Gigalith"
2024-04-29 20:55:33 -  [Spawn::addMonster] Cannot find "Gigalith"
2024-04-29 20:55:33 -  [Spawn::addMonster] Cannot find "Gigalith"
2024-04-29 20:55:33 -  [Spawn::addMonster] Cannot find "Gigalith"
2024-04-29 20:55:33 -  [Spawn::addMonster] Cannot find "Gigalith"
2024-04-29 20:55:33 -  [Spawn::addMonster] Cannot find "Gigalith"
2024-04-29 20:55:33 -  [Spawn::addMonster] Cannot find "Gigalith"
2024-04-29 20:55:33 -  [Spawn::addMonster] Cannot find "Gigalith"
2024-04-29 20:55:33 -  [Spawn::addMonster] Cannot find "Gigalith"
2024-04-29 20:55:33 -  [Spawn::addMonster] Cannot find "Gigalith"
2024-04-29 20:55:33 -  [Spawn::addMonster] Cannot find "Gigalith"
2024-04-29 20:55:33 -  [Spawn::addMonster] Cannot find "Gigalith"
2024-04-29 20:55:33 -  [Spawn::addMonster] Cannot find "Gigalith"
2024-04-29 20:55:33 -  [Spawn::addMonster] Cannot find "Gigalith"
2024-04-29 20:55:33 -  [Spawn::addMonster] Cannot find "Gigalith"
2024-04-29 20:55:33 -  [Spawn::addMonster] Cannot find "Gigalith"
2024-04-29 20:55:33 -  [Spawn::addMonster] Cannot find "Gigalith"
2024-04-29 20:55:33 -  [Spawn::addMonster] Cannot find "Gigalith"
2024-04-29 20:55:33 -  [Spawn::addMonster] Cannot find "Gigalith"
2024-04-29 20:55:33 -  [Spawn::addMonster] Cannot find "Beartic"
2024-04-29 20:55:33 -  [Spawn::addMonster] Cannot find "Beartic"
2024-04-29 20:55:33 -  [Spawn::addMonster] Cannot find "Beartic"
2024-04-29 20:55:33 -  [Spawn::addMonster] Cannot find "Beartic"
2024-04-29 20:55:33 -  [Spawn::addMonster] Cannot find "Beartic"
2024-04-29 20:55:33 -  [Spawn::addMonster] Cannot find "Beartic"
2024-04-29 20:55:33 -  [Spawn::addMonster] Cannot find "Beartic"
2024-04-29 20:55:33 -  [Spawn::addMonster] Cannot find "Beartic"
2024-04-29 20:55:33 -  [Spawn::addMonster] Cannot find "Beartic"
2024-04-29 20:55:33 -  [Spawn::addMonster] Cannot find "Beartic"
2024-04-29 20:55:33 -  [Spawn::addMonster] Cannot find "Beartic"
2024-04-29 20:55:33 -  [Spawn::addMonster] Cannot find "Beartic"
2024-04-29 20:55:33 -  [Spawn::addMonster] Cannot find "Beartic"
2024-04-29 20:55:33 -  [Spawn::addMonster] Cannot find "Beartic"
2024-04-29 20:55:33 -  [Spawn::addMonster] Cannot find "Beartic"
2024-04-29 20:55:33 -  [Spawn::addMonster] Cannot find "Beartic"
2024-04-29 20:55:33 -  [Spawn::addMonster] Cannot find "Beartic"
2024-04-29 20:55:33 -  [Spawn::addMonster] Cannot find "Beartic"
2024-04-29 20:55:33 -  [Spawn::addMonster] Cannot find "Beartic"
2024-04-29 20:55:33 -  [Spawn::addMonster] Cannot find "Beartic"
2024-04-29 20:55:33 -  [Spawn::addMonster] Cannot find "Beartic"
2024-04-29 20:55:33 -  I/O warning : failed to load external entity "datapack/npc/Capitao Luiz.xml"
2024-04-29 20:55:33 -  [Warning - Npc::loadFromXml] Cannot load npc file (datapack/npc/Capitao Luiz.xml).
2024-04-29 20:55:33 -  Info: failed to load external entity "datapack/npc/Capitao Luiz.xml"
2024-04-29 20:55:33 -  
2024-04-29 20:55:33 -  
2024-04-29 20:55:33 -  I/O warning : failed to load external entity "datapack/npc/Capitao Barbosa.xml"
2024-04-29 20:55:33 -  [Warning - Npc::loadFromXml] Cannot load npc file (datapack/npc/Capitao Barbosa.xml).
2024-04-29 20:55:33 -  Info: failed to load external entity "datapack/npc/Capitao Barbosa.xml"
2024-04-29 20:55:33 -  
2024-04-29 20:55:33 -  
2024-04-29 20:55:33 -  I/O warning : failed to load external entity "datapack/npc/Capitao Barbosa.xml"
2024-04-29 20:55:33 -  [Warning - Npc::loadFromXml] Cannot load npc file (datapack/npc/Capitao Barbosa.xml).
2024-04-29 20:55:33 -  Info: failed to load external entity "datapack/npc/Capitao Barbosa.xml"
2024-04-29 20:55:33 -  
2024-04-29 20:55:33 -  
2024-04-29 20:55:33 -  I/O warning : failed to load external entity "datapack/npc/DD - Anlow.xml"
2024-04-29 20:55:33 -  [Warning - Npc::loadFromXml] Cannot load npc file (datapack/npc/DD - Anlow.xml).
2024-04-29 20:55:33 -  Info: failed to load external entity "datapack/npc/DD - Anlow.xml"
2024-04-29 20:55:33 -  
2024-04-29 20:55:33 -  
2024-04-29 20:55:33 -  [Spawn::addMonster] Cannot find "Darmanitan"
2024-04-29 20:55:33 -  [Spawn::addMonster] Cannot find "Darmanitan"
2024-04-29 20:55:33 -  I/O warning : failed to load external entity "datapack/npc/Nurse Audino.xml"
2024-04-29 20:55:33 -  [Warning - Npc::loadFromXml] Cannot load npc file (datapack/npc/Nurse Audino.xml).
2024-04-29 20:55:33 -  Info: failed to load external entity "datapack/npc/Nurse Audino.xml"
2024-04-29 20:55:33 -  
2024-04-29 20:55:33 -  
2024-04-29 20:55:33 -  I/O warning : failed to load external entity "datapack/npc/Nurse Audino.xml"
2024-04-29 20:55:33 -  [Warning - Npc::loadFromXml] Cannot load npc file (datapack/npc/Nurse Audino.xml).
2024-04-29 20:55:33 -  Info: failed to load external entity "datapack/npc/Nurse Audino.xml"
2024-04-29 20:55:33 -  
2024-04-29 20:55:33 -  
2024-04-29 20:55:33 -  [Spawn::addMonster] Cannot find "Pansage"
2024-04-29 20:55:33 -  [Spawn::addMonster] Cannot find "Pansage"
2024-04-29 20:55:33 -  [Spawn::addMonster] Cannot find "Pansage"
2024-04-29 20:55:33 -  [Spawn::addMonster] Cannot find "Pansage"
2024-04-29 20:55:33 -  [Spawn::addMonster] Cannot find "Pansage"
2024-04-29 20:55:33 -  [Spawn::addMonster] Cannot find "Pansage"
2024-04-29 20:55:33 -  [Spawn::addMonster] Cannot find "Pansage"
2024-04-29 20:55:33 -  [Spawn::addMonster] Cannot find "Pansage"
2024-04-29 20:55:33 -  [Spawn::addMonster] Cannot find "Pansage"
2024-04-29 20:55:33 -  [Spawn::addMonster] Cannot find "Pansage"
2024-04-29 20:55:33 -  [Spawn::addMonster] Cannot find "Pansage"
2024-04-29 20:55:33 -  [Spawn::addMonster] Cannot find "Pansage"
2024-04-29 20:55:33 -  [Spawn::addMonster] Cannot find "Pansage"
2024-04-29 20:55:33 -  [Spawn::addMonster] Cannot find "Gothorita"
2024-04-29 20:55:33 -  [Spawn::addMonster] Cannot find "Gothorita"
2024-04-29 20:55:33 -  [Spawn::addMonster] Cannot find "Pansage"
2024-04-29 20:55:33 -  [Spawn::addMonster] Cannot find "Pansage"
2024-04-29 20:55:33 -  [Spawn::addMonster] Cannot find "Darmanitan"
2024-04-29 20:55:33 -  [Spawn::addMonster] Cannot find "Pansage"
2024-04-29 20:55:33 -  [Spawn::addMonster] Cannot find "Gothorita"
2024-04-29 20:55:33 -  [Spawn::addMonster] Cannot find "Gothorita"
2024-04-29 20:55:33 -  [Spawn::addMonster] Cannot find "Gothorita"
2024-04-29 20:55:33 -  [Spawn::addMonster] Cannot find "Gothorita"
2024-04-29 20:55:33 -  [Spawn::addMonster] Cannot find "Gothorita"
2024-04-29 20:55:33 -  [Spawn::addMonster] Cannot find "Gothorita"
2024-04-29 20:55:33 -  [Spawn::addMonster] Cannot find "Gothorita"
2024-04-29 20:55:33 -  [Spawn::addMonster] Cannot find "Gothorita"
2024-04-29 20:55:33 -  [Spawn::addMonster] Cannot find "Gothorita"
2024-04-29 20:55:33 -  [Spawn::addMonster] Cannot find "Gothorita"
2024-04-29 20:55:33 -  [Spawn::addMonster] Cannot find "Gothorita"
2024-04-29 20:55:33 -  [Spawn::addMonster] Cannot find "Gothorita"
2024-04-29 20:55:33 -  [Spawn::addMonster] Cannot find "Gothorita"
2024-04-29 20:55:33 -  [Spawn::addMonster] Cannot find "Gothorita"
2024-04-29 20:55:33 -  [Spawn::addMonster] Cannot find "Gothorita"
2024-04-29 20:55:33 -  [Spawn::addMonster] Cannot find "Gothorita"
2024-04-29 20:55:33 -  [Spawn::addMonster] Cannot find "Gothorita"
2024-04-29 20:55:33 -  [Spawn::addMonster] Cannot find "Gothorita"
2024-04-29 20:55:33 -  [Spawn::addMonster] Cannot find "Gothorita"
2024-04-29 20:55:33 -  [Spawn::addMonster] Cannot find "Gothorita"
2024-04-29 20:55:33 -  [Spawn::addMonster] Cannot find "Gothorita"
2024-04-29 20:55:33 -  [Spawn::addMonster] Cannot find "Gothorita"
2024-04-29 20:55:33 -  [Spawn::addMonster] Cannot find "Gothorita"
2024-04-29 20:55:33 -  [Spawn::addMonster] Cannot find "Gothorita"
2024-04-29 20:55:33 -  [Spawn::addMonster] Cannot find "Gothorita"
2024-04-29 20:55:33 -  [Spawn::addMonster] Cannot find "Gothorita"
2024-04-29 20:55:33 -  [Spawn::addMonster] Cannot find "Gothorita"
2024-04-29 20:55:33 -  [Spawn::addMonster] Cannot find "Gothorita"
2024-04-29 20:55:33 -  [Spawn::addMonster] Cannot find "Gothorita"
2024-04-29 20:55:33 -  [Spawn::addMonster] Cannot find "Gothorita"
2024-04-29 20:55:33 -  [Spawn::addMonster] Cannot find "Gothorita"
2024-04-29 20:55:33 -  [Spawn::addMonster] Cannot find "Gothorita"
2024-04-29 20:55:33 -  [Spawn::addMonster] Cannot find "Gothorita"
2024-04-29 20:55:33 -  [Spawn::addMonster] Cannot find "Pansage"
2024-04-29 20:55:33 -  [Spawn::addMonster] Cannot find "Gothorita"
2024-04-29 20:55:33 -  [Spawn::addMonster] Cannot find "Gothorita"
2024-04-29 20:55:33 -  [Spawn::addMonster] Cannot find "Gothorita"
2024-04-29 20:55:33 -  [Spawn::addMonster] Cannot find "Gothorita"
2024-04-29 20:55:33 -  [Spawn::addMonster] Cannot find "Pansage"
2024-04-29 20:55:33 -  [Spawn::addMonster] Cannot find "Pansage"
2024-04-29 20:55:33 -  [Spawn::addMonster] Cannot find "Pansage"
2024-04-29 20:55:33 -  [Spawn::addMonster] Cannot find "Gothorita"
2024-04-29 20:55:33 -  [Spawn::addMonster] Cannot find "Pansage"
2024-04-29 20:55:33 -  [Spawn::addMonster] Cannot find "Pansage"
2024-04-29 20:55:33 -  [Spawn::addMonster] Cannot find "Pansage"
2024-04-29 20:55:33 -  [Spawn::addMonster] Cannot find "Pansage"
2024-04-29 20:55:33 -  [Spawn::addMonster] Cannot find "Pansage"
2024-04-29 20:55:33 -  [Spawn::addMonster] Cannot find "Pansage"
2024-04-29 20:55:33 -  [Spawn::addMonster] Cannot find "Pansage"
2024-04-29 20:55:33 -  [Spawn::addMonster] Cannot find "Pansage"
2024-04-29 20:55:33 -  [Spawn::addMonster] Cannot find "Pansage"
2024-04-29 20:55:33 -  [Spawn::addMonster] Cannot find "Pansage"
2024-04-29 20:55:33 -  [Spawn::addMonster] Cannot find "Pansage"
2024-04-29 20:55:33 -  [Spawn::addMonster] Cannot find "Pansage"
2024-04-29 20:55:33 -  [Spawn::addMonster] Cannot find "Pansage"
2024-04-29 20:55:33 -  [Spawn::addMonster] Cannot find "Pansage"
2024-04-29 20:55:33 -  [Spawn::addMonster] Cannot find "Pansage"
2024-04-29 20:55:33 -  [Spawn::addMonster] Cannot find "Golett"
2024-04-29 20:55:33 -  [Spawn::addMonster] Cannot find "Golett"
2024-04-29 20:55:33 -  [Spawn::addMonster] Cannot find "Golett"
2024-04-29 20:55:33 -  [Spawn::addMonster] Cannot find "Golett"
2024-04-29 20:55:33 -  [Spawn::addMonster] Cannot find "Pansage"
2024-04-29 20:55:33 -  [Spawn::addMonster] Cannot find "Pansage"
2024-04-29 20:55:33 -  [Spawn::addMonster] Cannot find "Pansage"
2024-04-29 20:55:33 -  [Spawn::addMonster] Cannot find "Pansage"
2024-04-29 20:55:33 -  [Spawn::addMonster] Cannot find "Golett"
2024-04-29 20:55:33 -  [Spawn::addMonster] Cannot find "Golett"
2024-04-29 20:55:33 -  [Spawn::addMonster] Cannot find "Pansage"
2024-04-29 20:55:33 -  [Spawn::addMonster] Cannot find "Pansage"
2024-04-29 20:55:33 -  [Spawn::addMonster] Cannot find "Golett"
2024-04-29 20:55:33 -  [Spawn::addMonster] Cannot find "Golett"
2024-04-29 20:55:33 -  [Spawn::addMonster] Cannot find "Pansage"
2024-04-29 20:55:33 -  [Spawn::addMonster] Cannot find "Pansage"
2024-04-29 20:55:33 -  [Spawn::addMonster] Cannot find "Pansage"
2024-04-29 20:55:33 -  [Spawn::addMonster] Cannot find "Pansage"
2024-04-29 20:55:33 -  [Spawn::addMonster] Cannot find "Pansage"
2024-04-29 20:55:33 -  [Spawn::addMonster] Cannot find "Pansage"
2024-04-29 20:55:33 -  [Spawn::addMonster] Cannot find "Pansage"
2024-04-29 20:55:33 -  [Spawn::addMonster] Cannot find "Pansage"
2024-04-29 20:55:33 -  [Spawn::addMonster] Cannot find "Pansage"
2024-04-29 20:55:33 -  [Spawn::addMonster] Cannot find "Pansage"
2024-04-29 20:55:33 -  [Spawn::addMonster] Cannot find "Pansage"
2024-04-29 20:55:33 -  [Spawn::addMonster] Cannot find "Pansage"
2024-04-29 20:55:33 -  [Spawn::addMonster] Cannot find "Pansage"
2024-04-29 20:55:33 -  [Spawn::addMonster] Cannot find "Pansage"
2024-04-29 20:55:33 -  [Spawn::addMonster] Cannot find "Pansage"
2024-04-29 20:55:33 -  [Spawn::addMonster] Cannot find "Pansage"
2024-04-29 20:55:33 -  [Spawn::addMonster] Cannot find "Pansage"
2024-04-29 20:55:33 -  [Spawn::addMonster] Cannot find "Pansage"
2024-04-29 20:55:33 -  [Spawn::addMonster] Cannot find "Pansage"
2024-04-29 20:55:33 -  [Spawn::addMonster] Cannot find "Pansage"
2024-04-29 20:55:33 -  [Spawn::addMonster] Cannot find "Oshawott"
2024-04-29 20:55:33 -  [Spawn::addMonster] Cannot find "Oshawott"
2024-04-29 20:55:33 -  [Spawn::addMonster] Cannot find "Oshawott"
2024-04-29 20:55:33 -  [Spawn::addMonster] Cannot find "Oshawott"
2024-04-29 20:55:33 -  [Spawn::addMonster] Cannot find "Oshawott"
2024-04-29 20:55:33 -  [Spawn::addMonster] Cannot find "Oshawott"
2024-04-29 20:55:33 -  [Spawn::addMonster] Cannot find "Oshawott"
2024-04-29 20:55:33 -  [Spawn::addMonster] Cannot find "Oshawott"
2024-04-29 20:55:33 -  [Spawn::addMonster] Cannot find "Oshawott"
2024-04-29 20:55:33 -  [Spawn::addMonster] Cannot find "Krookodile"
2024-04-29 20:55:33 -  [Spawn::addMonster] Cannot find "Oshawott"
2024-04-29 20:55:33 -  [Spawn::addMonster] Cannot find "Oshawott"
2024-04-29 20:55:33 -  [Spawn::addMonster] Cannot find "Oshawott"
2024-04-29 20:55:33 -  [Spawn::addMonster] Cannot find "Oshawott"
2024-04-29 20:55:33 -  [Spawn::addMonster] Cannot find "Oshawott"
2024-04-29 20:55:33 -  [Spawn::addMonster] Cannot find "Oshawott"
2024-04-29 20:55:33 -  [Spawn::addMonster] Cannot find "Oshawott"
2024-04-29 20:55:33 -  [Spawn::addMonster] Cannot find "Oshawott"
2024-04-29 20:55:33 -  [Spawn::addMonster] Cannot find "Pansage"
2024-04-29 20:55:33 -  [Spawn::addMonster] Cannot find "Pansage"
2024-04-29 20:55:33 -  [Spawn::addMonster] Cannot find "Zweilous"
2024-04-29 20:55:33 -  I/O warning : failed to load external entity "datapack/npc/Nurse Audino.xml"
2024-04-29 20:55:33 -  [Warning - Npc::loadFromXml] Cannot load npc file (datapack/npc/Nurse Audino.xml).
2024-04-29 20:55:33 -  Info: failed to load external entity "datapack/npc/Nurse Audino.xml"
2024-04-29 20:55:33 -  
2024-04-29 20:55:33 -  
2024-04-29 20:55:33 -  [Spawn::addMonster] Cannot find "Pansear"
2024-04-29 20:55:33 -  [Spawn::addMonster] Cannot find "Pansear"
2024-04-29 20:55:33 -  [Spawn::addMonster] Cannot find "Pansear"
2024-04-29 20:55:33 -  [Spawn::addMonster] Cannot find "Pansear"
2024-04-29 20:55:33 -  [Spawn::addMonster] Cannot find "Darmanitan"
2024-04-29 20:55:33 -  [Spawn::addMonster] Cannot find "Pansear"
2024-04-29 20:55:33 -  [Spawn::addMonster] Cannot find "Pansear"
2024-04-29 20:55:33 -  [Spawn::addMonster] Cannot find "Pansear"
2024-04-29 20:55:33 -  [Spawn::addMonster] Cannot find "Pansear"
2024-04-29 20:55:33 -  [Spawn::addMonster] Cannot find "Pansear"
2024-04-29 20:55:33 -  [Spawn::addMonster] Cannot find "Pansear"
2024-04-29 20:55:33 -  [Spawn::addMonster] Cannot find "Pansear"
2024-04-29 20:55:33 -  [Spawn::addMonster] Cannot find "Pansear"
2024-04-29 20:55:33 -  [Spawn::addMonster] Cannot find "Pansear"
2024-04-29 20:55:33 -  [Spawn::addMonster] Cannot find "Pansear"
2024-04-29 20:55:33 -  [Spawn::addMonster] Cannot find "Pansear"
2024-04-29 20:55:33 -  [Spawn::addMonster] Cannot find "Pansear"
2024-04-29 20:55:33 -  [Spawn::addMonster] Cannot find "Pansear"
2024-04-29 20:55:33 -  [Spawn::addMonster] Cannot find "Pansear"
2024-04-29 20:55:33 -  [Spawn::addMonster] Cannot find "Pansear"
2024-04-29 20:55:33 -  [Spawn::addMonster] Cannot find "Pansear"
2024-04-29 20:55:33 -  [Spawn::addMonster] Cannot find "Pansear"
2024-04-29 20:55:33 -  [Spawn::addMonster] Cannot find "Pansear"
2024-04-29 20:55:33 -  [Spawn::addMonster] Cannot find "Pansear"
2024-04-29 20:55:33 -  [Spawn::addMonster] Cannot find "Pansear"
2024-04-29 20:55:33 -  [Spawn::addMonster] Cannot find "Pansear"
2024-04-29 20:55:33 -  [Spawn::addMonster] Cannot find "Pansear"
2024-04-29 20:55:33 -  [Spawn::addMonster] Cannot find "Pansear"
2024-04-29 20:55:33 -  [Spawn::addMonster] Cannot find "Pansear"
2024-04-29 20:55:33 -  [Spawn::addMonster] Cannot find "Zweilous"
2024-04-29 20:55:33 -  [Spawn::addMonster] Cannot find "Zweilous"
2024-04-29 20:55:33 -  [Spawn::addMonster] Cannot find "Pansage"
2024-04-29 20:55:33 -  [Spawn::addMonster] Cannot find "Pansage"
2024-04-29 20:55:33 -  [Spawn::addMonster] Cannot find "Pansage"
2024-04-29 20:55:33 -  [Spawn::addMonster] Cannot find "Pansage"
2024-04-29 20:55:33 -  [Spawn::addMonster] Cannot find "Pansage"
2024-04-29 20:55:33 -  [Spawn::addMonster] Cannot find "Zweilous"
2024-04-29 20:55:33 -  [Spawn::addMonster] Cannot find "Zweilous"
2024-04-29 20:55:33 -  [Spawn::addMonster] Cannot find "Zweilous"
2024-04-29 20:55:33 -  [Spawn::addMonster] Cannot find "Pansage"
2024-04-29 20:55:33 -  [Spawn::addMonster] Cannot find "Zweilous"
2024-04-29 20:55:33 -  [Spawn::addMonster] Cannot find "Zweilous"
2024-04-29 20:55:33 -  [Spawn::addMonster] Cannot find "Gothorita"
2024-04-29 20:55:33 -  [Spawn::addMonster] Cannot find "Zweilous"
2024-04-29 20:55:33 -  [Spawn::addMonster] Cannot find "Gothorita"
2024-04-29 20:55:33 -  [Spawn::addMonster] Cannot find "Gothorita"
2024-04-29 20:55:33 -  [Spawn::addMonster] Cannot find "Gothorita"
2024-04-29 20:55:33 -  [Spawn::addMonster] Cannot find "Gothorita"
2024-04-29 20:55:33 -  [Spawn::addMonster] Cannot find "Gothorita"
2024-04-29 20:55:33 -  [Spawn::addMonster] Cannot find "Gothorita"
2024-04-29 20:55:33 -  [Spawn::addMonster] Cannot find "Pansage"
2024-04-29 20:55:33 -  [Spawn::addMonster] Cannot find "Zweilous"
2024-04-29 20:55:33 -  [Spawn::addMonster] Cannot find "Gothorita"
2024-04-29 20:55:33 -  [Spawn::addMonster] Cannot find "Gothorita"
2024-04-29 20:55:33 -  [Spawn::addMonster] Cannot find "Gothorita"
2024-04-29 20:55:33 -  [Spawn::addMonster] Cannot find "Gothorita"
2024-04-29 20:55:33 -  [Spawn::addMonster] Cannot find "Gothorita"
2024-04-29 20:55:33 -  [Spawn::addMonster] Cannot find "Gothorita"
2024-04-29 20:55:33 -  [Spawn::addMonster] Cannot find "Gothorita"
2024-04-29 20:55:33 -  [Spawn::addMonster] Cannot find "Pansage"
2024-04-29 20:55:33 -  [Spawn::addMonster] Cannot find "Gothorita"
2024-04-29 20:55:33 -  [Spawn::addMonster] Cannot find "Gothorita"
2024-04-29 20:55:33 -  [Spawn::addMonster] Cannot find "Pansage"
2024-04-29 20:55:33 -  [Spawn::addMonster] Cannot find "Pansage"
2024-04-29 20:55:33 -  [Spawn::addMonster] Cannot find "Gothorita"
2024-04-29 20:55:33 -  [Spawn::addMonster] Cannot find "Cubchoo"
2024-04-29 20:55:33 -  [Spawn::addMonster] Cannot find "Cubchoo"
2024-04-29 20:55:33 -  [Spawn::addMonster] Cannot find "Beartic"
2024-04-29 20:55:33 -  [Spawn::addMonster] Cannot find "Cubchoo"
2024-04-29 20:55:33 -  [Spawn::addMonster] Cannot find "Cubchoo"
2024-04-29 20:55:33 -  [Spawn::addMonster] Cannot find "Cubchoo"
2024-04-29 20:55:33 -  [Spawn::addMonster] Cannot find "Cubchoo"
2024-04-29 20:55:33 -  [Spawn::addMonster] Cannot find "Beartic"
2024-04-29 20:55:33 -  [Spawn::addMonster] Cannot find "Beartic"
2024-04-29 20:55:33 -  [Spawn::addMonster] Cannot find "Cubchoo"
2024-04-29 20:55:33 -  [Spawn::addMonster] Cannot find "Cubchoo"
2024-04-29 20:55:33 -  [Spawn::addMonster] Cannot find "Beartic"
2024-04-29 20:55:33 -  [Spawn::addMonster] Cannot find "Beartic"
2024-04-29 20:55:33 -  [Spawn::addMonster] Cannot find "Cubchoo"
2024-04-29 20:55:33 -  [Spawn::addMonster] Cannot find "Beartic"
2024-04-29 20:55:33 -  [Spawn::addMonster] Cannot find "Cubchoo"
2024-04-29 20:55:33 -  [Spawn::addMonster] Cannot find "Beartic"
2024-04-29 20:55:33 -  [Spawn::addMonster] Cannot find "Beartic"
2024-04-29 20:55:33 -  [Spawn::addMonster] Cannot find "Cubchoo"
2024-04-29 20:55:33 -  [Spawn::addMonster] Cannot find "Cubchoo"
2024-04-29 20:55:33 -  [Spawn::addMonster] Cannot find "Cubchoo"
2024-04-29 20:55:33 -  [Spawn::addMonster] Cannot find "Cubchoo"
2024-04-29 20:55:33 -  [Spawn::addMonster] Cannot find "Cubchoo"
2024-04-29 20:55:33 -  [Spawn::addMonster] Cannot find "Beartic"
2024-04-29 20:55:33 -  [Spawn::addMonster] Cannot find "Pansage"
2024-04-29 20:55:33 -  [Spawn::addMonster] Cannot find "Pansage"
2024-04-29 20:55:33 -  [Spawn::addMonster] Cannot find "Pansage"
2024-04-29 20:55:33 -  [Spawn::addMonster] Cannot find "Gothorita"
2024-04-29 20:55:33 -  [Spawn::addMonster] Cannot find "Gothorita"
2024-04-29 20:55:33 -  [Spawn::addMonster] Cannot find "Gothorita"
2024-04-29 20:55:33 -  [Spawn::addMonster] Cannot find "Gothorita"
2024-04-29 20:55:33 -  [Spawn::addMonster] Cannot find "Gothorita"
2024-04-29 20:55:33 -  [Spawn::addMonster] Cannot find "Gothorita"
2024-04-29 20:55:33 -  [Spawn::addMonster] Cannot find "Gothorita"
2024-04-29 20:55:33 -  [Spawn::addMonster] Cannot find "Cubchoo"
2024-04-29 20:55:33 -  [Spawn::addMonster] Cannot find "Cubchoo"
2024-04-29 20:55:33 -  [Spawn::addMonster] Cannot find "Cubchoo"
2024-04-29 20:55:33 -  [Spawn::addMonster] Cannot find "Cubchoo"
2024-04-29 20:55:33 -  [Spawn::addMonster] Cannot find "Cubchoo"
2024-04-29 20:55:33 -  [Spawn::addMonster] Cannot find "Cubchoo"
2024-04-29 20:55:33 -  [Spawn::addMonster] Cannot find "Cubchoo"
2024-04-29 20:55:33 -  [Spawn::addMonster] Cannot find "Cubchoo"
2024-04-29 20:55:33 -  [Spawn::addMonster] Cannot find "Beartic"
2024-04-29 20:55:33 -  [Spawn::addMonster] Cannot find "Cubchoo"
2024-04-29 20:55:33 -  [Spawn::addMonster] Cannot find "Beartic"
2024-04-29 20:55:33 -  [Spawn::addMonster] Cannot find "Cubchoo"
2024-04-29 20:55:33 -  [Spawn::addMonster] Cannot find "Cubchoo"
2024-04-29 20:55:33 -  [Spawn::addMonster] Cannot find "Cubchoo"
2024-04-29 20:55:33 -  [Spawn::addMonster] Cannot find "Cubchoo"
2024-04-29 20:55:33 -  [Spawn::addMonster] Cannot find "Gothorita"
2024-04-29 20:55:33 -  [Spawn::addMonster] Cannot find "Gothorita"
2024-04-29 20:55:33 -  [Spawn::addMonster] Cannot find "Gothorita"
2024-04-29 20:55:33 -  [Spawn::addMonster] Cannot find "Gothorita"
2024-04-29 20:55:33 -  [Spawn::addMonster] Cannot find "Cubchoo"
2024-04-29 20:55:33 -  [Spawn::addMonster] Cannot find "Cubchoo"
2024-04-29 20:55:33 -  [Spawn::addMonster] Cannot find "Beartic"
2024-04-29 20:55:33 -  [Spawn::addMonster] Cannot find "Cubchoo"
2024-04-29 20:55:33 -  [Spawn::addMonster] Cannot find "Cubchoo"
2024-04-29 20:55:33 -  [Spawn::addMonster] Cannot find "Cubchoo"
2024-04-29 20:55:33 -  [Spawn::addMonster] Cannot find "Beartic"
2024-04-29 20:55:33 -  [Spawn::addMonster] Cannot find "Krookodile"
2024-04-29 20:55:33 -  [Spawn::addMonster] Cannot find "Krookodile"
2024-04-29 20:55:33 -  [Spawn::addMonster] Cannot find "Krookodile"
2024-04-29 20:55:33 -  [Spawn::addMonster] Cannot find "Krookodile"
2024-04-29 20:55:33 -  [Spawn::addMonster] Cannot find "Oshawott"
2024-04-29 20:55:33 -  [Spawn::addMonster] Cannot find "Krookodile"
2024-04-29 20:55:33 -  [Spawn::addMonster] Cannot find "Krookodile"
2024-04-29 20:55:33 -  [Spawn::addMonster] Cannot find "Krookodile"
2024-04-29 20:55:33 -  [Spawn::addMonster] Cannot find "Krookodile"
2024-04-29 20:55:33 -  [Spawn::addMonster] Cannot find "Krookodile"
2024-04-29 20:55:33 -  [Spawn::addMonster] Cannot find "Krookodile"
2024-04-29 20:55:33 -  [Spawn::addMonster] Cannot find "Krookodile"
2024-04-29 20:55:33 -  [Spawn::addMonster] Cannot find "Krookodile"
2024-04-29 20:55:33 -  [Spawn::addMonster] Cannot find "Krookodile"
2024-04-29 20:55:33 -  [Spawn::addMonster] Cannot find "Krookodile"
2024-04-29 20:55:33 -  [Spawn::addMonster] Cannot find "Krookodile"
2024-04-29 20:55:33 -  [Spawn::addMonster] Cannot find "Krookodile"
2024-04-29 20:55:33 -  [Spawn::addMonster] Cannot find "Krookodile"
2024-04-29 20:55:33 -  [Spawn::addMonster] Cannot find "Oshawott"
2024-04-29 20:55:33 -  [Spawn::addMonster] Cannot find "Krookodile"
2024-04-29 20:55:33 -  [Spawn::addMonster] Cannot find "Krookodile"
2024-04-29 20:55:33 -  [Spawn::addMonster] Cannot find "Krookodile"
2024-04-29 20:55:33 -  [Warning - Houses::loadFromXml] House entry not set for: Forgotten headquarter (Flat 1, Area 42) (471)
2024-04-29 20:55:33 -  [Warning - Houses::loadFromXml] House entry not set for: Forgotten headquarter (Flat 1, Area 42) (472)
2024-04-29 20:55:33 -  [Warning - Houses::loadFromXml] House entry not set for: Forgotten headquarter (Flat 1, Area 42) (473)
2024-04-29 20:55:33 -  [Warning - Houses::loadFromXml] House entry not set for: Forgotten headquarter (Flat 1, Area 42) (474)
2024-04-29 20:55:33 -  [Warning - Houses::loadFromXml] House entry not set for: Forgotten headquarter (Flat 1, Area 42) (475)
2024-04-29 20:55:33 -  [Warning - Houses::loadFromXml] House entry not set for: Forgotten headquarter (Flat 1, Area 42) (476)
2024-04-29 20:55:33 -  [Warning - Houses::loadFromXml] House entry not set for: Forgotten headquarter (Flat 1, Area 42) (477)
2024-04-29 20:55:33 -  [Warning - Houses::loadFromXml] House entry not set for: Forgotten headquarter (Flat 1, Area 42) (478)
2024-04-29 20:55:33 -  [Warning - Houses::loadFromXml] House entry not set for: Forgotten headquarter (Flat 1, Area 42) (1028)
2024-04-29 20:55:33 -  [Warning - Houses::loadFromXml] House entry not set for: Forgotten headquarter (Flat 1, Area 42) (1029)
2024-04-29 20:55:33 -  [Warning - Houses::loadFromXml] House entry not set for: Forgotten headquarter (Flat 1, Area 42) (1030)
2024-04-29 20:55:33 -  [Warning - Houses::loadFromXml] House entry not set for: Forgotten headquarter (Flat 1, Area 42) (1031)
2024-04-29 20:55:33 -  [Warning - Houses::loadFromXml] House entry not set for: Forgotten headquarter (Flat 1, Area 42) (1032)
2024-04-29 20:55:33 -  [Warning - Houses::loadFromXml] House entry not set for: Forgotten headquarter (Flat 1, Area 42) (1033)
2024-04-29 20:55:33 -  [Warning - Houses::loadFromXml] House entry not set for: Forgotten headquarter (Flat 1, Area 42) (1034)
2024-04-29 20:55:33 -  [Warning - Houses::loadFromXml] House entry not set for: Forgotten headquarter (Flat 1, Area 42) (1035)
2024-04-29 20:55:33 -  [Warning - Houses::loadFromXml] House entry not set for: Forgotten headquarter (Flat 1, Area 42) (1036)
2024-04-29 20:55:33 -  [Warning - Houses::loadFromXml] House entry not set for: Forgotten headquarter (Flat 1, Area 42) (1037)
2024-04-29 20:55:33 -  [Warning - Houses::loadFromXml] House entry not set for: Forgotten headquarter (Flat 1, Area 42) (1038)
2024-04-29 20:55:33 -  [Warning - Houses::loadFromXml] House entry not set for: Forgotten headquarter (Flat 1, Area 42) (1039)
2024-04-29 20:55:33 -  [Warning - Houses::loadFromXml] House entry not set for: Forgotten headquarter (Flat 1, Area 42) (1040)
2024-04-29 20:55:33 -  [Warning - Houses::loadFromXml] House entry not set for: Forgotten headquarter (Flat 1, Area 42) (1041)
2024-04-29 20:55:33 -  [Warning - Houses::loadFromXml] House entry not set for: Forgotten headquarter (Flat 1, Area 42) (1042)
2024-04-29 20:55:33 -  [Warning - Houses::loadFromXml] House entry not set for: Forgotten headquarter (Flat 1, Area 42) (1043)
2024-04-29 20:55:33 -  [Warning - Houses::loadFromXml] House entry not set for: Forgotten headquarter (Flat 1, Area 42) (1044)
2024-04-29 20:55:33 -  [Warning - Houses::loadFromXml] House entry not set for: Forgotten headquarter (Flat 1, Area 42) (1056)
2024-04-29 20:55:33 -  > Data parsing time: 0.267 seconds.
2024-04-29 20:55:33 -  > Houses synchronization time: 0.083 seconds.
2024-04-29 20:55:38 -  > Content unserialization time: 4.719 seconds.
2024-04-29 20:55:38 -  >> Checking world type... NoN-PvP
2024-04-29 20:55:38 -  >> Initializing game state modules and registering services...
2024-04-29 20:55:38 -  [New Thread 0x7fff6ffff700 (LWP 40989)]
2024-04-29 20:55:39 -  [Warning - Monster::Monster] Unknown event name - tp
2024-04-29 20:55:40 -  > Global address: 77.37.41.249
2024-04-29 20:55:40 -  > Local ports: 7172	7183	
2024-04-29 20:55:40 -  >> All modules were loaded, server is starting up...
2024-04-29 20:55:40 -  >> Blue server Online!
2024-04-29 20:55:40 -  
2024-04-29 20:55:42 -  [ADM] Thalles77 has logged in.
2024-04-29 20:56:07 -  0 [ADM] HellSing has logged in.
2024-04-29 20:56:07 -  0 [ADM] HellSing has logged out.
2024-04-29 20:56:09 -  0 [ADM] HellSing has logged in.
2024-04-29 20:56:09 -  0 [ADM] HellSing has logged out.
2024-04-29 20:56:21 -  0 [ADM] HellSing has logged in.
2024-04-29 20:56:22 -  0 [ADM] HellSing has logged out.
2024-04-29 20:56:24 -  0 [ADM] HellSing has logged in.
2024-04-29 20:56:25 -  0 [ADM] HellSing has logged out.
2024-04-29 20:56:26 -  0 [ADM] HellSing has logged in.
2024-04-29 20:56:26 -  0 [ADM] HellSing has logged out.
2024-04-29 20:57:55 -  0 [ADM] HellSing has logged in.
2024-04-29 20:57:55 -  0 [ADM] HellSing has logged out.
2024-04-29 20:57:57 -  [Warning - Protocol::RSA_decrypt] Not valid packet size
2024-04-29 20:57:58 -  0 [ADM] HellSing has logged in.
2024-04-29 20:57:59 -  0 [ADM] HellSing has logged out.
2024-04-29 20:58:00 -  0 [ADM] HellSing has logged in.
2024-04-29 20:58:01 -  0 [ADM] HellSing has logged out.
2024-04-29 20:58:16 -  0 [ADM] HellSing has logged in.
2024-04-29 20:58:17 -  0 [ADM] HellSing has logged out.
2024-04-29 20:58:18 -  0 [ADM] HellSing has logged in.
2024-04-29 20:58:19 -  0 [ADM] HellSing has logged out.
2024-04-29 20:58:22 -  0 [ADM] HellSing has logged in.
2024-04-29 20:58:22 -  0 [ADM] HellSing has logged out.
2024-04-29 20:58:24 -  0 [ADM] HellSing has logged in.
2024-04-29 20:58:24 -  0 [ADM] HellSing has logged out.
2024-04-29 20:58:27 -  > Broadcasted message: "Evitem acessar sites falsos! Nosso único site oficial é www.otpokemonmysterious.net. Fiquem atentos e joguem com segurança!".
2024-04-29 20:58:38 -  
2024-04-29 20:58:38 -  Thread 1 "theforgottenser" received signal SIGINT, Interrupt.
2024-04-29 20:58:38 -  0x00007ffff7786d96 in epoll_wait (epfd=4, events=events@entry=0x7fffffffdc50, maxevents=maxevents@entry=128, timeout=timeout@entry=-1) at ../sysdeps/unix/sysv/linux/epoll_wait.c:30
2024-04-29 20:58:38 -  30	../sysdeps/unix/sysv/linux/epoll_wait.c: No such file or directory.
2024-04-29 20:58:38 -  
2024-04-29 20:58:38 -  Thread 3 (Thread 0x7fff6ffff700 (LWP 40989) "theforgottenser"):
2024-04-29 20:58:38 -  #0  futex_abstimed_wait_cancelable (private=0, abstime=0x7fff6fffee50, clockid=1879043408, expected=0, futex_word=0x5555557e1dbc <Scheduler::getInstance()::scheduler+188>) at ../sysdeps/nptl/futex-internal.h:323
2024-04-29 20:58:38 -          __ret = -516
2024-04-29 20:58:38 -          clockbit = 0
2024-04-29 20:58:38 -          op = 137
2024-04-29 20:58:38 -          __ret = <optimized out>
2024-04-29 20:58:38 -          oldtype = 0
2024-04-29 20:58:38 -          err = <optimized out>
2024-04-29 20:58:38 -          oldtype = <optimized out>
2024-04-29 20:58:38 -          err = <optimized out>
2024-04-29 20:58:38 -          __ret = <optimized out>
2024-04-29 20:58:38 -          clockbit = <optimized out>
2024-04-29 20:58:38 -          op = <optimized out>
2024-04-29 20:58:38 -          __ret = <optimized out>
2024-04-29 20:58:38 -          resultvar = <optimized out>
2024-04-29 20:58:38 -          __arg6 = <optimized out>
2024-04-29 20:58:38 -          __arg5 = <optimized out>
2024-04-29 20:58:38 -          __arg4 = <optimized out>
2024-04-29 20:58:38 -          __arg3 = <optimized out>
2024-04-29 20:58:38 -          __arg2 = <optimized out>
2024-04-29 20:58:38 -          __arg1 = <optimized out>
2024-04-29 20:58:38 -          _a6 = <optimized out>
2024-04-29 20:58:38 -          _a5 = <optimized out>
2024-04-29 20:58:38 -          _a4 = <optimized out>
2024-04-29 20:58:38 -          _a3 = <optimized out>
2024-04-29 20:58:38 -          _a2 = <optimized out>
2024-04-29 20:58:38 -          _a1 = <optimized out>
2024-04-29 20:58:38 -  #1  __pthread_cond_wait_common (abstime=0x7fff6fffee50, clockid=1879043408, mutex=0x5555557e1d68 <Scheduler::getInstance()::scheduler+104>, cond=0x5555557e1d90 <Scheduler::getInstance()::scheduler+144>) at pthread_cond_wait.c:520
2024-04-29 20:58:38 -          spin = 0
2024-04-29 20:58:38 -          buffer = {__routine = 0x7ffff7b98540 <__condvar_cleanup_waiting>, __arg = 0x7fff6fffed50, __canceltype = 1434328424, __prev = 0x0}
2024-04-29 20:58:38 -          cbuffer = {wseq = 11095, cond = 0x5555557e1d90 <Scheduler::getInstance()::scheduler+144>, mutex = 0x5555557e1d68 <Scheduler::getInstance()::scheduler+104>, private = 0}
2024-04-29 20:58:38 -          err = <optimized out>
2024-04-29 20:58:38 -          g = 1
2024-04-29 20:58:38 -          flags = <optimized out>
2024-04-29 20:58:38 -          g1_start = <optimized out>
2024-04-29 20:58:38 -          maxspin = 0
2024-04-29 20:58:38 -          signals = <optimized out>
2024-04-29 20:58:38 -          result = 0
2024-04-29 20:58:38 -          wseq = 11095
2024-04-29 20:58:38 -          seq = 5547
2024-04-29 20:58:38 -          private = 0
2024-04-29 20:58:38 -          maxspin = <optimized out>
2024-04-29 20:58:38 -          err = <optimized out>
2024-04-29 20:58:38 -          result = <optimized out>
2024-04-29 20:58:38 -          wseq = <optimized out>
2024-04-29 20:58:38 -          g = <optimized out>
2024-04-29 20:58:38 -          seq = <optimized out>
2024-04-29 20:58:38 -          flags = <optimized out>
2024-04-29 20:58:38 -          private = <optimized out>
2024-04-29 20:58:38 -          signals = <optimized out>
2024-04-29 20:58:38 -          done = <optimized out>
2024-04-29 20:58:38 -          g1_start = <optimized out>
2024-04-29 20:58:38 -          spin = <optimized out>
2024-04-29 20:58:38 -          buffer = {__routine = <optimized out>, __arg = <optimized out>, __canceltype = <optimized out>, __prev = <optimized out>}
2024-04-29 20:58:38 -          cbuffer = {wseq = <optimized out>, cond = <optimized out>, mutex = <optimized out>, private = <optimized out>}
2024-04-29 20:58:38 -          s = <optimized out>
2024-04-29 20:58:38 -  #2  __pthread_cond_timedwait (cond=cond@entry=0x5555557e1d90 <Scheduler::getInstance()::scheduler+144>, mutex=mutex@entry=0x5555557e1d68 <Scheduler::getInstance()::scheduler+104>, abstime=abstime@entry=0x7fff6fffee50) at pthread_cond_wait.c:656
2024-04-29 20:58:38 -          flags = <optimized out>
2024-04-29 20:58:38 -          clockid = 1879043408
2024-04-29 20:58:38 -  #3  0x0000555555715e8d in boost::posix::pthread_cond_timedwait (t=0x7fff6fffee50, m=0x5555557e1d68 <Scheduler::getInstance()::scheduler+104>, c=0x5555557e1d90 <Scheduler::getInstance()::scheduler+144>) at /usr/include/boost/thread/pthread/pthread_helpers.hpp:123
2024-04-29 20:58:38 -          ret = <optimized out>
2024-04-29 20:58:38 -          ret = <optimized out>
2024-04-29 20:58:38 -  #4  boost::condition_variable::do_wait_until (timeout=..., m=..., this=0x5555557e1d68 <Scheduler::getInstance()::scheduler+104>) at /usr/include/boost/thread/pthread/condition_variable.hpp:122
2024-04-29 20:58:38 -          guard = {m = 0x7fff6fffee30}
2024-04-29 20:58:38 -          check_for_interruption = {thread_info = 0x7fffd02f2c30, m = 0x5555557e1d68 <Scheduler::getInstance()::scheduler+104>, set = true, done = false}
2024-04-29 20:58:38 -          the_mutex = 0x5555557e1d68 <Scheduler::getInstance()::scheduler+104>
2024-04-29 20:58:38 -          cond_res = <optimized out>
2024-04-29 20:58:38 -          cond_res = <optimized out>
2024-04-29 20:58:38 -          guard = {m = <optimized out>}
2024-04-29 20:58:38 -          check_for_interruption = {thread_info = <optimized out>, m = <optimized out>, set = <optimized out>, done = <optimized out>}
2024-04-29 20:58:38 -          the_mutex = <optimized out>
2024-04-29 20:58:38 -  #5  boost::condition_variable::timed_wait (abs_time=..., m=..., this=0x5555557e1d68 <Scheduler::getInstance()::scheduler+104>) at /usr/include/boost/thread/pthread/condition_variable_fwd.hpp:116
2024-04-29 20:58:39 -          ts = {dur = {ts_val = {tv_sec = <optimized out>, tv_nsec = <optimized out>}}}
2024-04-29 20:58:39 -          d = {ts_val = {tv_sec = <optimized out>, tv_nsec = <optimized out>}}
2024-04-29 20:58:39 -          ts = {dur = {ts_val = {tv_sec = <optimized out>, tv_nsec = <optimized out>}}}
2024-04-29 20:58:39 -          d = {ts_val = {tv_sec = <optimized out>, tv_nsec = <optimized out>}}
2024-04-29 20:58:39 -  #6  Scheduler::schedulerThread (p=0x5555557e1d00 <Scheduler::getInstance()::scheduler>) at scheduler.cpp:52
2024-04-29 20:58:39 -          task = 0x0
2024-04-29 20:58:39 -          run = false
2024-04-29 20:58:39 -          ret = false
2024-04-29 20:58:39 -          scheduler = 0x5555557e1d00 <Scheduler::getInstance()::scheduler>
2024-04-29 20:58:39 -          eventLockUnique = {m = 0x5555557e1d40 <Scheduler::getInstance()::scheduler+64>, is_locked = false}
2024-04-29 20:58:39 -  #7  0x0000555555716cd4 in boost::_bi::list1<boost::_bi::value<void*> >::operator()<void (*)(void*), boost::_bi::list0> (a=<synthetic pointer>..., f=<optimized out>, this=<optimized out>) at /usr/include/boost/bind/bind.hpp:259
2024-04-29 20:58:39 -  No locals.
2024-04-29 20:58:39 -  #8  boost::_bi::bind_t<void, void (*)(void*), boost::_bi::list1<boost::_bi::value<void*> > >::operator() (this=<optimized out>) at /usr/include/boost/bind/bind.hpp:1294
2024-04-29 20:58:39 -          a = {<No data fields>}
2024-04-29 20:58:39 -  #9  boost::detail::thread_data<boost::_bi::bind_t<void, void (*)(void*), boost::_bi::list1<boost::_bi::value<void*> > > >::run (this=<optimized out>) at /usr/include/boost/thread/detail/thread.hpp:120
2024-04-29 20:58:39 -  No locals.
2024-04-29 20:58:39 -  #10 0x00007ffff7bb7787 in ?? () from /lib/x86_64-linux-gnu/libboost_thread.so.1.74.0
2024-04-29 20:58:39 -  No symbol table info available.
2024-04-29 20:58:39 -  #11 0x00007ffff7b91ea7 in start_thread (arg=<optimized out>) at pthread_create.c:477
2024-04-29 20:58:39 -          ret = <optimized out>
2024-04-29 20:58:39 -          pd = <optimized out>
2024-04-29 20:58:39 -          unwind_buf = {cancel_jmp_buf = {{jmp_buf = {140735072433920, -3527959378166579434, 140737306567950, 140737306567951, 140735072432064, 8396800, 3527713088077790998, 3527942285289684758}, mask_was_saved = 0}}, priv = {pad = {0x0, 0x0, 0x0, 0x0}, data = {prev = 0x0, cleanup = 0x0, canceltype = 0}}}
2024-04-29 20:58:39 -          not_first_call = 0
2024-04-29 20:58:39 -  #12 0x00007ffff7786a6f in clone () at ../sysdeps/unix/sysv/linux/x86_64/clone.S:95
2024-04-29 20:58:39 -  No locals.
2024-04-29 20:58:39 -  
2024-04-29 20:58:39 -  Thread 2 (Thread 0x7ffff52a3700 (LWP 40988) "theforgottenser"):
2024-04-29 20:58:39 -  #0  futex_wait_cancelable (private=0, expected=0, futex_word=0x5555557e1fa4 <Dispatcher::getInstance()::dispatcher+132>) at ../sysdeps/nptl/futex-internal.h:186
2024-04-29 20:58:39 -          __ret = -512
2024-04-29 20:58:39 -          oldtype = 0
2024-04-29 20:58:39 -          err = <optimized out>
2024-04-29 20:58:39 -          oldtype = <optimized out>
2024-04-29 20:58:39 -          err = <optimized out>
2024-04-29 20:58:39 -          __ret = <optimized out>
2024-04-29 20:58:39 -          resultvar = <optimized out>
2024-04-29 20:58:39 -          __arg4 = <optimized out>
2024-04-29 20:58:39 -          __arg3 = <optimized out>
2024-04-29 20:58:39 -          __arg2 = <optimized out>
2024-04-29 20:58:39 -          __arg1 = <optimized out>
2024-04-29 20:58:39 -          _a4 = <optimized out>
2024-04-29 20:58:39 -          _a3 = <optimized out>
2024-04-29 20:58:39 -          _a2 = <optimized out>
2024-04-29 20:58:39 -          _a1 = <optimized out>
2024-04-29 20:58:39 -  #1  __pthread_cond_wait_common (abstime=0x0, clockid=0, mutex=0x5555557e1f50 <Dispatcher::getInstance()::dispatcher+48>, cond=0x5555557e1f78 <Dispatcher::getInstance()::dispatcher+88>) at pthread_cond_wait.c:508
2024-04-29 20:58:39 -          spin = 0
2024-04-29 20:58:39 -          buffer = {__routine = 0x7ffff7b98540 <__condvar_cleanup_waiting>, __arg = 0x7ffff52a2d10, __canceltype = -1, __prev = 0x0}
2024-04-29 20:58:39 -          cbuffer = {wseq = 6771, cond = 0x5555557e1f78 <Dispatcher::getInstance()::dispatcher+88>, mutex = 0x5555557e1f50 <Dispatcher::getInstance()::dispatcher+48>, private = 0}
2024-04-29 20:58:39 -          err = <optimized out>
2024-04-29 20:58:39 -          g = 4113181936
2024-04-29 20:58:39 -          flags = <optimized out>
2024-04-29 20:58:39 -          g1_start = <optimized out>
2024-04-29 20:58:39 -          maxspin = 0
2024-04-29 20:58:39 -          signals = <optimized out>
2024-04-29 20:58:39 -          result = 0
2024-04-29 20:58:39 -          wseq = 6771
2024-04-29 20:58:39 -          seq = 3385
2024-04-29 20:58:39 -          private = 0
2024-04-29 20:58:39 -          maxspin = <optimized out>
2024-04-29 20:58:39 -          err = <optimized out>
2024-04-29 20:58:39 -          result = <optimized out>
2024-04-29 20:58:39 -          wseq = <optimized out>
2024-04-29 20:58:39 -          g = <optimized out>
2024-04-29 20:58:39 -          seq = <optimized out>
2024-04-29 20:58:39 -          flags = <optimized out>
2024-04-29 20:58:39 -          private = <optimized out>
2024-04-29 20:58:39 -          signals = <optimized out>
2024-04-29 20:58:39 -          done = <optimized out>
2024-04-29 20:58:39 -          g1_start = <optimized out>
2024-04-29 20:58:39 -          spin = <optimized out>
2024-04-29 20:58:39 -          buffer = {__routine = <optimized out>, __arg = <optimized out>, __canceltype = <optimized out>, __prev = <optimized out>}
2024-04-29 20:58:39 -          cbuffer = {wseq = <optimized out>, cond = <optimized out>, mutex = <optimized out>, private = <optimized out>}
2024-04-29 20:58:39 -          s = <optimized out>
2024-04-29 20:58:39 -  #2  __pthread_cond_wait (cond=cond@entry=0x5555557e1f78 <Dispatcher::getInstance()::dispatcher+88>, mutex=mutex@entry=0x5555557e1f50 <Dispatcher::getInstance()::dispatcher+48>) at pthread_cond_wait.c:638
2024-04-29 20:58:39 -  No locals.
2024-04-29 20:58:39 -  #3  0x00005555556b8da0 in boost::posix::pthread_cond_wait (m=<optimized out>, c=<optimized out>) at /usr/include/boost/thread/pthread/pthread_helpers.hpp:112
2024-04-29 20:58:39 -          ret = <optimized out>
2024-04-29 20:58:39 -  #4  boost::condition_variable::wait (this=0x5555557e1f50 <Dispatcher::getInstance()::dispatcher+48>, m=...) at /usr/include/boost/thread/pthread/condition_variable.hpp:79
2024-04-29 20:58:39 -          guard = {m = <optimized out>}
2024-04-29 20:58:39 -          check_for_interruption = {thread_info = 0x555555810fc0, m = 0x5555557e1f50 <Dispatcher::getInstance()::dispatcher+48>, set = true, done = false}
2024-04-29 20:58:39 -          the_mutex = 0x5555557e1f50 <Dispatcher::getInstance()::dispatcher+48>
2024-04-29 20:58:39 -          res = 0
2024-04-29 20:58:39 -  #5  0x000055555573ad60 in Dispatcher::dispatcherThread (p=0x5555557e1f20 <Dispatcher::getInstance()::dispatcher>) at tasks.cpp:54
2024-04-29 20:58:39 -          task = 0x0
2024-04-29 20:58:39 -          dispatcher = 0x5555557e1f20 <Dispatcher::getInstance()::dispatcher>
2024-04-29 20:58:39 -          outputPool = <optimized out>
2024-04-29 20:58:39 -          taskLockUnique = {m = 0x5555557e1f28 <Dispatcher::getInstance()::dispatcher+8>, is_locked = false}
2024-04-29 20:58:39 -  #6  0x0000555555716cd4 in boost::_bi::list1<boost::_bi::value<void*> >::operator()<void (*)(void*), boost::_bi::list0> (a=<synthetic pointer>..., f=<optimized out>, this=<optimized out>) at /usr/include/boost/bind/bind.hpp:259
2024-04-29 20:58:39 -  No locals.
2024-04-29 20:58:39 -  #7  boost::_bi::bind_t<void, void (*)(void*), boost::_bi::list1<boost::_bi::value<void*> > >::operator() (this=<optimized out>) at /usr/include/boost/bind/bind.hpp:1294
2024-04-29 20:58:39 -          a = {<No data fields>}
2024-04-29 20:58:39 -  #8  boost::detail::thread_data<boost::_bi::bind_t<void, void (*)(void*), boost::_bi::list1<boost::_bi::value<void*> > > >::run (this=<optimized out>) at /usr/include/boost/thread/detail/thread.hpp:120
2024-04-29 20:58:39 -  No locals.
2024-04-29 20:58:39 -  #9  0x00007ffff7bb7787 in ?? () from /lib/x86_64-linux-gnu/libboost_thread.so.1.74.0
2024-04-29 20:58:39 -  No symbol table info available.
2024-04-29 20:58:39 -  #10 0x00007ffff7b91ea7 in start_thread (arg=<optimized out>) at pthread_create.c:477
2024-04-29 20:58:39 -          ret = <optimized out>
2024-04-29 20:58:39 -          pd = <optimized out>
2024-04-29 20:58:39 -          unwind_buf = {cancel_jmp_buf = {{jmp_buf = {140737306572544, -3527959378166579434, 140737488347774, 140737488347775, 140737306570688, 8396800, 3527939151533932310, 3527942285289684758}, mask_was_saved = 0}}, priv = {pad = {0x0, 0x0, 0x0, 0x0}, data = {prev = 0x0, cleanup = 0x0, canceltype = 0}}}
2024-04-29 20:58:39 -          not_first_call = 0
2024-04-29 20:58:39 -  #11 0x00007ffff7786a6f in clone () at ../sysdeps/unix/sysv/linux/x86_64/clone.S:95
2024-04-29 20:58:39 -  No locals.
2024-04-29 20:58:39 -  
2024-04-29 20:58:39 -  Thread 1 (Thread 0x7ffff52a9b80 (LWP 40984) "theforgottenser"):
2024-04-29 20:58:39 -  #0  0x00007ffff7786d96 in epoll_wait (epfd=4, events=events@entry=0x7fffffffdc50, maxevents=maxevents@entry=128, timeout=timeout@entry=-1) at ../sysdeps/unix/sysv/linux/epoll_wait.c:30
2024-04-29 20:58:39 -  No locals.
2024-04-29 20:58:39 -  #1  0x00005555555ae6ed in boost::asio::detail::epoll_reactor::run (this=0x555555810ee0, usec=usec@entry=-1, ops=...) at /usr/include/boost/asio/detail/impl/epoll_reactor.ipp:471
2024-04-29 20:58:39 -          timeout = -1
2024-04-29 20:58:39 -          events = {{events = 1, data = {ptr = 0x555555811270, fd = 1434522224, u32 = 1434522224, u64 = 93824995103344}}, {events = 32767, data = {ptr = 0x0, fd = 0, u32 = 0, u64 = 0}}, {events = 1714424303, data = {ptr = 0x557e1f2000000000, fd = 0, u32 = 0, u64 = 6160395562588831744}}, {events = 21845, data = {ptr = 0x7fffffffdf00, fd = -8448, u32 = 4294958848, u64 = 140737488346880}}, {events = 1, data = {ptr = 0xf774324d00000000, fd = 0, u32 = 0, u64 = 17830932130960506880}}, {events = 32767, data = {ptr = 0x8, fd = 8, u32 = 8, u64 = 8}}, {events = 4294958336, data = {ptr = 0xb3c64a9000000000, fd = 0, u32 = 0, u64 = 12954123360513556480}}, {events = 32767, data = {ptr = 0x10, fd = 16, u32 = 16, u64 = 16}}, {events = 16, data = {ptr = 0xf0255cc800000000, fd = 0, u32 = 0, u64 = 17304339157304213504}}, {events = 32767, data = {ptr = 0x7fffffffdcd0, fd = -9008, u32 = 4294958288, u64 = 140737488346320}}, {events = 11, data = {ptr = 0x3630303200000000, fd = 0, u32 = 0, u64 = 3904673868236718080}}, {events = 909127730, data = {ptr = 0x555500535046, fd = 5460038, u32 = 5460038, u64 = 93823566041158}}, {events = 0, data = {ptr = 0x0, fd = 0, u32 = 0, u64 = 0}}, {events = 0, data = {ptr = 0x10, fd = 16, u32 = 16, u64 = 16}}, {events = 1431883221, data = {ptr = 0x556fdb3800005555, fd = 21845, u32 = 21845, u64 = 6156380249203430741}}, {events = 21845, data = {ptr = 0x0, fd = 0, u32 = 0, u64 = 0}}, {events = 1434487248, data = {ptr = 0xf7b9c32700005555, fd = 21845, u32 = 21845, u64 = 17850513170330834261}}, {events = 32767, data = {ptr = 0xffffffffffffffff, fd = -1, u32 = 4294967295, u64 = 18446744073709551615}}, {events = 1434424592, data = {ptr = 0x200005555, fd = 21845, u32 = 21845, u64 = 8589956437}}, {events = 0, data = {ptr = 0xf7b9c327, fd = -138820825, u32 = 4156146471, u64 = 4156146471}}, {events = 3500212352, data = {ptr = 0x555ae38e00007fff, fd = 32767, u32 = 32767, u64 = 6150478440152727551}}, {events = 21845, data = {ptr = 0x5555557ff818, fd = 1434449944, u32 = 1434449944, u64 = 93824995031064}}, {events = 11, data = {ptr = 0x557ff8f001005555, fd = 16799061, u32 = 16799061, u64 = 6160916524958766421}}, {events = 21845, data = {ptr = 0x5555555ae302 <boost::asio::detail::reactive_socket_recv_op_base<boost::asio::mutable_buffers_1>::do_perform(boost::asio::detail::reactor_op*)+115>, fd = 1432019714, u32 = 1432019714, u64 = 93824992600834}}, {events = 11, data = {ptr = 0x557d357000000001, fd = 1, u32 = 1, u64 = 6160138620465315841}}, {events = 21845, data = {ptr = 0x7fffffffde60, fd = -8608, u32 = 4294958688, u64 = 140737488346720}}, {events = 0, data = {ptr = 0xd0a1008000000000, fd = 0, u32 = 0, u64 = 15033297580895240192}}, {events = 32767, data = {ptr = 0x5555557ff800, fd = 1434449920, u32 = 1434449920, u64 = 93824995031040}}, {events = 1434521312, data = {ptr = 0x5555, fd = 21845, u32 = 21845, u64 = 21845}}, {events = 0, data = {ptr = 0x1, fd = 1, u32 = 1, u64 = 1}}, {events = 1432023589, data = {ptr = 0x557f951000005555, fd = 21845, u32 = 21845, u64 = 6160806711218165077}}, {events = 21845, data = {ptr = 0xbf774324d, fd = -143379891, u32 = 4151587405, u64 = 51396227661}}, {events = 1434450160, data = {ptr = 0x555af17a00005555, fd = 21845, u32 = 21845, u64 = 6150493747416159573}}, {events = 0, data = {ptr = 0x555555811298, fd = 1434522264, u32 = 1434522264, u64 = 93824995103384}}, {events = 1636881921, data = {ptr = 0x5a62afd70b530, fd = -42945232, u32 = 4252022064, u64 = 1590078454412592}}, {events = 0, data = {ptr = 0x5555557ff800, fd = 1434449920, u32 = 1434449920, u64 = 93824995031040}}, {events = 4294958848, data = {ptr = 0x200007fff, fd = 32767, u32 = 32767, u64 = 8589967359}}, {events = 0, data = {ptr = 0x2, fd = 2, u32 = 2, u64 = 2}}, {events = 3500170768, data = {ptr = 0x557f951000007fff, fd = 32767, u32 = 32767, u64 = 6160806711218175999}}, {events = 21845, data = {ptr = 0x5555555b52c6 <boost::asio::detail::start_read_buffer_sequence_op<boost::asio::basic_stream_socket<boost::asio::ip::tcp, boost::asio::execution::any_executor<boost::asio::execution::context_as_t<boost::asio::execution_context&>, boost::asio::execution::detail::blocking::never_t<0>, boost::asio::execution::prefer_only<boost::asio::execution::detail::blocking::possibly_t<0> >, boost::asio::execution::prefer_only<boost::asio::execution::detail::outstanding_work::tracked_t<0> >, boost::asio::execution::prefer_only<boost::asio::execution::detail::outstanding_work::untracked_t<0> >, boost::asio::execution::prefer_only<boost::asio::execution::detail::relationship::fork_t<0> >, boost::asio::execution::prefer_only<boost::asio::execution::detail::relationship::continuation_t<0> > > >, boost::asio::mutable_buffers_1, boost::asio::mutable_buffer const*, boost::asio::detail::transfer_all_t, boost::_bi::bind_t<void, boost::_mfi::mf1<void, Connection, boost::system::error_code const&>, boost::_bi::list2<boost::_bi::value<boost::shared_ptr<Connection> >, boost::arg<1> (*)()> > >(boost::asio::basic_stream_socket<boost::asio::ip::tcp, boost::asio::execution::any_executor<boost::asio::execution::context_as_t<boost::asio::execution_context&>, boost::asio::execution::detail::blocking::never_t<0>, boost::asio::execution::prefer_only<boost::asio::execution::detail::blocking::possibly_t<0> >, boost::asio::execution::prefer_only<boost::asio::execution::detail::outstanding_work::tracked_t<0> >, boost::asio::execution::prefer_only<boost::asio::execution::detail::outstanding_work::untracked_t<0> >, boost::asio::execution::prefer_only<boost::asio::execution::detail::relationship::fork_t<0> >, boost::asio::execution::prefer_only<boost::asio::execution::detail::relationship::continuation_t<0> > > >&, boost::asio::mutable_buffers_1 const&, boost::asio::mutable_buffer const* const&, boost::asio::detail::transfer_all_t&, boost::_bi::bind_t<void, boost::_mfi::mf1<void, Connection, boost::system::error_code const&>, boost::_bi::list2<boost::_bi::value<boost::shared_ptr<Connection> >, boost::arg<1> (*)()> >&)+675>, fd = 1432048326, u32 = 1432048326, u64 = 93824992629446}}, {events = 1, data = {ptr = 0x555b51df00000000, fd = 0, u32 = 0, u64 = 6150599734324101120}}, {events = 21845, data = {ptr = 0x7fffd0a10090, fd = -794754928, u32 = 3500212368, u64 = 140736693600400}}, {events = 3500212336, data = {ptr = 0x100007fff, fd = 32767, u32 = 32767, u64 = 4295000063}}, {events = 0, data = {ptr = 0x5555555b51df <boost::asio::detail::start_read_buffer_sequence_op<boost::asio::basic_stream_socket<boost::asio::ip::tcp, boost::asio::execution::any_executor<boost::asio::execution::context_as_t<boost::asio::execution_context&>, boost::asio::execution::detail::blocking::never_t<0>, boost::asio::execution::prefer_only<boost::asio::execution::detail::blocking::possibly_t<0> >, boost::asio::execution::prefer_only<boost::asio::execution::detail::outstanding_work::tracked_t<0> >, boost::asio::execution::prefer_only<boost::asio::execution::detail::outstanding_work::untracked_t<0> >, boost::asio::execution::prefer_only<boost::asio::execution::detail::relationship::fork_t<0> >, boost::asio::execution::prefer_only<boost::asio::execution::detail::relationship::continuation_t<0> > > >, boost::asio::mutable_buffers_1, boost::asio::mutable_buffer const*, boost::asio::detail::transfer_all_t, boost::_bi::bind_t<void, boost::_mfi::mf1<void, Connection, boost::system::error_code const&>, boost::_bi::list2<boost::_bi::value<boost::shared_ptr<Connection> >, boost::arg<1> (*)()> > >(boost::asio::basic_stream_socket<boost::asio::ip::tcp, boost::asio::execution::any_executor<boost::asio::execution::context_as_t<boost::asio::execution_context&>, boost::asio::execution::detail::blocking::never_t<0>, boost::asio::execution::prefer_only<boost::asio::execution::detail::blocking::possibly_t<0> >, boost::asio::execution::prefer_only<boost::asio::execution::detail::outstanding_work::tracked_t<0> >, boost::asio::execution::prefer_only<boost::asio::execution::detail::outstanding_work::untracked_t<0> >, boost::asio::execution::prefer_only<boost::asio::execution::detail::relationship::fork_t<0> >, boost::asio::execution::prefer_only<boost::asio::execution::detail::relationship::continuation_t<0> > > >&, boost::asio::mutable_buffers_1 const&, boost::asio::mutable_buffer const* const&, boost::asio::detail::transfer_all_t&, boost::_bi::bind_t<void, boost::_mfi::mf1<void, Connection, boost::system::error_code const&>, boost::_bi::list2<boost::_bi::value<boost::shared_ptr<Connection> >, boost::arg<1> (*)()> >&)+444>, fd = 1432048095, u32 = 1432048095, u64 = 93824992629215}}, {events = 4294958720, data = {ptr = 0x557ff80000007fff, fd = 32767, u32 = 32767, u64 = 6160915494149849087}}, {events = 21845, data = {ptr = 0x5555557ff800, fd = 1434449920, u32 = 1434449920, u64 = 93824995031040}}, {events = 1, data = {ptr = 0xd0a1007000000077, fd = 119, u32 = 119, u64 = 15033297512175763575}}, {events = 32767, data = {ptr = 0x5555557f9510, fd = 1434424592, u32 = 1434424592, u64 = 93824995005712}}, {events = 2, data = {ptr = 0x0, fd = 0, u32 = 0, u64 = 0}}, {events = 0, data = {ptr = 0x1, fd = 1, u32 = 1, u64 = 1}}, {events = 1432002892, data = {ptr = 0x5555, fd = 21845, u32 = 21845, u64 = 21845}}, {events = 0, data = {ptr = 0x0, fd = 0, u32 = 0, u64 = 0}}, {events = 0, data = {ptr = 0x555b0ffe00000000, fd = 0, u32 = 0, u64 = 6150527299700654080}}, {events = 21845, data = {ptr = 0x7fffffffdf78, fd = -8328, u32 = 4294958968, u64 = 140737488347000}}, {events = 1434424560, data = {ptr = 0x557ff65800005555, fd = 21845, u32 = 21845, u64 = 6160913673083704661}}, {events = 21845, data = {ptr = 0x5555557f94f8, fd = 1434424568, u32 = 1434424568, u64 = 93824995005688}}, {events = 1434521184, data = {ptr = 0x555afd9a00005555, fd = 21845, u32 = 21845, u64 = 6150507078994646357}}, {events = 21845, data = {ptr = 0x5555557f94f0, fd = 1434424560, u32 = 1434424560, u64 = 93824995005680}}, {events = 1432005190, data = {ptr = 0x557ff57800005555, fd = 21845, u32 = 21845, u64 = 6160912711011030357}}, {events = 21845, data = {ptr = 0x5555557ff540, fd = 1434449216, u32 = 1434449216, u64 = 93824995030336}}, {events = 1434457232, data = {ptr = 0x555aa43600005555, fd = 21845, u32 = 21845, u64 = 6150408792963044693}}, {events = 21845, data = {ptr = 0x5555555aa59a <Connection::parsePacket(boost::system::error_code const&)>, fd = 1432003994, u32 = 1432003994, u64 = 93824992585114}}, {events = 0, data = {ptr = 0x555aa14c00000000, fd = 0, u32 = 0, u64 = 6150405588917420032}}, {events = 21845, data = {ptr = 0x0, fd = 0, u32 = 0, u64 = 0}}, {events = 0, data = {ptr = 0x0, fd = 0, u32 = 0, u64 = 0}}, {events = 0, data = {ptr = 0x5555555a89ee <Connection::handleReadTimeout(boost::weak_ptr<Connection>, boost::system::error_code const&)>, fd = 1431996910, u32 = 1431996910, u64 = 93824992578030}}, {events = 0, data = {ptr = 0x0, fd = 0, u32 = 0, u64 = 0}}, {events = 0, data = {ptr = 0x1c9c380, fd = 30000000, u32 = 30000000, u64 = 30000000}}, {events = 1431996910, data = {ptr = 0x5555, fd = 21845, u32 = 21845, u64 = 21845}}, {events = 0, data = {ptr = 0x0, fd = 0, u32 = 0, u64 = 0}}, {events = 1434523040, data = {ptr = 0x557f94f000005555, fd = 21845, u32 = 21845, u64 = 6160806573779211605}}, {events = 21845, data = {ptr = 0x5555558115a0, fd = 1434523040, u32 = 1434523040, u64 = 93824995104160}}, {events = 1434424560, data = {ptr = 0x558115a000005555, fd = 21845, u32 = 21845, u64 = 6161229542158521685}}, {events = 21845, data = {ptr = 0x5555557f94f0, fd = 1434424560, u32 = 1434424560, u64 = 93824995005680}}, {events = 1434523040, data = {ptr = 0x557f951000005555, fd = 21845, u32 = 21845, u64 = 6160806711218165077}}, {events = 21845, data = {ptr = 0x2, fd = 2, u32 = 2, u64 = 2}}, {events = 32, data = {ptr = 0xffffe16000000000, fd = 0, u32 = 0, u64 = 18446710401165950976}}, {events = 32767, data = {ptr = 0x7fffffffdfd0, fd = -8240, u32 = 4294959056, u64 = 140737488347088}}, {events = 4294959888, data = {ptr = 0x55810e1000007fff, fd = 32767, u32 = 32767, u64 = 6161221227101847551}}, {events = 21845, data = {ptr = 0x7fffffffe180, fd = -7808, u32 = 4294959488, u64 = 140737488347520}}, {events = 4294959296, data = {ptr = 0xffffe31000007fff, fd = 32767, u32 = 32767, u64 = 18446712256591855615}}, {events = 32767, data = {ptr = 0x555555810e10, fd = 1434521104, u32 = 1434521104, u64 = 93824995102224}}, {events = 4294959936, data = {ptr = 0x7fff, fd = 32767, u32 = 32767, u64 = 32767}}, {events = 0, data = {ptr = 0x5555555b4da7 <boost::asio::detail::read_op<boost::asio::basic_stream_socket<boost::asio::ip::tcp, boost::asio::execution::any_executor<boost::asio::execution::context_as_t<boost::asio::execution_context&>, boost::asio::execution::detail::blocking::never_t<0>, boost::asio::execution::prefer_only<boost::asio::execution::detail::blocking::possibly_t<0> >, boost::asio::execution::prefer_only<boost::asio::execution::detail::outstanding_work::tracked_t<0> >, boost::asio::execution::prefer_only<boost::asio::execution::detail::outstanding_work::untracked_t<0> >, boost::asio::execution::prefer_only<boost::asio::execution::detail::relationship::fork_t<0> >, boost::asio::execution::prefer_only<boost::asio::execution::detail::relationship::continuation_t<0> > > >, boost::asio::mutable_buffers_1, boost::asio::mutable_buffer const*, boost::asio::detail::transfer_all_t, boost::_bi::bind_t<void, boost::_mfi::mf1<void, Connection, boost::system::error_code const&>, boost::_bi::list2<boost::_bi::value<boost::shared_ptr<Connection> >, boost::arg<1> (*)()> > >::operator()(boost::system::error_code const&, unsigned long, int)+95>, fd = 1432047015, u32 = 1432047015, u64 = 93824992628135}}, {events = 1434521104, data = {ptr = 0x6190d60000005555, fd = 21845, u32 = 21845, u64 = 7030354313813710165}}, {events = 4252022064, data = {ptr = 0x5555557e1fe0 <OutputMessagePool::getInstance()::instance>, fd = 1434329056, u32 = 1434329056, u64 = 93824994910176}}, {events = 3506886304, data = {ptr = 0x55810d6000007fff, fd = 32767, u32 = 32767, u64 = 6161220471187603455}}, {events = 21845, data = {ptr = 0xfd70b5306190d600, fd = 1636881920, u32 = 1636881920, u64 = 18262295708387300864}}, {events = 1434521104, data = {ptr = 0x557ff80000005555, fd = 21845, u32 = 21845, u64 = 6160915494149838165}}, {events = 21845, data = {ptr = 0x7fffffffe310, fd = -7408, u32 = 4294959888, u64 = 140737488347920}}, {events = 1636881920, data = {ptr = 0xffffe340fd70b530, fd = -42945232, u32 = 4252022064, u64 = 18446712467002275120}}, {events = 32767, data = {ptr = 0x5555557ff800, fd = 1434449920, u32 = 1434449920, u64 = 93824995031040}}, {events = 4294959888, data = {ptr = 0x55810e1000007fff, fd = 32767, u32 = 32767, u64 = 6161221227101847551}}, {events = 21845, data = {ptr = 0x7fffffffe340, fd = -7360, u32 = 4294959936, u64 = 140737488347968}}, {events = 0, data = {ptr = 0x55810d6000000000, fd = 0, u32 = 0, u64 = 6161220471187570688}}, {events = 21845, data = {ptr = 0x5555555b6428 <boost::asio::detail::reactive_socket_recv_op<boost::asio::mutable_buffers_1, boost::asio::detail::read_op<boost::asio::basic_stream_socket<boost::asio::ip::tcp, boost::asio::execution::any_executor<boost::asio::execution::context_as_t<boost::asio::execution_context&>, boost::asio::execution::detail::blocking::never_t<0>, boost::asio::execution::prefer_only<boost::asio::execution::detail::blocking::possibly_t<0> >, boost::asio::execution::prefer_only<boost::asio::execution::detail::outstanding_work::tracked_t<0> >, boost::asio::execution::prefer_only<boost::asio::execution::detail::outstanding_work::untracked_t<0> >, boost::asio::execution::prefer_only<boost::asio::execution::detail::relationship::fork_t<0> >, boost::asio::execution::prefer_only<boost::asio::execution::detail::relationship::continuation_t<0> > > >, boost::asio::mutable_buffers_1, boost::asio::mutable_buffer const*, boost::asio::detail::transfer_all_t, boost::_bi::bind_t<void, boost::_mfi::mf1<void, Connection, boost::system::error_code const&>, boost::_bi::list2<boost::_bi::value<boost::shared_ptr<Connection> >, boost::arg<1> (*)()> > >, boost::asio::execution::any_executor<boost::asio::execution::context_as_t<boost::asio::execution_context&>, boost::asio::execution::detail::blocking::never_t<0>, boost::asio::execution::prefer_only<boost::asio::execution::detail::blocking::possibly_t<0> >, boost::asio::execution::prefer_only<boost::asio::execution::detail::outstanding_work::tracked_t<0> >, boost::asio::execution::prefer_only<boost::asio::execution::detail::outstanding_work::untracked_t<0> >, boost::asio::execution::prefer_only<boost::asio::execution::detail::relationship::fork_t<0> >, boost::asio::execution::prefer_only<boost::asio::execution::detail::relationship::continuation_t<0> > > >::do_complete(void*, boost::asio::detail::scheduler_operation*, boost::system::error_code const&, unsigned long)+1063>, fd = 1432052776, u32 = 1432052776, u64 = 93824992633896}}, {events = 0, data = {ptr = 0xd0ff11708000001b, fd = -2147483621, u32 = 2147483675, u64 = 15059774853831720987}}, {events = 32767, data = {ptr = 0x555555810d60, fd = 1434520928, u32 = 1434520928, u64 = 93824995102048}}, {events = 1431996939, data = {ptr = 0x55810e1000005555, fd = 21845, u32 = 21845, u64 = 6161221227101836629}}, {events = 21845, data = {ptr = 0x7fffeb5571f0, fd = -346721808, u32 = 3948245488, u64 = 140737141633520}}, {events = 1434520928, data = {ptr = 0x555b5edf00005555, fd = 21845, u32 = 21845, u64 = 6150614027975284053}}, {events = 21845, data = {ptr = 0xc, fd = 12, u32 = 12, u64 = 12}}, {events = 1433529616, data = {ptr = 0x555b37b300005555, fd = 21845, u32 = 21845, u64 = 6150570958043239765}}, {events = 21845, data = {ptr = 0x55555571cf4e <boost::asio::detail::socket_ops::non_blocking_accept(int, unsigned char, sockaddr*, unsigned long*, boost::system::error_code&, int&)+130>, fd = 1433521998, u32 = 1433521998, u64 = 93824994103118}}, {events = 0, data = {ptr = 0xf7b9c32700000000, fd = 0, u32 = 0, u64 = 17850513170330812416}}, {events = 32767, data = {ptr = 0x2, fd = 2, u32 = 2, u64 = 2}}, {events = 1434424592, data = {ptr = 0x200005555, fd = 21845, u32 = 21845, u64 = 8589956437}}, {events = 0, data = {ptr = 0x557ff940, fd = 1434450240, u32 = 1434450240, u64 = 1434450240}}, {events = 3500212336, data = {ptr = 0x557f951000007fff, fd = 32767, u32 = 32767, u64 = 6160806711218175999}}, {events = 21845, data = {ptr = 0x2, fd = 2, u32 = 2, u64 = 2}}, {events = 2, data = {ptr = 0xd0a1007000000000, fd = 0, u32 = 0, u64 = 15033297512175763456}}, {events = 32767, data = {ptr = 0x5555557f9512, fd = 1434424594, u32 = 1434424594, u64 = 93824995005714}}, {events = 12, data = {ptr = 0xc00000000, fd = 0, u32 = 0, u64 = 51539607552}}, {events = 0, data = {ptr = 0x5555555a89ee <Connection::handleReadTimeout(boost::weak_ptr<Connection>, boost::system::error_code const&)>, fd = 1431996910, u32 = 1431996910, u64 = 93824992578030}}, {events = 1434424560, data = {ptr = 0x558115a000005555, fd = 21845, u32 = 21845, u64 = 6161229542158521685}}, {events = 21845, data = {ptr = 0x640000010000007d, fd = 125, u32 = 125, u64 = 7205759408087761021}}, {events = 1434269040, data = {ptr = 0x5555, fd = 21845, u32 = 21845, u64 = 21845}}, {events = 1677721600, data = {ptr = 0x5555557d3570 <boost::system::detail::cat_holder<void>::system_category_instance>, fd = 1434269040, u32 = 1434269040, u64 = 93824994850160}}, {events = 12, data = {ptr = 0x557d486000000000, fd = 0, u32 = 0, u64 = 6160159442466766848}}, {events = 21845, data = {ptr = 0x0, fd = 0, u32 = 0, u64 = 0}}, {events = 1434273856, data = {ptr = 0x557d468000005555, fd = 21845, u32 = 21845, u64 = 6160157380882486613}}, {events = 21845, data = {ptr = 0x7fffffffe1a0, fd = -7776, u32 = 4294959520, u64 = 140737488347552}}, {events = 0, data = {ptr = 0x0, fd = 0, u32 = 0, u64 = 0}}, {events = 0, data = {ptr = 0x0, fd = 0, u32 = 0, u64 = 0}}, {events = 1434424560, data = {ptr = 0x558115a000005555, fd = 21845, u32 = 21845, u64 = 6161229542158521685}}, {events = 21845, data = {ptr = 0x7fffffffe3e0, fd = -7200, u32 = 4294960096, u64 = 140737488348128}}, {events = 4294959888, data = {ptr = 0x55810e1000007fff, fd = 32767, u32 = 32767, u64 = 6161221227101847551}}, {events = 21845, data = {ptr = 0x555555810d60, fd = 1434520928, u32 = 1434520928, u64 = 93824995102048}}}
2024-04-29 20:58:39 -          num_events = <optimized out>
2024-04-29 20:58:39 -          check_timers = <optimized out>
2024-04-29 20:58:39 -  #2  0x00005555555af480 in boost::asio::detail::scheduler::do_run_one (this=this@entry=0x555555810d60, lock=..., this_thread=..., ec=...) at /usr/include/boost/asio/detail/impl/scheduler.ipp:465
2024-04-29 20:58:39 -          on_exit = {scheduler_ = 0x555555810d60, lock_ = 0x7fffffffe310, this_thread_ = 0x7fffffffe340}
2024-04-29 20:58:39 -          o = <optimized out>
2024-04-29 20:58:39 -          more_handlers = false
2024-04-29 20:58:39 -  #3  0x00005555555b09cd in boost::asio::detail::scheduler::run (this=0x555555810d60, ec=...) at /usr/include/boost/asio/detail/impl/scheduler.ipp:204
2024-04-29 20:58:39 -          this_thread = {<boost::asio::detail::thread_info_base> = {<boost::asio::detail::noncopyable> = {<No data fields>}, reusable_memory_ = {0x7fffeb5571f0, 0x0, 0x0}, has_pending_exception_ = 0, pending_exception_ = {_M_exception_object = 0x0}}, private_op_queue = {<boost::asio::detail::noncopyable> = {<No data fields>}, front_ = 0x0, back_ = 0x0}, private_outstanding_work = 0}
2024-04-29 20:58:39 -          ctx = {<boost::asio::detail::noncopyable> = {<No data fields>}, key_ = 0x555555810d60, value_ = 0x7fffffffe340, next_ = 0x0}
2024-04-29 20:58:39 -          lock = {<boost::asio::detail::noncopyable> = {<No data fields>}, mutex_ = @0x555555810d90, locked_ = false}
2024-04-29 20:58:39 -          n = 966
2024-04-29 20:58:39 -  #4  0x000055555571b185 in boost::asio::io_context::run (this=0x7fffffffe568) at /usr/include/boost/asio/impl/io_context.ipp:63
2024-04-29 20:58:39 -          ec = {val_ = 0, failed_ = false, cat_ = 0x5555557d3570 <boost::system::detail::cat_holder<void>::system_category_instance>}
2024-04-29 20:58:39 -          s = <optimized out>
2024-04-29 20:58:39 -          ec = {val_ = <optimized out>, failed_ = <optimized out>, cat_ = <optimized out>}
2024-04-29 20:58:39 -          s = <optimized out>
2024-04-29 20:58:39 -  #5  ServiceManager::run (this=this@entry=0x7fffffffe560) at server.cpp:218
2024-04-29 20:58:39 -          __PRETTY_FUNCTION__ = "void ServiceManager::run()"
2024-04-29 20:58:39 -  #6  0x00005555556b3a5f in main (argc=<optimized out>, argv=<optimized out>) at otserv.cpp:358
2024-04-29 20:58:39 -          args = std::vector of length 1, capacity 1 = {"/home/servidor/theforgottenserver"}
2024-04-29 20:58:40 -          servicer = {<boost::noncopyable_::noncopyable> = {<boost::noncopyable_::base_token> = {<No data fields>}, <No data fields>}, _vptr.ServiceManager = 0x5555557d5e48 <vtable for ServiceManager+16>, m_io_service = {<boost::asio::execution_context> = {<boost::asio::detail::noncopyable> = {<No data fields>}, service_registry_ = 0x555555810d10}, impl_ = @0x555555810d60}, deathTimer = {impl_ = {service_ = 0x555555810e60, implementation_ = {<boost::asio::detail::noncopyable> = {<No data fields>}, expiry = {<boost::date_time::base_time<boost::posix_time::ptime, boost::date_time::counted_time_system<boost::date_time::counted_time_rep<boost::posix_time::millisec_posix_time_system_config> > >> = {<boost::operators_impl::less_than_comparable<boost::posix_time::ptime, boost::operators_impl::equality_comparable<boost::posix_time::ptime, boost::posix_time::ptime, boost::operators_impl::operators_detail::empty_base<boost::posix_time::ptime>, boost::operators_impl::operators_detail::false_t>, boost::operators_impl::operators_detail::empty_base<boost::posix_time::ptime>, boost::operators_impl::operators_detail::true_t>> = {<boost::operators_impl::less_than_comparable1<boost::posix_time::ptime, boost::operators_impl::equality_comparable<boost::posix_time::ptime, boost::posix_time::ptime, boost::operators_impl::operators_detail::empty_base<boost::posix_time::ptime>, boost::operators_impl::operators_detail::false_t> >> = {<boost::operators_impl::equality_comparable<boost::posix_time::ptime, boost::posix_time::ptime, boost::operators_impl::operators_detail::empty_base<boost::posix_time::ptime>, boost::operators_impl::operators_detail::false_t>> = {<boost::operators_impl::equality_comparable1<boost::posix_time::ptime, boost::operators_impl::operators_detail::empty_base<boost::posix_time::ptime> >> = {<boost::operators_impl::operators_detail::empty_base<boost::posix_time::ptime>> = {<No data fields>}, <No data fields>}, <No data fields>}, <No data fields>}, <No data fields>}, time_ = {time_count_ = {value_ = 9223372036854775806}}}, <No data fields>}, might_have_pending_waits = false, timer_data = {op_queue_ = {<boost::asio::detail::noncopyable> = {<No data fields>}, front_ = 0x0, back_ = 0x0}, heap_index_ = 18446744073709551615, next_ = 0x0, prev_ = 0x0}}, executor_ = {<boost::asio::execution::detail::any_executor_base> = {object_ = {__data = "h\345\377\377\377\177\000\000\020\063}U\000\000\000", __align = {<No data fields>}}, object_fns_ = 0x5555557d4740 <boost::asio::execution::detail::any_executor_base::object_fns_table<boost::asio::io_context::basic_executor_type<std::allocator<void>, 0u> >(std::enable_if<(!std::is_same<boost::asio::io_context::basic_executor_type<std::allocator<void>, 0u>, void>::value)&&(!std::is_same<boost::asio::io_context::basic_executor_type<std::allocator<void>, 0u>, std::shared_ptr<void> >::value), void>::type*)::fns>, target_ = 0x7fffffffe5b8, target_fns_ = 0x5555557d4760 <boost::asio::execution::detail::any_executor_base::target_fns_table<boost::asio::io_context::basic_executor_type<std::allocator<void>, 0u> >(bool, std::enable_if<!std::is_same<boost::asio::io_context::basic_executor_type<std::allocator<void>, 0u>, void>::value, void>::type*)::fns_with_execute>}, <boost::asio::execution::detail::any_executor_context<boost::asio::execution::any_executor<boost::asio::execution::context_as_t<boost::asio::execution_context&>, boost::asio::execution::detail::blocking::never_t<0>, boost::asio::execution::prefer_only<boost::asio::execution::detail::blocking::possibly_t<0> >, boost::asio::execution::prefer_only<boost::asio::execution::detail::outstanding_work::tracked_t<0> >, boost::asio::execution::prefer_only<boost::asio::execution::detail::outstanding_work::untracked_t<0> >, boost::asio::execution::prefer_only<boost::asio::execution::detail::relationship::fork_t<0> >, boost::asio::execution::prefer_only<boost::asio::execution::detail::relationship::continuation_t<0> > >, boost::asio::execution::detail::supportable_properties<0, void(boost::asio::execution::context_as_t<boost::asio::execution_context&>, boost::asio::execution::detail::blocking::never_t<0>, boost::asio::execution::prefer_only<boost::asio::execution::detail::blocking::possibly_t<0> >, boost::asio::execution::prefer_only<boost::asio::execution::detail::outstanding_work::tracked_t<0> >, boost::asio::execution::prefer_only<boost::asio::execution::detail::outstanding_work::untracked_t<0> >, boost::asio::execution::prefer_only<boost::asio::execution::detail::relationship::fork_t<0> >, boost::asio::execution::prefer_only<boost::asio::execution::detail::relationship::continuation_t<0> >)>::find_context_as_property, void>> = {<No data fields>}, prop_fns_ = 0x5555557d4780 <boost::asio::execution::any_executor<boost::asio::execution::context_as_t<boost::asio::execution_context&>, boost::asio::execution::detail::blocking::never_t<0>, boost::asio::execution::prefer_only<boost::asio::execution::detail::blocking::possibly_t<0> >, boost::asio::execution::prefer_only<boost::asio::execution::detail::outstanding_work::tracked_t<0> >, boost::asio::execution::prefer_only<boost::asio::execution::detail::outstanding_work::untracked_t<0> >, boost::asio::execution::prefer_only<boost::asio::execution::detail::relationship::fork_t<0> >, boost::asio::execution::prefer_only<boost::asio::execution::detail::relationship::continuation_t<0> > >::prop_fns_table<boost::asio::io_context::basic_executor_type<std::allocator<void>, 0u> >()::fns>}}}, running = false, m_acceptors = std::map with 2 elements = {[7172] = {px = 0x7fffe8c236b0, pn = {pi_ = 0x7fffd0a04890}}, [7183] = {px = 0x7fffd02fca20, pn = {pi_ = 0x7fffd02fca70}}}}
2024-04-29 20:58:40 -          sigh = {__sigaction_handler = {sa_handler = 0x1, sa_sigaction = 0x1}, sa_mask = {__val = {0 <repeats 16 times>}}, sa_flags = 0, sa_restorer = 0x4000000042}
2024-04-29 20:58:40 -          outPath = ""
2024-04-29 20:58:40 -          errPath = ""
2024-04-29 20:58:40 -  > Saving server...
2024-04-29 20:58:41 -  > SAVE: Complete in 0.848 seconds using relational house storage.
2024-04-29 20:58:41 -  A debugging session is active.
2024-04-29 20:58:41 -  
2024-04-29 20:58:41 -  	Inferior 1 [process 40984] will be killed.
2024-04-29 20:58:41 -  
2024-04-29 20:58:41 -  Quit anyway? (y or n) [answered Y; input not from terminal]
