2024-07-10 17:05:22 -  [Thread debugging using libthread_db enabled]
2024-07-10 17:05:22 -  Using host libthread_db library "/lib/x86_64-linux-gnu/libthread_db.so.1".
2024-07-10 17:05:22 -  [New Thread 0x7ffff52a3700 (LWP 19646)]
2024-07-10 17:05:22 -  otPokemon Imperium, version 0.3.6 (otPokemon Imperium.)
2024-07-10 17:05:22 -  Compiled with GNU C++ version 10.2.1 20210110 at Jun 26 2024, 23:14:09.
2024-07-10 17:05:22 -  A server developed by : GOD Vitor.
2024-07-10 17:05:22 -  otPokemon Imperium - Pokemon Tibia Online.
2024-07-10 17:05:22 -  
2024-07-10 17:05:22 -  >> Loading config (config.lua)
2024-07-10 17:05:22 -  > Using SHA1 encryption
2024-07-10 17:05:22 -  >> Loading RSA key
2024-07-10 17:05:22 -  >> Starting SQL connection
2024-07-10 17:05:22 -  >> Running Database Manager
2024-07-10 17:05:22 -  > No tables were optimized.
2024-07-10 17:05:22 -  >> Loading items
2024-07-10 17:05:22 -  >> Loading groups
2024-07-10 17:05:22 -  >> Loading vocations
2024-07-10 17:05:22 -  >> Loading script systems
2024-07-10 17:05:23 -  >> Loading chat channels
2024-07-10 17:05:23 -  >> Loading outfits
2024-07-10 17:05:23 -  >> Loading experience stages
2024-07-10 17:05:23 -  >> Loading monsters
2024-07-10 17:05:23 -  I/O warning : failed to load external entity "datapack/monster/pokes/geracao 1/Sks Mewtwo.xml"
2024-07-10 17:05:23 -  [Warning - Monsters::loadMonster] Cannot load monster (Sks Mewtwo) file (datapack/monster/pokes/geracao 1/Sks Mewtwo.xml).
2024-07-10 17:05:23 -  Info: failed to load external entity "datapack/monster/pokes/geracao 1/Sks Mewtwo.xml"
2024-07-10 17:05:23 -  
2024-07-10 17:05:23 -  
2024-07-10 17:05:23 -  I/O warning : failed to load external entity "datapack/monster/pokes/Control/CMGengar.xml"
2024-07-10 17:05:23 -  [Warning - Monsters::loadMonster] Cannot load monster (Gengar cm) file (datapack/monster/pokes/Control/CMGengar.xml).
2024-07-10 17:05:23 -  Info: failed to load external entity "datapack/monster/pokes/Control/CMGengar.xml"
2024-07-10 17:05:23 -  
2024-07-10 17:05:23 -  
2024-07-10 17:05:23 -  I/O warning : failed to load external entity "datapack/monster/pokes/Control/CMAlakazam.xml"
2024-07-10 17:05:23 -  [Warning - Monsters::loadMonster] Cannot load monster (Alakazam cm) file (datapack/monster/pokes/Control/CMAlakazam.xml).
2024-07-10 17:05:23 -  Info: failed to load external entity "datapack/monster/pokes/Control/CMAlakazam.xml"
2024-07-10 17:05:23 -  
2024-07-10 17:05:23 -  
2024-07-10 17:05:23 -  I/O warning : failed to load external entity "datapack/monster/pokes/Control/CMHaunter.xml"
2024-07-10 17:05:23 -  [Warning - Monsters::loadMonster] Cannot load monster (Haunter cm) file (datapack/monster/pokes/Control/CMHaunter.xml).
2024-07-10 17:05:23 -  Info: failed to load external entity "datapack/monster/pokes/Control/CMHaunter.xml"
2024-07-10 17:05:23 -  
2024-07-10 17:05:23 -  
2024-07-10 17:05:23 -  I/O warning : failed to load external entity "datapack/monster/pokes/Control/CMSlowking.xml"
2024-07-10 17:05:23 -  [Warning - Monsters::loadMonster] Cannot load monster (Slowking cm) file (datapack/monster/pokes/Control/CMSlowking.xml).
2024-07-10 17:05:23 -  Info: failed to load external entity "datapack/monster/pokes/Control/CMSlowking.xml"
2024-07-10 17:05:23 -  
2024-07-10 17:05:23 -  
2024-07-10 17:05:23 -  I/O warning : failed to load external entity "datapack/monster/pokes/Control/CMTentacruel.xml"
2024-07-10 17:05:23 -  [Warning - Monsters::loadMonster] Cannot load monster (Tentacruel cm) file (datapack/monster/pokes/Control/CMTentacruel.xml).
2024-07-10 17:05:23 -  Info: failed to load external entity "datapack/monster/pokes/Control/CMTentacruel.xml"
2024-07-10 17:05:23 -  
2024-07-10 17:05:23 -  
2024-07-10 17:05:23 -  I/O warning : failed to load external entity "datapack/monster/pokes/Control/CMShiny Alakazam.xml"
2024-07-10 17:05:23 -  [Warning - Monsters::loadMonster] Cannot load monster (Shiny Alakazam cm) file (datapack/monster/pokes/Control/CMShiny Alakazam.xml).
2024-07-10 17:05:23 -  Info: failed to load external entity "datapack/monster/pokes/Control/CMShiny Alakazam.xml"
2024-07-10 17:05:23 -  
2024-07-10 17:05:23 -  
2024-07-10 17:05:23 -  I/O warning : failed to load external entity "datapack/monster/pokes/Control/CMShiny Gengar.xml"
2024-07-10 17:05:23 -  [Warning - Monsters::loadMonster] Cannot load monster (Shiny Gengar cm) file (datapack/monster/pokes/Control/CMShiny Gengar.xml).
2024-07-10 17:05:23 -  Info: failed to load external entity "datapack/monster/pokes/Control/CMShiny Gengar.xml"
2024-07-10 17:05:23 -  
2024-07-10 17:05:23 -  
2024-07-10 17:05:23 -  I/O warning : failed to load external entity "datapack/monster/pokes/Control/CMShiny Tentacruel.xml"
2024-07-10 17:05:23 -  [Warning - Monsters::loadMonster] Cannot load monster (Shiny Tentacruel cm) file (datapack/monster/pokes/Control/CMShiny Tentacruel.xml).
2024-07-10 17:05:23 -  Info: failed to load external entity "datapack/monster/pokes/Control/CMShiny Tentacruel.xml"
2024-07-10 17:05:23 -  
2024-07-10 17:05:23 -  
2024-07-10 17:05:23 -  >> Loading mods...
2024-07-10 17:05:23 -  > Loading firstitems.xml... done.
2024-07-10 17:05:23 -  > 1 mods were loaded.
2024-07-10 17:05:23 -  >> Loading map and spawns...
2024-07-10 17:05:24 -  > Map size: 2501x4119.
2024-07-10 17:05:24 -  > Map descriptions: 
2024-07-10 17:05:24 -  "Saved with Remere's Map Editor 3.7.0"
2024-07-10 17:05:24 -  "Poke Sapphire
2024-07-10 17:05:24 -  Thalles and Bianca
2024-07-10 17:05:24 -  
2024-07-10 17:05:24 -  Map by [GM] Bob Dylan"
2024-07-10 17:05:25 -  [Warning - IOMap::loadMap] Movable item in house: 1096, item type: 2080, pos 1174/1007/7
2024-07-10 17:05:26 -  [Warning - IOMap::loadMap] Movable item in house: 1096, item type: 38041, pos 1175/1028/7
2024-07-10 17:05:31 -  > Map loading time: 8.437 seconds.
2024-07-10 17:05:32 -  [Warning - Spawns::loadFromXml] Magneton ( 01652 / 00955 / 002 ) spawntime cannot be less than 1 seconds.
2024-07-10 17:05:32 -  [Warning - Spawns::loadFromXml] Electabuzz ( 01640 / 00989 / 002 ) spawntime cannot be less than 1 seconds.
2024-07-10 17:05:32 -  I/O warning : failed to load external entity "datapack/npc/Geraldo.xml"
2024-07-10 17:05:32 -  [Warning - Npc::loadFromXml] Cannot load npc file (datapack/npc/Geraldo.xml).
2024-07-10 17:05:32 -  Info: failed to load external entity "datapack/npc/Geraldo.xml"
2024-07-10 17:05:32 -  
2024-07-10 17:05:32 -  
2024-07-10 17:05:32 -  [Warning - Spawns::loadFromXml] Voltorb ( 01640 / 00991 / 004 ) spawntime cannot be less than 1 seconds.
2024-07-10 17:05:32 -  I/O warning : failed to load external entity "datapack/npc/roberto.xml"
2024-07-10 17:05:32 -  [Warning - Npc::loadFromXml] Cannot load npc file (datapack/npc/roberto.xml).
2024-07-10 17:05:32 -  Info: failed to load external entity "datapack/npc/roberto.xml"
2024-07-10 17:05:32 -  
2024-07-10 17:05:32 -  
2024-07-10 17:05:32 -  [Spawn::addMonster] Cannot find "Pansage"
2024-07-10 17:05:32 -  [Spawn::addMonster] Cannot find "Pansage"
2024-07-10 17:05:32 -  [Spawn::addMonster] Cannot find "Pansage"
2024-07-10 17:05:32 -  [Spawn::addMonster] Cannot find "Pansage"
2024-07-10 17:05:32 -  [Spawn::addMonster] Cannot find "Golett"
2024-07-10 17:05:32 -  [Spawn::addMonster] Cannot find "Golett"
2024-07-10 17:05:32 -  [Spawn::addMonster] Cannot find "Golett"
2024-07-10 17:05:32 -  [Spawn::addMonster] Cannot find "Golett"
2024-07-10 17:05:32 -  [Spawn::addMonster] Cannot find "Golett"
2024-07-10 17:05:32 -  [Spawn::addMonster] Cannot find "Golett"
2024-07-10 17:05:32 -  [Spawn::addMonster] Cannot find "Golett"
2024-07-10 17:05:32 -  [Spawn::addMonster] Cannot find "Gigalith"
2024-07-10 17:05:32 -  [Spawn::addMonster] Cannot find "Gigalith"
2024-07-10 17:05:32 -  [Spawn::addMonster] Cannot find "Gigalith"
2024-07-10 17:05:32 -  [Spawn::addMonster] Cannot find "Gigalith"
2024-07-10 17:05:32 -  [Spawn::addMonster] Cannot find "Gigalith"
2024-07-10 17:05:32 -  [Spawn::addMonster] Cannot find "Gigalith"
2024-07-10 17:05:32 -  [Spawn::addMonster] Cannot find "Gigalith"
2024-07-10 17:05:32 -  [Spawn::addMonster] Cannot find "Gigalith"
2024-07-10 17:05:32 -  [Spawn::addMonster] Cannot find "Gigalith"
2024-07-10 17:05:32 -  [Spawn::addMonster] Cannot find "Gigalith"
2024-07-10 17:05:32 -  [Spawn::addMonster] Cannot find "Gigalith"
2024-07-10 17:05:32 -  [Spawn::addMonster] Cannot find "Gigalith"
2024-07-10 17:05:32 -  [Spawn::addMonster] Cannot find "Gigalith"
2024-07-10 17:05:32 -  [Spawn::addMonster] Cannot find "Gigalith"
2024-07-10 17:05:32 -  [Spawn::addMonster] Cannot find "Gigalith"
2024-07-10 17:05:32 -  [Spawn::addMonster] Cannot find "Gigalith"
2024-07-10 17:05:32 -  [Spawn::addMonster] Cannot find "Gigalith"
2024-07-10 17:05:32 -  [Spawn::addMonster] Cannot find "Gigalith"
2024-07-10 17:05:32 -  [Spawn::addMonster] Cannot find "Gigalith"
2024-07-10 17:05:32 -  [Spawn::addMonster] Cannot find "Gigalith"
2024-07-10 17:05:32 -  [Spawn::addMonster] Cannot find "Gigalith"
2024-07-10 17:05:32 -  [Spawn::addMonster] Cannot find "Gigalith"
2024-07-10 17:05:32 -  [Spawn::addMonster] Cannot find "Gigalith"
2024-07-10 17:05:32 -  [Spawn::addMonster] Cannot find "Gigalith"
2024-07-10 17:05:32 -  [Spawn::addMonster] Cannot find "Beartic"
2024-07-10 17:05:32 -  [Spawn::addMonster] Cannot find "Beartic"
2024-07-10 17:05:32 -  [Spawn::addMonster] Cannot find "Beartic"
2024-07-10 17:05:32 -  [Spawn::addMonster] Cannot find "Beartic"
2024-07-10 17:05:32 -  [Spawn::addMonster] Cannot find "Beartic"
2024-07-10 17:05:32 -  [Spawn::addMonster] Cannot find "Beartic"
2024-07-10 17:05:32 -  [Spawn::addMonster] Cannot find "Beartic"
2024-07-10 17:05:32 -  [Spawn::addMonster] Cannot find "Beartic"
2024-07-10 17:05:32 -  [Spawn::addMonster] Cannot find "Beartic"
2024-07-10 17:05:32 -  [Spawn::addMonster] Cannot find "Beartic"
2024-07-10 17:05:32 -  [Spawn::addMonster] Cannot find "Beartic"
2024-07-10 17:05:32 -  [Spawn::addMonster] Cannot find "Beartic"
2024-07-10 17:05:32 -  [Spawn::addMonster] Cannot find "Beartic"
2024-07-10 17:05:32 -  [Spawn::addMonster] Cannot find "Beartic"
2024-07-10 17:05:32 -  [Spawn::addMonster] Cannot find "Beartic"
2024-07-10 17:05:32 -  [Spawn::addMonster] Cannot find "Beartic"
2024-07-10 17:05:32 -  [Spawn::addMonster] Cannot find "Beartic"
2024-07-10 17:05:32 -  [Spawn::addMonster] Cannot find "Beartic"
2024-07-10 17:05:32 -  [Spawn::addMonster] Cannot find "Beartic"
2024-07-10 17:05:32 -  [Spawn::addMonster] Cannot find "Beartic"
2024-07-10 17:05:32 -  [Spawn::addMonster] Cannot find "Beartic"
2024-07-10 17:05:32 -  I/O warning : failed to load external entity "datapack/npc/Capitao Luiz.xml"
2024-07-10 17:05:32 -  [Warning - Npc::loadFromXml] Cannot load npc file (datapack/npc/Capitao Luiz.xml).
2024-07-10 17:05:32 -  Info: failed to load external entity "datapack/npc/Capitao Luiz.xml"
2024-07-10 17:05:32 -  
2024-07-10 17:05:32 -  
2024-07-10 17:05:32 -  I/O warning : failed to load external entity "datapack/npc/Capitao Barbosa.xml"
2024-07-10 17:05:32 -  [Warning - Npc::loadFromXml] Cannot load npc file (datapack/npc/Capitao Barbosa.xml).
2024-07-10 17:05:32 -  Info: failed to load external entity "datapack/npc/Capitao Barbosa.xml"
2024-07-10 17:05:32 -  
2024-07-10 17:05:32 -  
2024-07-10 17:05:32 -  I/O warning : failed to load external entity "datapack/npc/Capitao Barbosa.xml"
2024-07-10 17:05:32 -  [Warning - Npc::loadFromXml] Cannot load npc file (datapack/npc/Capitao Barbosa.xml).
2024-07-10 17:05:32 -  Info: failed to load external entity "datapack/npc/Capitao Barbosa.xml"
2024-07-10 17:05:32 -  
2024-07-10 17:05:32 -  
2024-07-10 17:05:32 -  I/O warning : failed to load external entity "datapack/npc/DD - Anlow.xml"
2024-07-10 17:05:32 -  [Warning - Npc::loadFromXml] Cannot load npc file (datapack/npc/DD - Anlow.xml).
2024-07-10 17:05:32 -  Info: failed to load external entity "datapack/npc/DD - Anlow.xml"
2024-07-10 17:05:32 -  
2024-07-10 17:05:32 -  
2024-07-10 17:05:32 -  [Spawn::addMonster] Cannot find "Darmanitan"
2024-07-10 17:05:32 -  [Spawn::addMonster] Cannot find "Darmanitan"
2024-07-10 17:05:32 -  I/O warning : failed to load external entity "datapack/npc/Nurse Audino.xml"
2024-07-10 17:05:32 -  [Warning - Npc::loadFromXml] Cannot load npc file (datapack/npc/Nurse Audino.xml).
2024-07-10 17:05:32 -  Info: failed to load external entity "datapack/npc/Nurse Audino.xml"
2024-07-10 17:05:32 -  
2024-07-10 17:05:32 -  
2024-07-10 17:05:32 -  I/O warning : failed to load external entity "datapack/npc/Nurse Audino.xml"
2024-07-10 17:05:32 -  [Warning - Npc::loadFromXml] Cannot load npc file (datapack/npc/Nurse Audino.xml).
2024-07-10 17:05:32 -  Info: failed to load external entity "datapack/npc/Nurse Audino.xml"
2024-07-10 17:05:32 -  
2024-07-10 17:05:32 -  
2024-07-10 17:05:32 -  [Spawn::addMonster] Cannot find "Pansage"
2024-07-10 17:05:32 -  [Spawn::addMonster] Cannot find "Pansage"
2024-07-10 17:05:32 -  [Spawn::addMonster] Cannot find "Pansage"
2024-07-10 17:05:32 -  [Spawn::addMonster] Cannot find "Pansage"
2024-07-10 17:05:32 -  [Spawn::addMonster] Cannot find "Pansage"
2024-07-10 17:05:32 -  [Spawn::addMonster] Cannot find "Pansage"
2024-07-10 17:05:32 -  [Spawn::addMonster] Cannot find "Pansage"
2024-07-10 17:05:32 -  [Spawn::addMonster] Cannot find "Pansage"
2024-07-10 17:05:32 -  [Spawn::addMonster] Cannot find "Pansage"
2024-07-10 17:05:32 -  [Spawn::addMonster] Cannot find "Pansage"
2024-07-10 17:05:32 -  [Spawn::addMonster] Cannot find "Pansage"
2024-07-10 17:05:32 -  [Spawn::addMonster] Cannot find "Pansage"
2024-07-10 17:05:32 -  [Spawn::addMonster] Cannot find "Pansage"
2024-07-10 17:05:32 -  [Spawn::addMonster] Cannot find "Gothorita"
2024-07-10 17:05:32 -  [Spawn::addMonster] Cannot find "Gothorita"
2024-07-10 17:05:32 -  [Spawn::addMonster] Cannot find "Pansage"
2024-07-10 17:05:32 -  [Spawn::addMonster] Cannot find "Pansage"
2024-07-10 17:05:32 -  [Spawn::addMonster] Cannot find "Darmanitan"
2024-07-10 17:05:32 -  [Spawn::addMonster] Cannot find "Pansage"
2024-07-10 17:05:32 -  [Spawn::addMonster] Cannot find "Gothorita"
2024-07-10 17:05:32 -  [Spawn::addMonster] Cannot find "Gothorita"
2024-07-10 17:05:32 -  [Spawn::addMonster] Cannot find "Gothorita"
2024-07-10 17:05:32 -  [Spawn::addMonster] Cannot find "Gothorita"
2024-07-10 17:05:32 -  [Spawn::addMonster] Cannot find "Gothorita"
2024-07-10 17:05:32 -  [Spawn::addMonster] Cannot find "Gothorita"
2024-07-10 17:05:32 -  [Spawn::addMonster] Cannot find "Gothorita"
2024-07-10 17:05:32 -  [Spawn::addMonster] Cannot find "Gothorita"
2024-07-10 17:05:32 -  [Spawn::addMonster] Cannot find "Gothorita"
2024-07-10 17:05:32 -  [Spawn::addMonster] Cannot find "Gothorita"
2024-07-10 17:05:32 -  [Spawn::addMonster] Cannot find "Gothorita"
2024-07-10 17:05:32 -  [Spawn::addMonster] Cannot find "Gothorita"
2024-07-10 17:05:32 -  [Spawn::addMonster] Cannot find "Gothorita"
2024-07-10 17:05:32 -  [Spawn::addMonster] Cannot find "Gothorita"
2024-07-10 17:05:32 -  [Spawn::addMonster] Cannot find "Gothorita"
2024-07-10 17:05:32 -  [Spawn::addMonster] Cannot find "Gothorita"
2024-07-10 17:05:32 -  [Spawn::addMonster] Cannot find "Gothorita"
2024-07-10 17:05:32 -  [Spawn::addMonster] Cannot find "Gothorita"
2024-07-10 17:05:32 -  [Spawn::addMonster] Cannot find "Gothorita"
2024-07-10 17:05:32 -  [Spawn::addMonster] Cannot find "Gothorita"
2024-07-10 17:05:32 -  [Spawn::addMonster] Cannot find "Gothorita"
2024-07-10 17:05:32 -  [Spawn::addMonster] Cannot find "Gothorita"
2024-07-10 17:05:32 -  [Spawn::addMonster] Cannot find "Gothorita"
2024-07-10 17:05:32 -  [Spawn::addMonster] Cannot find "Gothorita"
2024-07-10 17:05:32 -  [Spawn::addMonster] Cannot find "Gothorita"
2024-07-10 17:05:32 -  [Spawn::addMonster] Cannot find "Gothorita"
2024-07-10 17:05:32 -  [Spawn::addMonster] Cannot find "Gothorita"
2024-07-10 17:05:32 -  [Spawn::addMonster] Cannot find "Gothorita"
2024-07-10 17:05:32 -  [Spawn::addMonster] Cannot find "Gothorita"
2024-07-10 17:05:32 -  [Spawn::addMonster] Cannot find "Gothorita"
2024-07-10 17:05:32 -  [Spawn::addMonster] Cannot find "Gothorita"
2024-07-10 17:05:32 -  [Spawn::addMonster] Cannot find "Gothorita"
2024-07-10 17:05:32 -  [Spawn::addMonster] Cannot find "Gothorita"
2024-07-10 17:05:32 -  [Spawn::addMonster] Cannot find "Pansage"
2024-07-10 17:05:32 -  [Spawn::addMonster] Cannot find "Gothorita"
2024-07-10 17:05:32 -  [Spawn::addMonster] Cannot find "Gothorita"
2024-07-10 17:05:32 -  [Spawn::addMonster] Cannot find "Gothorita"
2024-07-10 17:05:32 -  [Spawn::addMonster] Cannot find "Gothorita"
2024-07-10 17:05:32 -  [Spawn::addMonster] Cannot find "Pansage"
2024-07-10 17:05:32 -  [Spawn::addMonster] Cannot find "Pansage"
2024-07-10 17:05:32 -  [Spawn::addMonster] Cannot find "Pansage"
2024-07-10 17:05:32 -  [Spawn::addMonster] Cannot find "Gothorita"
2024-07-10 17:05:32 -  [Spawn::addMonster] Cannot find "Pansage"
2024-07-10 17:05:32 -  [Spawn::addMonster] Cannot find "Pansage"
2024-07-10 17:05:32 -  [Spawn::addMonster] Cannot find "Pansage"
2024-07-10 17:05:32 -  [Spawn::addMonster] Cannot find "Pansage"
2024-07-10 17:05:32 -  [Spawn::addMonster] Cannot find "Pansage"
2024-07-10 17:05:32 -  [Spawn::addMonster] Cannot find "Pansage"
2024-07-10 17:05:32 -  [Spawn::addMonster] Cannot find "Pansage"
2024-07-10 17:05:32 -  [Spawn::addMonster] Cannot find "Pansage"
2024-07-10 17:05:32 -  [Spawn::addMonster] Cannot find "Pansage"
2024-07-10 17:05:32 -  [Spawn::addMonster] Cannot find "Pansage"
2024-07-10 17:05:32 -  [Spawn::addMonster] Cannot find "Pansage"
2024-07-10 17:05:32 -  [Spawn::addMonster] Cannot find "Pansage"
2024-07-10 17:05:32 -  [Spawn::addMonster] Cannot find "Pansage"
2024-07-10 17:05:32 -  [Spawn::addMonster] Cannot find "Pansage"
2024-07-10 17:05:32 -  [Spawn::addMonster] Cannot find "Pansage"
2024-07-10 17:05:32 -  [Spawn::addMonster] Cannot find "Golett"
2024-07-10 17:05:32 -  [Spawn::addMonster] Cannot find "Golett"
2024-07-10 17:05:32 -  [Spawn::addMonster] Cannot find "Golett"
2024-07-10 17:05:32 -  [Spawn::addMonster] Cannot find "Golett"
2024-07-10 17:05:32 -  [Spawn::addMonster] Cannot find "Pansage"
2024-07-10 17:05:32 -  [Spawn::addMonster] Cannot find "Pansage"
2024-07-10 17:05:32 -  [Spawn::addMonster] Cannot find "Pansage"
2024-07-10 17:05:32 -  [Spawn::addMonster] Cannot find "Pansage"
2024-07-10 17:05:32 -  [Spawn::addMonster] Cannot find "Golett"
2024-07-10 17:05:32 -  [Spawn::addMonster] Cannot find "Golett"
2024-07-10 17:05:32 -  [Spawn::addMonster] Cannot find "Pansage"
2024-07-10 17:05:32 -  [Spawn::addMonster] Cannot find "Pansage"
2024-07-10 17:05:32 -  [Spawn::addMonster] Cannot find "Golett"
2024-07-10 17:05:32 -  [Spawn::addMonster] Cannot find "Golett"
2024-07-10 17:05:32 -  [Spawn::addMonster] Cannot find "Pansage"
2024-07-10 17:05:32 -  [Spawn::addMonster] Cannot find "Pansage"
2024-07-10 17:05:32 -  [Spawn::addMonster] Cannot find "Pansage"
2024-07-10 17:05:32 -  [Spawn::addMonster] Cannot find "Pansage"
2024-07-10 17:05:32 -  [Spawn::addMonster] Cannot find "Pansage"
2024-07-10 17:05:32 -  [Spawn::addMonster] Cannot find "Pansage"
2024-07-10 17:05:32 -  [Spawn::addMonster] Cannot find "Pansage"
2024-07-10 17:05:32 -  [Spawn::addMonster] Cannot find "Pansage"
2024-07-10 17:05:32 -  [Spawn::addMonster] Cannot find "Pansage"
2024-07-10 17:05:32 -  [Spawn::addMonster] Cannot find "Pansage"
2024-07-10 17:05:32 -  [Spawn::addMonster] Cannot find "Pansage"
2024-07-10 17:05:32 -  [Spawn::addMonster] Cannot find "Pansage"
2024-07-10 17:05:32 -  [Spawn::addMonster] Cannot find "Pansage"
2024-07-10 17:05:32 -  [Spawn::addMonster] Cannot find "Pansage"
2024-07-10 17:05:32 -  [Spawn::addMonster] Cannot find "Pansage"
2024-07-10 17:05:32 -  [Spawn::addMonster] Cannot find "Pansage"
2024-07-10 17:05:32 -  [Spawn::addMonster] Cannot find "Pansage"
2024-07-10 17:05:32 -  [Spawn::addMonster] Cannot find "Pansage"
2024-07-10 17:05:32 -  [Spawn::addMonster] Cannot find "Pansage"
2024-07-10 17:05:32 -  [Spawn::addMonster] Cannot find "Pansage"
2024-07-10 17:05:32 -  [Spawn::addMonster] Cannot find "Oshawott"
2024-07-10 17:05:32 -  [Spawn::addMonster] Cannot find "Oshawott"
2024-07-10 17:05:32 -  [Spawn::addMonster] Cannot find "Oshawott"
2024-07-10 17:05:32 -  [Spawn::addMonster] Cannot find "Oshawott"
2024-07-10 17:05:32 -  [Spawn::addMonster] Cannot find "Oshawott"
2024-07-10 17:05:32 -  [Spawn::addMonster] Cannot find "Oshawott"
2024-07-10 17:05:32 -  [Spawn::addMonster] Cannot find "Oshawott"
2024-07-10 17:05:32 -  [Spawn::addMonster] Cannot find "Oshawott"
2024-07-10 17:05:32 -  [Spawn::addMonster] Cannot find "Oshawott"
2024-07-10 17:05:32 -  [Spawn::addMonster] Cannot find "Krookodile"
2024-07-10 17:05:32 -  [Spawn::addMonster] Cannot find "Oshawott"
2024-07-10 17:05:32 -  [Spawn::addMonster] Cannot find "Oshawott"
2024-07-10 17:05:32 -  [Spawn::addMonster] Cannot find "Oshawott"
2024-07-10 17:05:32 -  [Spawn::addMonster] Cannot find "Oshawott"
2024-07-10 17:05:32 -  [Spawn::addMonster] Cannot find "Oshawott"
2024-07-10 17:05:32 -  [Spawn::addMonster] Cannot find "Oshawott"
2024-07-10 17:05:32 -  [Spawn::addMonster] Cannot find "Oshawott"
2024-07-10 17:05:32 -  [Spawn::addMonster] Cannot find "Oshawott"
2024-07-10 17:05:32 -  [Spawn::addMonster] Cannot find "Pansage"
2024-07-10 17:05:32 -  [Spawn::addMonster] Cannot find "Pansage"
2024-07-10 17:05:32 -  [Spawn::addMonster] Cannot find "Zweilous"
2024-07-10 17:05:32 -  I/O warning : failed to load external entity "datapack/npc/Nurse Audino.xml"
2024-07-10 17:05:32 -  [Warning - Npc::loadFromXml] Cannot load npc file (datapack/npc/Nurse Audino.xml).
2024-07-10 17:05:32 -  Info: failed to load external entity "datapack/npc/Nurse Audino.xml"
2024-07-10 17:05:32 -  
2024-07-10 17:05:32 -  
2024-07-10 17:05:32 -  [Spawn::addMonster] Cannot find "Pansear"
2024-07-10 17:05:32 -  [Spawn::addMonster] Cannot find "Pansear"
2024-07-10 17:05:32 -  [Spawn::addMonster] Cannot find "Pansear"
2024-07-10 17:05:32 -  [Spawn::addMonster] Cannot find "Pansear"
2024-07-10 17:05:32 -  [Spawn::addMonster] Cannot find "Darmanitan"
2024-07-10 17:05:32 -  [Spawn::addMonster] Cannot find "Pansear"
2024-07-10 17:05:32 -  [Spawn::addMonster] Cannot find "Pansear"
2024-07-10 17:05:32 -  [Spawn::addMonster] Cannot find "Pansear"
2024-07-10 17:05:32 -  [Spawn::addMonster] Cannot find "Pansear"
2024-07-10 17:05:32 -  [Spawn::addMonster] Cannot find "Pansear"
2024-07-10 17:05:32 -  [Spawn::addMonster] Cannot find "Pansear"
2024-07-10 17:05:32 -  [Spawn::addMonster] Cannot find "Pansear"
2024-07-10 17:05:32 -  [Spawn::addMonster] Cannot find "Pansear"
2024-07-10 17:05:32 -  [Spawn::addMonster] Cannot find "Pansear"
2024-07-10 17:05:32 -  [Spawn::addMonster] Cannot find "Pansear"
2024-07-10 17:05:32 -  [Spawn::addMonster] Cannot find "Pansear"
2024-07-10 17:05:32 -  [Spawn::addMonster] Cannot find "Pansear"
2024-07-10 17:05:32 -  [Spawn::addMonster] Cannot find "Pansear"
2024-07-10 17:05:32 -  [Spawn::addMonster] Cannot find "Pansear"
2024-07-10 17:05:32 -  [Spawn::addMonster] Cannot find "Pansear"
2024-07-10 17:05:32 -  [Spawn::addMonster] Cannot find "Pansear"
2024-07-10 17:05:32 -  [Spawn::addMonster] Cannot find "Pansear"
2024-07-10 17:05:32 -  [Spawn::addMonster] Cannot find "Pansear"
2024-07-10 17:05:32 -  [Spawn::addMonster] Cannot find "Pansear"
2024-07-10 17:05:32 -  [Spawn::addMonster] Cannot find "Pansear"
2024-07-10 17:05:32 -  [Spawn::addMonster] Cannot find "Pansear"
2024-07-10 17:05:32 -  [Spawn::addMonster] Cannot find "Pansear"
2024-07-10 17:05:32 -  [Spawn::addMonster] Cannot find "Pansear"
2024-07-10 17:05:32 -  [Spawn::addMonster] Cannot find "Pansear"
2024-07-10 17:05:32 -  [Spawn::addMonster] Cannot find "Zweilous"
2024-07-10 17:05:32 -  [Spawn::addMonster] Cannot find "Zweilous"
2024-07-10 17:05:32 -  [Spawn::addMonster] Cannot find "Pansage"
2024-07-10 17:05:32 -  [Spawn::addMonster] Cannot find "Pansage"
2024-07-10 17:05:32 -  [Spawn::addMonster] Cannot find "Pansage"
2024-07-10 17:05:32 -  [Spawn::addMonster] Cannot find "Pansage"
2024-07-10 17:05:32 -  [Spawn::addMonster] Cannot find "Pansage"
2024-07-10 17:05:32 -  [Spawn::addMonster] Cannot find "Zweilous"
2024-07-10 17:05:32 -  [Spawn::addMonster] Cannot find "Zweilous"
2024-07-10 17:05:32 -  [Spawn::addMonster] Cannot find "Zweilous"
2024-07-10 17:05:32 -  [Spawn::addMonster] Cannot find "Pansage"
2024-07-10 17:05:32 -  [Spawn::addMonster] Cannot find "Zweilous"
2024-07-10 17:05:32 -  [Spawn::addMonster] Cannot find "Zweilous"
2024-07-10 17:05:32 -  [Spawn::addMonster] Cannot find "Gothorita"
2024-07-10 17:05:32 -  [Spawn::addMonster] Cannot find "Zweilous"
2024-07-10 17:05:32 -  [Spawn::addMonster] Cannot find "Gothorita"
2024-07-10 17:05:32 -  [Spawn::addMonster] Cannot find "Gothorita"
2024-07-10 17:05:32 -  [Spawn::addMonster] Cannot find "Gothorita"
2024-07-10 17:05:32 -  [Spawn::addMonster] Cannot find "Gothorita"
2024-07-10 17:05:32 -  [Spawn::addMonster] Cannot find "Gothorita"
2024-07-10 17:05:32 -  [Spawn::addMonster] Cannot find "Gothorita"
2024-07-10 17:05:32 -  [Spawn::addMonster] Cannot find "Pansage"
2024-07-10 17:05:32 -  [Spawn::addMonster] Cannot find "Zweilous"
2024-07-10 17:05:32 -  [Spawn::addMonster] Cannot find "Gothorita"
2024-07-10 17:05:32 -  [Spawn::addMonster] Cannot find "Gothorita"
2024-07-10 17:05:32 -  [Spawn::addMonster] Cannot find "Gothorita"
2024-07-10 17:05:32 -  [Spawn::addMonster] Cannot find "Gothorita"
2024-07-10 17:05:32 -  [Spawn::addMonster] Cannot find "Gothorita"
2024-07-10 17:05:32 -  [Spawn::addMonster] Cannot find "Gothorita"
2024-07-10 17:05:32 -  [Spawn::addMonster] Cannot find "Gothorita"
2024-07-10 17:05:32 -  [Spawn::addMonster] Cannot find "Pansage"
2024-07-10 17:05:32 -  [Spawn::addMonster] Cannot find "Gothorita"
2024-07-10 17:05:32 -  [Spawn::addMonster] Cannot find "Gothorita"
2024-07-10 17:05:32 -  [Spawn::addMonster] Cannot find "Pansage"
2024-07-10 17:05:32 -  [Spawn::addMonster] Cannot find "Pansage"
2024-07-10 17:05:32 -  [Spawn::addMonster] Cannot find "Gothorita"
2024-07-10 17:05:32 -  [Spawn::addMonster] Cannot find "Cubchoo"
2024-07-10 17:05:32 -  [Spawn::addMonster] Cannot find "Cubchoo"
2024-07-10 17:05:32 -  [Spawn::addMonster] Cannot find "Beartic"
2024-07-10 17:05:32 -  [Spawn::addMonster] Cannot find "Cubchoo"
2024-07-10 17:05:32 -  [Spawn::addMonster] Cannot find "Cubchoo"
2024-07-10 17:05:32 -  [Spawn::addMonster] Cannot find "Cubchoo"
2024-07-10 17:05:32 -  [Spawn::addMonster] Cannot find "Cubchoo"
2024-07-10 17:05:32 -  [Spawn::addMonster] Cannot find "Beartic"
2024-07-10 17:05:32 -  [Spawn::addMonster] Cannot find "Beartic"
2024-07-10 17:05:32 -  [Spawn::addMonster] Cannot find "Cubchoo"
2024-07-10 17:05:32 -  [Spawn::addMonster] Cannot find "Cubchoo"
2024-07-10 17:05:32 -  [Spawn::addMonster] Cannot find "Beartic"
2024-07-10 17:05:32 -  [Spawn::addMonster] Cannot find "Beartic"
2024-07-10 17:05:32 -  [Spawn::addMonster] Cannot find "Cubchoo"
2024-07-10 17:05:32 -  [Spawn::addMonster] Cannot find "Beartic"
2024-07-10 17:05:32 -  [Spawn::addMonster] Cannot find "Cubchoo"
2024-07-10 17:05:32 -  [Spawn::addMonster] Cannot find "Beartic"
2024-07-10 17:05:32 -  [Spawn::addMonster] Cannot find "Beartic"
2024-07-10 17:05:32 -  [Spawn::addMonster] Cannot find "Cubchoo"
2024-07-10 17:05:32 -  [Spawn::addMonster] Cannot find "Cubchoo"
2024-07-10 17:05:32 -  [Spawn::addMonster] Cannot find "Cubchoo"
2024-07-10 17:05:32 -  [Spawn::addMonster] Cannot find "Cubchoo"
2024-07-10 17:05:32 -  [Spawn::addMonster] Cannot find "Cubchoo"
2024-07-10 17:05:32 -  [Spawn::addMonster] Cannot find "Beartic"
2024-07-10 17:05:32 -  [Spawn::addMonster] Cannot find "Pansage"
2024-07-10 17:05:32 -  [Spawn::addMonster] Cannot find "Pansage"
2024-07-10 17:05:32 -  [Spawn::addMonster] Cannot find "Pansage"
2024-07-10 17:05:32 -  [Spawn::addMonster] Cannot find "Gothorita"
2024-07-10 17:05:32 -  [Spawn::addMonster] Cannot find "Gothorita"
2024-07-10 17:05:32 -  [Spawn::addMonster] Cannot find "Gothorita"
2024-07-10 17:05:32 -  [Spawn::addMonster] Cannot find "Gothorita"
2024-07-10 17:05:32 -  [Spawn::addMonster] Cannot find "Gothorita"
2024-07-10 17:05:32 -  [Spawn::addMonster] Cannot find "Gothorita"
2024-07-10 17:05:32 -  [Spawn::addMonster] Cannot find "Gothorita"
2024-07-10 17:05:32 -  [Spawn::addMonster] Cannot find "Cubchoo"
2024-07-10 17:05:32 -  [Spawn::addMonster] Cannot find "Cubchoo"
2024-07-10 17:05:32 -  [Spawn::addMonster] Cannot find "Cubchoo"
2024-07-10 17:05:32 -  [Spawn::addMonster] Cannot find "Cubchoo"
2024-07-10 17:05:32 -  [Spawn::addMonster] Cannot find "Cubchoo"
2024-07-10 17:05:32 -  [Spawn::addMonster] Cannot find "Cubchoo"
2024-07-10 17:05:32 -  [Spawn::addMonster] Cannot find "Cubchoo"
2024-07-10 17:05:32 -  [Spawn::addMonster] Cannot find "Cubchoo"
2024-07-10 17:05:32 -  [Spawn::addMonster] Cannot find "Beartic"
2024-07-10 17:05:32 -  [Spawn::addMonster] Cannot find "Cubchoo"
2024-07-10 17:05:32 -  [Spawn::addMonster] Cannot find "Beartic"
2024-07-10 17:05:32 -  [Spawn::addMonster] Cannot find "Cubchoo"
2024-07-10 17:05:32 -  [Spawn::addMonster] Cannot find "Cubchoo"
2024-07-10 17:05:32 -  [Spawn::addMonster] Cannot find "Cubchoo"
2024-07-10 17:05:32 -  [Spawn::addMonster] Cannot find "Cubchoo"
2024-07-10 17:05:32 -  [Spawn::addMonster] Cannot find "Gothorita"
2024-07-10 17:05:32 -  [Spawn::addMonster] Cannot find "Gothorita"
2024-07-10 17:05:32 -  [Spawn::addMonster] Cannot find "Gothorita"
2024-07-10 17:05:32 -  [Spawn::addMonster] Cannot find "Gothorita"
2024-07-10 17:05:32 -  [Spawn::addMonster] Cannot find "Cubchoo"
2024-07-10 17:05:32 -  [Spawn::addMonster] Cannot find "Cubchoo"
2024-07-10 17:05:32 -  [Spawn::addMonster] Cannot find "Beartic"
2024-07-10 17:05:32 -  [Spawn::addMonster] Cannot find "Cubchoo"
2024-07-10 17:05:32 -  [Spawn::addMonster] Cannot find "Cubchoo"
2024-07-10 17:05:32 -  [Spawn::addMonster] Cannot find "Cubchoo"
2024-07-10 17:05:32 -  [Spawn::addMonster] Cannot find "Beartic"
2024-07-10 17:05:32 -  [Spawn::addMonster] Cannot find "Guardian Magmar"
2024-07-10 17:05:32 -  [Spawn::addMonster] Cannot find "Guardian Magmar"
2024-07-10 17:05:32 -  [Spawn::addMonster] Cannot find "Guardian Magmar"
2024-07-10 17:05:32 -  [Spawn::addMonster] Cannot find "Guardian Magmar"
2024-07-10 17:05:32 -  [Spawn::addMonster] Cannot find "Guardian Magmar"
2024-07-10 17:05:32 -  [Spawn::addMonster] Cannot find "Guardian Magmar"
2024-07-10 17:05:32 -  [Spawn::addMonster] Cannot find "Guardian Magmar"
2024-07-10 17:05:32 -  [Spawn::addMonster] Cannot find "Guardian Magmar"
2024-07-10 17:05:32 -  [Spawn::addMonster] Cannot find "Guardian Magmar"
2024-07-10 17:05:32 -  [Spawn::addMonster] Cannot find "Guardian Magmar"
2024-07-10 17:05:32 -  [Spawn::addMonster] Cannot find "Guardian Magmar"
2024-07-10 17:05:32 -  [Spawn::addMonster] Cannot find "Guardian Magmar"
2024-07-10 17:05:32 -  [Spawn::addMonster] Cannot find "Guardian Magmar"
2024-07-10 17:05:32 -  [Spawn::addMonster] Cannot find "Guardian Magmar"
2024-07-10 17:05:32 -  [Spawn::addMonster] Cannot find "Guardian Magmar"
2024-07-10 17:05:32 -  [Spawn::addMonster] Cannot find "Guardian Magmar"
2024-07-10 17:05:32 -  [Spawn::addMonster] Cannot find "Guardian Magmar"
2024-07-10 17:05:32 -  [Spawn::addMonster] Cannot find "Guardian Magmar"
2024-07-10 17:05:32 -  [Spawn::addMonster] Cannot find "Guardian Magmar"
2024-07-10 17:05:32 -  [Spawn::addMonster] Cannot find "Guardian Magmar"
2024-07-10 17:05:32 -  [Spawn::addMonster] Cannot find "Krookodile"
2024-07-10 17:05:32 -  [Spawn::addMonster] Cannot find "Krookodile"
2024-07-10 17:05:32 -  [Spawn::addMonster] Cannot find "Krookodile"
2024-07-10 17:05:32 -  [Spawn::addMonster] Cannot find "Krookodile"
2024-07-10 17:05:32 -  [Spawn::addMonster] Cannot find "Oshawott"
2024-07-10 17:05:32 -  [Spawn::addMonster] Cannot find "Krookodile"
2024-07-10 17:05:32 -  [Spawn::addMonster] Cannot find "Krookodile"
2024-07-10 17:05:32 -  [Spawn::addMonster] Cannot find "Krookodile"
2024-07-10 17:05:32 -  [Spawn::addMonster] Cannot find "Krookodile"
2024-07-10 17:05:32 -  [Spawn::addMonster] Cannot find "Krookodile"
2024-07-10 17:05:32 -  [Spawn::addMonster] Cannot find "Krookodile"
2024-07-10 17:05:32 -  [Spawn::addMonster] Cannot find "Krookodile"
2024-07-10 17:05:32 -  [Spawn::addMonster] Cannot find "Krookodile"
2024-07-10 17:05:32 -  [Spawn::addMonster] Cannot find "Guardian Magmar"
2024-07-10 17:05:32 -  [Spawn::addMonster] Cannot find "Guardian Magmar"
2024-07-10 17:05:32 -  [Spawn::addMonster] Cannot find "Guardian Magmar"
2024-07-10 17:05:32 -  [Spawn::addMonster] Cannot find "Guardian Magmar"
2024-07-10 17:05:32 -  [Spawn::addMonster] Cannot find "Guardian Magmar"
2024-07-10 17:05:32 -  [Spawn::addMonster] Cannot find "Guardian Magmar"
2024-07-10 17:05:32 -  [Spawn::addMonster] Cannot find "Guardian Magmar"
2024-07-10 17:05:32 -  [Spawn::addMonster] Cannot find "Guardian Magmar"
2024-07-10 17:05:32 -  [Spawn::addMonster] Cannot find "Guardian Magmar"
2024-07-10 17:05:32 -  [Spawn::addMonster] Cannot find "Guardian Magmar"
2024-07-10 17:05:32 -  [Spawn::addMonster] Cannot find "Guardian Magmar"
2024-07-10 17:05:32 -  [Spawn::addMonster] Cannot find "Guardian Magmar"
2024-07-10 17:05:32 -  [Spawn::addMonster] Cannot find "Guardian Magmar"
2024-07-10 17:05:32 -  [Spawn::addMonster] Cannot find "Guardian Magmar"
2024-07-10 17:05:32 -  [Spawn::addMonster] Cannot find "Guardian Magmar"
2024-07-10 17:05:32 -  [Spawn::addMonster] Cannot find "Guardian Magmar"
2024-07-10 17:05:32 -  [Spawn::addMonster] Cannot find "Guardian Magmar"
2024-07-10 17:05:32 -  [Spawn::addMonster] Cannot find "Guardian Magmar"
2024-07-10 17:05:32 -  [Spawn::addMonster] Cannot find "Guardian Magmar"
2024-07-10 17:05:32 -  [Spawn::addMonster] Cannot find "Guardian Magmar"
2024-07-10 17:05:32 -  [Spawn::addMonster] Cannot find "Guardian Magmar"
2024-07-10 17:05:32 -  [Spawn::addMonster] Cannot find "Guardian Magmar"
2024-07-10 17:05:32 -  [Spawn::addMonster] Cannot find "Guardian Magmar"
2024-07-10 17:05:32 -  [Spawn::addMonster] Cannot find "Guardian Magmar"
2024-07-10 17:05:32 -  [Spawn::addMonster] Cannot find "Guardian Magmar"
2024-07-10 17:05:32 -  [Spawn::addMonster] Cannot find "Guardian Magmar"
2024-07-10 17:05:32 -  [Spawn::addMonster] Cannot find "Guardian Magmar"
2024-07-10 17:05:32 -  [Spawn::addMonster] Cannot find "Guardian Magmar"
2024-07-10 17:05:32 -  [Spawn::addMonster] Cannot find "Guardian Magmar"
2024-07-10 17:05:32 -  [Spawn::addMonster] Cannot find "Guardian Magmar"
2024-07-10 17:05:32 -  [Spawn::addMonster] Cannot find "Guardian Magmar"
2024-07-10 17:05:32 -  [Spawn::addMonster] Cannot find "Guardian Magmar"
2024-07-10 17:05:32 -  [Spawn::addMonster] Cannot find "Guardian Magmar"
2024-07-10 17:05:32 -  [Spawn::addMonster] Cannot find "Guardian Magmar"
2024-07-10 17:05:32 -  [Spawn::addMonster] Cannot find "Krookodile"
2024-07-10 17:05:32 -  [Spawn::addMonster] Cannot find "Krookodile"
2024-07-10 17:05:32 -  [Spawn::addMonster] Cannot find "Krookodile"
2024-07-10 17:05:32 -  [Spawn::addMonster] Cannot find "Krookodile"
2024-07-10 17:05:32 -  [Spawn::addMonster] Cannot find "Krookodile"
2024-07-10 17:05:32 -  [Spawn::addMonster] Cannot find "Oshawott"
2024-07-10 17:05:32 -  [Spawn::addMonster] Cannot find "Krookodile"
2024-07-10 17:05:32 -  [Spawn::addMonster] Cannot find "Krookodile"
2024-07-10 17:05:32 -  [Spawn::addMonster] Cannot find "Krookodile"
2024-07-10 17:05:32 -  [Spawn::addMonster] Cannot find "Guardian Magmar"
2024-07-10 17:05:32 -  [Spawn::addMonster] Cannot find "Guardian Magmar"
2024-07-10 17:05:32 -  [Spawn::addMonster] Cannot find "Guardian Magmar"
2024-07-10 17:05:32 -  [Spawn::addMonster] Cannot find "Guardian Magmar"
2024-07-10 17:05:32 -  [Spawn::addMonster] Cannot find "Guardian Magmar"
2024-07-10 17:05:32 -  [Spawn::addMonster] Cannot find "Guardian Magmar"
2024-07-10 17:05:32 -  [Spawn::addMonster] Cannot find "Guardian Magmar"
2024-07-10 17:05:32 -  [Spawn::addMonster] Cannot find "Guardian Magmar"
2024-07-10 17:05:32 -  [Spawn::addMonster] Cannot find "Guardian Magmar"
2024-07-10 17:05:32 -  [Spawn::addMonster] Cannot find "Guardian Magmar"
2024-07-10 17:05:32 -  [Spawn::addMonster] Cannot find "Guardian Magmar"
2024-07-10 17:05:32 -  [Spawn::addMonster] Cannot find "Guardian Magmar"
2024-07-10 17:05:32 -  [Spawn::addMonster] Cannot find "Guardian Magmar"
2024-07-10 17:05:32 -  [Spawn::addMonster] Cannot find "Guardian Magmar"
2024-07-10 17:05:32 -  [Spawn::addMonster] Cannot find "Guardian Magmar"
2024-07-10 17:05:32 -  [Spawn::addMonster] Cannot find "Guardian Magmar"
2024-07-10 17:05:32 -  [Spawn::addMonster] Cannot find "Guardian Magmar"
2024-07-10 17:05:32 -  [Spawn::addMonster] Cannot find "Guardian Magmar"
2024-07-10 17:05:32 -  [Spawn::addMonster] Cannot find "Guardian Magmar"
2024-07-10 17:05:32 -  [Spawn::addMonster] Cannot find "Guardian Magmar"
2024-07-10 17:05:32 -  [Spawn::addMonster] Cannot find "Guardian Magmar"
2024-07-10 17:05:32 -  [Warning - Houses::loadFromXml] House entry not set for: Forgotten headquarter (Flat 1, Area 42) (471)
2024-07-10 17:05:32 -  [Warning - Houses::loadFromXml] House entry not set for: Forgotten headquarter (Flat 1, Area 42) (472)
2024-07-10 17:05:32 -  [Warning - Houses::loadFromXml] House entry not set for: Forgotten headquarter (Flat 1, Area 42) (473)
2024-07-10 17:05:32 -  [Warning - Houses::loadFromXml] House entry not set for: Forgotten headquarter (Flat 1, Area 42) (474)
2024-07-10 17:05:32 -  [Warning - Houses::loadFromXml] House entry not set for: Forgotten headquarter (Flat 1, Area 42) (475)
2024-07-10 17:05:32 -  [Warning - Houses::loadFromXml] House entry not set for: Forgotten headquarter (Flat 1, Area 42) (476)
2024-07-10 17:05:32 -  [Warning - Houses::loadFromXml] House entry not set for: Forgotten headquarter (Flat 1, Area 42) (477)
2024-07-10 17:05:32 -  [Warning - Houses::loadFromXml] House entry not set for: Forgotten headquarter (Flat 1, Area 42) (478)
2024-07-10 17:05:32 -  [Warning - Houses::loadFromXml] House entry not set for: Forgotten headquarter (Flat 1, Area 42) (1028)
2024-07-10 17:05:32 -  [Warning - Houses::loadFromXml] House entry not set for: Forgotten headquarter (Flat 1, Area 42) (1029)
2024-07-10 17:05:32 -  [Warning - Houses::loadFromXml] House entry not set for: Forgotten headquarter (Flat 1, Area 42) (1030)
2024-07-10 17:05:32 -  [Warning - Houses::loadFromXml] House entry not set for: Forgotten headquarter (Flat 1, Area 42) (1031)
2024-07-10 17:05:32 -  [Warning - Houses::loadFromXml] House entry not set for: Forgotten headquarter (Flat 1, Area 42) (1032)
2024-07-10 17:05:32 -  [Warning - Houses::loadFromXml] House entry not set for: Forgotten headquarter (Flat 1, Area 42) (1033)
2024-07-10 17:05:32 -  [Warning - Houses::loadFromXml] House entry not set for: Forgotten headquarter (Flat 1, Area 42) (1034)
2024-07-10 17:05:32 -  [Warning - Houses::loadFromXml] House entry not set for: Forgotten headquarter (Flat 1, Area 42) (1035)
2024-07-10 17:05:32 -  [Warning - Houses::loadFromXml] House entry not set for: Forgotten headquarter (Flat 1, Area 42) (1036)
2024-07-10 17:05:32 -  [Warning - Houses::loadFromXml] House entry not set for: Forgotten headquarter (Flat 1, Area 42) (1037)
2024-07-10 17:05:32 -  [Warning - Houses::loadFromXml] House entry not set for: Forgotten headquarter (Flat 1, Area 42) (1038)
2024-07-10 17:05:32 -  [Warning - Houses::loadFromXml] House entry not set for: Forgotten headquarter (Flat 1, Area 42) (1039)
2024-07-10 17:05:32 -  [Warning - Houses::loadFromXml] House entry not set for: Forgotten headquarter (Flat 1, Area 42) (1040)
2024-07-10 17:05:32 -  [Warning - Houses::loadFromXml] House entry not set for: Forgotten headquarter (Flat 1, Area 42) (1041)
2024-07-10 17:05:32 -  [Warning - Houses::loadFromXml] House entry not set for: Forgotten headquarter (Flat 1, Area 42) (1042)
2024-07-10 17:05:32 -  [Warning - Houses::loadFromXml] House entry not set for: Forgotten headquarter (Flat 1, Area 42) (1043)
2024-07-10 17:05:32 -  [Warning - Houses::loadFromXml] House entry not set for: Forgotten headquarter (Flat 1, Area 42) (1044)
2024-07-10 17:05:32 -  [Warning - Houses::loadFromXml] House entry not set for: Forgotten headquarter (Flat 1, Area 42) (1056)
2024-07-10 17:05:32 -  [Warning - Houses::loadFromXml] House entry not set for: Forgotten headquarter (Flat 1, Area 42) (1094)
2024-07-10 17:05:32 -  > Data parsing time: 0.35 seconds.
2024-07-10 17:05:32 -  > Houses synchronization time: 0.24 seconds.
2024-07-10 17:05:38 -  > Content unserialization time: 6.511 seconds.
2024-07-10 17:05:38 -  >> Checking world type... NoN-PvP
2024-07-10 17:05:38 -  >> Initializing game state modules and registering services...
2024-07-10 17:05:38 -  [New Thread 0x7fff7ffff700 (LWP 19662)]
2024-07-10 17:05:41 -  [Warning - Monster::Monster] Unknown event name - tp
2024-07-10 17:05:41 -  > Global address: 85.209.93.118
2024-07-10 17:05:41 -  > Local ports: 7172	7183	
2024-07-10 17:05:41 -  >> All modules were loaded, server is starting up...
2024-07-10 17:05:41 -  >> Green server Online!
2024-07-10 17:05:41 -  
2024-07-10 17:05:48 -  Yuukireh has logged in.
2024-07-10 17:05:55 -  [ADM] Venez has logged in.
2024-07-10 17:06:01 -  Lain has logged in.
2024-07-10 17:06:18 -  Darkin has logged in.
2024-07-10 17:08:03 -  Albedo has logged in.
2024-07-10 17:08:44 -  > Broadcasted message: "Evitem acessar sites falsos! Nosso único site oficial é www.pokenight.com. Fiquem atentos e joguem com segurança!".
2024-07-10 17:09:56 -  Yuukireh has logged out.
2024-07-10 17:10:43 -  Yuukireh has logged in.
2024-07-10 17:10:50 -  Yuukireh has logged out.
2024-07-10 17:11:42 -  Yuukireh has logged in.
2024-07-10 17:11:47 -  Yuukireh has logged out.
2024-07-10 17:12:05 -  > Broadcasted message: "Está curtindo o servidor? Que tal convidar seus amigos para se juntarem a você? A diversão é ainda melhor quando compartilhada!".
2024-07-10 17:12:45 -  Yuukireh has logged in.
2024-07-10 17:13:46 -  Snaferrer has logged in.
2024-07-10 17:14:55 -  Snaferrer has logged out.
2024-07-10 17:15:26 -  > Broadcasted message: "Pedimos desculpas pelas quedas e bugs. Estamos trabalhando para melhorar a estabilidade. Agradecemos sua paciência.".
2024-07-10 17:16:09 -  > [ADM] Venez broadcasted message: "Restart pra voltar as houses.".
2024-07-10 17:16:10 -  > [ADM] Venez broadcasted message: "Restart pra voltar as houses.".
2024-07-10 17:16:12 -  > [ADM] Venez broadcasted message: "Restart pra voltar as houses.".
2024-07-10 17:16:13 -  > Saving server...
2024-07-10 17:16:14 -  > SAVE: Complete in 1.751 seconds using relational house storage.
2024-07-10 17:16:15 -  > [ADM] Venez broadcasted message: "Restart pra voltar as houses. Usem !bug".
2024-07-10 17:16:16 -  > [ADM] Venez broadcasted message: "Restart pra voltar as houses. Usem !bug".
2024-07-10 17:16:25 -  
2024-07-10 17:16:25 -  Thread 1 "theforgottenser" received signal SIGINT, Interrupt.
2024-07-10 17:16:25 -  0x00007ffff7786d96 in epoll_wait (epfd=4, events=events@entry=0x7fffffffdc50, maxevents=maxevents@entry=128, timeout=timeout@entry=-1) at ../sysdeps/unix/sysv/linux/epoll_wait.c:30
2024-07-10 17:16:25 -  30	../sysdeps/unix/sysv/linux/epoll_wait.c: No such file or directory.
2024-07-10 17:16:25 -  
2024-07-10 17:16:25 -  Thread 3 (Thread 0x7fff7ffff700 (LWP 19662) "theforgottenser"):
2024-07-10 17:16:25 -  #0  futex_abstimed_wait_cancelable (private=0, abstime=0x7fff7fffee50, clockid=2147478864, expected=0, futex_word=0x5555557e3dbc <Scheduler::getInstance()::scheduler+188>) at ../sysdeps/nptl/futex-internal.h:323
2024-07-10 17:16:25 -          __ret = -516
2024-07-10 17:16:25 -          clockbit = 0
2024-07-10 17:16:25 -          op = 137
2024-07-10 17:16:25 -          __ret = <optimized out>
2024-07-10 17:16:25 -          oldtype = 0
2024-07-10 17:16:25 -          err = <optimized out>
2024-07-10 17:16:25 -          oldtype = <optimized out>
2024-07-10 17:16:25 -          err = <optimized out>
2024-07-10 17:16:25 -          __ret = <optimized out>
2024-07-10 17:16:25 -          clockbit = <optimized out>
2024-07-10 17:16:25 -          op = <optimized out>
2024-07-10 17:16:25 -          __ret = <optimized out>
2024-07-10 17:16:25 -          resultvar = <optimized out>
2024-07-10 17:16:25 -          __arg6 = <optimized out>
2024-07-10 17:16:25 -          __arg5 = <optimized out>
2024-07-10 17:16:25 -          __arg4 = <optimized out>
2024-07-10 17:16:25 -          __arg3 = <optimized out>
2024-07-10 17:16:25 -          __arg2 = <optimized out>
2024-07-10 17:16:25 -          __arg1 = <optimized out>
2024-07-10 17:16:25 -          _a6 = <optimized out>
2024-07-10 17:16:25 -          _a5 = <optimized out>
2024-07-10 17:16:25 -          _a4 = <optimized out>
2024-07-10 17:16:25 -          _a3 = <optimized out>
2024-07-10 17:16:25 -          _a2 = <optimized out>
2024-07-10 17:16:25 -          _a1 = <optimized out>
2024-07-10 17:16:25 -  #1  __pthread_cond_wait_common (abstime=0x7fff7fffee50, clockid=2147478864, mutex=0x5555557e3d68 <Scheduler::getInstance()::scheduler+104>, cond=0x5555557e3d90 <Scheduler::getInstance()::scheduler+144>) at pthread_cond_wait.c:520
2024-07-10 17:16:25 -          spin = 0
2024-07-10 17:16:25 -          buffer = {__routine = 0x7ffff7b98540 <__condvar_cleanup_waiting>, __arg = 0x7fff7fffed50, __canceltype = 1434336616, __prev = 0x0}
2024-07-10 17:16:25 -          cbuffer = {wseq = 375397, cond = 0x5555557e3d90 <Scheduler::getInstance()::scheduler+144>, mutex = 0x5555557e3d68 <Scheduler::getInstance()::scheduler+104>, private = 0}
2024-07-10 17:16:25 -          err = <optimized out>
2024-07-10 17:16:25 -          g = 1
2024-07-10 17:16:25 -          flags = <optimized out>
2024-07-10 17:16:25 -          g1_start = <optimized out>
2024-07-10 17:16:25 -          maxspin = 0
2024-07-10 17:16:25 -          signals = <optimized out>
2024-07-10 17:16:25 -          result = 0
2024-07-10 17:16:25 -          wseq = 375397
2024-07-10 17:16:25 -          seq = 187698
2024-07-10 17:16:25 -          private = 0
2024-07-10 17:16:25 -          maxspin = <optimized out>
2024-07-10 17:16:25 -          err = <optimized out>
2024-07-10 17:16:25 -          result = <optimized out>
2024-07-10 17:16:25 -          wseq = <optimized out>
2024-07-10 17:16:25 -          g = <optimized out>
2024-07-10 17:16:25 -          seq = <optimized out>
2024-07-10 17:16:25 -          flags = <optimized out>
2024-07-10 17:16:25 -          private = <optimized out>
2024-07-10 17:16:25 -          signals = <optimized out>
2024-07-10 17:16:25 -          done = <optimized out>
2024-07-10 17:16:25 -          g1_start = <optimized out>
2024-07-10 17:16:25 -          spin = <optimized out>
2024-07-10 17:16:25 -          buffer = {__routine = <optimized out>, __arg = <optimized out>, __canceltype = <optimized out>, __prev = <optimized out>}
2024-07-10 17:16:25 -          cbuffer = {wseq = <optimized out>, cond = <optimized out>, mutex = <optimized out>, private = <optimized out>}
2024-07-10 17:16:25 -          s = <optimized out>
2024-07-10 17:16:25 -  #2  __pthread_cond_timedwait (cond=cond@entry=0x5555557e3d90 <Scheduler::getInstance()::scheduler+144>, mutex=mutex@entry=0x5555557e3d68 <Scheduler::getInstance()::scheduler+104>, abstime=abstime@entry=0x7fff7fffee50) at pthread_cond_wait.c:656
2024-07-10 17:16:25 -          flags = <optimized out>
2024-07-10 17:16:25 -          clockid = 2147478864
2024-07-10 17:16:25 -  #3  0x0000555555717bbf in boost::posix::pthread_cond_timedwait (t=0x7fff7fffee50, m=0x5555557e3d68 <Scheduler::getInstance()::scheduler+104>, c=0x5555557e3d90 <Scheduler::getInstance()::scheduler+144>) at /usr/include/boost/thread/pthread/pthread_helpers.hpp:123
2024-07-10 17:16:25 -          ret = <optimized out>
2024-07-10 17:16:25 -          ret = <optimized out>
2024-07-10 17:16:25 -  #4  boost::condition_variable::do_wait_until (timeout=..., m=..., this=0x5555557e3d68 <Scheduler::getInstance()::scheduler+104>) at /usr/include/boost/thread/pthread/condition_variable.hpp:122
2024-07-10 17:16:25 -          guard = {m = 0x7fff7fffee30}
2024-07-10 17:16:25 -          check_for_interruption = {thread_info = 0x7fffead1d1e0, m = 0x5555557e3d68 <Scheduler::getInstance()::scheduler+104>, set = true, done = false}
2024-07-10 17:16:25 -          the_mutex = 0x5555557e3d68 <Scheduler::getInstance()::scheduler+104>
2024-07-10 17:16:25 -          cond_res = <optimized out>
2024-07-10 17:16:25 -          cond_res = <optimized out>
2024-07-10 17:16:25 -          guard = {m = <optimized out>}
2024-07-10 17:16:25 -          check_for_interruption = {thread_info = <optimized out>, m = <optimized out>, set = <optimized out>, done = <optimized out>}
2024-07-10 17:16:25 -          the_mutex = <optimized out>
2024-07-10 17:16:25 -  #5  boost::condition_variable::timed_wait (abs_time=..., m=..., this=0x5555557e3d68 <Scheduler::getInstance()::scheduler+104>) at /usr/include/boost/thread/pthread/condition_variable_fwd.hpp:116
2024-07-10 17:16:25 -          ts = {dur = {ts_val = {tv_sec = <optimized out>, tv_nsec = <optimized out>}}}
2024-07-10 17:16:25 -          d = {ts_val = {tv_sec = <optimized out>, tv_nsec = <optimized out>}}
2024-07-10 17:16:25 -          ts = {dur = {ts_val = {tv_sec = <optimized out>, tv_nsec = <optimized out>}}}
2024-07-10 17:16:25 -          d = {ts_val = {tv_sec = <optimized out>, tv_nsec = <optimized out>}}
2024-07-10 17:16:25 -  #6  Scheduler::schedulerThread (p=0x5555557e3d00 <Scheduler::getInstance()::scheduler>) at scheduler.cpp:52
2024-07-10 17:16:25 -          task = 0x0
2024-07-10 17:16:25 -          run = false
2024-07-10 17:16:25 -          ret = false
2024-07-10 17:16:25 -          scheduler = 0x5555557e3d00 <Scheduler::getInstance()::scheduler>
2024-07-10 17:16:25 -          eventLockUnique = {m = 0x5555557e3d40 <Scheduler::getInstance()::scheduler+64>, is_locked = false}
2024-07-10 17:16:25 -  #7  0x0000555555718a06 in boost::_bi::list1<boost::_bi::value<void*> >::operator()<void (*)(void*), boost::_bi::list0> (a=<synthetic pointer>..., f=<optimized out>, this=<optimized out>) at /usr/include/boost/bind/bind.hpp:259
2024-07-10 17:16:25 -  No locals.
2024-07-10 17:16:25 -  #8  boost::_bi::bind_t<void, void (*)(void*), boost::_bi::list1<boost::_bi::value<void*> > >::operator() (this=<optimized out>) at /usr/include/boost/bind/bind.hpp:1294
2024-07-10 17:16:25 -          a = {<No data fields>}
2024-07-10 17:16:25 -  #9  boost::detail::thread_data<boost::_bi::bind_t<void, void (*)(void*), boost::_bi::list1<boost::_bi::value<void*> > > >::run (this=<optimized out>) at /usr/include/boost/thread/detail/thread.hpp:120
2024-07-10 17:16:25 -  No locals.
2024-07-10 17:16:25 -  #10 0x00007ffff7bb7787 in ?? () from /lib/x86_64-linux-gnu/libboost_thread.so.1.74.0
2024-07-10 17:16:25 -  No symbol table info available.
2024-07-10 17:16:25 -  #11 0x00007ffff7b91ea7 in start_thread (arg=<optimized out>) at pthread_create.c:477
2024-07-10 17:16:25 -          ret = <optimized out>
2024-07-10 17:16:25 -          pd = <optimized out>
2024-07-10 17:16:25 -          unwind_buf = {cancel_jmp_buf = {{jmp_buf = {140735340869376, -4279660630086361675, 140737306567950, 140737306567951, 140735340867520, 8396800, 4279942105582427573, 4279677654218595765}, mask_was_saved = 0}}, priv = {pad = {0x0, 0x0, 0x0, 0x0}, data = {prev = 0x0, cleanup = 0x0, canceltype = 0}}}
2024-07-10 17:16:25 -          not_first_call = 0
2024-07-10 17:16:25 -  #12 0x00007ffff7786a6f in clone () at ../sysdeps/unix/sysv/linux/x86_64/clone.S:95
2024-07-10 17:16:25 -  No locals.
2024-07-10 17:16:25 -  
2024-07-10 17:16:25 -  Thread 2 (Thread 0x7ffff52a3700 (LWP 19646) "theforgottenser"):
2024-07-10 17:16:25 -  #0  futex_wait_cancelable (private=0, expected=0, futex_word=0x5555557e3fa4 <Dispatcher::getInstance()::dispatcher+132>) at ../sysdeps/nptl/futex-internal.h:186
2024-07-10 17:16:25 -          __ret = -512
2024-07-10 17:16:25 -          oldtype = 0
2024-07-10 17:16:25 -          err = <optimized out>
2024-07-10 17:16:25 -          oldtype = <optimized out>
2024-07-10 17:16:25 -          err = <optimized out>
2024-07-10 17:16:25 -          __ret = <optimized out>
2024-07-10 17:16:25 -          resultvar = <optimized out>
2024-07-10 17:16:25 -          __arg4 = <optimized out>
2024-07-10 17:16:25 -          __arg3 = <optimized out>
2024-07-10 17:16:25 -          __arg2 = <optimized out>
2024-07-10 17:16:25 -          __arg1 = <optimized out>
2024-07-10 17:16:25 -          _a4 = <optimized out>
2024-07-10 17:16:25 -          _a3 = <optimized out>
2024-07-10 17:16:25 -          _a2 = <optimized out>
2024-07-10 17:16:25 -          _a1 = <optimized out>
2024-07-10 17:16:25 -  #1  __pthread_cond_wait_common (abstime=0x0, clockid=0, mutex=0x5555557e3f50 <Dispatcher::getInstance()::dispatcher+48>, cond=0x5555557e3f78 <Dispatcher::getInstance()::dispatcher+88>) at pthread_cond_wait.c:508
2024-07-10 17:16:25 -          spin = 0
2024-07-10 17:16:25 -          buffer = {__routine = 0x7ffff7b98540 <__condvar_cleanup_waiting>, __arg = 0x7ffff52a2d10, __canceltype = -142469960, __prev = 0x0}
2024-07-10 17:16:25 -          cbuffer = {wseq = 240515, cond = 0x5555557e3f78 <Dispatcher::getInstance()::dispatcher+88>, mutex = 0x5555557e3f50 <Dispatcher::getInstance()::dispatcher+48>, private = 0}
2024-07-10 17:16:25 -          err = <optimized out>
2024-07-10 17:16:25 -          g = 4113181936
2024-07-10 17:16:25 -          flags = <optimized out>
2024-07-10 17:16:25 -          g1_start = <optimized out>
2024-07-10 17:16:25 -          maxspin = 0
2024-07-10 17:16:25 -          signals = <optimized out>
2024-07-10 17:16:25 -          result = 0
2024-07-10 17:16:25 -          wseq = 240515
2024-07-10 17:16:25 -          seq = 120257
2024-07-10 17:16:25 -          private = 0
2024-07-10 17:16:25 -          maxspin = <optimized out>
2024-07-10 17:16:25 -          err = <optimized out>
2024-07-10 17:16:25 -          result = <optimized out>
2024-07-10 17:16:25 -          wseq = <optimized out>
2024-07-10 17:16:25 -          g = <optimized out>
2024-07-10 17:16:25 -          seq = <optimized out>
2024-07-10 17:16:25 -          flags = <optimized out>
2024-07-10 17:16:25 -          private = <optimized out>
2024-07-10 17:16:25 -          signals = <optimized out>
2024-07-10 17:16:25 -          done = <optimized out>
2024-07-10 17:16:25 -          g1_start = <optimized out>
2024-07-10 17:16:25 -          spin = <optimized out>
2024-07-10 17:16:25 -          buffer = {__routine = <optimized out>, __arg = <optimized out>, __canceltype = <optimized out>, __prev = <optimized out>}
2024-07-10 17:16:25 -          cbuffer = {wseq = <optimized out>, cond = <optimized out>, mutex = <optimized out>, private = <optimized out>}
2024-07-10 17:16:25 -          s = <optimized out>
2024-07-10 17:16:25 -  #2  __pthread_cond_wait (cond=cond@entry=0x5555557e3f78 <Dispatcher::getInstance()::dispatcher+88>, mutex=mutex@entry=0x5555557e3f50 <Dispatcher::getInstance()::dispatcher+48>) at pthread_cond_wait.c:638
2024-07-10 17:16:25 -  No locals.
2024-07-10 17:16:25 -  #3  0x00005555556baaf0 in boost::posix::pthread_cond_wait (m=<optimized out>, c=<optimized out>) at /usr/include/boost/thread/pthread/pthread_helpers.hpp:112
2024-07-10 17:16:25 -          ret = <optimized out>
2024-07-10 17:16:25 -  #4  boost::condition_variable::wait (this=0x5555557e3f50 <Dispatcher::getInstance()::dispatcher+48>, m=...) at /usr/include/boost/thread/pthread/condition_variable.hpp:79
2024-07-10 17:16:25 -          guard = {m = <optimized out>}
2024-07-10 17:16:25 -          check_for_interruption = {thread_info = 0x555555812fc0, m = 0x5555557e3f50 <Dispatcher::getInstance()::dispatcher+48>, set = true, done = false}
2024-07-10 17:16:25 -          the_mutex = 0x5555557e3f50 <Dispatcher::getInstance()::dispatcher+48>
2024-07-10 17:16:25 -          res = 0
2024-07-10 17:16:25 -  #5  0x000055555573ca92 in Dispatcher::dispatcherThread (p=0x5555557e3f20 <Dispatcher::getInstance()::dispatcher>) at tasks.cpp:54
2024-07-10 17:16:25 -          task = 0x0
2024-07-10 17:16:25 -          dispatcher = 0x5555557e3f20 <Dispatcher::getInstance()::dispatcher>
2024-07-10 17:16:25 -          outputPool = <optimized out>
2024-07-10 17:16:25 -          taskLockUnique = {m = 0x5555557e3f28 <Dispatcher::getInstance()::dispatcher+8>, is_locked = false}
2024-07-10 17:16:25 -  #6  0x0000555555718a06 in boost::_bi::list1<boost::_bi::value<void*> >::operator()<void (*)(void*), boost::_bi::list0> (a=<synthetic pointer>..., f=<optimized out>, this=<optimized out>) at /usr/include/boost/bind/bind.hpp:259
2024-07-10 17:16:25 -  No locals.
2024-07-10 17:16:25 -  #7  boost::_bi::bind_t<void, void (*)(void*), boost::_bi::list1<boost::_bi::value<void*> > >::operator() (this=<optimized out>) at /usr/include/boost/bind/bind.hpp:1294
2024-07-10 17:16:25 -          a = {<No data fields>}
2024-07-10 17:16:25 -  #8  boost::detail::thread_data<boost::_bi::bind_t<void, void (*)(void*), boost::_bi::list1<boost::_bi::value<void*> > > >::run (this=<optimized out>) at /usr/include/boost/thread/detail/thread.hpp:120
2024-07-10 17:16:25 -  No locals.
2024-07-10 17:16:25 -  #9  0x00007ffff7bb7787 in ?? () from /lib/x86_64-linux-gnu/libboost_thread.so.1.74.0
2024-07-10 17:16:25 -  No symbol table info available.
2024-07-10 17:16:25 -  #10 0x00007ffff7b91ea7 in start_thread (arg=<optimized out>) at pthread_create.c:477
2024-07-10 17:16:25 -          ret = <optimized out>
2024-07-10 17:16:25 -          pd = <optimized out>
2024-07-10 17:16:25 -          unwind_buf = {cancel_jmp_buf = {{jmp_buf = {140737306572544, -4279660630086361675, 140737488347774, 140737488347775, 140737306570688, 8396800, 4279682988057976245, 4279677654218595765}, mask_was_saved = 0}}, priv = {pad = {0x0, 0x0, 0x0, 0x0}, data = {prev = 0x0, cleanup = 0x0, canceltype = 0}}}
2024-07-10 17:16:25 -          not_first_call = 0
2024-07-10 17:16:25 -  #11 0x00007ffff7786a6f in clone () at ../sysdeps/unix/sysv/linux/x86_64/clone.S:95
2024-07-10 17:16:25 -  No locals.
2024-07-10 17:16:25 -  
2024-07-10 17:16:25 -  Thread 1 (Thread 0x7ffff52a9b80 (LWP 19642) "theforgottenser"):
2024-07-10 17:16:25 -  #0  0x00007ffff7786d96 in epoll_wait (epfd=4, events=events@entry=0x7fffffffdc50, maxevents=maxevents@entry=128, timeout=timeout@entry=-1) at ../sysdeps/unix/sysv/linux/epoll_wait.c:30
2024-07-10 17:16:25 -  No locals.
2024-07-10 17:16:25 -  #1  0x00005555555ae6ed in boost::asio::detail::epoll_reactor::run (this=0x555555812ee0, usec=usec@entry=-1, ops=...) at /usr/include/boost/asio/detail/impl/epoll_reactor.ipp:471
2024-07-10 17:16:25 -          timeout = -1
2024-07-10 17:16:25 -          events = {{events = 1, data = {ptr = 0x555555809190, fd = 1434489232, u32 = 1434489232, u64 = 93824995070352}}, {events = 1, data = {ptr = 0x555555809190, fd = 1434489232, u32 = 1434489232, u64 = 93824995070352}}, {events = 1, data = {ptr = 0x5555558112b0, fd = 1434522288, u32 = 1434522288, u64 = 93824995103408}}, {events = 21845, data = {ptr = 0x7fffffffdf00, fd = -8448, u32 = 4294958848, u64 = 140737488346880}}, {events = 1, data = {ptr = 0xf774324d00000000, fd = 0, u32 = 0, u64 = 17830932130960506880}}, {events = 32767, data = {ptr = 0x8, fd = 8, u32 = 8, u64 = 8}}, {events = 4141805968, data = {ptr = 0xffffdcb000000000, fd = 0, u32 = 0, u64 = 18446705247205195776}}, {events = 32767, data = {ptr = 0x9, fd = 9, u32 = 9, u64 = 9}}, {events = 1717661267, data = {ptr = 0xf024007265727265, fd = 1701999205, u32 = 1701999205, u64 = 17303956159592559205}}, {events = 32767, data = {ptr = 0x7fffffffdcd0, fd = -9008, u32 = 4294958288, u64 = 140737488346320}}, {events = 6, data = {ptr = 0x3130373100000000, fd = 0, u32 = 0, u64 = 3544393590333505536}}, {events = 13617, data = {ptr = 0x5555555ae456 <boost::asio::detail::reactive_socket_send_op_base<boost::asio::const_buffers_1>::do_perform(boost::asio::detail::reactor_op*)+98>, fd = 1432020054, u32 = 1432020054, u64 = 93824992601174}}, {events = 0, data = {ptr = 0x0, fd = 0, u32 = 0, u64 = 0}}, {events = 0, data = {ptr = 0x6572726566616e53, fd = 1717661267, u32 = 1717661267, u64 = 7310030925010660947}}, {events = 1431830642, data = {ptr = 0x556ff86a00005555, fd = 21845, u32 = 21845, u64 = 6156412349789001045}}, {events = 21845, data = {ptr = 0x0, fd = 0, u32 = 0, u64 = 0}}, {events = 3633974144, data = {ptr = 0xf7b9c32700007fff, fd = 32767, u32 = 32767, u64 = 17850513170330845183}}, {events = 32767, data = {ptr = 0xffffffffffffffff, fd = -1, u32 = 4294967295, u64 = 18446744073709551615}}, {events = 1434492288, data = {ptr = 0x200005555, fd = 21845, u32 = 21845, u64 = 8589956437}}, {events = 0, data = {ptr = 0xf7b9c327, fd = -138820825, u32 = 4156146471, u64 = 4156146471}}, {events = 1434460352, data = {ptr = 0x555ae38e00005555, fd = 21845, u32 = 21845, u64 = 6150478440152716629}}, {events = 21845, data = {ptr = 0x555555809c28, fd = 1434491944, u32 = 1434491944, u64 = 93824995073064}}, {events = 13, data = {ptr = 0x5580925001005555, fd = 16799061, u32 = 16799061, u64 = 6161085162554676565}}, {events = 21845, data = {ptr = 0x5555555ae302 <boost::asio::detail::reactive_socket_recv_op_base<boost::asio::mutable_buffers_1>::do_perform(boost::asio::detail::reactor_op*)+115>, fd = 1432019714, u32 = 1432019714, u64 = 93824992600834}}, {events = 11, data = {ptr = 0x557d557000000001, fd = 1, u32 = 1, u64 = 6160173804837404673}}, {events = 21845, data = {ptr = 0x7fffffffde60, fd = -8608, u32 = 4294958688, u64 = 140737488346720}}, {events = 0, data = {ptr = 0x558020c000000000, fd = 0, u32 = 0, u64 = 6160960299248648192}}, {events = 21845, data = {ptr = 0x555555809c10, fd = 1434491920, u32 = 1434491920, u64 = 93824995073040}}, {events = 1434529504, data = {ptr = 0x5555, fd = 21845, u32 = 21845, u64 = 21845}}, {events = 0, data = {ptr = 0x1, fd = 1, u32 = 1, u64 = 1}}, {events = 1432023589, data = {ptr = 0x55809d8000005555, fd = 21845, u32 = 21845, u64 = 6161097463324235093}}, {events = 21845, data = {ptr = 0xdf774324d, fd = -143379891, u32 = 4151587405, u64 = 59986162253}}, {events = 1434489424, data = {ptr = 0x555af17a00005555, fd = 21845, u32 = 21845, u64 = 6150493747416159573}}, {events = 0, data = {ptr = 0x5555558091b8, fd = 1434489272, u32 = 1434489272, u64 = 93824995070392}}, {events = 2789457665, data = {ptr = 0x949fe4abc2571, fd = 1253844337, u32 = 1253844337, u64 = 2614631314761073}}, {events = 0, data = {ptr = 0x555555809c10, fd = 1434491920, u32 = 1434491920, u64 = 93824995073040}}, {events = 4294958848, data = {ptr = 0x200007fff, fd = 32767, u32 = 32767, u64 = 8589967359}}, {events = 0, data = {ptr = 0x2, fd = 2, u32 = 2, u64 = 2}}, {events = 3501321968, data = {ptr = 0x55809d8000007fff, fd = 32767, u32 = 32767, u64 = 6161097463324246015}}, {events = 21845, data = {ptr = 0x5555555b52c6 <boost::asio::detail::start_read_buffer_sequence_op<boost::asio::basic_stream_socket<boost::asio::ip::tcp, boost::asio::execution::any_executor<boost::asio::execution::context_as_t<boost::asio::execution_context&>, boost::asio::execution::detail::blocking::never_t<0>, boost::asio::execution::prefer_only<boost::asio::execution::detail::blocking::possibly_t<0> >, boost::asio::execution::prefer_only<boost::asio::execution::detail::outstanding_work::tracked_t<0> >, boost::asio::execution::prefer_only<boost::asio::execution::detail::outstanding_work::untracked_t<0> >, boost::asio::execution::prefer_only<boost::asio::execution::detail::relationship::fork_t<0> >, boost::asio::execution::prefer_only<boost::asio::execution::detail::relationship::continuation_t<0> > > >, boost::asio::mutable_buffers_1, boost::asio::mutable_buffer const*, boost::asio::detail::transfer_all_t, boost::_bi::bind_t<void, boost::_mfi::mf1<void, Connection, boost::system::error_code const&>, boost::_bi::list2<boost::_bi::value<boost::shared_ptr<Connection> >, boost::arg<1> (*)()> > >(boost::asio::basic_stream_socket<boost::asio::ip::tcp, boost::asio::execution::any_executor<boost::asio::execution::context_as_t<boost::asio::execution_context&>, boost::asio::execution::detail::blocking::never_t<0>, boost::asio::execution::prefer_only<boost::asio::execution::detail::blocking::possibly_t<0> >, boost::asio::execution::prefer_only<boost::asio::execution::detail::outstanding_work::tracked_t<0> >, boost::asio::execution::prefer_only<boost::asio::execution::detail::outstanding_work::untracked_t<0> >, boost::asio::execution::prefer_only<boost::asio::execution::detail::relationship::fork_t<0> >, boost::asio::execution::prefer_only<boost::asio::execution::detail::relationship::continuation_t<0> > > >&, boost::asio::mutable_buffers_1 const&, boost::asio::mutable_buffer const* const&, boost::asio::detail::transfer_all_t&, boost::_bi::bind_t<void, boost::_mfi::mf1<void, Connection, boost::system::error_code const&>, boost::_bi::list2<boost::_bi::value<boost::shared_ptr<Connection> >, boost::arg<1> (*)()> >&)+675>, fd = 1432048326, u32 = 1432048326, u64 = 93824992629446}}, {events = 1, data = {ptr = 0x555b51df00000000, fd = 0, u32 = 0, u64 = 6150599734324101120}}, {events = 21845, data = {ptr = 0x5555558020d0, fd = 1434460368, u32 = 1434460368, u64 = 93824995041488}}, {events = 1434460336, data = {ptr = 0x100005555, fd = 21845, u32 = 21845, u64 = 4294989141}}, {events = 0, data = {ptr = 0x5555555b51df <boost::asio::detail::start_read_buffer_sequence_op<boost::asio::basic_stream_socket<boost::asio::ip::tcp, boost::asio::execution::any_executor<boost::asio::execution::context_as_t<boost::asio::execution_context&>, boost::asio::execution::detail::blocking::never_t<0>, boost::asio::execution::prefer_only<boost::asio::execution::detail::blocking::possibly_t<0> >, boost::asio::execution::prefer_only<boost::asio::execution::detail::outstanding_work::tracked_t<0> >, boost::asio::execution::prefer_only<boost::asio::execution::detail::outstanding_work::untracked_t<0> >, boost::asio::execution::prefer_only<boost::asio::execution::detail::relationship::fork_t<0> >, boost::asio::execution::prefer_only<boost::asio::execution::detail::relationship::continuation_t<0> > > >, boost::asio::mutable_buffers_1, boost::asio::mutable_buffer const*, boost::asio::detail::transfer_all_t, boost::_bi::bind_t<void, boost::_mfi::mf1<void, Connection, boost::system::error_code const&>, boost::_bi::list2<boost::_bi::value<boost::shared_ptr<Connection> >, boost::arg<1> (*)()> > >(boost::asio::basic_stream_socket<boost::asio::ip::tcp, boost::asio::execution::any_executor<boost::asio::execution::context_as_t<boost::asio::execution_context&>, boost::asio::execution::detail::blocking::never_t<0>, boost::asio::execution::prefer_only<boost::asio::execution::detail::blocking::possibly_t<0> >, boost::asio::execution::prefer_only<boost::asio::execution::detail::outstanding_work::tracked_t<0> >, boost::asio::execution::prefer_only<boost::asio::execution::detail::outstanding_work::untracked_t<0> >, boost::asio::execution::prefer_only<boost::asio::execution::detail::relationship::fork_t<0> >, boost::asio::execution::prefer_only<boost::asio::execution::detail::relationship::continuation_t<0> > > >&, boost::asio::mutable_buffers_1 const&, boost::asio::mutable_buffer const* const&, boost::asio::detail::transfer_all_t&, boost::_bi::bind_t<void, boost::_mfi::mf1<void, Connection, boost::system::error_code const&>, boost::_bi::list2<boost::_bi::value<boost::shared_ptr<Connection> >, boost::arg<1> (*)()> >&)+444>, fd = 1432048095, u32 = 1432048095, u64 = 93824992629215}}, {events = 4294958720, data = {ptr = 0x55809c1000007fff, fd = 32767, u32 = 32767, u64 = 6161095882776281087}}, {events = 21845, data = {ptr = 0x555555809c10, fd = 1434491920, u32 = 1434491920, u64 = 93824995073040}}, {events = 3, data = {ptr = 0x558020b0000000bf, fd = 191, u32 = 191, u64 = 6160960230529171647}}, {events = 21845, data = {ptr = 0x555555809d80, fd = 1434492288, u32 = 1434492288, u64 = 93824995073408}}, {events = 2, data = {ptr = 0x0, fd = 0, u32 = 0, u64 = 0}}, {events = 0, data = {ptr = 0x1, fd = 1, u32 = 1, u64 = 1}}, {events = 1432002892, data = {ptr = 0x5555, fd = 21845, u32 = 21845, u64 = 21845}}, {events = 0, data = {ptr = 0x0, fd = 0, u32 = 0, u64 = 0}}, {events = 0, data = {ptr = 0x555b0ffe00000000, fd = 0, u32 = 0, u64 = 6150527299700654080}}, {events = 21845, data = {ptr = 0x7fffffffdf78, fd = -8328, u32 = 4294958968, u64 = 140737488347000}}, {events = 1434492256, data = {ptr = 0x5580fec800005555, fd = 21845, u32 = 21845, u64 = 6161204425189774677}}, {events = 21845, data = {ptr = 0x555555809d68, fd = 1434492264, u32 = 1434492264, u64 = 93824995073384}}, {events = 1434529376, data = {ptr = 0x555afd9a00005555, fd = 21845, u32 = 21845, u64 = 6150507078994646357}}, {events = 21845, data = {ptr = 0x555555809d60, fd = 1434492256, u32 = 1434492256, u64 = 93824995073376}}, {events = 1432005190, data = {ptr = 0x5580fde800005555, fd = 21845, u32 = 21845, u64 = 6161203463117100373}}, {events = 21845, data = {ptr = 0x55555580fdb0, fd = 1434516912, u32 = 1434516912, u64 = 93824995098032}}, {events = 1434595952, data = {ptr = 0x555aa43600005555, fd = 21845, u32 = 21845, u64 = 6150408792963044693}}, {events = 21845, data = {ptr = 0x5555555aa59a <Connection::parsePacket(boost::system::error_code const&)>, fd = 1432003994, u32 = 1432003994, u64 = 93824992585114}}, {events = 0, data = {ptr = 0x555aa14c00000000, fd = 0, u32 = 0, u64 = 6150405588917420032}}, {events = 21845, data = {ptr = 0x0, fd = 0, u32 = 0, u64 = 0}}, {events = 0, data = {ptr = 0x0, fd = 0, u32 = 0, u64 = 0}}, {events = 0, data = {ptr = 0x5555555a89ee <Connection::handleReadTimeout(boost::weak_ptr<Connection>, boost::system::error_code const&)>, fd = 1431996910, u32 = 1431996910, u64 = 93824992578030}}, {events = 0, data = {ptr = 0x0, fd = 0, u32 = 0, u64 = 0}}, {events = 0, data = {ptr = 0x1c9c380, fd = 30000000, u32 = 30000000, u64 = 30000000}}, {events = 1431996910, data = {ptr = 0x5555, fd = 21845, u32 = 21845, u64 = 21845}}, {events = 0, data = {ptr = 0x0, fd = 0, u32 = 0, u64 = 0}}, {events = 1434490992, data = {ptr = 0x55809d6000005555, fd = 21845, u32 = 21845, u64 = 6161097325885281621}}, {events = 21845, data = {ptr = 0x555555809870, fd = 1434490992, u32 = 1434490992, u64 = 93824995072112}}, {events = 1434492256, data = {ptr = 0x5580987000005555, fd = 21845, u32 = 21845, u64 = 6161091897046619477}}, {events = 21845, data = {ptr = 0x555555809d60, fd = 1434492256, u32 = 1434492256, u64 = 93824995073376}}, {events = 1434490992, data = {ptr = 0x55809d8000005555, fd = 21845, u32 = 21845, u64 = 6161097463324235093}}, {events = 21845, data = {ptr = 0x2, fd = 2, u32 = 2, u64 = 2}}, {events = 0, data = {ptr = 0xffffe16000000000, fd = 0, u32 = 0, u64 = 18446710401165950976}}, {events = 32767, data = {ptr = 0x7fffffffdfd0, fd = -8240, u32 = 4294959056, u64 = 140737488347088}}, {events = 4294959888, data = {ptr = 0x55812e1000007fff, fd = 32767, u32 = 32767, u64 = 6161256411473936383}}, {events = 21845, data = {ptr = 0x7fffffffe180, fd = -7808, u32 = 4294959488, u64 = 140737488347520}}, {events = 4294959296, data = {ptr = 0xffffe31000007fff, fd = 32767, u32 = 32767, u64 = 18446712256591855615}}, {events = 32767, data = {ptr = 0x555555812e10, fd = 1434529296, u32 = 1434529296, u64 = 93824995110416}}, {events = 4294959936, data = {ptr = 0x7fff, fd = 32767, u32 = 32767, u64 = 32767}}, {events = 0, data = {ptr = 0x5555555b4da7 <boost::asio::detail::read_op<boost::asio::basic_stream_socket<boost::asio::ip::tcp, boost::asio::execution::any_executor<boost::asio::execution::context_as_t<boost::asio::execution_context&>, boost::asio::execution::detail::blocking::never_t<0>, boost::asio::execution::prefer_only<boost::asio::execution::detail::blocking::possibly_t<0> >, boost::asio::execution::prefer_only<boost::asio::execution::detail::outstanding_work::tracked_t<0> >, boost::asio::execution::prefer_only<boost::asio::execution::detail::outstanding_work::untracked_t<0> >, boost::asio::execution::prefer_only<boost::asio::execution::detail::relationship::fork_t<0> >, boost::asio::execution::prefer_only<boost::asio::execution::detail::relationship::continuation_t<0> > > >, boost::asio::mutable_buffers_1, boost::asio::mutable_buffer const*, boost::asio::detail::transfer_all_t, boost::_bi::bind_t<void, boost::_mfi::mf1<void, Connection, boost::system::error_code const&>, boost::_bi::list2<boost::_bi::value<boost::shared_ptr<Connection> >, boost::arg<1> (*)()> > >::operator()(boost::system::error_code const&, unsigned long, int)+95>, fd = 1432047015, u32 = 1432047015, u64 = 93824992628135}}, {events = 1434529296, data = {ptr = 0xa643bf0000005555, fd = 21845, u32 = 21845, u64 = 11980629440456578389}}, {events = 1253844337, data = {ptr = 0x5555557e3fe0 <OutputMessagePool::getInstance()::instance>, fd = 1434337248, u32 = 1434337248, u64 = 93824994918368}}, {events = 4070778304, data = {ptr = 0x55812d6000007fff, fd = 32767, u32 = 32767, u64 = 6161255655559692287}}, {events = 21845, data = {ptr = 0x4abc2571a643bf00, fd = -1505509632, u32 = 2789457664, u64 = 5385220424479260416}}, {events = 1434529296, data = {ptr = 0x55809c1000005555, fd = 21845, u32 = 21845, u64 = 6161095882776270165}}, {events = 21845, data = {ptr = 0x7fffffffe310, fd = -7408, u32 = 4294959888, u64 = 140737488347920}}, {events = 2789457664, data = {ptr = 0xffffe3404abc2571, fd = 1253844337, u32 = 1253844337, u64 = 18446712464004097393}}, {events = 32767, data = {ptr = 0x555555809c10, fd = 1434491920, u32 = 1434491920, u64 = 93824995073040}}, {events = 4294959888, data = {ptr = 0x55812e1000007fff, fd = 32767, u32 = 32767, u64 = 6161256411473936383}}, {events = 21845, data = {ptr = 0x7fffffffe340, fd = -7360, u32 = 4294959936, u64 = 140737488347968}}, {events = 0, data = {ptr = 0x55812d6000000000, fd = 0, u32 = 0, u64 = 6161255655559659520}}, {events = 21845, data = {ptr = 0x5555555b6428 <boost::asio::detail::reactive_socket_recv_op<boost::asio::mutable_buffers_1, boost::asio::detail::read_op<boost::asio::basic_stream_socket<boost::asio::ip::tcp, boost::asio::execution::any_executor<boost::asio::execution::context_as_t<boost::asio::execution_context&>, boost::asio::execution::detail::blocking::never_t<0>, boost::asio::execution::prefer_only<boost::asio::execution::detail::blocking::possibly_t<0> >, boost::asio::execution::prefer_only<boost::asio::execution::detail::outstanding_work::tracked_t<0> >, boost::asio::execution::prefer_only<boost::asio::execution::detail::outstanding_work::untracked_t<0> >, boost::asio::execution::prefer_only<boost::asio::execution::detail::relationship::fork_t<0> >, boost::asio::execution::prefer_only<boost::asio::execution::detail::relationship::continuation_t<0> > > >, boost::asio::mutable_buffers_1, boost::asio::mutable_buffer const*, boost::asio::detail::transfer_all_t, boost::_bi::bind_t<void, boost::_mfi::mf1<void, Connection, boost::system::error_code const&>, boost::_bi::list2<boost::_bi::value<boost::shared_ptr<Connection> >, boost::arg<1> (*)()> > >, boost::asio::execution::any_executor<boost::asio::execution::context_as_t<boost::asio::execution_context&>, boost::asio::execution::detail::blocking::never_t<0>, boost::asio::execution::prefer_only<boost::asio::execution::detail::blocking::possibly_t<0> >, boost::asio::execution::prefer_only<boost::asio::execution::detail::outstanding_work::tracked_t<0> >, boost::asio::execution::prefer_only<boost::asio::execution::detail::outstanding_work::untracked_t<0> >, boost::asio::execution::prefer_only<boost::asio::execution::detail::relationship::fork_t<0> >, boost::asio::execution::prefer_only<boost::asio::execution::detail::relationship::continuation_t<0> > > >::do_complete(void*, boost::asio::detail::scheduler_operation*, boost::system::error_code const&, unsigned long)+1063>, fd = 1432052776, u32 = 1432052776, u64 = 93824992633896}}, {events = 0, data = {ptr = 0xf155976000000000, fd = 0, u32 = 0, u64 = 17389971974733692928}}, {events = 32767, data = {ptr = 0x555555812d60, fd = 1434529120, u32 = 1434529120, u64 = 93824995110240}}, {events = 1431996939, data = {ptr = 0x55812e1000005555, fd = 21845, u32 = 21845, u64 = 6161256411473925461}}, {events = 21845, data = {ptr = 0x7fffd8fb2490, fd = -654629744, u32 = 3640337552, u64 = 140736833725584}}, {events = 1434529120, data = {ptr = 0x555b5edf00005555, fd = 21845, u32 = 21845, u64 = 6150614027975284053}}, {events = 21845, data = {ptr = 0x10, fd = 16, u32 = 16, u64 = 16}}, {events = 1433537090, data = {ptr = 0x555b37b300005555, fd = 21845, u32 = 21845, u64 = 6150570958043239765}}, {events = 21845, data = {ptr = 0x5571ec80, fd = 1433529472, u32 = 1433529472, u64 = 1433529472}}, {events = 0, data = {ptr = 0xf7b9c32700000000, fd = 0, u32 = 0, u64 = 17850513170330812416}}, {events = 32767, data = {ptr = 0x2, fd = 2, u32 = 2, u64 = 2}}, {events = 1434492288, data = {ptr = 0x200005555, fd = 21845, u32 = 21845, u64 = 8589956437}}, {events = 0, data = {ptr = 0x55836e90, fd = 1434676880, u32 = 1434676880, u64 = 1434676880}}, {events = 1434460336, data = {ptr = 0x55809d8000005555, fd = 21845, u32 = 21845, u64 = 6161097463324235093}}, {events = 21845, data = {ptr = 0x2, fd = 2, u32 = 2, u64 = 2}}, {events = 2, data = {ptr = 0x558020b000000000, fd = 0, u32 = 0, u64 = 6160960230529171456}}, {events = 21845, data = {ptr = 0x555555809d82, fd = 1434492290, u32 = 1434492290, u64 = 93824995073410}}, {events = 12, data = {ptr = 0xc00000000, fd = 0, u32 = 0, u64 = 51539607552}}, {events = 0, data = {ptr = 0x5555555a89ee <Connection::handleReadTimeout(boost::weak_ptr<Connection>, boost::system::error_code const&)>, fd = 1431996910, u32 = 1431996910, u64 = 93824992578030}}, {events = 1434492256, data = {ptr = 0x5580987000005555, fd = 21845, u32 = 21845, u64 = 6161091897046619477}}, {events = 21845, data = {ptr = 0x7f010000007d, fd = 125, u32 = 125, u64 = 139642271694973}}, {events = 1434277232, data = {ptr = 0x5555, fd = 21845, u32 = 21845, u64 = 21845}}, {events = 1677721600, data = {ptr = 0x5555557d5570 <boost::system::detail::cat_holder<void>::system_category_instance>, fd = 1434277232, u32 = 1434277232, u64 = 93824994858352}}, {events = 12, data = {ptr = 0x557d686000000000, fd = 0, u32 = 0, u64 = 6160194626838855680}}, {events = 21845, data = {ptr = 0x0, fd = 0, u32 = 0, u64 = 0}}, {events = 1434282048, data = {ptr = 0x557d668000005555, fd = 21845, u32 = 21845, u64 = 6160192565254575445}}, {events = 21845, data = {ptr = 0x7fffffffe1a0, fd = -7776, u32 = 4294959520, u64 = 140737488347552}}, {events = 0, data = {ptr = 0x0, fd = 0, u32 = 0, u64 = 0}}, {events = 0, data = {ptr = 0x0, fd = 0, u32 = 0, u64 = 0}}, {events = 1434492256, data = {ptr = 0x5580987000005555, fd = 21845, u32 = 21845, u64 = 6161091897046619477}}, {events = 21845, data = {ptr = 0x7fffffffe3e0, fd = -7200, u32 = 4294960096, u64 = 140737488348128}}, {events = 4294959888, data = {ptr = 0x55812e1000007fff, fd = 32767, u32 = 32767, u64 = 6161256411473936383}}, {events = 21845, data = {ptr = 0x555555812d60, fd = 1434529120, u32 = 1434529120, u64 = 93824995110240}}}
2024-07-10 17:16:25 -          num_events = <optimized out>
2024-07-10 17:16:25 -          check_timers = <optimized out>
2024-07-10 17:16:25 -  #2  0x00005555555af480 in boost::asio::detail::scheduler::do_run_one (this=this@entry=0x555555812d60, lock=..., this_thread=..., ec=...) at /usr/include/boost/asio/detail/impl/scheduler.ipp:465
2024-07-10 17:16:25 -          on_exit = {scheduler_ = 0x555555812d60, lock_ = 0x7fffffffe310, this_thread_ = 0x7fffffffe340}
2024-07-10 17:16:25 -          o = <optimized out>
2024-07-10 17:16:25 -          more_handlers = false
2024-07-10 17:16:25 -  #3  0x00005555555b09cd in boost::asio::detail::scheduler::run (this=0x555555812d60, ec=...) at /usr/include/boost/asio/detail/impl/scheduler.ipp:204
2024-07-10 17:16:25 -          this_thread = {<boost::asio::detail::thread_info_base> = {<boost::asio::detail::noncopyable> = {<No data fields>}, reusable_memory_ = {0x7fffd8fb2490, 0x0, 0x0}, has_pending_exception_ = 0, pending_exception_ = {_M_exception_object = 0x0}}, private_op_queue = {<boost::asio::detail::noncopyable> = {<No data fields>}, front_ = 0x0, back_ = 0x0}, private_outstanding_work = 0}
2024-07-10 17:16:25 -          ctx = {<boost::asio::detail::noncopyable> = {<No data fields>}, key_ = 0x555555812d60, value_ = 0x7fffffffe340, next_ = 0x0}
2024-07-10 17:16:25 -          lock = {<boost::asio::detail::noncopyable> = {<No data fields>}, mutex_ = @0x555555812d90, locked_ = false}
2024-07-10 17:16:25 -          n = 565383
2024-07-10 17:16:25 -  #4  0x000055555571ceb7 in boost::asio::io_context::run (this=0x7fffffffe568) at /usr/include/boost/asio/impl/io_context.ipp:63
2024-07-10 17:16:25 -          ec = {val_ = 0, failed_ = false, cat_ = 0x5555557d5570 <boost::system::detail::cat_holder<void>::system_category_instance>}
2024-07-10 17:16:25 -          s = <optimized out>
2024-07-10 17:16:25 -          ec = {val_ = <optimized out>, failed_ = <optimized out>, cat_ = <optimized out>}
2024-07-10 17:16:25 -          s = <optimized out>
2024-07-10 17:16:25 -  #5  ServiceManager::run (this=this@entry=0x7fffffffe560) at server.cpp:218
2024-07-10 17:16:25 -          __PRETTY_FUNCTION__ = "void ServiceManager::run()"
2024-07-10 17:16:25 -  #6  0x00005555556b57af in main (argc=<optimized out>, argv=<optimized out>) at otserv.cpp:358
2024-07-10 17:16:25 -          args = std::vector of length 1, capacity 1 = {"/home/servidor/theforgottenserver"}
2024-07-10 17:16:26 -          servicer = {<boost::noncopyable_::noncopyable> = {<boost::noncopyable_::base_token> = {<No data fields>}, <No data fields>}, _vptr.ServiceManager = 0x5555557d7e48 <vtable for ServiceManager+16>, m_io_service = {<boost::asio::execution_context> = {<boost::asio::detail::noncopyable> = {<No data fields>}, service_registry_ = 0x555555812d10}, impl_ = @0x555555812d60}, deathTimer = {impl_ = {service_ = 0x555555812e60, implementation_ = {<boost::asio::detail::noncopyable> = {<No data fields>}, expiry = {<boost::date_time::base_time<boost::posix_time::ptime, boost::date_time::counted_time_system<boost::date_time::counted_time_rep<boost::posix_time::millisec_posix_time_system_config> > >> = {<boost::operators_impl::less_than_comparable<boost::posix_time::ptime, boost::operators_impl::equality_comparable<boost::posix_time::ptime, boost::posix_time::ptime, boost::operators_impl::operators_detail::empty_base<boost::posix_time::ptime>, boost::operators_impl::operators_detail::false_t>, boost::operators_impl::operators_detail::empty_base<boost::posix_time::ptime>, boost::operators_impl::operators_detail::true_t>> = {<boost::operators_impl::less_than_comparable1<boost::posix_time::ptime, boost::operators_impl::equality_comparable<boost::posix_time::ptime, boost::posix_time::ptime, boost::operators_impl::operators_detail::empty_base<boost::posix_time::ptime>, boost::operators_impl::operators_detail::false_t> >> = {<boost::operators_impl::equality_comparable<boost::posix_time::ptime, boost::posix_time::ptime, boost::operators_impl::operators_detail::empty_base<boost::posix_time::ptime>, boost::operators_impl::operators_detail::false_t>> = {<boost::operators_impl::equality_comparable1<boost::posix_time::ptime, boost::operators_impl::operators_detail::empty_base<boost::posix_time::ptime> >> = {<boost::operators_impl::operators_detail::empty_base<boost::posix_time::ptime>> = {<No data fields>}, <No data fields>}, <No data fields>}, <No data fields>}, <No data fields>}, time_ = {time_count_ = {value_ = 9223372036854775806}}}, <No data fields>}, might_have_pending_waits = false, timer_data = {op_queue_ = {<boost::asio::detail::noncopyable> = {<No data fields>}, front_ = 0x0, back_ = 0x0}, heap_index_ = 18446744073709551615, next_ = 0x0, prev_ = 0x0}}, executor_ = {<boost::asio::execution::detail::any_executor_base> = {object_ = {__data = "h\345\377\377\377\177\000\000\020S}U\000\000\000", __align = {<No data fields>}}, object_fns_ = 0x5555557d6740 <boost::asio::execution::detail::any_executor_base::object_fns_table<boost::asio::io_context::basic_executor_type<std::allocator<void>, 0u> >(std::enable_if<(!std::is_same<boost::asio::io_context::basic_executor_type<std::allocator<void>, 0u>, void>::value)&&(!std::is_same<boost::asio::io_context::basic_executor_type<std::allocator<void>, 0u>, std::shared_ptr<void> >::value), void>::type*)::fns>, target_ = 0x7fffffffe5b8, target_fns_ = 0x5555557d6760 <boost::asio::execution::detail::any_executor_base::target_fns_table<boost::asio::io_context::basic_executor_type<std::allocator<void>, 0u> >(bool, std::enable_if<!std::is_same<boost::asio::io_context::basic_executor_type<std::allocator<void>, 0u>, void>::value, void>::type*)::fns_with_execute>}, <boost::asio::execution::detail::any_executor_context<boost::asio::execution::any_executor<boost::asio::execution::context_as_t<boost::asio::execution_context&>, boost::asio::execution::detail::blocking::never_t<0>, boost::asio::execution::prefer_only<boost::asio::execution::detail::blocking::possibly_t<0> >, boost::asio::execution::prefer_only<boost::asio::execution::detail::outstanding_work::tracked_t<0> >, boost::asio::execution::prefer_only<boost::asio::execution::detail::outstanding_work::untracked_t<0> >, boost::asio::execution::prefer_only<boost::asio::execution::detail::relationship::fork_t<0> >, boost::asio::execution::prefer_only<boost::asio::execution::detail::relationship::continuation_t<0> > >, boost::asio::execution::detail::supportable_properties<0, void(boost::asio::execution::context_as_t<boost::asio::execution_context&>, boost::asio::execution::detail::blocking::never_t<0>, boost::asio::execution::prefer_only<boost::asio::execution::detail::blocking::possibly_t<0> >, boost::asio::execution::prefer_only<boost::asio::execution::detail::outstanding_work::tracked_t<0> >, boost::asio::execution::prefer_only<boost::asio::execution::detail::outstanding_work::untracked_t<0> >, boost::asio::execution::prefer_only<boost::asio::execution::detail::relationship::fork_t<0> >, boost::asio::execution::prefer_only<boost::asio::execution::detail::relationship::continuation_t<0> >)>::find_context_as_property, void>> = {<No data fields>}, prop_fns_ = 0x5555557d6780 <boost::asio::execution::any_executor<boost::asio::execution::context_as_t<boost::asio::execution_context&>, boost::asio::execution::detail::blocking::never_t<0>, boost::asio::execution::prefer_only<boost::asio::execution::detail::blocking::possibly_t<0> >, boost::asio::execution::prefer_only<boost::asio::execution::detail::outstanding_work::tracked_t<0> >, boost::asio::execution::prefer_only<boost::asio::execution::detail::outstanding_work::untracked_t<0> >, boost::asio::execution::prefer_only<boost::asio::execution::detail::relationship::fork_t<0> >, boost::asio::execution::prefer_only<boost::asio::execution::detail::relationship::continuation_t<0> > >::prop_fns_table<boost::asio::io_context::basic_executor_type<std::allocator<void>, 0u> >()::fns>}}}, running = false, m_acceptors = std::map with 2 elements = {[7172] = {px = 0x7fffd0b28ce0, pn = {pi_ = 0x7fffe966fff0}}, [7183] = {px = 0x7fffead116b0, pn = {pi_ = 0x7fffead11700}}}}
2024-07-10 17:16:26 -          sigh = {__sigaction_handler = {sa_handler = 0x1, sa_sigaction = 0x1}, sa_mask = {__val = {0 <repeats 16 times>}}, sa_flags = 0, sa_restorer = 0x4000000042}
2024-07-10 17:16:26 -          outPath = ""
2024-07-10 17:16:26 -          errPath = ""
2024-07-10 17:16:26 -  > Saving server...
2024-07-10 17:16:28 -  > SAVE: Complete in 2.056 seconds using relational house storage.
2024-07-10 17:16:28 -  A debugging session is active.
2024-07-10 17:16:28 -  
2024-07-10 17:16:28 -  	Inferior 1 [process 19642] will be killed.
2024-07-10 17:16:28 -  
2024-07-10 17:16:28 -  Quit anyway? (y or n) [answered Y; input not from terminal]
