2024-04-29 20:53:27 -  [Thread debugging using libthread_db enabled]
2024-04-29 20:53:27 -  Using host libthread_db library "/lib/x86_64-linux-gnu/libthread_db.so.1".
2024-04-29 20:53:27 -  [New Thread 0x7ffff52a3700 (LWP 40967)]
2024-04-29 20:53:27 -  otPokemon Imperium, version 0.3.6 (otPokemon Imperium.)
2024-04-29 20:53:27 -  Compiled with GNU C++ version 10.2.1 20210110 at Apr 21 2024, 02:09:11.
2024-04-29 20:53:27 -  A server developed by : GOD Vitor.
2024-04-29 20:53:27 -  otPokemon Imperium - Pokemon Tibia Online.
2024-04-29 20:53:27 -  
2024-04-29 20:53:27 -  >> Loading config (config.lua)
2024-04-29 20:53:27 -  > Using SHA1 encryption
2024-04-29 20:53:27 -  >> Loading RSA key
2024-04-29 20:53:27 -  >> Starting SQL connection
2024-04-29 20:53:27 -  >> Running Database Manager
2024-04-29 20:53:27 -  > Optimizing table: player_items... [success]
2024-04-29 20:53:27 -  > Optimizing table: player_depotitems... [success]
2024-04-29 20:53:28 -  > Optimizing table: player_storage... [success]
2024-04-29 20:53:28 -  >> Loading items
2024-04-29 20:53:28 -  >> Loading groups
2024-04-29 20:53:28 -  >> Loading vocations
2024-04-29 20:53:28 -  >> Loading script systems
2024-04-29 20:53:28 -  [Warning - TalkAction::configureEvent] Duplicate registered talkaction with words: /online
2024-04-29 20:53:28 -  >> Loading chat channels
2024-04-29 20:53:28 -  >> Loading outfits
2024-04-29 20:53:28 -  >> Loading experience stages
2024-04-29 20:53:28 -  >> Loading monsters
2024-04-29 20:53:28 -  >> Loading mods...
2024-04-29 20:53:28 -  > Loading firstitems.xml... done.
2024-04-29 20:53:28 -  > 1 mods were loaded.
2024-04-29 20:53:28 -  >> Loading map and spawns...
2024-04-29 20:53:29 -  > Map size: 2501x4119.
2024-04-29 20:53:29 -  > Map descriptions: 
2024-04-29 20:53:29 -  "Saved with OTAcademy Map Editor 4.1.1"
2024-04-29 20:53:29 -  "Poke Sapphire
2024-04-29 20:53:29 -  Thalles and Bianca
2024-04-29 20:53:29 -  
2024-04-29 20:53:29 -  Map by [GM] Bob Dylan"
2024-04-29 20:53:35 -  [Warning - IOMap::loadMap] Movable item in house: 187, item type: 2080, pos 1174/1007/7
2024-04-29 20:53:41 -  [Warning - IOMap::loadMap] Movable item in house: 187, item type: 38041, pos 1175/1028/7
2024-04-29 20:53:41 -  [Warning - IOMap::loadMap] Movable item in house: 162, item type: 38041, pos 1202/1041/7
2024-04-29 20:53:58 -  > Map loading time: 29.538 seconds.
2024-04-29 20:53:58 -  [Warning - Spawns::loadFromXml] Magneton ( 01652 / 00955 / 002 ) spawntime cannot be less than 1 seconds.
2024-04-29 20:53:58 -  [Warning - Spawns::loadFromXml] Electabuzz ( 01640 / 00989 / 002 ) spawntime cannot be less than 1 seconds.
2024-04-29 20:53:58 -  I/O warning : failed to load external entity "datapack/npc/Geraldo.xml"
2024-04-29 20:53:58 -  [Warning - Npc::loadFromXml] Cannot load npc file (datapack/npc/Geraldo.xml).
2024-04-29 20:53:58 -  Info: failed to load external entity "datapack/npc/Geraldo.xml"
2024-04-29 20:53:58 -  
2024-04-29 20:53:58 -  
2024-04-29 20:53:58 -  [Warning - Spawns::loadFromXml] Voltorb ( 01640 / 00991 / 004 ) spawntime cannot be less than 1 seconds.
2024-04-29 20:53:58 -  I/O warning : failed to load external entity "datapack/npc/roberto.xml"
2024-04-29 20:53:58 -  [Warning - Npc::loadFromXml] Cannot load npc file (datapack/npc/roberto.xml).
2024-04-29 20:53:58 -  Info: failed to load external entity "datapack/npc/roberto.xml"
2024-04-29 20:53:58 -  
2024-04-29 20:53:58 -  
2024-04-29 20:53:58 -  [Spawn::addMonster] Cannot find "Pansage"
2024-04-29 20:53:58 -  [Spawn::addMonster] Cannot find "Pansage"
2024-04-29 20:53:58 -  [Spawn::addMonster] Cannot find "Pansage"
2024-04-29 20:53:58 -  [Spawn::addMonster] Cannot find "Pansage"
2024-04-29 20:53:58 -  [Spawn::addMonster] Cannot find "Golett"
2024-04-29 20:53:58 -  [Spawn::addMonster] Cannot find "Golett"
2024-04-29 20:53:58 -  [Spawn::addMonster] Cannot find "Golett"
2024-04-29 20:53:58 -  [Spawn::addMonster] Cannot find "Golett"
2024-04-29 20:53:58 -  [Spawn::addMonster] Cannot find "Golett"
2024-04-29 20:53:58 -  [Spawn::addMonster] Cannot find "Golett"
2024-04-29 20:53:58 -  [Spawn::addMonster] Cannot find "Golett"
2024-04-29 20:53:58 -  [Spawn::addMonster] Cannot find "Gigalith"
2024-04-29 20:53:58 -  [Spawn::addMonster] Cannot find "Gigalith"
2024-04-29 20:53:58 -  [Spawn::addMonster] Cannot find "Gigalith"
2024-04-29 20:53:58 -  [Spawn::addMonster] Cannot find "Gigalith"
2024-04-29 20:53:58 -  [Spawn::addMonster] Cannot find "Gigalith"
2024-04-29 20:53:58 -  [Spawn::addMonster] Cannot find "Gigalith"
2024-04-29 20:53:58 -  [Spawn::addMonster] Cannot find "Gigalith"
2024-04-29 20:53:58 -  [Spawn::addMonster] Cannot find "Gigalith"
2024-04-29 20:53:58 -  [Spawn::addMonster] Cannot find "Gigalith"
2024-04-29 20:53:58 -  [Spawn::addMonster] Cannot find "Gigalith"
2024-04-29 20:53:58 -  [Spawn::addMonster] Cannot find "Gigalith"
2024-04-29 20:53:58 -  [Spawn::addMonster] Cannot find "Gigalith"
2024-04-29 20:53:58 -  [Spawn::addMonster] Cannot find "Gigalith"
2024-04-29 20:53:58 -  [Spawn::addMonster] Cannot find "Gigalith"
2024-04-29 20:53:58 -  [Spawn::addMonster] Cannot find "Gigalith"
2024-04-29 20:53:58 -  [Spawn::addMonster] Cannot find "Gigalith"
2024-04-29 20:53:58 -  [Spawn::addMonster] Cannot find "Gigalith"
2024-04-29 20:53:58 -  [Spawn::addMonster] Cannot find "Gigalith"
2024-04-29 20:53:58 -  [Spawn::addMonster] Cannot find "Gigalith"
2024-04-29 20:53:58 -  [Spawn::addMonster] Cannot find "Gigalith"
2024-04-29 20:53:58 -  [Spawn::addMonster] Cannot find "Gigalith"
2024-04-29 20:53:58 -  [Spawn::addMonster] Cannot find "Gigalith"
2024-04-29 20:53:58 -  [Spawn::addMonster] Cannot find "Gigalith"
2024-04-29 20:53:58 -  [Spawn::addMonster] Cannot find "Gigalith"
2024-04-29 20:53:58 -  [Spawn::addMonster] Cannot find "Beartic"
2024-04-29 20:53:58 -  [Spawn::addMonster] Cannot find "Beartic"
2024-04-29 20:53:58 -  [Spawn::addMonster] Cannot find "Beartic"
2024-04-29 20:53:58 -  [Spawn::addMonster] Cannot find "Beartic"
2024-04-29 20:53:58 -  [Spawn::addMonster] Cannot find "Beartic"
2024-04-29 20:53:58 -  [Spawn::addMonster] Cannot find "Beartic"
2024-04-29 20:53:58 -  [Spawn::addMonster] Cannot find "Beartic"
2024-04-29 20:53:58 -  [Spawn::addMonster] Cannot find "Beartic"
2024-04-29 20:53:58 -  [Spawn::addMonster] Cannot find "Beartic"
2024-04-29 20:53:58 -  [Spawn::addMonster] Cannot find "Beartic"
2024-04-29 20:53:58 -  [Spawn::addMonster] Cannot find "Beartic"
2024-04-29 20:53:58 -  [Spawn::addMonster] Cannot find "Beartic"
2024-04-29 20:53:58 -  [Spawn::addMonster] Cannot find "Beartic"
2024-04-29 20:53:58 -  [Spawn::addMonster] Cannot find "Beartic"
2024-04-29 20:53:58 -  [Spawn::addMonster] Cannot find "Beartic"
2024-04-29 20:53:58 -  [Spawn::addMonster] Cannot find "Beartic"
2024-04-29 20:53:58 -  [Spawn::addMonster] Cannot find "Beartic"
2024-04-29 20:53:58 -  [Spawn::addMonster] Cannot find "Beartic"
2024-04-29 20:53:58 -  [Spawn::addMonster] Cannot find "Beartic"
2024-04-29 20:53:58 -  [Spawn::addMonster] Cannot find "Beartic"
2024-04-29 20:53:58 -  [Spawn::addMonster] Cannot find "Beartic"
2024-04-29 20:53:58 -  I/O warning : failed to load external entity "datapack/npc/Capitao Luiz.xml"
2024-04-29 20:53:58 -  [Warning - Npc::loadFromXml] Cannot load npc file (datapack/npc/Capitao Luiz.xml).
2024-04-29 20:53:58 -  Info: failed to load external entity "datapack/npc/Capitao Luiz.xml"
2024-04-29 20:53:58 -  
2024-04-29 20:53:58 -  
2024-04-29 20:53:58 -  I/O warning : failed to load external entity "datapack/npc/Capitao Barbosa.xml"
2024-04-29 20:53:58 -  [Warning - Npc::loadFromXml] Cannot load npc file (datapack/npc/Capitao Barbosa.xml).
2024-04-29 20:53:58 -  Info: failed to load external entity "datapack/npc/Capitao Barbosa.xml"
2024-04-29 20:53:58 -  
2024-04-29 20:53:58 -  
2024-04-29 20:53:58 -  I/O warning : failed to load external entity "datapack/npc/Capitao Barbosa.xml"
2024-04-29 20:53:58 -  [Warning - Npc::loadFromXml] Cannot load npc file (datapack/npc/Capitao Barbosa.xml).
2024-04-29 20:53:58 -  Info: failed to load external entity "datapack/npc/Capitao Barbosa.xml"
2024-04-29 20:53:58 -  
2024-04-29 20:53:58 -  
2024-04-29 20:53:58 -  I/O warning : failed to load external entity "datapack/npc/DD - Anlow.xml"
2024-04-29 20:53:58 -  [Warning - Npc::loadFromXml] Cannot load npc file (datapack/npc/DD - Anlow.xml).
2024-04-29 20:53:58 -  Info: failed to load external entity "datapack/npc/DD - Anlow.xml"
2024-04-29 20:53:58 -  
2024-04-29 20:53:58 -  
2024-04-29 20:53:58 -  [Spawn::addMonster] Cannot find "Darmanitan"
2024-04-29 20:53:58 -  [Spawn::addMonster] Cannot find "Darmanitan"
2024-04-29 20:53:58 -  I/O warning : failed to load external entity "datapack/npc/Nurse Audino.xml"
2024-04-29 20:53:58 -  [Warning - Npc::loadFromXml] Cannot load npc file (datapack/npc/Nurse Audino.xml).
2024-04-29 20:53:58 -  Info: failed to load external entity "datapack/npc/Nurse Audino.xml"
2024-04-29 20:53:58 -  
2024-04-29 20:53:58 -  
2024-04-29 20:53:58 -  I/O warning : failed to load external entity "datapack/npc/Nurse Audino.xml"
2024-04-29 20:53:58 -  [Warning - Npc::loadFromXml] Cannot load npc file (datapack/npc/Nurse Audino.xml).
2024-04-29 20:53:58 -  Info: failed to load external entity "datapack/npc/Nurse Audino.xml"
2024-04-29 20:53:58 -  
2024-04-29 20:53:58 -  
2024-04-29 20:53:58 -  [Spawn::addMonster] Cannot find "Pansage"
2024-04-29 20:53:58 -  [Spawn::addMonster] Cannot find "Pansage"
2024-04-29 20:53:58 -  [Spawn::addMonster] Cannot find "Pansage"
2024-04-29 20:53:58 -  [Spawn::addMonster] Cannot find "Pansage"
2024-04-29 20:53:58 -  [Spawn::addMonster] Cannot find "Pansage"
2024-04-29 20:53:58 -  [Spawn::addMonster] Cannot find "Pansage"
2024-04-29 20:53:58 -  [Spawn::addMonster] Cannot find "Pansage"
2024-04-29 20:53:58 -  [Spawn::addMonster] Cannot find "Pansage"
2024-04-29 20:53:58 -  [Spawn::addMonster] Cannot find "Pansage"
2024-04-29 20:53:58 -  [Spawn::addMonster] Cannot find "Pansage"
2024-04-29 20:53:58 -  [Spawn::addMonster] Cannot find "Pansage"
2024-04-29 20:53:58 -  [Spawn::addMonster] Cannot find "Pansage"
2024-04-29 20:53:58 -  [Spawn::addMonster] Cannot find "Pansage"
2024-04-29 20:53:58 -  [Spawn::addMonster] Cannot find "Gothorita"
2024-04-29 20:53:58 -  [Spawn::addMonster] Cannot find "Gothorita"
2024-04-29 20:53:58 -  [Spawn::addMonster] Cannot find "Pansage"
2024-04-29 20:53:58 -  [Spawn::addMonster] Cannot find "Pansage"
2024-04-29 20:53:58 -  [Spawn::addMonster] Cannot find "Darmanitan"
2024-04-29 20:53:58 -  [Spawn::addMonster] Cannot find "Pansage"
2024-04-29 20:53:58 -  [Spawn::addMonster] Cannot find "Gothorita"
2024-04-29 20:53:58 -  [Spawn::addMonster] Cannot find "Gothorita"
2024-04-29 20:53:58 -  [Spawn::addMonster] Cannot find "Gothorita"
2024-04-29 20:53:58 -  [Spawn::addMonster] Cannot find "Gothorita"
2024-04-29 20:53:58 -  [Spawn::addMonster] Cannot find "Gothorita"
2024-04-29 20:53:58 -  [Spawn::addMonster] Cannot find "Gothorita"
2024-04-29 20:53:58 -  [Spawn::addMonster] Cannot find "Gothorita"
2024-04-29 20:53:58 -  [Spawn::addMonster] Cannot find "Gothorita"
2024-04-29 20:53:58 -  [Spawn::addMonster] Cannot find "Gothorita"
2024-04-29 20:53:58 -  [Spawn::addMonster] Cannot find "Gothorita"
2024-04-29 20:53:58 -  [Spawn::addMonster] Cannot find "Gothorita"
2024-04-29 20:53:58 -  [Spawn::addMonster] Cannot find "Gothorita"
2024-04-29 20:53:58 -  [Spawn::addMonster] Cannot find "Gothorita"
2024-04-29 20:53:58 -  [Spawn::addMonster] Cannot find "Gothorita"
2024-04-29 20:53:58 -  [Spawn::addMonster] Cannot find "Gothorita"
2024-04-29 20:53:58 -  [Spawn::addMonster] Cannot find "Gothorita"
2024-04-29 20:53:58 -  [Spawn::addMonster] Cannot find "Gothorita"
2024-04-29 20:53:58 -  [Spawn::addMonster] Cannot find "Gothorita"
2024-04-29 20:53:58 -  [Spawn::addMonster] Cannot find "Gothorita"
2024-04-29 20:53:58 -  [Spawn::addMonster] Cannot find "Gothorita"
2024-04-29 20:53:58 -  [Spawn::addMonster] Cannot find "Gothorita"
2024-04-29 20:53:58 -  [Spawn::addMonster] Cannot find "Gothorita"
2024-04-29 20:53:58 -  [Spawn::addMonster] Cannot find "Gothorita"
2024-04-29 20:53:58 -  [Spawn::addMonster] Cannot find "Gothorita"
2024-04-29 20:53:58 -  [Spawn::addMonster] Cannot find "Gothorita"
2024-04-29 20:53:58 -  [Spawn::addMonster] Cannot find "Gothorita"
2024-04-29 20:53:58 -  [Spawn::addMonster] Cannot find "Gothorita"
2024-04-29 20:53:58 -  [Spawn::addMonster] Cannot find "Gothorita"
2024-04-29 20:53:58 -  [Spawn::addMonster] Cannot find "Gothorita"
2024-04-29 20:53:58 -  [Spawn::addMonster] Cannot find "Gothorita"
2024-04-29 20:53:58 -  [Spawn::addMonster] Cannot find "Gothorita"
2024-04-29 20:53:58 -  [Spawn::addMonster] Cannot find "Gothorita"
2024-04-29 20:53:58 -  [Spawn::addMonster] Cannot find "Gothorita"
2024-04-29 20:53:58 -  [Spawn::addMonster] Cannot find "Pansage"
2024-04-29 20:53:58 -  [Spawn::addMonster] Cannot find "Gothorita"
2024-04-29 20:53:58 -  [Spawn::addMonster] Cannot find "Gothorita"
2024-04-29 20:53:58 -  [Spawn::addMonster] Cannot find "Gothorita"
2024-04-29 20:53:58 -  [Spawn::addMonster] Cannot find "Gothorita"
2024-04-29 20:53:58 -  [Spawn::addMonster] Cannot find "Pansage"
2024-04-29 20:53:58 -  [Spawn::addMonster] Cannot find "Pansage"
2024-04-29 20:53:58 -  [Spawn::addMonster] Cannot find "Pansage"
2024-04-29 20:53:58 -  [Spawn::addMonster] Cannot find "Gothorita"
2024-04-29 20:53:58 -  [Spawn::addMonster] Cannot find "Pansage"
2024-04-29 20:53:58 -  [Spawn::addMonster] Cannot find "Pansage"
2024-04-29 20:53:58 -  [Spawn::addMonster] Cannot find "Pansage"
2024-04-29 20:53:58 -  [Spawn::addMonster] Cannot find "Pansage"
2024-04-29 20:53:58 -  [Spawn::addMonster] Cannot find "Pansage"
2024-04-29 20:53:58 -  [Spawn::addMonster] Cannot find "Pansage"
2024-04-29 20:53:58 -  [Spawn::addMonster] Cannot find "Pansage"
2024-04-29 20:53:58 -  [Spawn::addMonster] Cannot find "Pansage"
2024-04-29 20:53:58 -  [Spawn::addMonster] Cannot find "Pansage"
2024-04-29 20:53:58 -  [Spawn::addMonster] Cannot find "Pansage"
2024-04-29 20:53:58 -  [Spawn::addMonster] Cannot find "Pansage"
2024-04-29 20:53:58 -  [Spawn::addMonster] Cannot find "Pansage"
2024-04-29 20:53:58 -  [Spawn::addMonster] Cannot find "Pansage"
2024-04-29 20:53:58 -  [Spawn::addMonster] Cannot find "Pansage"
2024-04-29 20:53:58 -  [Spawn::addMonster] Cannot find "Pansage"
2024-04-29 20:53:58 -  [Spawn::addMonster] Cannot find "Golett"
2024-04-29 20:53:58 -  [Spawn::addMonster] Cannot find "Golett"
2024-04-29 20:53:58 -  [Spawn::addMonster] Cannot find "Golett"
2024-04-29 20:53:58 -  [Spawn::addMonster] Cannot find "Golett"
2024-04-29 20:53:58 -  [Spawn::addMonster] Cannot find "Pansage"
2024-04-29 20:53:58 -  [Spawn::addMonster] Cannot find "Pansage"
2024-04-29 20:53:58 -  [Spawn::addMonster] Cannot find "Pansage"
2024-04-29 20:53:58 -  [Spawn::addMonster] Cannot find "Pansage"
2024-04-29 20:53:58 -  [Spawn::addMonster] Cannot find "Golett"
2024-04-29 20:53:58 -  [Spawn::addMonster] Cannot find "Golett"
2024-04-29 20:53:58 -  [Spawn::addMonster] Cannot find "Pansage"
2024-04-29 20:53:58 -  [Spawn::addMonster] Cannot find "Pansage"
2024-04-29 20:53:58 -  [Spawn::addMonster] Cannot find "Golett"
2024-04-29 20:53:58 -  [Spawn::addMonster] Cannot find "Golett"
2024-04-29 20:53:58 -  [Spawn::addMonster] Cannot find "Pansage"
2024-04-29 20:53:58 -  [Spawn::addMonster] Cannot find "Pansage"
2024-04-29 20:53:58 -  [Spawn::addMonster] Cannot find "Pansage"
2024-04-29 20:53:58 -  [Spawn::addMonster] Cannot find "Pansage"
2024-04-29 20:53:58 -  [Spawn::addMonster] Cannot find "Pansage"
2024-04-29 20:53:58 -  [Spawn::addMonster] Cannot find "Pansage"
2024-04-29 20:53:58 -  [Spawn::addMonster] Cannot find "Pansage"
2024-04-29 20:53:58 -  [Spawn::addMonster] Cannot find "Pansage"
2024-04-29 20:53:58 -  [Spawn::addMonster] Cannot find "Pansage"
2024-04-29 20:53:58 -  [Spawn::addMonster] Cannot find "Pansage"
2024-04-29 20:53:58 -  [Spawn::addMonster] Cannot find "Pansage"
2024-04-29 20:53:58 -  [Spawn::addMonster] Cannot find "Pansage"
2024-04-29 20:53:58 -  [Spawn::addMonster] Cannot find "Pansage"
2024-04-29 20:53:58 -  [Spawn::addMonster] Cannot find "Pansage"
2024-04-29 20:53:58 -  [Spawn::addMonster] Cannot find "Pansage"
2024-04-29 20:53:58 -  [Spawn::addMonster] Cannot find "Pansage"
2024-04-29 20:53:58 -  [Spawn::addMonster] Cannot find "Pansage"
2024-04-29 20:53:58 -  [Spawn::addMonster] Cannot find "Pansage"
2024-04-29 20:53:58 -  [Spawn::addMonster] Cannot find "Pansage"
2024-04-29 20:53:58 -  [Spawn::addMonster] Cannot find "Pansage"
2024-04-29 20:53:58 -  [Spawn::addMonster] Cannot find "Oshawott"
2024-04-29 20:53:58 -  [Spawn::addMonster] Cannot find "Oshawott"
2024-04-29 20:53:58 -  [Spawn::addMonster] Cannot find "Oshawott"
2024-04-29 20:53:58 -  [Spawn::addMonster] Cannot find "Oshawott"
2024-04-29 20:53:58 -  [Spawn::addMonster] Cannot find "Oshawott"
2024-04-29 20:53:58 -  [Spawn::addMonster] Cannot find "Oshawott"
2024-04-29 20:53:58 -  [Spawn::addMonster] Cannot find "Oshawott"
2024-04-29 20:53:58 -  [Spawn::addMonster] Cannot find "Oshawott"
2024-04-29 20:53:58 -  [Spawn::addMonster] Cannot find "Oshawott"
2024-04-29 20:53:58 -  [Spawn::addMonster] Cannot find "Krookodile"
2024-04-29 20:53:58 -  [Spawn::addMonster] Cannot find "Oshawott"
2024-04-29 20:53:58 -  [Spawn::addMonster] Cannot find "Oshawott"
2024-04-29 20:53:58 -  [Spawn::addMonster] Cannot find "Oshawott"
2024-04-29 20:53:58 -  [Spawn::addMonster] Cannot find "Oshawott"
2024-04-29 20:53:58 -  [Spawn::addMonster] Cannot find "Oshawott"
2024-04-29 20:53:58 -  [Spawn::addMonster] Cannot find "Oshawott"
2024-04-29 20:53:58 -  [Spawn::addMonster] Cannot find "Oshawott"
2024-04-29 20:53:58 -  [Spawn::addMonster] Cannot find "Oshawott"
2024-04-29 20:53:58 -  [Spawn::addMonster] Cannot find "Pansage"
2024-04-29 20:53:58 -  [Spawn::addMonster] Cannot find "Pansage"
2024-04-29 20:53:58 -  [Spawn::addMonster] Cannot find "Zweilous"
2024-04-29 20:53:58 -  I/O warning : failed to load external entity "datapack/npc/Nurse Audino.xml"
2024-04-29 20:53:58 -  [Warning - Npc::loadFromXml] Cannot load npc file (datapack/npc/Nurse Audino.xml).
2024-04-29 20:53:58 -  Info: failed to load external entity "datapack/npc/Nurse Audino.xml"
2024-04-29 20:53:58 -  
2024-04-29 20:53:58 -  
2024-04-29 20:53:58 -  [Spawn::addMonster] Cannot find "Pansear"
2024-04-29 20:53:58 -  [Spawn::addMonster] Cannot find "Pansear"
2024-04-29 20:53:58 -  [Spawn::addMonster] Cannot find "Pansear"
2024-04-29 20:53:58 -  [Spawn::addMonster] Cannot find "Pansear"
2024-04-29 20:53:58 -  [Spawn::addMonster] Cannot find "Darmanitan"
2024-04-29 20:53:58 -  [Spawn::addMonster] Cannot find "Pansear"
2024-04-29 20:53:58 -  [Spawn::addMonster] Cannot find "Pansear"
2024-04-29 20:53:58 -  [Spawn::addMonster] Cannot find "Pansear"
2024-04-29 20:53:58 -  [Spawn::addMonster] Cannot find "Pansear"
2024-04-29 20:53:58 -  [Spawn::addMonster] Cannot find "Pansear"
2024-04-29 20:53:58 -  [Spawn::addMonster] Cannot find "Pansear"
2024-04-29 20:53:58 -  [Spawn::addMonster] Cannot find "Pansear"
2024-04-29 20:53:58 -  [Spawn::addMonster] Cannot find "Pansear"
2024-04-29 20:53:58 -  [Spawn::addMonster] Cannot find "Pansear"
2024-04-29 20:53:58 -  [Spawn::addMonster] Cannot find "Pansear"
2024-04-29 20:53:58 -  [Spawn::addMonster] Cannot find "Pansear"
2024-04-29 20:53:58 -  [Spawn::addMonster] Cannot find "Pansear"
2024-04-29 20:53:58 -  [Spawn::addMonster] Cannot find "Pansear"
2024-04-29 20:53:58 -  [Spawn::addMonster] Cannot find "Pansear"
2024-04-29 20:53:58 -  [Spawn::addMonster] Cannot find "Pansear"
2024-04-29 20:53:58 -  [Spawn::addMonster] Cannot find "Pansear"
2024-04-29 20:53:58 -  [Spawn::addMonster] Cannot find "Pansear"
2024-04-29 20:53:58 -  [Spawn::addMonster] Cannot find "Pansear"
2024-04-29 20:53:58 -  [Spawn::addMonster] Cannot find "Pansear"
2024-04-29 20:53:58 -  [Spawn::addMonster] Cannot find "Pansear"
2024-04-29 20:53:58 -  [Spawn::addMonster] Cannot find "Pansear"
2024-04-29 20:53:58 -  [Spawn::addMonster] Cannot find "Pansear"
2024-04-29 20:53:58 -  [Spawn::addMonster] Cannot find "Pansear"
2024-04-29 20:53:58 -  [Spawn::addMonster] Cannot find "Pansear"
2024-04-29 20:53:58 -  [Spawn::addMonster] Cannot find "Zweilous"
2024-04-29 20:53:58 -  [Spawn::addMonster] Cannot find "Zweilous"
2024-04-29 20:53:58 -  [Spawn::addMonster] Cannot find "Pansage"
2024-04-29 20:53:58 -  [Spawn::addMonster] Cannot find "Pansage"
2024-04-29 20:53:58 -  [Spawn::addMonster] Cannot find "Pansage"
2024-04-29 20:53:58 -  [Spawn::addMonster] Cannot find "Pansage"
2024-04-29 20:53:58 -  [Spawn::addMonster] Cannot find "Pansage"
2024-04-29 20:53:58 -  [Spawn::addMonster] Cannot find "Zweilous"
2024-04-29 20:53:58 -  [Spawn::addMonster] Cannot find "Zweilous"
2024-04-29 20:53:58 -  [Spawn::addMonster] Cannot find "Zweilous"
2024-04-29 20:53:58 -  [Spawn::addMonster] Cannot find "Pansage"
2024-04-29 20:53:58 -  [Spawn::addMonster] Cannot find "Zweilous"
2024-04-29 20:53:58 -  [Spawn::addMonster] Cannot find "Zweilous"
2024-04-29 20:53:58 -  [Spawn::addMonster] Cannot find "Gothorita"
2024-04-29 20:53:58 -  [Spawn::addMonster] Cannot find "Zweilous"
2024-04-29 20:53:58 -  [Spawn::addMonster] Cannot find "Gothorita"
2024-04-29 20:53:58 -  [Spawn::addMonster] Cannot find "Gothorita"
2024-04-29 20:53:58 -  [Spawn::addMonster] Cannot find "Gothorita"
2024-04-29 20:53:58 -  [Spawn::addMonster] Cannot find "Gothorita"
2024-04-29 20:53:58 -  [Spawn::addMonster] Cannot find "Gothorita"
2024-04-29 20:53:58 -  [Spawn::addMonster] Cannot find "Gothorita"
2024-04-29 20:53:58 -  [Spawn::addMonster] Cannot find "Pansage"
2024-04-29 20:53:58 -  [Spawn::addMonster] Cannot find "Zweilous"
2024-04-29 20:53:58 -  [Spawn::addMonster] Cannot find "Gothorita"
2024-04-29 20:53:58 -  [Spawn::addMonster] Cannot find "Gothorita"
2024-04-29 20:53:58 -  [Spawn::addMonster] Cannot find "Gothorita"
2024-04-29 20:53:58 -  [Spawn::addMonster] Cannot find "Gothorita"
2024-04-29 20:53:58 -  [Spawn::addMonster] Cannot find "Gothorita"
2024-04-29 20:53:58 -  [Spawn::addMonster] Cannot find "Gothorita"
2024-04-29 20:53:58 -  [Spawn::addMonster] Cannot find "Gothorita"
2024-04-29 20:53:58 -  [Spawn::addMonster] Cannot find "Pansage"
2024-04-29 20:53:58 -  [Spawn::addMonster] Cannot find "Gothorita"
2024-04-29 20:53:58 -  [Spawn::addMonster] Cannot find "Gothorita"
2024-04-29 20:53:58 -  [Spawn::addMonster] Cannot find "Pansage"
2024-04-29 20:53:58 -  [Spawn::addMonster] Cannot find "Pansage"
2024-04-29 20:53:58 -  [Spawn::addMonster] Cannot find "Gothorita"
2024-04-29 20:53:58 -  [Spawn::addMonster] Cannot find "Cubchoo"
2024-04-29 20:53:58 -  [Spawn::addMonster] Cannot find "Cubchoo"
2024-04-29 20:53:58 -  [Spawn::addMonster] Cannot find "Beartic"
2024-04-29 20:53:58 -  [Spawn::addMonster] Cannot find "Cubchoo"
2024-04-29 20:53:58 -  [Spawn::addMonster] Cannot find "Cubchoo"
2024-04-29 20:53:58 -  [Spawn::addMonster] Cannot find "Cubchoo"
2024-04-29 20:53:58 -  [Spawn::addMonster] Cannot find "Cubchoo"
2024-04-29 20:53:58 -  [Spawn::addMonster] Cannot find "Beartic"
2024-04-29 20:53:58 -  [Spawn::addMonster] Cannot find "Beartic"
2024-04-29 20:53:58 -  [Spawn::addMonster] Cannot find "Cubchoo"
2024-04-29 20:53:58 -  [Spawn::addMonster] Cannot find "Cubchoo"
2024-04-29 20:53:58 -  [Spawn::addMonster] Cannot find "Beartic"
2024-04-29 20:53:58 -  [Spawn::addMonster] Cannot find "Beartic"
2024-04-29 20:53:58 -  [Spawn::addMonster] Cannot find "Cubchoo"
2024-04-29 20:53:58 -  [Spawn::addMonster] Cannot find "Beartic"
2024-04-29 20:53:58 -  [Spawn::addMonster] Cannot find "Cubchoo"
2024-04-29 20:53:58 -  [Spawn::addMonster] Cannot find "Beartic"
2024-04-29 20:53:58 -  [Spawn::addMonster] Cannot find "Beartic"
2024-04-29 20:53:58 -  [Spawn::addMonster] Cannot find "Cubchoo"
2024-04-29 20:53:58 -  [Spawn::addMonster] Cannot find "Cubchoo"
2024-04-29 20:53:58 -  [Spawn::addMonster] Cannot find "Cubchoo"
2024-04-29 20:53:58 -  [Spawn::addMonster] Cannot find "Cubchoo"
2024-04-29 20:53:58 -  [Spawn::addMonster] Cannot find "Cubchoo"
2024-04-29 20:53:58 -  [Spawn::addMonster] Cannot find "Beartic"
2024-04-29 20:53:58 -  [Spawn::addMonster] Cannot find "Pansage"
2024-04-29 20:53:58 -  [Spawn::addMonster] Cannot find "Pansage"
2024-04-29 20:53:58 -  [Spawn::addMonster] Cannot find "Pansage"
2024-04-29 20:53:58 -  [Spawn::addMonster] Cannot find "Gothorita"
2024-04-29 20:53:58 -  [Spawn::addMonster] Cannot find "Gothorita"
2024-04-29 20:53:58 -  [Spawn::addMonster] Cannot find "Gothorita"
2024-04-29 20:53:58 -  [Spawn::addMonster] Cannot find "Gothorita"
2024-04-29 20:53:58 -  [Spawn::addMonster] Cannot find "Gothorita"
2024-04-29 20:53:58 -  [Spawn::addMonster] Cannot find "Gothorita"
2024-04-29 20:53:58 -  [Spawn::addMonster] Cannot find "Gothorita"
2024-04-29 20:53:58 -  [Spawn::addMonster] Cannot find "Cubchoo"
2024-04-29 20:53:58 -  [Spawn::addMonster] Cannot find "Cubchoo"
2024-04-29 20:53:58 -  [Spawn::addMonster] Cannot find "Cubchoo"
2024-04-29 20:53:58 -  [Spawn::addMonster] Cannot find "Cubchoo"
2024-04-29 20:53:58 -  [Spawn::addMonster] Cannot find "Cubchoo"
2024-04-29 20:53:58 -  [Spawn::addMonster] Cannot find "Cubchoo"
2024-04-29 20:53:58 -  [Spawn::addMonster] Cannot find "Cubchoo"
2024-04-29 20:53:58 -  [Spawn::addMonster] Cannot find "Cubchoo"
2024-04-29 20:53:58 -  [Spawn::addMonster] Cannot find "Beartic"
2024-04-29 20:53:58 -  [Spawn::addMonster] Cannot find "Cubchoo"
2024-04-29 20:53:58 -  [Spawn::addMonster] Cannot find "Beartic"
2024-04-29 20:53:58 -  [Spawn::addMonster] Cannot find "Cubchoo"
2024-04-29 20:53:58 -  [Spawn::addMonster] Cannot find "Cubchoo"
2024-04-29 20:53:58 -  [Spawn::addMonster] Cannot find "Cubchoo"
2024-04-29 20:53:58 -  [Spawn::addMonster] Cannot find "Cubchoo"
2024-04-29 20:53:58 -  [Spawn::addMonster] Cannot find "Gothorita"
2024-04-29 20:53:58 -  [Spawn::addMonster] Cannot find "Gothorita"
2024-04-29 20:53:58 -  [Spawn::addMonster] Cannot find "Gothorita"
2024-04-29 20:53:58 -  [Spawn::addMonster] Cannot find "Gothorita"
2024-04-29 20:53:58 -  [Spawn::addMonster] Cannot find "Cubchoo"
2024-04-29 20:53:58 -  [Spawn::addMonster] Cannot find "Cubchoo"
2024-04-29 20:53:58 -  [Spawn::addMonster] Cannot find "Beartic"
2024-04-29 20:53:58 -  [Spawn::addMonster] Cannot find "Cubchoo"
2024-04-29 20:53:58 -  [Spawn::addMonster] Cannot find "Cubchoo"
2024-04-29 20:53:58 -  [Spawn::addMonster] Cannot find "Cubchoo"
2024-04-29 20:53:58 -  [Spawn::addMonster] Cannot find "Beartic"
2024-04-29 20:53:58 -  [Spawn::addMonster] Cannot find "Krookodile"
2024-04-29 20:53:58 -  [Spawn::addMonster] Cannot find "Krookodile"
2024-04-29 20:53:58 -  [Spawn::addMonster] Cannot find "Krookodile"
2024-04-29 20:53:58 -  [Spawn::addMonster] Cannot find "Krookodile"
2024-04-29 20:53:58 -  [Spawn::addMonster] Cannot find "Oshawott"
2024-04-29 20:53:58 -  [Spawn::addMonster] Cannot find "Krookodile"
2024-04-29 20:53:58 -  [Spawn::addMonster] Cannot find "Krookodile"
2024-04-29 20:53:58 -  [Spawn::addMonster] Cannot find "Krookodile"
2024-04-29 20:53:58 -  [Spawn::addMonster] Cannot find "Krookodile"
2024-04-29 20:53:58 -  [Spawn::addMonster] Cannot find "Krookodile"
2024-04-29 20:53:58 -  [Spawn::addMonster] Cannot find "Krookodile"
2024-04-29 20:53:58 -  [Spawn::addMonster] Cannot find "Krookodile"
2024-04-29 20:53:58 -  [Spawn::addMonster] Cannot find "Krookodile"
2024-04-29 20:53:58 -  [Spawn::addMonster] Cannot find "Krookodile"
2024-04-29 20:53:58 -  [Spawn::addMonster] Cannot find "Krookodile"
2024-04-29 20:53:58 -  [Spawn::addMonster] Cannot find "Krookodile"
2024-04-29 20:53:58 -  [Spawn::addMonster] Cannot find "Krookodile"
2024-04-29 20:53:58 -  [Spawn::addMonster] Cannot find "Krookodile"
2024-04-29 20:53:58 -  [Spawn::addMonster] Cannot find "Oshawott"
2024-04-29 20:53:58 -  [Spawn::addMonster] Cannot find "Krookodile"
2024-04-29 20:53:58 -  [Spawn::addMonster] Cannot find "Krookodile"
2024-04-29 20:53:58 -  [Spawn::addMonster] Cannot find "Krookodile"
2024-04-29 20:53:58 -  [Warning - Houses::loadFromXml] House entry not set for: Forgotten headquarter (Flat 1, Area 42) (471)
2024-04-29 20:53:58 -  [Warning - Houses::loadFromXml] House entry not set for: Forgotten headquarter (Flat 1, Area 42) (472)
2024-04-29 20:53:58 -  [Warning - Houses::loadFromXml] House entry not set for: Forgotten headquarter (Flat 1, Area 42) (473)
2024-04-29 20:53:58 -  [Warning - Houses::loadFromXml] House entry not set for: Forgotten headquarter (Flat 1, Area 42) (474)
2024-04-29 20:53:58 -  [Warning - Houses::loadFromXml] House entry not set for: Forgotten headquarter (Flat 1, Area 42) (475)
2024-04-29 20:53:58 -  [Warning - Houses::loadFromXml] House entry not set for: Forgotten headquarter (Flat 1, Area 42) (476)
2024-04-29 20:53:58 -  [Warning - Houses::loadFromXml] House entry not set for: Forgotten headquarter (Flat 1, Area 42) (477)
2024-04-29 20:53:58 -  [Warning - Houses::loadFromXml] House entry not set for: Forgotten headquarter (Flat 1, Area 42) (478)
2024-04-29 20:53:58 -  [Warning - Houses::loadFromXml] House entry not set for: Forgotten headquarter (Flat 1, Area 42) (1028)
2024-04-29 20:53:58 -  [Warning - Houses::loadFromXml] House entry not set for: Forgotten headquarter (Flat 1, Area 42) (1029)
2024-04-29 20:53:58 -  [Warning - Houses::loadFromXml] House entry not set for: Forgotten headquarter (Flat 1, Area 42) (1030)
2024-04-29 20:53:58 -  [Warning - Houses::loadFromXml] House entry not set for: Forgotten headquarter (Flat 1, Area 42) (1031)
2024-04-29 20:53:58 -  [Warning - Houses::loadFromXml] House entry not set for: Forgotten headquarter (Flat 1, Area 42) (1032)
2024-04-29 20:53:58 -  [Warning - Houses::loadFromXml] House entry not set for: Forgotten headquarter (Flat 1, Area 42) (1033)
2024-04-29 20:53:58 -  [Warning - Houses::loadFromXml] House entry not set for: Forgotten headquarter (Flat 1, Area 42) (1034)
2024-04-29 20:53:58 -  [Warning - Houses::loadFromXml] House entry not set for: Forgotten headquarter (Flat 1, Area 42) (1035)
2024-04-29 20:53:58 -  [Warning - Houses::loadFromXml] House entry not set for: Forgotten headquarter (Flat 1, Area 42) (1036)
2024-04-29 20:53:58 -  [Warning - Houses::loadFromXml] House entry not set for: Forgotten headquarter (Flat 1, Area 42) (1037)
2024-04-29 20:53:58 -  [Warning - Houses::loadFromXml] House entry not set for: Forgotten headquarter (Flat 1, Area 42) (1038)
2024-04-29 20:53:58 -  [Warning - Houses::loadFromXml] House entry not set for: Forgotten headquarter (Flat 1, Area 42) (1039)
2024-04-29 20:53:58 -  [Warning - Houses::loadFromXml] House entry not set for: Forgotten headquarter (Flat 1, Area 42) (1040)
2024-04-29 20:53:58 -  [Warning - Houses::loadFromXml] House entry not set for: Forgotten headquarter (Flat 1, Area 42) (1041)
2024-04-29 20:53:58 -  [Warning - Houses::loadFromXml] House entry not set for: Forgotten headquarter (Flat 1, Area 42) (1042)
2024-04-29 20:53:58 -  [Warning - Houses::loadFromXml] House entry not set for: Forgotten headquarter (Flat 1, Area 42) (1043)
2024-04-29 20:53:58 -  [Warning - Houses::loadFromXml] House entry not set for: Forgotten headquarter (Flat 1, Area 42) (1044)
2024-04-29 20:53:58 -  [Warning - Houses::loadFromXml] House entry not set for: Forgotten headquarter (Flat 1, Area 42) (1056)
2024-04-29 20:53:58 -  > Data parsing time: 0.283 seconds.
2024-04-29 20:53:58 -  > Houses synchronization time: 0.15 seconds.
2024-04-29 20:54:04 -  > Content unserialization time: 5.969 seconds.
2024-04-29 20:54:04 -  >> Checking world type... NoN-PvP
2024-04-29 20:54:04 -  >> Initializing game state modules and registering services...
2024-04-29 20:54:04 -  [New Thread 0x7fff6ffff700 (LWP 40969)]
2024-04-29 20:54:06 -  [Warning - Monster::Monster] Unknown event name - tp
2024-04-29 20:54:07 -  > Global address: 77.37.41.249
2024-04-29 20:54:07 -  > Local ports: 7172	7183	
2024-04-29 20:54:07 -  >> All modules were loaded, server is starting up...
2024-04-29 20:54:07 -  >> Blue server Online!
2024-04-29 20:54:07 -  
2024-04-29 20:54:08 -  [ADM] Thalles77 has logged in.
2024-04-29 20:54:10 -  0 [ADM] HellSing has logged in.
2024-04-29 20:54:32 -  0 [ADM] HellSing has logged out.
2024-04-29 20:54:34 -  0 [ADM] HellSing has logged in.
2024-04-29 20:54:35 -  0 [ADM] HellSing has logged out.
2024-04-29 20:54:36 -  0 [ADM] HellSing has logged in.
2024-04-29 20:54:37 -  0 [ADM] HellSing has logged out.
2024-04-29 20:54:38 -  0 [ADM] HellSing has logged in.
2024-04-29 20:54:39 -  0 [ADM] HellSing has logged out.
2024-04-29 20:54:41 -  0 [ADM] HellSing has logged in.
2024-04-29 20:54:42 -  0 [ADM] HellSing has logged out.
2024-04-29 20:54:44 -  0 [ADM] HellSing has logged in.
2024-04-29 20:54:45 -  0 [ADM] HellSing has logged out.
2024-04-29 20:54:52 -  0 [ADM] HellSing has logged in.
2024-04-29 20:54:53 -  0 [ADM] HellSing has logged out.
2024-04-29 20:54:56 -  
2024-04-29 20:54:56 -  Thread 1 "theforgottenser" received signal SIGINT, Interrupt.
2024-04-29 20:54:56 -  0x00007ffff7786d96 in epoll_wait (epfd=4, events=events@entry=0x7fffffffdc50, maxevents=maxevents@entry=128, timeout=timeout@entry=-1) at ../sysdeps/unix/sysv/linux/epoll_wait.c:30
2024-04-29 20:54:56 -  30	../sysdeps/unix/sysv/linux/epoll_wait.c: No such file or directory.
2024-04-29 20:54:56 -  
2024-04-29 20:54:56 -  Thread 3 (Thread 0x7fff6ffff700 (LWP 40969) "theforgottenser"):
2024-04-29 20:54:56 -  #0  futex_abstimed_wait_cancelable (private=0, abstime=0x7fff6fffee50, clockid=1879043408, expected=0, futex_word=0x5555557e1dbc <Scheduler::getInstance()::scheduler+188>) at ../sysdeps/nptl/futex-internal.h:323
2024-04-29 20:54:56 -          __ret = -516
2024-04-29 20:54:56 -          clockbit = 0
2024-04-29 20:54:56 -          op = 137
2024-04-29 20:54:56 -          __ret = <optimized out>
2024-04-29 20:54:56 -          oldtype = 0
2024-04-29 20:54:56 -          err = <optimized out>
2024-04-29 20:54:56 -          oldtype = <optimized out>
2024-04-29 20:54:56 -          err = <optimized out>
2024-04-29 20:54:56 -          __ret = <optimized out>
2024-04-29 20:54:56 -          clockbit = <optimized out>
2024-04-29 20:54:56 -          op = <optimized out>
2024-04-29 20:54:56 -          __ret = <optimized out>
2024-04-29 20:54:56 -          resultvar = <optimized out>
2024-04-29 20:54:56 -          __arg6 = <optimized out>
2024-04-29 20:54:56 -          __arg5 = <optimized out>
2024-04-29 20:54:56 -          __arg4 = <optimized out>
2024-04-29 20:54:56 -          __arg3 = <optimized out>
2024-04-29 20:54:56 -          __arg2 = <optimized out>
2024-04-29 20:54:56 -          __arg1 = <optimized out>
2024-04-29 20:54:56 -          _a6 = <optimized out>
2024-04-29 20:54:56 -          _a5 = <optimized out>
2024-04-29 20:54:56 -          _a4 = <optimized out>
2024-04-29 20:54:56 -          _a3 = <optimized out>
2024-04-29 20:54:56 -          _a2 = <optimized out>
2024-04-29 20:54:56 -          _a1 = <optimized out>
2024-04-29 20:54:56 -  #1  __pthread_cond_wait_common (abstime=0x7fff6fffee50, clockid=1879043408, mutex=0x5555557e1d68 <Scheduler::getInstance()::scheduler+104>, cond=0x5555557e1d90 <Scheduler::getInstance()::scheduler+144>) at pthread_cond_wait.c:520
2024-04-29 20:54:56 -          spin = 0
2024-04-29 20:54:56 -          buffer = {__routine = 0x7ffff7b98540 <__condvar_cleanup_waiting>, __arg = 0x7fff6fffed50, __canceltype = 1434328424, __prev = 0x0}
2024-04-29 20:54:56 -          cbuffer = {wseq = 3435, cond = 0x5555557e1d90 <Scheduler::getInstance()::scheduler+144>, mutex = 0x5555557e1d68 <Scheduler::getInstance()::scheduler+104>, private = 0}
2024-04-29 20:54:56 -          err = <optimized out>
2024-04-29 20:54:56 -          g = 1
2024-04-29 20:54:56 -          flags = <optimized out>
2024-04-29 20:54:56 -          g1_start = <optimized out>
2024-04-29 20:54:56 -          maxspin = 0
2024-04-29 20:54:56 -          signals = <optimized out>
2024-04-29 20:54:56 -          result = 0
2024-04-29 20:54:56 -          wseq = 3435
2024-04-29 20:54:56 -          seq = 1717
2024-04-29 20:54:56 -          private = 0
2024-04-29 20:54:56 -          maxspin = <optimized out>
2024-04-29 20:54:56 -          err = <optimized out>
2024-04-29 20:54:56 -          result = <optimized out>
2024-04-29 20:54:56 -          wseq = <optimized out>
2024-04-29 20:54:56 -          g = <optimized out>
2024-04-29 20:54:56 -          seq = <optimized out>
2024-04-29 20:54:56 -          flags = <optimized out>
2024-04-29 20:54:56 -          private = <optimized out>
2024-04-29 20:54:56 -          signals = <optimized out>
2024-04-29 20:54:56 -          done = <optimized out>
2024-04-29 20:54:56 -          g1_start = <optimized out>
2024-04-29 20:54:56 -          spin = <optimized out>
2024-04-29 20:54:56 -          buffer = {__routine = <optimized out>, __arg = <optimized out>, __canceltype = <optimized out>, __prev = <optimized out>}
2024-04-29 20:54:56 -          cbuffer = {wseq = <optimized out>, cond = <optimized out>, mutex = <optimized out>, private = <optimized out>}
2024-04-29 20:54:56 -          s = <optimized out>
2024-04-29 20:54:56 -  #2  __pthread_cond_timedwait (cond=cond@entry=0x5555557e1d90 <Scheduler::getInstance()::scheduler+144>, mutex=mutex@entry=0x5555557e1d68 <Scheduler::getInstance()::scheduler+104>, abstime=abstime@entry=0x7fff6fffee50) at pthread_cond_wait.c:656
2024-04-29 20:54:56 -          flags = <optimized out>
2024-04-29 20:54:56 -          clockid = 1879043408
2024-04-29 20:54:56 -  #3  0x0000555555715e8d in boost::posix::pthread_cond_timedwait (t=0x7fff6fffee50, m=0x5555557e1d68 <Scheduler::getInstance()::scheduler+104>, c=0x5555557e1d90 <Scheduler::getInstance()::scheduler+144>) at /usr/include/boost/thread/pthread/pthread_helpers.hpp:123
2024-04-29 20:54:56 -          ret = <optimized out>
2024-04-29 20:54:56 -          ret = <optimized out>
2024-04-29 20:54:56 -  #4  boost::condition_variable::do_wait_until (timeout=..., m=..., this=0x5555557e1d68 <Scheduler::getInstance()::scheduler+104>) at /usr/include/boost/thread/pthread/condition_variable.hpp:122
2024-04-29 20:54:56 -          guard = {m = 0x7fff6fffee30}
2024-04-29 20:54:56 -          check_for_interruption = {thread_info = 0x7fffd02f2530, m = 0x5555557e1d68 <Scheduler::getInstance()::scheduler+104>, set = true, done = false}
2024-04-29 20:54:56 -          the_mutex = 0x5555557e1d68 <Scheduler::getInstance()::scheduler+104>
2024-04-29 20:54:56 -          cond_res = <optimized out>
2024-04-29 20:54:56 -          cond_res = <optimized out>
2024-04-29 20:54:56 -          guard = {m = <optimized out>}
2024-04-29 20:54:56 -          check_for_interruption = {thread_info = <optimized out>, m = <optimized out>, set = <optimized out>, done = <optimized out>}
2024-04-29 20:54:56 -          the_mutex = <optimized out>
2024-04-29 20:54:56 -  #5  boost::condition_variable::timed_wait (abs_time=..., m=..., this=0x5555557e1d68 <Scheduler::getInstance()::scheduler+104>) at /usr/include/boost/thread/pthread/condition_variable_fwd.hpp:116
2024-04-29 20:54:57 -          ts = {dur = {ts_val = {tv_sec = <optimized out>, tv_nsec = <optimized out>}}}
2024-04-29 20:54:57 -          d = {ts_val = {tv_sec = <optimized out>, tv_nsec = <optimized out>}}
2024-04-29 20:54:57 -          ts = {dur = {ts_val = {tv_sec = <optimized out>, tv_nsec = <optimized out>}}}
2024-04-29 20:54:57 -          d = {ts_val = {tv_sec = <optimized out>, tv_nsec = <optimized out>}}
2024-04-29 20:54:57 -  #6  Scheduler::schedulerThread (p=0x5555557e1d00 <Scheduler::getInstance()::scheduler>) at scheduler.cpp:52
2024-04-29 20:54:57 -          task = 0x0
2024-04-29 20:54:57 -          run = false
2024-04-29 20:54:57 -          ret = false
2024-04-29 20:54:57 -          scheduler = 0x5555557e1d00 <Scheduler::getInstance()::scheduler>
2024-04-29 20:54:57 -          eventLockUnique = {m = 0x5555557e1d40 <Scheduler::getInstance()::scheduler+64>, is_locked = false}
2024-04-29 20:54:57 -  #7  0x0000555555716cd4 in boost::_bi::list1<boost::_bi::value<void*> >::operator()<void (*)(void*), boost::_bi::list0> (a=<synthetic pointer>..., f=<optimized out>, this=<optimized out>) at /usr/include/boost/bind/bind.hpp:259
2024-04-29 20:54:57 -  No locals.
2024-04-29 20:54:57 -  #8  boost::_bi::bind_t<void, void (*)(void*), boost::_bi::list1<boost::_bi::value<void*> > >::operator() (this=<optimized out>) at /usr/include/boost/bind/bind.hpp:1294
2024-04-29 20:54:57 -          a = {<No data fields>}
2024-04-29 20:54:57 -  #9  boost::detail::thread_data<boost::_bi::bind_t<void, void (*)(void*), boost::_bi::list1<boost::_bi::value<void*> > > >::run (this=<optimized out>) at /usr/include/boost/thread/detail/thread.hpp:120
2024-04-29 20:54:57 -  No locals.
2024-04-29 20:54:57 -  #10 0x00007ffff7bb7787 in ?? () from /lib/x86_64-linux-gnu/libboost_thread.so.1.74.0
2024-04-29 20:54:57 -  No symbol table info available.
2024-04-29 20:54:57 -  #11 0x00007ffff7b91ea7 in start_thread (arg=<optimized out>) at pthread_create.c:477
2024-04-29 20:54:57 -          ret = <optimized out>
2024-04-29 20:54:57 -          pd = <optimized out>
2024-04-29 20:54:57 -          unwind_buf = {cancel_jmp_buf = {{jmp_buf = {140735072433920, -6807557013669935996, 140737306567950, 140737306567951, 140735072432064, 8396800, 6807310722561475716, 6807575137414939780}, mask_was_saved = 0}}, priv = {pad = {0x0, 0x0, 0x0, 0x0}, data = {prev = 0x0, cleanup = 0x0, canceltype = 0}}}
2024-04-29 20:54:57 -          not_first_call = 0
2024-04-29 20:54:57 -  #12 0x00007ffff7786a6f in clone () at ../sysdeps/unix/sysv/linux/x86_64/clone.S:95
2024-04-29 20:54:57 -  No locals.
2024-04-29 20:54:57 -  
2024-04-29 20:54:57 -  Thread 2 (Thread 0x7ffff52a3700 (LWP 40967) "theforgottenser"):
2024-04-29 20:54:57 -  #0  futex_wait_cancelable (private=0, expected=0, futex_word=0x5555557e1fa4 <Dispatcher::getInstance()::dispatcher+132>) at ../sysdeps/nptl/futex-internal.h:186
2024-04-29 20:54:57 -          __ret = -512
2024-04-29 20:54:57 -          oldtype = 0
2024-04-29 20:54:57 -          err = <optimized out>
2024-04-29 20:54:57 -          oldtype = <optimized out>
2024-04-29 20:54:57 -          err = <optimized out>
2024-04-29 20:54:57 -          __ret = <optimized out>
2024-04-29 20:54:57 -          resultvar = <optimized out>
2024-04-29 20:54:57 -          __arg4 = <optimized out>
2024-04-29 20:54:57 -          __arg3 = <optimized out>
2024-04-29 20:54:57 -          __arg2 = <optimized out>
2024-04-29 20:54:57 -          __arg1 = <optimized out>
2024-04-29 20:54:57 -          _a4 = <optimized out>
2024-04-29 20:54:57 -          _a3 = <optimized out>
2024-04-29 20:54:57 -          _a2 = <optimized out>
2024-04-29 20:54:57 -          _a1 = <optimized out>
2024-04-29 20:54:57 -  #1  __pthread_cond_wait_common (abstime=0x0, clockid=0, mutex=0x5555557e1f50 <Dispatcher::getInstance()::dispatcher+48>, cond=0x5555557e1f78 <Dispatcher::getInstance()::dispatcher+88>) at pthread_cond_wait.c:508
2024-04-29 20:54:57 -          spin = 0
2024-04-29 20:54:57 -          buffer = {__routine = 0x7ffff7b98540 <__condvar_cleanup_waiting>, __arg = 0x7ffff52a2d10, __canceltype = -1, __prev = 0x0}
2024-04-29 20:54:57 -          cbuffer = {wseq = 2579, cond = 0x5555557e1f78 <Dispatcher::getInstance()::dispatcher+88>, mutex = 0x5555557e1f50 <Dispatcher::getInstance()::dispatcher+48>, private = 0}
2024-04-29 20:54:57 -          err = <optimized out>
2024-04-29 20:54:57 -          g = 4113181936
2024-04-29 20:54:57 -          flags = <optimized out>
2024-04-29 20:54:57 -          g1_start = <optimized out>
2024-04-29 20:54:57 -          maxspin = 0
2024-04-29 20:54:57 -          signals = <optimized out>
2024-04-29 20:54:57 -          result = 0
2024-04-29 20:54:57 -          wseq = 2579
2024-04-29 20:54:57 -          seq = 1289
2024-04-29 20:54:57 -          private = 0
2024-04-29 20:54:57 -          maxspin = <optimized out>
2024-04-29 20:54:57 -          err = <optimized out>
2024-04-29 20:54:57 -          result = <optimized out>
2024-04-29 20:54:57 -          wseq = <optimized out>
2024-04-29 20:54:57 -          g = <optimized out>
2024-04-29 20:54:57 -          seq = <optimized out>
2024-04-29 20:54:57 -          flags = <optimized out>
2024-04-29 20:54:57 -          private = <optimized out>
2024-04-29 20:54:57 -          signals = <optimized out>
2024-04-29 20:54:57 -          done = <optimized out>
2024-04-29 20:54:57 -          g1_start = <optimized out>
2024-04-29 20:54:57 -          spin = <optimized out>
2024-04-29 20:54:57 -          buffer = {__routine = <optimized out>, __arg = <optimized out>, __canceltype = <optimized out>, __prev = <optimized out>}
2024-04-29 20:54:57 -          cbuffer = {wseq = <optimized out>, cond = <optimized out>, mutex = <optimized out>, private = <optimized out>}
2024-04-29 20:54:57 -          s = <optimized out>
2024-04-29 20:54:58 -  #2  __pthread_cond_wait (cond=cond@entry=0x5555557e1f78 <Dispatcher::getInstance()::dispatcher+88>, mutex=mutex@entry=0x5555557e1f50 <Dispatcher::getInstance()::dispatcher+48>) at pthread_cond_wait.c:638
2024-04-29 20:54:58 -  No locals.
2024-04-29 20:54:58 -  #3  0x00005555556b8da0 in boost::posix::pthread_cond_wait (m=<optimized out>, c=<optimized out>) at /usr/include/boost/thread/pthread/pthread_helpers.hpp:112
2024-04-29 20:54:58 -          ret = <optimized out>
2024-04-29 20:54:58 -  #4  boost::condition_variable::wait (this=0x5555557e1f50 <Dispatcher::getInstance()::dispatcher+48>, m=...) at /usr/include/boost/thread/pthread/condition_variable.hpp:79
2024-04-29 20:54:58 -          guard = {m = <optimized out>}
2024-04-29 20:54:58 -          check_for_interruption = {thread_info = 0x555555810fc0, m = 0x5555557e1f50 <Dispatcher::getInstance()::dispatcher+48>, set = true, done = false}
2024-04-29 20:54:58 -          the_mutex = 0x5555557e1f50 <Dispatcher::getInstance()::dispatcher+48>
2024-04-29 20:54:58 -          res = 0
2024-04-29 20:54:58 -  #5  0x000055555573ad60 in Dispatcher::dispatcherThread (p=0x5555557e1f20 <Dispatcher::getInstance()::dispatcher>) at tasks.cpp:54
2024-04-29 20:54:58 -          task = 0x0
2024-04-29 20:54:58 -          dispatcher = 0x5555557e1f20 <Dispatcher::getInstance()::dispatcher>
2024-04-29 20:54:58 -          outputPool = <optimized out>
2024-04-29 20:54:58 -          taskLockUnique = {m = 0x5555557e1f28 <Dispatcher::getInstance()::dispatcher+8>, is_locked = false}
2024-04-29 20:54:58 -  #6  0x0000555555716cd4 in boost::_bi::list1<boost::_bi::value<void*> >::operator()<void (*)(void*), boost::_bi::list0> (a=<synthetic pointer>..., f=<optimized out>, this=<optimized out>) at /usr/include/boost/bind/bind.hpp:259
2024-04-29 20:54:58 -  No locals.
2024-04-29 20:54:58 -  #7  boost::_bi::bind_t<void, void (*)(void*), boost::_bi::list1<boost::_bi::value<void*> > >::operator() (this=<optimized out>) at /usr/include/boost/bind/bind.hpp:1294
2024-04-29 20:54:58 -          a = {<No data fields>}
2024-04-29 20:54:58 -  #8  boost::detail::thread_data<boost::_bi::bind_t<void, void (*)(void*), boost::_bi::list1<boost::_bi::value<void*> > > >::run (this=<optimized out>) at /usr/include/boost/thread/detail/thread.hpp:120
2024-04-29 20:54:58 -  No locals.
2024-04-29 20:54:58 -  #9  0x00007ffff7bb7787 in ?? () from /lib/x86_64-linux-gnu/libboost_thread.so.1.74.0
2024-04-29 20:54:58 -  No symbol table info available.
2024-04-29 20:54:58 -  #10 0x00007ffff7b91ea7 in start_thread (arg=<optimized out>) at pthread_create.c:477
2024-04-29 20:54:58 -          ret = <optimized out>
2024-04-29 20:54:58 -          pd = <optimized out>
2024-04-29 20:54:58 -          unwind_buf = {cancel_jmp_buf = {{jmp_buf = {140737306572544, -6807557013669935996, 140737488347774, 140737488347775, 140737306570688, 8396800, 6807569767071483012, 6807575137414939780}, mask_was_saved = 0}}, priv = {pad = {0x0, 0x0, 0x0, 0x0}, data = {prev = 0x0, cleanup = 0x0, canceltype = 0}}}
2024-04-29 20:54:58 -          not_first_call = 0
2024-04-29 20:54:58 -  #11 0x00007ffff7786a6f in clone () at ../sysdeps/unix/sysv/linux/x86_64/clone.S:95
2024-04-29 20:54:58 -  No locals.
2024-04-29 20:54:58 -  
2024-04-29 20:54:58 -  Thread 1 (Thread 0x7ffff52a9b80 (LWP 40963) "theforgottenser"):
2024-04-29 20:54:58 -  #0  0x00007ffff7786d96 in epoll_wait (epfd=4, events=events@entry=0x7fffffffdc50, maxevents=maxevents@entry=128, timeout=timeout@entry=-1) at ../sysdeps/unix/sysv/linux/epoll_wait.c:30
2024-04-29 20:54:58 -  No locals.
2024-04-29 20:54:58 -  #1  0x00005555555ae6ed in boost::asio::detail::epoll_reactor::run (this=0x555555810ee0, usec=usec@entry=-1, ops=...) at /usr/include/boost/asio/detail/impl/epoll_reactor.ipp:471
2024-04-29 20:54:58 -          timeout = -1
2024-04-29 20:54:58 -          events = {{events = 1, data = {ptr = 0x555555810f48, fd = 1434521416, u32 = 1434521416, u64 = 93824995102536}}, {events = 32767, data = {ptr = 0x0, fd = 0, u32 = 0, u64 = 0}}, {events = 1714424092, data = {ptr = 0x557e1f2000000000, fd = 0, u32 = 0, u64 = 6160395562588831744}}, {events = 21845, data = {ptr = 0x7fffffffdf00, fd = -8448, u32 = 4294958848, u64 = 140737488346880}}, {events = 1, data = {ptr = 0xf774324d00000000, fd = 0, u32 = 0, u64 = 17830932130960506880}}, {events = 32767, data = {ptr = 0x8, fd = 8, u32 = 8, u64 = 8}}, {events = 4294958336, data = {ptr = 0x71062c5000000000, fd = 0, u32 = 0, u64 = 8144245698255126528}}, {events = 32767, data = {ptr = 0x10, fd = 16, u32 = 16, u64 = 16}}, {events = 16, data = {ptr = 0xf024fc4800000000, fd = 0, u32 = 0, u64 = 17304233054432133120}}, {events = 32767, data = {ptr = 0x7fffffffdcd0, fd = -9008, u32 = 4294958288, u64 = 140737488346320}}, {events = 11, data = {ptr = 0x3630303200000000, fd = 0, u32 = 0, u64 = 3904673868236718080}}, {events = 909127730, data = {ptr = 0x555500535046, fd = 5460038, u32 = 5460038, u64 = 93823566041158}}, {events = 0, data = {ptr = 0x0, fd = 0, u32 = 0, u64 = 0}}, {events = 0, data = {ptr = 0x10, fd = 16, u32 = 16, u64 = 16}}, {events = 1431883221, data = {ptr = 0x556fdb3800005555, fd = 21845, u32 = 21845, u64 = 6156380249203430741}}, {events = 21845, data = {ptr = 0x0, fd = 0, u32 = 0, u64 = 0}}, {events = 1434481424, data = {ptr = 0xf7b9c32700005555, fd = 21845, u32 = 21845, u64 = 17850513170330834261}}, {events = 32767, data = {ptr = 0xffffffffffffffff, fd = -1, u32 = 4294967295, u64 = 18446744073709551615}}, {events = 1434424592, data = {ptr = 0x200005555, fd = 21845, u32 = 21845, u64 = 8589956437}}, {events = 0, data = {ptr = 0xf7b9c327, fd = -138820825, u32 = 4156146471, u64 = 4156146471}}, {events = 3500218368, data = {ptr = 0x555ae38e00007fff, fd = 32767, u32 = 32767, u64 = 6150478440152727551}}, {events = 21845, data = {ptr = 0x5555557ff8a8, fd = 1434450088, u32 = 1434450088, u64 = 93824995031208}}, {events = 11, data = {ptr = 0x557ff98001005555, fd = 16799061, u32 = 16799061, u64 = 6160917143434057045}}, {events = 21845, data = {ptr = 0x5555555ae302 <boost::asio::detail::reactive_socket_recv_op_base<boost::asio::mutable_buffers_1>::do_perform(boost::asio::detail::reactor_op*)+115>, fd = 1432019714, u32 = 1432019714, u64 = 93824992600834}}, {events = 11, data = {ptr = 0x557d357000000001, fd = 1, u32 = 1, u64 = 6160138620465315841}}, {events = 21845, data = {ptr = 0x7fffffffde60, fd = -8608, u32 = 4294958688, u64 = 140737488346720}}, {events = 0, data = {ptr = 0xd0a1180000000000, fd = 0, u32 = 0, u64 = 15033323419418492928}}, {events = 32767, data = {ptr = 0x5555557ff890, fd = 1434450064, u32 = 1434450064, u64 = 93824995031184}}, {events = 1434521312, data = {ptr = 0x5555, fd = 21845, u32 = 21845, u64 = 21845}}, {events = 0, data = {ptr = 0x1, fd = 1, u32 = 1, u64 = 1}}, {events = 1432023589, data = {ptr = 0x557f951000005555, fd = 21845, u32 = 21845, u64 = 6160806711218165077}}, {events = 21845, data = {ptr = 0xbf774324d, fd = -143379891, u32 = 4151587405, u64 = 51396227661}}, {events = 1434450304, data = {ptr = 0x555af17a00005555, fd = 21845, u32 = 21845, u64 = 6150493747416159573}}, {events = 0, data = {ptr = 0x555555811298, fd = 1434522264, u32 = 1434522264, u64 = 93824995103384}}, {events = 387930881, data = {ptr = 0x90caebbc0a0f1, fd = -1145003791, u32 = 3149963505, u64 = 2547219404202225}}, {events = 0, data = {ptr = 0x5555557ff890, fd = 1434450064, u32 = 1434450064, u64 = 93824995031184}}, {events = 4294958848, data = {ptr = 0x200007fff, fd = 32767, u32 = 32767, u64 = 8589967359}}, {events = 0, data = {ptr = 0x2, fd = 2, u32 = 2, u64 = 2}}, {events = 3500176816, data = {ptr = 0x557f951000007fff, fd = 32767, u32 = 32767, u64 = 6160806711218175999}}, {events = 21845, data = {ptr = 0x5555555b52c6 <boost::asio::detail::start_read_buffer_sequence_op<boost::asio::basic_stream_socket<boost::asio::ip::tcp, boost::asio::execution::any_executor<boost::asio::execution::context_as_t<boost::asio::execution_context&>, boost::asio::execution::detail::blocking::never_t<0>, boost::asio::execution::prefer_only<boost::asio::execution::detail::blocking::possibly_t<0> >, boost::asio::execution::prefer_only<boost::asio::execution::detail::outstanding_work::tracked_t<0> >, boost::asio::execution::prefer_only<boost::asio::execution::detail::outstanding_work::untracked_t<0> >, boost::asio::execution::prefer_only<boost::asio::execution::detail::relationship::fork_t<0> >, boost::asio::execution::prefer_only<boost::asio::execution::detail::relationship::continuation_t<0> > > >, boost::asio::mutable_buffers_1, boost::asio::mutable_buffer const*, boost::asio::detail::transfer_all_t, boost::_bi::bind_t<void, boost::_mfi::mf1<void, Connection, boost::system::error_code const&>, boost::_bi::list2<boost::_bi::value<boost::shared_ptr<Connection> >, boost::arg<1> (*)()> > >(boost::asio::basic_stream_socket<boost::asio::ip::tcp, boost::asio::execution::any_executor<boost::asio::execution::context_as_t<boost::asio::execution_context&>, boost::asio::execution::detail::blocking::never_t<0>, boost::asio::execution::prefer_only<boost::asio::execution::detail::blocking::possibly_t<0> >, boost::asio::execution::prefer_only<boost::asio::execution::detail::outstanding_work::tracked_t<0> >, boost::asio::execution::prefer_only<boost::asio::execution::detail::outstanding_work::untracked_t<0> >, boost::asio::execution::prefer_only<boost::asio::execution::detail::relationship::fork_t<0> >, boost::asio::execution::prefer_only<boost::asio::execution::detail::relationship::continuation_t<0> > > >&, boost::asio::mutable_buffers_1 const&, boost::asio::mutable_buffer const* const&, boost::asio::detail::transfer_all_t&, boost::_bi::bind_t<void, boost::_mfi::mf1<void, Connection, boost::system::error_code const&>, boost::_bi::list2<boost::_bi::value<boost::shared_ptr<Connection> >, boost::arg<1> (*)()> >&)+675>, fd = 1432048326, u32 = 1432048326, u64 = 93824992629446}}, {events = 1, data = {ptr = 0x555b51df00000000, fd = 0, u32 = 0, u64 = 6150599734324101120}}, {events = 21845, data = {ptr = 0x7fffd0a11810, fd = -794748912, u32 = 3500218384, u64 = 140736693606416}}, {events = 3500218352, data = {ptr = 0x100007fff, fd = 32767, u32 = 32767, u64 = 4295000063}}, {events = 0, data = {ptr = 0x5555555b51df <boost::asio::detail::start_read_buffer_sequence_op<boost::asio::basic_stream_socket<boost::asio::ip::tcp, boost::asio::execution::any_executor<boost::asio::execution::context_as_t<boost::asio::execution_context&>, boost::asio::execution::detail::blocking::never_t<0>, boost::asio::execution::prefer_only<boost::asio::execution::detail::blocking::possibly_t<0> >, boost::asio::execution::prefer_only<boost::asio::execution::detail::outstanding_work::tracked_t<0> >, boost::asio::execution::prefer_only<boost::asio::execution::detail::outstanding_work::untracked_t<0> >, boost::asio::execution::prefer_only<boost::asio::execution::detail::relationship::fork_t<0> >, boost::asio::execution::prefer_only<boost::asio::execution::detail::relationship::continuation_t<0> > > >, boost::asio::mutable_buffers_1, boost::asio::mutable_buffer const*, boost::asio::detail::transfer_all_t, boost::_bi::bind_t<void, boost::_mfi::mf1<void, Connection, boost::system::error_code const&>, boost::_bi::list2<boost::_bi::value<boost::shared_ptr<Connection> >, boost::arg<1> (*)()> > >(boost::asio::basic_stream_socket<boost::asio::ip::tcp, boost::asio::execution::any_executor<boost::asio::execution::context_as_t<boost::asio::execution_context&>, boost::asio::execution::detail::blocking::never_t<0>, boost::asio::execution::prefer_only<boost::asio::execution::detail::blocking::possibly_t<0> >, boost::asio::execution::prefer_only<boost::asio::execution::detail::outstanding_work::tracked_t<0> >, boost::asio::execution::prefer_only<boost::asio::execution::detail::outstanding_work::untracked_t<0> >, boost::asio::execution::prefer_only<boost::asio::execution::detail::relationship::fork_t<0> >, boost::asio::execution::prefer_only<boost::asio::execution::detail::relationship::continuation_t<0> > > >&, boost::asio::mutable_buffers_1 const&, boost::asio::mutable_buffer const* const&, boost::asio::detail::transfer_all_t&, boost::_bi::bind_t<void, boost::_mfi::mf1<void, Connection, boost::system::error_code const&>, boost::_bi::list2<boost::_bi::value<boost::shared_ptr<Connection> >, boost::arg<1> (*)()> >&)+444>, fd = 1432048095, u32 = 1432048095, u64 = 93824992629215}}, {events = 4294958720, data = {ptr = 0x557ff89000007fff, fd = 32767, u32 = 32767, u64 = 6160916112625139711}}, {events = 21845, data = {ptr = 0x5555557ff890, fd = 1434450064, u32 = 1434450064, u64 = 93824995031184}}, {events = 1, data = {ptr = 0xd0a117f000000077, fd = 119, u32 = 119, u64 = 15033323350699016311}}, {events = 32767, data = {ptr = 0x5555557f9510, fd = 1434424592, u32 = 1434424592, u64 = 93824995005712}}, {events = 2, data = {ptr = 0x0, fd = 0, u32 = 0, u64 = 0}}, {events = 0, data = {ptr = 0x1, fd = 1, u32 = 1, u64 = 1}}, {events = 1432002892, data = {ptr = 0x5555, fd = 21845, u32 = 21845, u64 = 21845}}, {events = 0, data = {ptr = 0x0, fd = 0, u32 = 0, u64 = 0}}, {events = 0, data = {ptr = 0x555b0ffe00000000, fd = 0, u32 = 0, u64 = 6150527299700654080}}, {events = 21845, data = {ptr = 0x7fffffffdf78, fd = -8328, u32 = 4294958968, u64 = 140737488347000}}, {events = 1434424560, data = {ptr = 0x557ff65800005555, fd = 21845, u32 = 21845, u64 = 6160913673083704661}}, {events = 21845, data = {ptr = 0x5555557f94f8, fd = 1434424568, u32 = 1434424568, u64 = 93824995005688}}, {events = 1434521184, data = {ptr = 0x555afd9a00005555, fd = 21845, u32 = 21845, u64 = 6150507078994646357}}, {events = 21845, data = {ptr = 0x5555557f94f0, fd = 1434424560, u32 = 1434424560, u64 = 93824995005680}}, {events = 1432005190, data = {ptr = 0x557ff57800005555, fd = 21845, u32 = 21845, u64 = 6160912711011030357}}, {events = 21845, data = {ptr = 0x5555557ff540, fd = 1434449216, u32 = 1434449216, u64 = 93824995030336}}, {events = 1434455808, data = {ptr = 0x555aa43600005555, fd = 21845, u32 = 21845, u64 = 6150408792963044693}}, {events = 21845, data = {ptr = 0x5555555aa59a <Connection::parsePacket(boost::system::error_code const&)>, fd = 1432003994, u32 = 1432003994, u64 = 93824992585114}}, {events = 1432022610, data = {ptr = 0x555aa14c00005555, fd = 21845, u32 = 21845, u64 = 6150405588917441877}}, {events = 21845, data = {ptr = 0x0, fd = 0, u32 = 0, u64 = 0}}, {events = 0, data = {ptr = 0xd148eb1000000000, fd = 0, u32 = 0, u64 = 15080561806202109952}}, {events = 32767, data = {ptr = 0x555555810d60, fd = 1434520928, u32 = 1434520928, u64 = 93824995102048}}, {events = 1432035391, data = {ptr = 0x4e300005555, fd = 21845, u32 = 21845, u64 = 5373004109141}}, {events = 0, data = {ptr = 0x1c9c380, fd = 30000000, u32 = 30000000, u64 = 30000000}}, {events = 0, data = {ptr = 0x557e1fa400000000, fd = 0, u32 = 0, u64 = 6160396129524514816}}, {events = 21845, data = {ptr = 0x555555810d90, fd = 1434520976, u32 = 1434520976, u64 = 93824995102096}}, {events = 1434328912, data = {ptr = 0x557e1f2000005555, fd = 21845, u32 = 21845, u64 = 6160395562588853589}}, {events = 21845, data = {ptr = 0x1, fd = 1, u32 = 1, u64 = 1}}, {events = 1, data = {ptr = 0x557e1fa800000000, fd = 0, u32 = 0, u64 = 6160396146704384000}}, {events = 21845, data = {ptr = 0x5555557e1fa8 <Dispatcher::getInstance()::dispatcher+136>, fd = 1434329000, u32 = 1434329000, u64 = 93824994910120}}, {events = 1433643821, data = {ptr = 0x5580706800005555, fd = 21845, u32 = 21845, u64 = 6161047882221770069}}, {events = 21845, data = {ptr = 0x555555809c00, fd = 1434491904, u32 = 1434491904, u64 = 93824995073024}}, {events = 32, data = {ptr = 0xf7859b8000000000, fd = 0, u32 = 0, u64 = 17835832873328836608}}, {events = 32767, data = {ptr = 0x555555810e10, fd = 1434521104, u32 = 1434521104, u64 = 93824995102224}}, {events = 387930880, data = {ptr = 0xbbc0a0f1, fd = -1145003791, u32 = 3149963505, u64 = 3149963505}}, {events = 0, data = {ptr = 0x7fffffffe068, fd = -8088, u32 = 4294959208, u64 = 140737488347240}}, {events = 4294959208, data = {ptr = 0xffffe31000007fff, fd = 32767, u32 = 32767, u64 = 18446712256591855615}}, {events = 32767, data = {ptr = 0x555555810e10, fd = 1434521104, u32 = 1434521104, u64 = 93824995102224}}, {events = 4294959936, data = {ptr = 0x7fff, fd = 32767, u32 = 32767, u64 = 32767}}, {events = 0, data = {ptr = 0x5555556c265a <boost::detail::function::functor_manager<boost::_bi::bind_t<void, boost::_mfi::mf1<void, OutputMessagePool, OutputMessage*>, boost::_bi::list2<boost::_bi::value<OutputMessagePool*>, boost::_bi::value<OutputMessage*> > > >::manage(boost::detail::function::function_buffer const&, boost::detail::function::function_buffer&, boost::detail::function::functor_manager_operation_type)+149>, fd = 1433151066, u32 = 1433151066, u64 = 93824993732186}}, {events = 1434521104, data = {ptr = 0x171f5b0000005555, fd = 21845, u32 = 21845, u64 = 1666150442708522325}}, {events = 3149963505, data = {ptr = 0x5555557e1fe0 <OutputMessagePool::getInstance()::instance>, fd = 1434329056, u32 = 1434329056, u64 = 93824994910176}}, {events = 3510749472, data = {ptr = 0x55810d6000007fff, fd = 32767, u32 = 32767, u64 = 6161220471187603455}}, {events = 21845, data = {ptr = 0x7fffffffe310, fd = -7408, u32 = 4294959888, u64 = 140737488347920}}, {events = 1434521104, data = {ptr = 0xffffe34000005555, fd = 21845, u32 = 21845, u64 = 18446712462750274901}}, {events = 32767, data = {ptr = 0x0, fd = 0, u32 = 0, u64 = 0}}, {events = 1433150912, data = {ptr = 0x55810d6000005555, fd = 21845, u32 = 21845, u64 = 6161220471187592533}}, {events = 21845, data = {ptr = 0x555555585298 <boost::detail::sp_counted_base::destroy()+10>, fd = 1431851672, u32 = 1431851672, u64 = 93824992432792}}, {events = 4294959888, data = {ptr = 0x55585e4e00007fff, fd = 32767, u32 = 32767, u64 = 6149768980274905087}}, {events = 21845, data = {ptr = 0x7fffffffe1c8, fd = -7736, u32 = 4294959560, u64 = 140737488347592}}, {events = 1432027048, data = {ptr = 0xd149873000005555, fd = 21845, u32 = 21845, u64 = 15080733467455018325}}, {events = 32767, data = {ptr = 0xbbc0a0f1171f5b00, fd = 387930880, u32 = 387930880, u64 = 13528990237956463360}}, {events = 0, data = {ptr = 0xd148eb108000001b, fd = -2147483621, u32 = 2147483675, u64 = 15080561808349593627}}, {events = 32767, data = {ptr = 0x555555810d60, fd = 1434520928, u32 = 1434520928, u64 = 93824995102048}}, {events = 1431997217, data = {ptr = 0x55810e1000005555, fd = 21845, u32 = 21845, u64 = 6161221227101836629}}, {events = 21845, data = {ptr = 0x7fffd148eb10, fd = -783750384, u32 = 3511216912, u64 = 140736704604944}}, {events = 1434520928, data = {ptr = 0x555b5edf00005555, fd = 21845, u32 = 21845, u64 = 6150614027975284053}}, {events = 21845, data = {ptr = 0xc, fd = 12, u32 = 12, u64 = 12}}, {events = 1433529616, data = {ptr = 0x555b37b300005555, fd = 21845, u32 = 21845, u64 = 6150570958043239765}}, {events = 21845, data = {ptr = 0x55555571cf4e <boost::asio::detail::socket_ops::non_blocking_accept(int, unsigned char, sockaddr*, unsigned long*, boost::system::error_code&, int&)+130>, fd = 1433521998, u32 = 1433521998, u64 = 93824994103118}}, {events = 0, data = {ptr = 0xf7b9c32700000000, fd = 0, u32 = 0, u64 = 17850513170330812416}}, {events = 32767, data = {ptr = 0x2, fd = 2, u32 = 2, u64 = 2}}, {events = 1434424592, data = {ptr = 0x200005555, fd = 21845, u32 = 21845, u64 = 8589956437}}, {events = 0, data = {ptr = 0x557ff9d0, fd = 1434450384, u32 = 1434450384, u64 = 1434450384}}, {events = 3500218352, data = {ptr = 0x557f951000007fff, fd = 32767, u32 = 32767, u64 = 6160806711218175999}}, {events = 21845, data = {ptr = 0x2, fd = 2, u32 = 2, u64 = 2}}, {events = 2, data = {ptr = 0xd0a117f000000000, fd = 0, u32 = 0, u64 = 15033323350699016192}}, {events = 32767, data = {ptr = 0x5555557f9512, fd = 1434424594, u32 = 1434424594, u64 = 93824995005714}}, {events = 1434450288, data = {ptr = 0xf024fc4800005555, fd = 21845, u32 = 21845, u64 = 17304233054432154965}}, {events = 32767, data = {ptr = 0x5555555a8b04 <Connection::handleWriteTimeout(boost::weak_ptr<Connection>, boost::system::error_code const&)>, fd = 1431997188, u32 = 1431997188, u64 = 93824992578308}}, {events = 1434455808, data = {ptr = 0x558078e000005555, fd = 21845, u32 = 21845, u64 = 6161057193710867797}}, {events = 21845, data = {ptr = 0x602820010000007d, fd = 125, u32 = 125, u64 = 6928823215376564349}}, {events = 1434269040, data = {ptr = 0x55800f0000005555, fd = 21845, u32 = 21845, u64 = 6160940782917277013}}, {events = 21845, data = {ptr = 0x5555558078e0, fd = 1434482912, u32 = 1434482912, u64 = 93824995064032}}, {events = 4028955712, data = {ptr = 0x557d486000007fff, fd = 32767, u32 = 32767, u64 = 6160159442466799615}}, {events = 21845, data = {ptr = 0x0, fd = 0, u32 = 0, u64 = 0}}, {events = 1434273856, data = {ptr = 0x557d468000005555, fd = 21845, u32 = 21845, u64 = 6160157380882486613}}, {events = 21845, data = {ptr = 0x7fffffffe1a0, fd = -7776, u32 = 4294959520, u64 = 140737488347552}}, {events = 0, data = {ptr = 0x0, fd = 0, u32 = 0, u64 = 0}}, {events = 0, data = {ptr = 0x0, fd = 0, u32 = 0, u64 = 0}}, {events = 1434455808, data = {ptr = 0x558078e000005555, fd = 21845, u32 = 21845, u64 = 6161057193710867797}}, {events = 21845, data = {ptr = 0x7fffffffe190, fd = -7792, u32 = 4294959504, u64 = 140737488347536}}, {events = 0, data = {ptr = 0x0, fd = 0, u32 = 0, u64 = 0}}, {events = 0, data = {ptr = 0x555555810d60, fd = 1434520928, u32 = 1434520928, u64 = 93824995102048}}}
2024-04-29 20:54:58 -          num_events = <optimized out>
2024-04-29 20:54:58 -          check_timers = <optimized out>
2024-04-29 20:54:58 -  #2  0x00005555555af480 in boost::asio::detail::scheduler::do_run_one (this=this@entry=0x555555810d60, lock=..., this_thread=..., ec=...) at /usr/include/boost/asio/detail/impl/scheduler.ipp:465
2024-04-29 20:54:58 -          on_exit = {scheduler_ = 0x555555810d60, lock_ = 0x7fffffffe310, this_thread_ = 0x7fffffffe340}
2024-04-29 20:54:58 -          o = <optimized out>
2024-04-29 20:54:58 -          more_handlers = false
2024-04-29 20:54:58 -  #3  0x00005555555b09cd in boost::asio::detail::scheduler::run (this=0x555555810d60, ec=...) at /usr/include/boost/asio/detail/impl/scheduler.ipp:204
2024-04-29 20:54:58 -          this_thread = {<boost::asio::detail::thread_info_base> = {<boost::asio::detail::noncopyable> = {<No data fields>}, reusable_memory_ = {0x7fffd0b25c90, 0x0, 0x0}, has_pending_exception_ = 0, pending_exception_ = {_M_exception_object = 0x0}}, private_op_queue = {<boost::asio::detail::noncopyable> = {<No data fields>}, front_ = 0x0, back_ = 0x0}, private_outstanding_work = 0}
2024-04-29 20:54:58 -          ctx = {<boost::asio::detail::noncopyable> = {<No data fields>}, key_ = 0x555555810d60, value_ = 0x7fffffffe340, next_ = 0x0}
2024-04-29 20:54:58 -          lock = {<boost::asio::detail::noncopyable> = {<No data fields>}, mutex_ = @0x555555810d90, locked_ = false}
2024-04-29 20:54:58 -          n = 1180
2024-04-29 20:54:58 -  #4  0x000055555571b185 in boost::asio::io_context::run (this=0x7fffffffe568) at /usr/include/boost/asio/impl/io_context.ipp:63
2024-04-29 20:54:58 -          ec = {val_ = 0, failed_ = false, cat_ = 0x5555557d3570 <boost::system::detail::cat_holder<void>::system_category_instance>}
2024-04-29 20:54:58 -          s = <optimized out>
2024-04-29 20:54:58 -          ec = {val_ = <optimized out>, failed_ = <optimized out>, cat_ = <optimized out>}
2024-04-29 20:54:58 -          s = <optimized out>
2024-04-29 20:54:58 -  #5  ServiceManager::run (this=this@entry=0x7fffffffe560) at server.cpp:218
2024-04-29 20:54:58 -          __PRETTY_FUNCTION__ = "void ServiceManager::run()"
2024-04-29 20:54:58 -  #6  0x00005555556b3a5f in main (argc=<optimized out>, argv=<optimized out>) at otserv.cpp:358
2024-04-29 20:54:58 -          args = std::vector of length 1, capacity 1 = {"/home/servidor/theforgottenserver"}
2024-04-29 20:54:59 -          servicer = {<boost::noncopyable_::noncopyable> = {<boost::noncopyable_::base_token> = {<No data fields>}, <No data fields>}, _vptr.ServiceManager = 0x5555557d5e48 <vtable for ServiceManager+16>, m_io_service = {<boost::asio::execution_context> = {<boost::asio::detail::noncopyable> = {<No data fields>}, service_registry_ = 0x555555810d10}, impl_ = @0x555555810d60}, deathTimer = {impl_ = {service_ = 0x555555810e60, implementation_ = {<boost::asio::detail::noncopyable> = {<No data fields>}, expiry = {<boost::date_time::base_time<boost::posix_time::ptime, boost::date_time::counted_time_system<boost::date_time::counted_time_rep<boost::posix_time::millisec_posix_time_system_config> > >> = {<boost::operators_impl::less_than_comparable<boost::posix_time::ptime, boost::operators_impl::equality_comparable<boost::posix_time::ptime, boost::posix_time::ptime, boost::operators_impl::operators_detail::empty_base<boost::posix_time::ptime>, boost::operators_impl::operators_detail::false_t>, boost::operators_impl::operators_detail::empty_base<boost::posix_time::ptime>, boost::operators_impl::operators_detail::true_t>> = {<boost::operators_impl::less_than_comparable1<boost::posix_time::ptime, boost::operators_impl::equality_comparable<boost::posix_time::ptime, boost::posix_time::ptime, boost::operators_impl::operators_detail::empty_base<boost::posix_time::ptime>, boost::operators_impl::operators_detail::false_t> >> = {<boost::operators_impl::equality_comparable<boost::posix_time::ptime, boost::posix_time::ptime, boost::operators_impl::operators_detail::empty_base<boost::posix_time::ptime>, boost::operators_impl::operators_detail::false_t>> = {<boost::operators_impl::equality_comparable1<boost::posix_time::ptime, boost::operators_impl::operators_detail::empty_base<boost::posix_time::ptime> >> = {<boost::operators_impl::operators_detail::empty_base<boost::posix_time::ptime>> = {<No data fields>}, <No data fields>}, <No data fields>}, <No data fields>}, <No data fields>}, time_ = {time_count_ = {value_ = 9223372036854775806}}}, <No data fields>}, might_have_pending_waits = false, timer_data = {op_queue_ = {<boost::asio::detail::noncopyable> = {<No data fields>}, front_ = 0x0, back_ = 0x0}, heap_index_ = 18446744073709551615, next_ = 0x0, prev_ = 0x0}}, executor_ = {<boost::asio::execution::detail::any_executor_base> = {object_ = {__data = "h\345\377\377\377\177\000\000\020\063}U\000\000\000", __align = {<No data fields>}}, object_fns_ = 0x5555557d4740 <boost::asio::execution::detail::any_executor_base::object_fns_table<boost::asio::io_context::basic_executor_type<std::allocator<void>, 0u> >(std::enable_if<(!std::is_same<boost::asio::io_context::basic_executor_type<std::allocator<void>, 0u>, void>::value)&&(!std::is_same<boost::asio::io_context::basic_executor_type<std::allocator<void>, 0u>, std::shared_ptr<void> >::value), void>::type*)::fns>, target_ = 0x7fffffffe5b8, target_fns_ = 0x5555557d4760 <boost::asio::execution::detail::any_executor_base::target_fns_table<boost::asio::io_context::basic_executor_type<std::allocator<void>, 0u> >(bool, std::enable_if<!std::is_same<boost::asio::io_context::basic_executor_type<std::allocator<void>, 0u>, void>::value, void>::type*)::fns_with_execute>}, <boost::asio::execution::detail::any_executor_context<boost::asio::execution::any_executor<boost::asio::execution::context_as_t<boost::asio::execution_context&>, boost::asio::execution::detail::blocking::never_t<0>, boost::asio::execution::prefer_only<boost::asio::execution::detail::blocking::possibly_t<0> >, boost::asio::execution::prefer_only<boost::asio::execution::detail::outstanding_work::tracked_t<0> >, boost::asio::execution::prefer_only<boost::asio::execution::detail::outstanding_work::untracked_t<0> >, boost::asio::execution::prefer_only<boost::asio::execution::detail::relationship::fork_t<0> >, boost::asio::execution::prefer_only<boost::asio::execution::detail::relationship::continuation_t<0> > >, boost::asio::execution::detail::supportable_properties<0, void(boost::asio::execution::context_as_t<boost::asio::execution_context&>, boost::asio::execution::detail::blocking::never_t<0>, boost::asio::execution::prefer_only<boost::asio::execution::detail::blocking::possibly_t<0> >, boost::asio::execution::prefer_only<boost::asio::execution::detail::outstanding_work::tracked_t<0> >, boost::asio::execution::prefer_only<boost::asio::execution::detail::outstanding_work::untracked_t<0> >, boost::asio::execution::prefer_only<boost::asio::execution::detail::relationship::fork_t<0> >, boost::asio::execution::prefer_only<boost::asio::execution::detail::relationship::continuation_t<0> >)>::find_context_as_property, void>> = {<No data fields>}, prop_fns_ = 0x5555557d4780 <boost::asio::execution::any_executor<boost::asio::execution::context_as_t<boost::asio::execution_context&>, boost::asio::execution::detail::blocking::never_t<0>, boost::asio::execution::prefer_only<boost::asio::execution::detail::blocking::possibly_t<0> >, boost::asio::execution::prefer_only<boost::asio::execution::detail::outstanding_work::tracked_t<0> >, boost::asio::execution::prefer_only<boost::asio::execution::detail::outstanding_work::untracked_t<0> >, boost::asio::execution::prefer_only<boost::asio::execution::detail::relationship::fork_t<0> >, boost::asio::execution::prefer_only<boost::asio::execution::detail::relationship::continuation_t<0> > >::prop_fns_table<boost::asio::io_context::basic_executor_type<std::allocator<void>, 0u> >()::fns>}}}, running = false, m_acceptors = std::map with 2 elements = {[7172] = {px = 0x7fffe8c23530, pn = {pi_ = 0x7fffd0a06030}}, [7183] = {px = 0x7fffd02fc270, pn = {pi_ = 0x7fffd02fc1d0}}}}
2024-04-29 20:54:59 -          sigh = {__sigaction_handler = {sa_handler = 0x1, sa_sigaction = 0x1}, sa_mask = {__val = {0 <repeats 16 times>}}, sa_flags = 0, sa_restorer = 0x4000000042}
2024-04-29 20:54:59 -          outPath = ""
2024-04-29 20:54:59 -          errPath = ""
2024-04-29 20:54:59 -  > Saving server...
2024-04-29 20:54:59 -  > SAVE: Complete in 0.617 seconds using relational house storage.
2024-04-29 20:54:59 -  A debugging session is active.
2024-04-29 20:54:59 -  
2024-04-29 20:54:59 -  	Inferior 1 [process 40963] will be killed.
2024-04-29 20:54:59 -  
2024-04-29 20:54:59 -  Quit anyway? (y or n) [answered Y; input not from terminal]
