2024-04-29 21:34:41 -  [Thread debugging using libthread_db enabled]
2024-04-29 21:34:41 -  Using host libthread_db library "/lib/x86_64-linux-gnu/libthread_db.so.1".
2024-04-29 21:34:41 -  [New Thread 0x7ffff52a3700 (LWP 41441)]
2024-04-29 21:34:41 -  otPokemon Imperium, version 0.3.6 (otPokemon Imperium.)
2024-04-29 21:34:41 -  Compiled with GNU C++ version 10.2.1 20210110 at Apr 29 2024, 21:03:29.
2024-04-29 21:34:41 -  A server developed by : GOD Vitor.
2024-04-29 21:34:41 -  otPokemon Imperium - Pokemon Tibia Online.
2024-04-29 21:34:41 -  
2024-04-29 21:34:41 -  >> Loading config (config.lua)
2024-04-29 21:34:41 -  > Using SHA1 encryption
2024-04-29 21:34:41 -  >> Loading RSA key
2024-04-29 21:34:41 -  >> Starting SQL connection
2024-04-29 21:34:41 -  >> Running Database Manager
2024-04-29 21:34:42 -  > Optimizing table: player_items... [success]
2024-04-29 21:34:42 -  > Optimizing table: player_depotitems... [success]
2024-04-29 21:34:42 -  > Optimizing table: player_storage... [success]
2024-04-29 21:34:42 -  >> Loading items
2024-04-29 21:34:42 -  >> Loading groups
2024-04-29 21:34:42 -  >> Loading vocations
2024-04-29 21:34:42 -  >> Loading script systems
2024-04-29 21:34:42 -  [Warning - TalkAction::configureEvent] Duplicate registered talkaction with words: /online
2024-04-29 21:34:42 -  >> Loading chat channels
2024-04-29 21:34:42 -  >> Loading outfits
2024-04-29 21:34:42 -  >> Loading experience stages
2024-04-29 21:34:42 -  >> Loading monsters
2024-04-29 21:34:42 -  >> Loading mods...
2024-04-29 21:34:42 -  > Loading firstitems.xml... done.
2024-04-29 21:34:42 -  > 1 mods were loaded.
2024-04-29 21:34:42 -  >> Loading map and spawns...
2024-04-29 21:34:43 -  > Map size: 2501x4119.
2024-04-29 21:34:43 -  > Map descriptions: 
2024-04-29 21:34:43 -  "Saved with OTAcademy Map Editor 4.1.1"
2024-04-29 21:34:43 -  "Poke Sapphire
2024-04-29 21:34:43 -  Thalles and Bianca
2024-04-29 21:34:43 -  
2024-04-29 21:34:43 -  Map by [GM] Bob Dylan"
2024-04-29 21:34:44 -  [Warning - IOMap::loadMap] Movable item in house: 187, item type: 2080, pos 1174/1007/7
2024-04-29 21:34:45 -  [Warning - IOMap::loadMap] Movable item in house: 187, item type: 38041, pos 1175/1028/7
2024-04-29 21:34:45 -  [Warning - IOMap::loadMap] Movable item in house: 162, item type: 38041, pos 1202/1041/7
2024-04-29 21:34:49 -  > Map loading time: 6.993 seconds.
2024-04-29 21:34:49 -  [Warning - Spawns::loadFromXml] Magneton ( 01652 / 00955 / 002 ) spawntime cannot be less than 1 seconds.
2024-04-29 21:34:49 -  [Warning - Spawns::loadFromXml] Electabuzz ( 01640 / 00989 / 002 ) spawntime cannot be less than 1 seconds.
2024-04-29 21:34:49 -  I/O warning : failed to load external entity "datapack/npc/Geraldo.xml"
2024-04-29 21:34:49 -  [Warning - Npc::loadFromXml] Cannot load npc file (datapack/npc/Geraldo.xml).
2024-04-29 21:34:49 -  Info: failed to load external entity "datapack/npc/Geraldo.xml"
2024-04-29 21:34:49 -  
2024-04-29 21:34:49 -  
2024-04-29 21:34:49 -  [Warning - Spawns::loadFromXml] Voltorb ( 01640 / 00991 / 004 ) spawntime cannot be less than 1 seconds.
2024-04-29 21:34:49 -  I/O warning : failed to load external entity "datapack/npc/roberto.xml"
2024-04-29 21:34:49 -  [Warning - Npc::loadFromXml] Cannot load npc file (datapack/npc/roberto.xml).
2024-04-29 21:34:49 -  Info: failed to load external entity "datapack/npc/roberto.xml"
2024-04-29 21:34:49 -  
2024-04-29 21:34:49 -  
2024-04-29 21:34:49 -  [Spawn::addMonster] Cannot find "Pansage"
2024-04-29 21:34:49 -  [Spawn::addMonster] Cannot find "Pansage"
2024-04-29 21:34:49 -  [Spawn::addMonster] Cannot find "Pansage"
2024-04-29 21:34:49 -  [Spawn::addMonster] Cannot find "Pansage"
2024-04-29 21:34:49 -  [Spawn::addMonster] Cannot find "Golett"
2024-04-29 21:34:49 -  [Spawn::addMonster] Cannot find "Golett"
2024-04-29 21:34:49 -  [Spawn::addMonster] Cannot find "Golett"
2024-04-29 21:34:49 -  [Spawn::addMonster] Cannot find "Golett"
2024-04-29 21:34:49 -  [Spawn::addMonster] Cannot find "Golett"
2024-04-29 21:34:49 -  [Spawn::addMonster] Cannot find "Golett"
2024-04-29 21:34:49 -  [Spawn::addMonster] Cannot find "Golett"
2024-04-29 21:34:49 -  [Spawn::addMonster] Cannot find "Gigalith"
2024-04-29 21:34:49 -  [Spawn::addMonster] Cannot find "Gigalith"
2024-04-29 21:34:49 -  [Spawn::addMonster] Cannot find "Gigalith"
2024-04-29 21:34:49 -  [Spawn::addMonster] Cannot find "Gigalith"
2024-04-29 21:34:49 -  [Spawn::addMonster] Cannot find "Gigalith"
2024-04-29 21:34:49 -  [Spawn::addMonster] Cannot find "Gigalith"
2024-04-29 21:34:49 -  [Spawn::addMonster] Cannot find "Gigalith"
2024-04-29 21:34:49 -  [Spawn::addMonster] Cannot find "Gigalith"
2024-04-29 21:34:49 -  [Spawn::addMonster] Cannot find "Gigalith"
2024-04-29 21:34:49 -  [Spawn::addMonster] Cannot find "Gigalith"
2024-04-29 21:34:49 -  [Spawn::addMonster] Cannot find "Gigalith"
2024-04-29 21:34:49 -  [Spawn::addMonster] Cannot find "Gigalith"
2024-04-29 21:34:49 -  [Spawn::addMonster] Cannot find "Gigalith"
2024-04-29 21:34:49 -  [Spawn::addMonster] Cannot find "Gigalith"
2024-04-29 21:34:49 -  [Spawn::addMonster] Cannot find "Gigalith"
2024-04-29 21:34:49 -  [Spawn::addMonster] Cannot find "Gigalith"
2024-04-29 21:34:49 -  [Spawn::addMonster] Cannot find "Gigalith"
2024-04-29 21:34:49 -  [Spawn::addMonster] Cannot find "Gigalith"
2024-04-29 21:34:49 -  [Spawn::addMonster] Cannot find "Gigalith"
2024-04-29 21:34:49 -  [Spawn::addMonster] Cannot find "Gigalith"
2024-04-29 21:34:49 -  [Spawn::addMonster] Cannot find "Gigalith"
2024-04-29 21:34:49 -  [Spawn::addMonster] Cannot find "Gigalith"
2024-04-29 21:34:49 -  [Spawn::addMonster] Cannot find "Gigalith"
2024-04-29 21:34:49 -  [Spawn::addMonster] Cannot find "Gigalith"
2024-04-29 21:34:49 -  [Spawn::addMonster] Cannot find "Beartic"
2024-04-29 21:34:49 -  [Spawn::addMonster] Cannot find "Beartic"
2024-04-29 21:34:49 -  [Spawn::addMonster] Cannot find "Beartic"
2024-04-29 21:34:49 -  [Spawn::addMonster] Cannot find "Beartic"
2024-04-29 21:34:49 -  [Spawn::addMonster] Cannot find "Beartic"
2024-04-29 21:34:49 -  [Spawn::addMonster] Cannot find "Beartic"
2024-04-29 21:34:49 -  [Spawn::addMonster] Cannot find "Beartic"
2024-04-29 21:34:49 -  [Spawn::addMonster] Cannot find "Beartic"
2024-04-29 21:34:49 -  [Spawn::addMonster] Cannot find "Beartic"
2024-04-29 21:34:49 -  [Spawn::addMonster] Cannot find "Beartic"
2024-04-29 21:34:49 -  [Spawn::addMonster] Cannot find "Beartic"
2024-04-29 21:34:49 -  [Spawn::addMonster] Cannot find "Beartic"
2024-04-29 21:34:49 -  [Spawn::addMonster] Cannot find "Beartic"
2024-04-29 21:34:49 -  [Spawn::addMonster] Cannot find "Beartic"
2024-04-29 21:34:49 -  [Spawn::addMonster] Cannot find "Beartic"
2024-04-29 21:34:49 -  [Spawn::addMonster] Cannot find "Beartic"
2024-04-29 21:34:49 -  [Spawn::addMonster] Cannot find "Beartic"
2024-04-29 21:34:49 -  [Spawn::addMonster] Cannot find "Beartic"
2024-04-29 21:34:49 -  [Spawn::addMonster] Cannot find "Beartic"
2024-04-29 21:34:49 -  [Spawn::addMonster] Cannot find "Beartic"
2024-04-29 21:34:49 -  [Spawn::addMonster] Cannot find "Beartic"
2024-04-29 21:34:49 -  I/O warning : failed to load external entity "datapack/npc/Capitao Luiz.xml"
2024-04-29 21:34:49 -  [Warning - Npc::loadFromXml] Cannot load npc file (datapack/npc/Capitao Luiz.xml).
2024-04-29 21:34:49 -  Info: failed to load external entity "datapack/npc/Capitao Luiz.xml"
2024-04-29 21:34:49 -  
2024-04-29 21:34:49 -  
2024-04-29 21:34:49 -  I/O warning : failed to load external entity "datapack/npc/Capitao Barbosa.xml"
2024-04-29 21:34:49 -  [Warning - Npc::loadFromXml] Cannot load npc file (datapack/npc/Capitao Barbosa.xml).
2024-04-29 21:34:49 -  Info: failed to load external entity "datapack/npc/Capitao Barbosa.xml"
2024-04-29 21:34:49 -  
2024-04-29 21:34:49 -  
2024-04-29 21:34:49 -  I/O warning : failed to load external entity "datapack/npc/Capitao Barbosa.xml"
2024-04-29 21:34:49 -  [Warning - Npc::loadFromXml] Cannot load npc file (datapack/npc/Capitao Barbosa.xml).
2024-04-29 21:34:49 -  Info: failed to load external entity "datapack/npc/Capitao Barbosa.xml"
2024-04-29 21:34:49 -  
2024-04-29 21:34:49 -  
2024-04-29 21:34:49 -  I/O warning : failed to load external entity "datapack/npc/DD - Anlow.xml"
2024-04-29 21:34:49 -  [Warning - Npc::loadFromXml] Cannot load npc file (datapack/npc/DD - Anlow.xml).
2024-04-29 21:34:49 -  Info: failed to load external entity "datapack/npc/DD - Anlow.xml"
2024-04-29 21:34:49 -  
2024-04-29 21:34:49 -  
2024-04-29 21:34:49 -  [Spawn::addMonster] Cannot find "Darmanitan"
2024-04-29 21:34:49 -  [Spawn::addMonster] Cannot find "Darmanitan"
2024-04-29 21:34:49 -  I/O warning : failed to load external entity "datapack/npc/Nurse Audino.xml"
2024-04-29 21:34:49 -  [Warning - Npc::loadFromXml] Cannot load npc file (datapack/npc/Nurse Audino.xml).
2024-04-29 21:34:49 -  Info: failed to load external entity "datapack/npc/Nurse Audino.xml"
2024-04-29 21:34:49 -  
2024-04-29 21:34:49 -  
2024-04-29 21:34:49 -  I/O warning : failed to load external entity "datapack/npc/Nurse Audino.xml"
2024-04-29 21:34:49 -  [Warning - Npc::loadFromXml] Cannot load npc file (datapack/npc/Nurse Audino.xml).
2024-04-29 21:34:49 -  Info: failed to load external entity "datapack/npc/Nurse Audino.xml"
2024-04-29 21:34:49 -  
2024-04-29 21:34:49 -  
2024-04-29 21:34:49 -  [Spawn::addMonster] Cannot find "Pansage"
2024-04-29 21:34:49 -  [Spawn::addMonster] Cannot find "Pansage"
2024-04-29 21:34:49 -  [Spawn::addMonster] Cannot find "Pansage"
2024-04-29 21:34:49 -  [Spawn::addMonster] Cannot find "Pansage"
2024-04-29 21:34:49 -  [Spawn::addMonster] Cannot find "Pansage"
2024-04-29 21:34:49 -  [Spawn::addMonster] Cannot find "Pansage"
2024-04-29 21:34:49 -  [Spawn::addMonster] Cannot find "Pansage"
2024-04-29 21:34:49 -  [Spawn::addMonster] Cannot find "Pansage"
2024-04-29 21:34:49 -  [Spawn::addMonster] Cannot find "Pansage"
2024-04-29 21:34:49 -  [Spawn::addMonster] Cannot find "Pansage"
2024-04-29 21:34:49 -  [Spawn::addMonster] Cannot find "Pansage"
2024-04-29 21:34:49 -  [Spawn::addMonster] Cannot find "Pansage"
2024-04-29 21:34:49 -  [Spawn::addMonster] Cannot find "Pansage"
2024-04-29 21:34:49 -  [Spawn::addMonster] Cannot find "Gothorita"
2024-04-29 21:34:49 -  [Spawn::addMonster] Cannot find "Gothorita"
2024-04-29 21:34:49 -  [Spawn::addMonster] Cannot find "Pansage"
2024-04-29 21:34:49 -  [Spawn::addMonster] Cannot find "Pansage"
2024-04-29 21:34:49 -  [Spawn::addMonster] Cannot find "Darmanitan"
2024-04-29 21:34:49 -  [Spawn::addMonster] Cannot find "Pansage"
2024-04-29 21:34:49 -  [Spawn::addMonster] Cannot find "Gothorita"
2024-04-29 21:34:49 -  [Spawn::addMonster] Cannot find "Gothorita"
2024-04-29 21:34:49 -  [Spawn::addMonster] Cannot find "Gothorita"
2024-04-29 21:34:49 -  [Spawn::addMonster] Cannot find "Gothorita"
2024-04-29 21:34:49 -  [Spawn::addMonster] Cannot find "Gothorita"
2024-04-29 21:34:49 -  [Spawn::addMonster] Cannot find "Gothorita"
2024-04-29 21:34:49 -  [Spawn::addMonster] Cannot find "Gothorita"
2024-04-29 21:34:49 -  [Spawn::addMonster] Cannot find "Gothorita"
2024-04-29 21:34:49 -  [Spawn::addMonster] Cannot find "Gothorita"
2024-04-29 21:34:49 -  [Spawn::addMonster] Cannot find "Gothorita"
2024-04-29 21:34:49 -  [Spawn::addMonster] Cannot find "Gothorita"
2024-04-29 21:34:49 -  [Spawn::addMonster] Cannot find "Gothorita"
2024-04-29 21:34:49 -  [Spawn::addMonster] Cannot find "Gothorita"
2024-04-29 21:34:49 -  [Spawn::addMonster] Cannot find "Gothorita"
2024-04-29 21:34:49 -  [Spawn::addMonster] Cannot find "Gothorita"
2024-04-29 21:34:49 -  [Spawn::addMonster] Cannot find "Gothorita"
2024-04-29 21:34:49 -  [Spawn::addMonster] Cannot find "Gothorita"
2024-04-29 21:34:49 -  [Spawn::addMonster] Cannot find "Gothorita"
2024-04-29 21:34:49 -  [Spawn::addMonster] Cannot find "Gothorita"
2024-04-29 21:34:49 -  [Spawn::addMonster] Cannot find "Gothorita"
2024-04-29 21:34:49 -  [Spawn::addMonster] Cannot find "Gothorita"
2024-04-29 21:34:49 -  [Spawn::addMonster] Cannot find "Gothorita"
2024-04-29 21:34:49 -  [Spawn::addMonster] Cannot find "Gothorita"
2024-04-29 21:34:49 -  [Spawn::addMonster] Cannot find "Gothorita"
2024-04-29 21:34:49 -  [Spawn::addMonster] Cannot find "Gothorita"
2024-04-29 21:34:49 -  [Spawn::addMonster] Cannot find "Gothorita"
2024-04-29 21:34:49 -  [Spawn::addMonster] Cannot find "Gothorita"
2024-04-29 21:34:49 -  [Spawn::addMonster] Cannot find "Gothorita"
2024-04-29 21:34:49 -  [Spawn::addMonster] Cannot find "Gothorita"
2024-04-29 21:34:49 -  [Spawn::addMonster] Cannot find "Gothorita"
2024-04-29 21:34:49 -  [Spawn::addMonster] Cannot find "Gothorita"
2024-04-29 21:34:49 -  [Spawn::addMonster] Cannot find "Gothorita"
2024-04-29 21:34:49 -  [Spawn::addMonster] Cannot find "Gothorita"
2024-04-29 21:34:49 -  [Spawn::addMonster] Cannot find "Pansage"
2024-04-29 21:34:49 -  [Spawn::addMonster] Cannot find "Gothorita"
2024-04-29 21:34:49 -  [Spawn::addMonster] Cannot find "Gothorita"
2024-04-29 21:34:49 -  [Spawn::addMonster] Cannot find "Gothorita"
2024-04-29 21:34:49 -  [Spawn::addMonster] Cannot find "Gothorita"
2024-04-29 21:34:49 -  [Spawn::addMonster] Cannot find "Pansage"
2024-04-29 21:34:49 -  [Spawn::addMonster] Cannot find "Pansage"
2024-04-29 21:34:49 -  [Spawn::addMonster] Cannot find "Pansage"
2024-04-29 21:34:49 -  [Spawn::addMonster] Cannot find "Gothorita"
2024-04-29 21:34:49 -  [Spawn::addMonster] Cannot find "Pansage"
2024-04-29 21:34:49 -  [Spawn::addMonster] Cannot find "Pansage"
2024-04-29 21:34:49 -  [Spawn::addMonster] Cannot find "Pansage"
2024-04-29 21:34:49 -  [Spawn::addMonster] Cannot find "Pansage"
2024-04-29 21:34:49 -  [Spawn::addMonster] Cannot find "Pansage"
2024-04-29 21:34:49 -  [Spawn::addMonster] Cannot find "Pansage"
2024-04-29 21:34:49 -  [Spawn::addMonster] Cannot find "Pansage"
2024-04-29 21:34:49 -  [Spawn::addMonster] Cannot find "Pansage"
2024-04-29 21:34:49 -  [Spawn::addMonster] Cannot find "Pansage"
2024-04-29 21:34:49 -  [Spawn::addMonster] Cannot find "Pansage"
2024-04-29 21:34:49 -  [Spawn::addMonster] Cannot find "Pansage"
2024-04-29 21:34:49 -  [Spawn::addMonster] Cannot find "Pansage"
2024-04-29 21:34:49 -  [Spawn::addMonster] Cannot find "Pansage"
2024-04-29 21:34:49 -  [Spawn::addMonster] Cannot find "Pansage"
2024-04-29 21:34:49 -  [Spawn::addMonster] Cannot find "Pansage"
2024-04-29 21:34:49 -  [Spawn::addMonster] Cannot find "Golett"
2024-04-29 21:34:49 -  [Spawn::addMonster] Cannot find "Golett"
2024-04-29 21:34:49 -  [Spawn::addMonster] Cannot find "Golett"
2024-04-29 21:34:49 -  [Spawn::addMonster] Cannot find "Golett"
2024-04-29 21:34:49 -  [Spawn::addMonster] Cannot find "Pansage"
2024-04-29 21:34:49 -  [Spawn::addMonster] Cannot find "Pansage"
2024-04-29 21:34:49 -  [Spawn::addMonster] Cannot find "Pansage"
2024-04-29 21:34:49 -  [Spawn::addMonster] Cannot find "Pansage"
2024-04-29 21:34:49 -  [Spawn::addMonster] Cannot find "Golett"
2024-04-29 21:34:49 -  [Spawn::addMonster] Cannot find "Golett"
2024-04-29 21:34:49 -  [Spawn::addMonster] Cannot find "Pansage"
2024-04-29 21:34:49 -  [Spawn::addMonster] Cannot find "Pansage"
2024-04-29 21:34:49 -  [Spawn::addMonster] Cannot find "Golett"
2024-04-29 21:34:49 -  [Spawn::addMonster] Cannot find "Golett"
2024-04-29 21:34:49 -  [Spawn::addMonster] Cannot find "Pansage"
2024-04-29 21:34:49 -  [Spawn::addMonster] Cannot find "Pansage"
2024-04-29 21:34:49 -  [Spawn::addMonster] Cannot find "Pansage"
2024-04-29 21:34:49 -  [Spawn::addMonster] Cannot find "Pansage"
2024-04-29 21:34:49 -  [Spawn::addMonster] Cannot find "Pansage"
2024-04-29 21:34:49 -  [Spawn::addMonster] Cannot find "Pansage"
2024-04-29 21:34:49 -  [Spawn::addMonster] Cannot find "Pansage"
2024-04-29 21:34:49 -  [Spawn::addMonster] Cannot find "Pansage"
2024-04-29 21:34:49 -  [Spawn::addMonster] Cannot find "Pansage"
2024-04-29 21:34:49 -  [Spawn::addMonster] Cannot find "Pansage"
2024-04-29 21:34:49 -  [Spawn::addMonster] Cannot find "Pansage"
2024-04-29 21:34:49 -  [Spawn::addMonster] Cannot find "Pansage"
2024-04-29 21:34:49 -  [Spawn::addMonster] Cannot find "Pansage"
2024-04-29 21:34:49 -  [Spawn::addMonster] Cannot find "Pansage"
2024-04-29 21:34:49 -  [Spawn::addMonster] Cannot find "Pansage"
2024-04-29 21:34:49 -  [Spawn::addMonster] Cannot find "Pansage"
2024-04-29 21:34:49 -  [Spawn::addMonster] Cannot find "Pansage"
2024-04-29 21:34:49 -  [Spawn::addMonster] Cannot find "Pansage"
2024-04-29 21:34:49 -  [Spawn::addMonster] Cannot find "Pansage"
2024-04-29 21:34:49 -  [Spawn::addMonster] Cannot find "Pansage"
2024-04-29 21:34:49 -  [Spawn::addMonster] Cannot find "Oshawott"
2024-04-29 21:34:49 -  [Spawn::addMonster] Cannot find "Oshawott"
2024-04-29 21:34:49 -  [Spawn::addMonster] Cannot find "Oshawott"
2024-04-29 21:34:49 -  [Spawn::addMonster] Cannot find "Oshawott"
2024-04-29 21:34:49 -  [Spawn::addMonster] Cannot find "Oshawott"
2024-04-29 21:34:49 -  [Spawn::addMonster] Cannot find "Oshawott"
2024-04-29 21:34:49 -  [Spawn::addMonster] Cannot find "Oshawott"
2024-04-29 21:34:49 -  [Spawn::addMonster] Cannot find "Oshawott"
2024-04-29 21:34:49 -  [Spawn::addMonster] Cannot find "Oshawott"
2024-04-29 21:34:49 -  [Spawn::addMonster] Cannot find "Krookodile"
2024-04-29 21:34:49 -  [Spawn::addMonster] Cannot find "Oshawott"
2024-04-29 21:34:49 -  [Spawn::addMonster] Cannot find "Oshawott"
2024-04-29 21:34:49 -  [Spawn::addMonster] Cannot find "Oshawott"
2024-04-29 21:34:49 -  [Spawn::addMonster] Cannot find "Oshawott"
2024-04-29 21:34:49 -  [Spawn::addMonster] Cannot find "Oshawott"
2024-04-29 21:34:49 -  [Spawn::addMonster] Cannot find "Oshawott"
2024-04-29 21:34:49 -  [Spawn::addMonster] Cannot find "Oshawott"
2024-04-29 21:34:49 -  [Spawn::addMonster] Cannot find "Oshawott"
2024-04-29 21:34:49 -  [Spawn::addMonster] Cannot find "Pansage"
2024-04-29 21:34:49 -  [Spawn::addMonster] Cannot find "Pansage"
2024-04-29 21:34:49 -  [Spawn::addMonster] Cannot find "Zweilous"
2024-04-29 21:34:49 -  I/O warning : failed to load external entity "datapack/npc/Nurse Audino.xml"
2024-04-29 21:34:49 -  [Warning - Npc::loadFromXml] Cannot load npc file (datapack/npc/Nurse Audino.xml).
2024-04-29 21:34:49 -  Info: failed to load external entity "datapack/npc/Nurse Audino.xml"
2024-04-29 21:34:49 -  
2024-04-29 21:34:49 -  
2024-04-29 21:34:49 -  [Spawn::addMonster] Cannot find "Pansear"
2024-04-29 21:34:49 -  [Spawn::addMonster] Cannot find "Pansear"
2024-04-29 21:34:49 -  [Spawn::addMonster] Cannot find "Pansear"
2024-04-29 21:34:49 -  [Spawn::addMonster] Cannot find "Pansear"
2024-04-29 21:34:49 -  [Spawn::addMonster] Cannot find "Darmanitan"
2024-04-29 21:34:49 -  [Spawn::addMonster] Cannot find "Pansear"
2024-04-29 21:34:49 -  [Spawn::addMonster] Cannot find "Pansear"
2024-04-29 21:34:49 -  [Spawn::addMonster] Cannot find "Pansear"
2024-04-29 21:34:49 -  [Spawn::addMonster] Cannot find "Pansear"
2024-04-29 21:34:49 -  [Spawn::addMonster] Cannot find "Pansear"
2024-04-29 21:34:49 -  [Spawn::addMonster] Cannot find "Pansear"
2024-04-29 21:34:49 -  [Spawn::addMonster] Cannot find "Pansear"
2024-04-29 21:34:49 -  [Spawn::addMonster] Cannot find "Pansear"
2024-04-29 21:34:49 -  [Spawn::addMonster] Cannot find "Pansear"
2024-04-29 21:34:49 -  [Spawn::addMonster] Cannot find "Pansear"
2024-04-29 21:34:49 -  [Spawn::addMonster] Cannot find "Pansear"
2024-04-29 21:34:49 -  [Spawn::addMonster] Cannot find "Pansear"
2024-04-29 21:34:49 -  [Spawn::addMonster] Cannot find "Pansear"
2024-04-29 21:34:49 -  [Spawn::addMonster] Cannot find "Pansear"
2024-04-29 21:34:49 -  [Spawn::addMonster] Cannot find "Pansear"
2024-04-29 21:34:49 -  [Spawn::addMonster] Cannot find "Pansear"
2024-04-29 21:34:49 -  [Spawn::addMonster] Cannot find "Pansear"
2024-04-29 21:34:49 -  [Spawn::addMonster] Cannot find "Pansear"
2024-04-29 21:34:49 -  [Spawn::addMonster] Cannot find "Pansear"
2024-04-29 21:34:49 -  [Spawn::addMonster] Cannot find "Pansear"
2024-04-29 21:34:49 -  [Spawn::addMonster] Cannot find "Pansear"
2024-04-29 21:34:49 -  [Spawn::addMonster] Cannot find "Pansear"
2024-04-29 21:34:49 -  [Spawn::addMonster] Cannot find "Pansear"
2024-04-29 21:34:49 -  [Spawn::addMonster] Cannot find "Pansear"
2024-04-29 21:34:49 -  [Spawn::addMonster] Cannot find "Zweilous"
2024-04-29 21:34:49 -  [Spawn::addMonster] Cannot find "Zweilous"
2024-04-29 21:34:49 -  [Spawn::addMonster] Cannot find "Pansage"
2024-04-29 21:34:49 -  [Spawn::addMonster] Cannot find "Pansage"
2024-04-29 21:34:49 -  [Spawn::addMonster] Cannot find "Pansage"
2024-04-29 21:34:49 -  [Spawn::addMonster] Cannot find "Pansage"
2024-04-29 21:34:49 -  [Spawn::addMonster] Cannot find "Pansage"
2024-04-29 21:34:49 -  [Spawn::addMonster] Cannot find "Zweilous"
2024-04-29 21:34:49 -  [Spawn::addMonster] Cannot find "Zweilous"
2024-04-29 21:34:49 -  [Spawn::addMonster] Cannot find "Zweilous"
2024-04-29 21:34:49 -  [Spawn::addMonster] Cannot find "Pansage"
2024-04-29 21:34:49 -  [Spawn::addMonster] Cannot find "Zweilous"
2024-04-29 21:34:49 -  [Spawn::addMonster] Cannot find "Zweilous"
2024-04-29 21:34:49 -  [Spawn::addMonster] Cannot find "Gothorita"
2024-04-29 21:34:49 -  [Spawn::addMonster] Cannot find "Zweilous"
2024-04-29 21:34:49 -  [Spawn::addMonster] Cannot find "Gothorita"
2024-04-29 21:34:49 -  [Spawn::addMonster] Cannot find "Gothorita"
2024-04-29 21:34:49 -  [Spawn::addMonster] Cannot find "Gothorita"
2024-04-29 21:34:49 -  [Spawn::addMonster] Cannot find "Gothorita"
2024-04-29 21:34:49 -  [Spawn::addMonster] Cannot find "Gothorita"
2024-04-29 21:34:49 -  [Spawn::addMonster] Cannot find "Gothorita"
2024-04-29 21:34:49 -  [Spawn::addMonster] Cannot find "Pansage"
2024-04-29 21:34:49 -  [Spawn::addMonster] Cannot find "Zweilous"
2024-04-29 21:34:49 -  [Spawn::addMonster] Cannot find "Gothorita"
2024-04-29 21:34:49 -  [Spawn::addMonster] Cannot find "Gothorita"
2024-04-29 21:34:49 -  [Spawn::addMonster] Cannot find "Gothorita"
2024-04-29 21:34:49 -  [Spawn::addMonster] Cannot find "Gothorita"
2024-04-29 21:34:49 -  [Spawn::addMonster] Cannot find "Gothorita"
2024-04-29 21:34:49 -  [Spawn::addMonster] Cannot find "Gothorita"
2024-04-29 21:34:49 -  [Spawn::addMonster] Cannot find "Gothorita"
2024-04-29 21:34:49 -  [Spawn::addMonster] Cannot find "Pansage"
2024-04-29 21:34:49 -  [Spawn::addMonster] Cannot find "Gothorita"
2024-04-29 21:34:49 -  [Spawn::addMonster] Cannot find "Gothorita"
2024-04-29 21:34:49 -  [Spawn::addMonster] Cannot find "Pansage"
2024-04-29 21:34:49 -  [Spawn::addMonster] Cannot find "Pansage"
2024-04-29 21:34:49 -  [Spawn::addMonster] Cannot find "Gothorita"
2024-04-29 21:34:49 -  [Spawn::addMonster] Cannot find "Cubchoo"
2024-04-29 21:34:49 -  [Spawn::addMonster] Cannot find "Cubchoo"
2024-04-29 21:34:49 -  [Spawn::addMonster] Cannot find "Beartic"
2024-04-29 21:34:49 -  [Spawn::addMonster] Cannot find "Cubchoo"
2024-04-29 21:34:49 -  [Spawn::addMonster] Cannot find "Cubchoo"
2024-04-29 21:34:49 -  [Spawn::addMonster] Cannot find "Cubchoo"
2024-04-29 21:34:49 -  [Spawn::addMonster] Cannot find "Cubchoo"
2024-04-29 21:34:49 -  [Spawn::addMonster] Cannot find "Beartic"
2024-04-29 21:34:49 -  [Spawn::addMonster] Cannot find "Beartic"
2024-04-29 21:34:49 -  [Spawn::addMonster] Cannot find "Cubchoo"
2024-04-29 21:34:49 -  [Spawn::addMonster] Cannot find "Cubchoo"
2024-04-29 21:34:49 -  [Spawn::addMonster] Cannot find "Beartic"
2024-04-29 21:34:49 -  [Spawn::addMonster] Cannot find "Beartic"
2024-04-29 21:34:49 -  [Spawn::addMonster] Cannot find "Cubchoo"
2024-04-29 21:34:49 -  [Spawn::addMonster] Cannot find "Beartic"
2024-04-29 21:34:49 -  [Spawn::addMonster] Cannot find "Cubchoo"
2024-04-29 21:34:49 -  [Spawn::addMonster] Cannot find "Beartic"
2024-04-29 21:34:49 -  [Spawn::addMonster] Cannot find "Beartic"
2024-04-29 21:34:49 -  [Spawn::addMonster] Cannot find "Cubchoo"
2024-04-29 21:34:49 -  [Spawn::addMonster] Cannot find "Cubchoo"
2024-04-29 21:34:49 -  [Spawn::addMonster] Cannot find "Cubchoo"
2024-04-29 21:34:49 -  [Spawn::addMonster] Cannot find "Cubchoo"
2024-04-29 21:34:49 -  [Spawn::addMonster] Cannot find "Cubchoo"
2024-04-29 21:34:49 -  [Spawn::addMonster] Cannot find "Beartic"
2024-04-29 21:34:49 -  [Spawn::addMonster] Cannot find "Pansage"
2024-04-29 21:34:49 -  [Spawn::addMonster] Cannot find "Pansage"
2024-04-29 21:34:49 -  [Spawn::addMonster] Cannot find "Pansage"
2024-04-29 21:34:49 -  [Spawn::addMonster] Cannot find "Gothorita"
2024-04-29 21:34:49 -  [Spawn::addMonster] Cannot find "Gothorita"
2024-04-29 21:34:49 -  [Spawn::addMonster] Cannot find "Gothorita"
2024-04-29 21:34:49 -  [Spawn::addMonster] Cannot find "Gothorita"
2024-04-29 21:34:49 -  [Spawn::addMonster] Cannot find "Gothorita"
2024-04-29 21:34:49 -  [Spawn::addMonster] Cannot find "Gothorita"
2024-04-29 21:34:49 -  [Spawn::addMonster] Cannot find "Gothorita"
2024-04-29 21:34:49 -  [Spawn::addMonster] Cannot find "Cubchoo"
2024-04-29 21:34:49 -  [Spawn::addMonster] Cannot find "Cubchoo"
2024-04-29 21:34:49 -  [Spawn::addMonster] Cannot find "Cubchoo"
2024-04-29 21:34:49 -  [Spawn::addMonster] Cannot find "Cubchoo"
2024-04-29 21:34:49 -  [Spawn::addMonster] Cannot find "Cubchoo"
2024-04-29 21:34:49 -  [Spawn::addMonster] Cannot find "Cubchoo"
2024-04-29 21:34:49 -  [Spawn::addMonster] Cannot find "Cubchoo"
2024-04-29 21:34:49 -  [Spawn::addMonster] Cannot find "Cubchoo"
2024-04-29 21:34:49 -  [Spawn::addMonster] Cannot find "Beartic"
2024-04-29 21:34:49 -  [Spawn::addMonster] Cannot find "Cubchoo"
2024-04-29 21:34:49 -  [Spawn::addMonster] Cannot find "Beartic"
2024-04-29 21:34:49 -  [Spawn::addMonster] Cannot find "Cubchoo"
2024-04-29 21:34:49 -  [Spawn::addMonster] Cannot find "Cubchoo"
2024-04-29 21:34:49 -  [Spawn::addMonster] Cannot find "Cubchoo"
2024-04-29 21:34:49 -  [Spawn::addMonster] Cannot find "Cubchoo"
2024-04-29 21:34:49 -  [Spawn::addMonster] Cannot find "Gothorita"
2024-04-29 21:34:49 -  [Spawn::addMonster] Cannot find "Gothorita"
2024-04-29 21:34:49 -  [Spawn::addMonster] Cannot find "Gothorita"
2024-04-29 21:34:49 -  [Spawn::addMonster] Cannot find "Gothorita"
2024-04-29 21:34:49 -  [Spawn::addMonster] Cannot find "Cubchoo"
2024-04-29 21:34:49 -  [Spawn::addMonster] Cannot find "Cubchoo"
2024-04-29 21:34:49 -  [Spawn::addMonster] Cannot find "Beartic"
2024-04-29 21:34:49 -  [Spawn::addMonster] Cannot find "Cubchoo"
2024-04-29 21:34:49 -  [Spawn::addMonster] Cannot find "Cubchoo"
2024-04-29 21:34:49 -  [Spawn::addMonster] Cannot find "Cubchoo"
2024-04-29 21:34:49 -  [Spawn::addMonster] Cannot find "Beartic"
2024-04-29 21:34:50 -  [Spawn::addMonster] Cannot find "Krookodile"
2024-04-29 21:34:50 -  [Spawn::addMonster] Cannot find "Krookodile"
2024-04-29 21:34:50 -  [Spawn::addMonster] Cannot find "Krookodile"
2024-04-29 21:34:50 -  [Spawn::addMonster] Cannot find "Krookodile"
2024-04-29 21:34:50 -  [Spawn::addMonster] Cannot find "Oshawott"
2024-04-29 21:34:50 -  [Spawn::addMonster] Cannot find "Krookodile"
2024-04-29 21:34:50 -  [Spawn::addMonster] Cannot find "Krookodile"
2024-04-29 21:34:50 -  [Spawn::addMonster] Cannot find "Krookodile"
2024-04-29 21:34:50 -  [Spawn::addMonster] Cannot find "Krookodile"
2024-04-29 21:34:50 -  [Spawn::addMonster] Cannot find "Krookodile"
2024-04-29 21:34:50 -  [Spawn::addMonster] Cannot find "Krookodile"
2024-04-29 21:34:50 -  [Spawn::addMonster] Cannot find "Krookodile"
2024-04-29 21:34:50 -  [Spawn::addMonster] Cannot find "Krookodile"
2024-04-29 21:34:50 -  [Spawn::addMonster] Cannot find "Krookodile"
2024-04-29 21:34:50 -  [Spawn::addMonster] Cannot find "Krookodile"
2024-04-29 21:34:50 -  [Spawn::addMonster] Cannot find "Krookodile"
2024-04-29 21:34:50 -  [Spawn::addMonster] Cannot find "Krookodile"
2024-04-29 21:34:50 -  [Spawn::addMonster] Cannot find "Krookodile"
2024-04-29 21:34:50 -  [Spawn::addMonster] Cannot find "Oshawott"
2024-04-29 21:34:50 -  [Spawn::addMonster] Cannot find "Krookodile"
2024-04-29 21:34:50 -  [Spawn::addMonster] Cannot find "Krookodile"
2024-04-29 21:34:50 -  [Spawn::addMonster] Cannot find "Krookodile"
2024-04-29 21:34:50 -  [Warning - Houses::loadFromXml] House entry not set for: Forgotten headquarter (Flat 1, Area 42) (471)
2024-04-29 21:34:50 -  [Warning - Houses::loadFromXml] House entry not set for: Forgotten headquarter (Flat 1, Area 42) (472)
2024-04-29 21:34:50 -  [Warning - Houses::loadFromXml] House entry not set for: Forgotten headquarter (Flat 1, Area 42) (473)
2024-04-29 21:34:50 -  [Warning - Houses::loadFromXml] House entry not set for: Forgotten headquarter (Flat 1, Area 42) (474)
2024-04-29 21:34:50 -  [Warning - Houses::loadFromXml] House entry not set for: Forgotten headquarter (Flat 1, Area 42) (475)
2024-04-29 21:34:50 -  [Warning - Houses::loadFromXml] House entry not set for: Forgotten headquarter (Flat 1, Area 42) (476)
2024-04-29 21:34:50 -  [Warning - Houses::loadFromXml] House entry not set for: Forgotten headquarter (Flat 1, Area 42) (477)
2024-04-29 21:34:50 -  [Warning - Houses::loadFromXml] House entry not set for: Forgotten headquarter (Flat 1, Area 42) (478)
2024-04-29 21:34:50 -  [Warning - Houses::loadFromXml] House entry not set for: Forgotten headquarter (Flat 1, Area 42) (1028)
2024-04-29 21:34:50 -  [Warning - Houses::loadFromXml] House entry not set for: Forgotten headquarter (Flat 1, Area 42) (1029)
2024-04-29 21:34:50 -  [Warning - Houses::loadFromXml] House entry not set for: Forgotten headquarter (Flat 1, Area 42) (1030)
2024-04-29 21:34:50 -  [Warning - Houses::loadFromXml] House entry not set for: Forgotten headquarter (Flat 1, Area 42) (1031)
2024-04-29 21:34:50 -  [Warning - Houses::loadFromXml] House entry not set for: Forgotten headquarter (Flat 1, Area 42) (1032)
2024-04-29 21:34:50 -  [Warning - Houses::loadFromXml] House entry not set for: Forgotten headquarter (Flat 1, Area 42) (1033)
2024-04-29 21:34:50 -  [Warning - Houses::loadFromXml] House entry not set for: Forgotten headquarter (Flat 1, Area 42) (1034)
2024-04-29 21:34:50 -  [Warning - Houses::loadFromXml] House entry not set for: Forgotten headquarter (Flat 1, Area 42) (1035)
2024-04-29 21:34:50 -  [Warning - Houses::loadFromXml] House entry not set for: Forgotten headquarter (Flat 1, Area 42) (1036)
2024-04-29 21:34:50 -  [Warning - Houses::loadFromXml] House entry not set for: Forgotten headquarter (Flat 1, Area 42) (1037)
2024-04-29 21:34:50 -  [Warning - Houses::loadFromXml] House entry not set for: Forgotten headquarter (Flat 1, Area 42) (1038)
2024-04-29 21:34:50 -  [Warning - Houses::loadFromXml] House entry not set for: Forgotten headquarter (Flat 1, Area 42) (1039)
2024-04-29 21:34:50 -  [Warning - Houses::loadFromXml] House entry not set for: Forgotten headquarter (Flat 1, Area 42) (1040)
2024-04-29 21:34:50 -  [Warning - Houses::loadFromXml] House entry not set for: Forgotten headquarter (Flat 1, Area 42) (1041)
2024-04-29 21:34:50 -  [Warning - Houses::loadFromXml] House entry not set for: Forgotten headquarter (Flat 1, Area 42) (1042)
2024-04-29 21:34:50 -  [Warning - Houses::loadFromXml] House entry not set for: Forgotten headquarter (Flat 1, Area 42) (1043)
2024-04-29 21:34:50 -  [Warning - Houses::loadFromXml] House entry not set for: Forgotten headquarter (Flat 1, Area 42) (1044)
2024-04-29 21:34:50 -  [Warning - Houses::loadFromXml] House entry not set for: Forgotten headquarter (Flat 1, Area 42) (1056)
2024-04-29 21:34:50 -  > Data parsing time: 0.263 seconds.
2024-04-29 21:34:50 -  > Houses synchronization time: 0.109 seconds.
2024-04-29 21:34:54 -  > Content unserialization time: 4.082 seconds.
2024-04-29 21:34:54 -  >> Checking world type... NoN-PvP
2024-04-29 21:34:54 -  >> Initializing game state modules and registering services...
2024-04-29 21:34:54 -  [New Thread 0x7fff6ffff700 (LWP 41442)]
2024-04-29 21:34:56 -  [Warning - Monster::Monster] Unknown event name - tp
2024-04-29 21:34:56 -  > Global address: 77.37.41.249
2024-04-29 21:34:56 -  > Local ports: 7172	7183	
2024-04-29 21:34:56 -  >> All modules were loaded, server is starting up...
2024-04-29 21:34:56 -  >> Blue server Online!
2024-04-29 21:34:56 -  
2024-04-29 21:35:15 -  Sin Rostro has logged in.
2024-04-29 21:35:16 -  [ADM] Thalles77 has logged in.
2024-04-29 21:35:28 -  
2024-04-29 21:35:28 -  [Error - Action Interface] 
2024-04-29 21:35:28 -  datapack/actions/scripts/catch.lua:onUse
2024-04-29 21:35:28 -  Description: 
2024-04-29 21:35:28 -  datapack/actions/scripts/catch.lua:24: bad argument #1 to 'gsub' (string expected, got nil)
2024-04-29 21:35:28 -  stack traceback:
2024-04-29 21:35:28 -  	[C]: in function 'gsub'
2024-04-29 21:35:28 -  	datapack/actions/scripts/catch.lua:24: in function <datapack/actions/scripts/catch.lua:11>
2024-04-29 21:35:49 -  
2024-04-29 21:35:49 -  [Error - Action Interface] 
2024-04-29 21:35:49 -  datapack/actions/scripts/catch.lua:onUse
2024-04-29 21:35:49 -  Description: 
2024-04-29 21:35:49 -  datapack/actions/scripts/catch.lua:23: attempt to concatenate a nil value
2024-04-29 21:35:49 -  stack traceback:
2024-04-29 21:35:49 -  	datapack/actions/scripts/catch.lua:23: in function <datapack/actions/scripts/catch.lua:11>
2024-04-29 21:36:14 -  
2024-04-29 21:36:14 -  [Error - Action Interface] 
2024-04-29 21:36:14 -  datapack/actions/scripts/catch.lua:onUse
2024-04-29 21:36:14 -  Description: 
2024-04-29 21:36:14 -  datapack/actions/scripts/catch.lua:23: attempt to concatenate a nil value
2024-04-29 21:36:14 -  stack traceback:
2024-04-29 21:36:14 -  	datapack/actions/scripts/catch.lua:23: in function <datapack/actions/scripts/catch.lua:11>
2024-04-29 21:36:48 -  
2024-04-29 21:36:48 -  Thread 1 "theforgottenser" received signal SIGINT, Interrupt.
2024-04-29 21:36:48 -  0x00007ffff7786d96 in epoll_wait (epfd=4, events=events@entry=0x7fffffffdc50, maxevents=maxevents@entry=128, timeout=timeout@entry=-1) at ../sysdeps/unix/sysv/linux/epoll_wait.c:30
2024-04-29 21:36:48 -  30	../sysdeps/unix/sysv/linux/epoll_wait.c: No such file or directory.
2024-04-29 21:36:48 -  
2024-04-29 21:36:48 -  Thread 3 (Thread 0x7fff6ffff700 (LWP 41442) "theforgottenser"):
2024-04-29 21:36:48 -  #0  futex_abstimed_wait_cancelable (private=0, abstime=0x7fff6fffee50, clockid=1879043408, expected=0, futex_word=0x5555557e1dbc <Scheduler::getInstance()::scheduler+188>) at ../sysdeps/nptl/futex-internal.h:323
2024-04-29 21:36:48 -          __ret = -516
2024-04-29 21:36:48 -          clockbit = 0
2024-04-29 21:36:48 -          op = 137
2024-04-29 21:36:48 -          __ret = <optimized out>
2024-04-29 21:36:48 -          oldtype = 0
2024-04-29 21:36:48 -          err = <optimized out>
2024-04-29 21:36:48 -          oldtype = <optimized out>
2024-04-29 21:36:48 -          err = <optimized out>
2024-04-29 21:36:48 -          __ret = <optimized out>
2024-04-29 21:36:48 -          clockbit = <optimized out>
2024-04-29 21:36:48 -          op = <optimized out>
2024-04-29 21:36:48 -          __ret = <optimized out>
2024-04-29 21:36:48 -          resultvar = <optimized out>
2024-04-29 21:36:48 -          __arg6 = <optimized out>
2024-04-29 21:36:48 -          __arg5 = <optimized out>
2024-04-29 21:36:48 -          __arg4 = <optimized out>
2024-04-29 21:36:48 -          __arg3 = <optimized out>
2024-04-29 21:36:48 -          __arg2 = <optimized out>
2024-04-29 21:36:48 -          __arg1 = <optimized out>
2024-04-29 21:36:48 -          _a6 = <optimized out>
2024-04-29 21:36:48 -          _a5 = <optimized out>
2024-04-29 21:36:48 -          _a4 = <optimized out>
2024-04-29 21:36:48 -          _a3 = <optimized out>
2024-04-29 21:36:48 -          _a2 = <optimized out>
2024-04-29 21:36:48 -          _a1 = <optimized out>
2024-04-29 21:36:48 -  #1  __pthread_cond_wait_common (abstime=0x7fff6fffee50, clockid=1879043408, mutex=0x5555557e1d68 <Scheduler::getInstance()::scheduler+104>, cond=0x5555557e1d90 <Scheduler::getInstance()::scheduler+144>) at pthread_cond_wait.c:520
2024-04-29 21:36:48 -          spin = 0
2024-04-29 21:36:48 -          buffer = {__routine = 0x7ffff7b98540 <__condvar_cleanup_waiting>, __arg = 0x7fff6fffed50, __canceltype = 1434328424, __prev = 0x0}
2024-04-29 21:36:48 -          cbuffer = {wseq = 28601, cond = 0x5555557e1d90 <Scheduler::getInstance()::scheduler+144>, mutex = 0x5555557e1d68 <Scheduler::getInstance()::scheduler+104>, private = 0}
2024-04-29 21:36:48 -          err = <optimized out>
2024-04-29 21:36:48 -          g = 1
2024-04-29 21:36:48 -          flags = <optimized out>
2024-04-29 21:36:48 -          g1_start = <optimized out>
2024-04-29 21:36:48 -          maxspin = 0
2024-04-29 21:36:48 -          signals = <optimized out>
2024-04-29 21:36:48 -          result = 0
2024-04-29 21:36:48 -          wseq = 28601
2024-04-29 21:36:48 -          seq = 14300
2024-04-29 21:36:48 -          private = 0
2024-04-29 21:36:48 -          maxspin = <optimized out>
2024-04-29 21:36:48 -          err = <optimized out>
2024-04-29 21:36:48 -          result = <optimized out>
2024-04-29 21:36:48 -          wseq = <optimized out>
2024-04-29 21:36:48 -          g = <optimized out>
2024-04-29 21:36:48 -          seq = <optimized out>
2024-04-29 21:36:48 -          flags = <optimized out>
2024-04-29 21:36:48 -          private = <optimized out>
2024-04-29 21:36:48 -          signals = <optimized out>
2024-04-29 21:36:48 -          done = <optimized out>
2024-04-29 21:36:48 -          g1_start = <optimized out>
2024-04-29 21:36:48 -          spin = <optimized out>
2024-04-29 21:36:48 -          buffer = {__routine = <optimized out>, __arg = <optimized out>, __canceltype = <optimized out>, __prev = <optimized out>}
2024-04-29 21:36:48 -          cbuffer = {wseq = <optimized out>, cond = <optimized out>, mutex = <optimized out>, private = <optimized out>}
2024-04-29 21:36:48 -          s = <optimized out>
2024-04-29 21:36:48 -  #2  __pthread_cond_timedwait (cond=cond@entry=0x5555557e1d90 <Scheduler::getInstance()::scheduler+144>, mutex=mutex@entry=0x5555557e1d68 <Scheduler::getInstance()::scheduler+104>, abstime=abstime@entry=0x7fff6fffee50) at pthread_cond_wait.c:656
2024-04-29 21:36:48 -          flags = <optimized out>
2024-04-29 21:36:48 -          clockid = 1879043408
2024-04-29 21:36:48 -  #3  0x0000555555715f5b in boost::posix::pthread_cond_timedwait (t=0x7fff6fffee50, m=0x5555557e1d68 <Scheduler::getInstance()::scheduler+104>, c=0x5555557e1d90 <Scheduler::getInstance()::scheduler+144>) at /usr/include/boost/thread/pthread/pthread_helpers.hpp:123
2024-04-29 21:36:48 -          ret = <optimized out>
2024-04-29 21:36:48 -          ret = <optimized out>
2024-04-29 21:36:48 -  #4  boost::condition_variable::do_wait_until (timeout=..., m=..., this=0x5555557e1d68 <Scheduler::getInstance()::scheduler+104>) at /usr/include/boost/thread/pthread/condition_variable.hpp:122
2024-04-29 21:36:48 -          guard = {m = 0x7fff6fffee30}
2024-04-29 21:36:48 -          check_for_interruption = {thread_info = 0x7fffd02f3350, m = 0x5555557e1d68 <Scheduler::getInstance()::scheduler+104>, set = true, done = false}
2024-04-29 21:36:48 -          the_mutex = 0x5555557e1d68 <Scheduler::getInstance()::scheduler+104>
2024-04-29 21:36:48 -          cond_res = <optimized out>
2024-04-29 21:36:48 -          cond_res = <optimized out>
2024-04-29 21:36:48 -          guard = {m = <optimized out>}
2024-04-29 21:36:48 -          check_for_interruption = {thread_info = <optimized out>, m = <optimized out>, set = <optimized out>, done = <optimized out>}
2024-04-29 21:36:48 -          the_mutex = <optimized out>
2024-04-29 21:36:48 -  #5  boost::condition_variable::timed_wait (abs_time=..., m=..., this=0x5555557e1d68 <Scheduler::getInstance()::scheduler+104>) at /usr/include/boost/thread/pthread/condition_variable_fwd.hpp:116
2024-04-29 21:36:48 -          ts = {dur = {ts_val = {tv_sec = <optimized out>, tv_nsec = <optimized out>}}}
2024-04-29 21:36:48 -          d = {ts_val = {tv_sec = <optimized out>, tv_nsec = <optimized out>}}
2024-04-29 21:36:48 -          ts = {dur = {ts_val = {tv_sec = <optimized out>, tv_nsec = <optimized out>}}}
2024-04-29 21:36:48 -          d = {ts_val = {tv_sec = <optimized out>, tv_nsec = <optimized out>}}
2024-04-29 21:36:48 -  #6  Scheduler::schedulerThread (p=0x5555557e1d00 <Scheduler::getInstance()::scheduler>) at scheduler.cpp:52
2024-04-29 21:36:48 -          task = 0x0
2024-04-29 21:36:48 -          run = false
2024-04-29 21:36:48 -          ret = false
2024-04-29 21:36:48 -          scheduler = 0x5555557e1d00 <Scheduler::getInstance()::scheduler>
2024-04-29 21:36:48 -          eventLockUnique = {m = 0x5555557e1d40 <Scheduler::getInstance()::scheduler+64>, is_locked = false}
2024-04-29 21:36:48 -  #7  0x0000555555716da2 in boost::_bi::list1<boost::_bi::value<void*> >::operator()<void (*)(void*), boost::_bi::list0> (a=<synthetic pointer>..., f=<optimized out>, this=<optimized out>) at /usr/include/boost/bind/bind.hpp:259
2024-04-29 21:36:48 -  No locals.
2024-04-29 21:36:48 -  #8  boost::_bi::bind_t<void, void (*)(void*), boost::_bi::list1<boost::_bi::value<void*> > >::operator() (this=<optimized out>) at /usr/include/boost/bind/bind.hpp:1294
2024-04-29 21:36:48 -          a = {<No data fields>}
2024-04-29 21:36:48 -  #9  boost::detail::thread_data<boost::_bi::bind_t<void, void (*)(void*), boost::_bi::list1<boost::_bi::value<void*> > > >::run (this=<optimized out>) at /usr/include/boost/thread/detail/thread.hpp:120
2024-04-29 21:36:48 -  No locals.
2024-04-29 21:36:48 -  #10 0x00007ffff7bb7787 in ?? () from /lib/x86_64-linux-gnu/libboost_thread.so.1.74.0
2024-04-29 21:36:48 -  No symbol table info available.
2024-04-29 21:36:48 -  #11 0x00007ffff7b91ea7 in start_thread (arg=<optimized out>) at pthread_create.c:477
2024-04-29 21:36:48 -          ret = <optimized out>
2024-04-29 21:36:48 -          pd = <optimized out>
2024-04-29 21:36:48 -          unwind_buf = {cancel_jmp_buf = {{jmp_buf = {140735072433920, 7693441792981104471, 140737306567950, 140737306567951, 140735072432064, 8396800, -7693758452874053801, -7693423602702321833}, mask_was_saved = 0}}, priv = {pad = {0x0, 0x0, 0x0, 0x0}, data = {prev = 0x0, cleanup = 0x0, canceltype = 0}}}
2024-04-29 21:36:48 -          not_first_call = 0
2024-04-29 21:36:48 -  #12 0x00007ffff7786a6f in clone () at ../sysdeps/unix/sysv/linux/x86_64/clone.S:95
2024-04-29 21:36:48 -  No locals.
2024-04-29 21:36:48 -  
2024-04-29 21:36:48 -  Thread 2 (Thread 0x7ffff52a3700 (LWP 41441) "theforgottenser"):
2024-04-29 21:36:48 -  #0  futex_wait_cancelable (private=0, expected=0, futex_word=0x5555557e1fa4 <Dispatcher::getInstance()::dispatcher+132>) at ../sysdeps/nptl/futex-internal.h:186
2024-04-29 21:36:48 -          __ret = -512
2024-04-29 21:36:48 -          oldtype = 0
2024-04-29 21:36:48 -          err = <optimized out>
2024-04-29 21:36:48 -          oldtype = <optimized out>
2024-04-29 21:36:48 -          err = <optimized out>
2024-04-29 21:36:48 -          __ret = <optimized out>
2024-04-29 21:36:48 -          resultvar = <optimized out>
2024-04-29 21:36:48 -          __arg4 = <optimized out>
2024-04-29 21:36:48 -          __arg3 = <optimized out>
2024-04-29 21:36:48 -          __arg2 = <optimized out>
2024-04-29 21:36:48 -          __arg1 = <optimized out>
2024-04-29 21:36:48 -          _a4 = <optimized out>
2024-04-29 21:36:48 -          _a3 = <optimized out>
2024-04-29 21:36:48 -          _a2 = <optimized out>
2024-04-29 21:36:48 -          _a1 = <optimized out>
2024-04-29 21:36:48 -  #1  __pthread_cond_wait_common (abstime=0x0, clockid=0, mutex=0x5555557e1f50 <Dispatcher::getInstance()::dispatcher+48>, cond=0x5555557e1f78 <Dispatcher::getInstance()::dispatcher+88>) at pthread_cond_wait.c:508
2024-04-29 21:36:48 -          spin = 0
2024-04-29 21:36:48 -          buffer = {__routine = 0x7ffff7b98540 <__condvar_cleanup_waiting>, __arg = 0x7ffff52a2d10, __canceltype = 1434333152, __prev = 0x0}
2024-04-29 21:36:48 -          cbuffer = {wseq = 16043, cond = 0x5555557e1f78 <Dispatcher::getInstance()::dispatcher+88>, mutex = 0x5555557e1f50 <Dispatcher::getInstance()::dispatcher+48>, private = 0}
2024-04-29 21:36:48 -          err = <optimized out>
2024-04-29 21:36:48 -          g = 4113181936
2024-04-29 21:36:48 -          flags = <optimized out>
2024-04-29 21:36:48 -          g1_start = <optimized out>
2024-04-29 21:36:48 -          maxspin = 0
2024-04-29 21:36:48 -          signals = <optimized out>
2024-04-29 21:36:48 -          result = 0
2024-04-29 21:36:48 -          wseq = 16043
2024-04-29 21:36:48 -          seq = 8021
2024-04-29 21:36:48 -          private = 0
2024-04-29 21:36:48 -          maxspin = <optimized out>
2024-04-29 21:36:48 -          err = <optimized out>
2024-04-29 21:36:48 -          result = <optimized out>
2024-04-29 21:36:48 -          wseq = <optimized out>
2024-04-29 21:36:48 -          g = <optimized out>
2024-04-29 21:36:48 -          seq = <optimized out>
2024-04-29 21:36:48 -          flags = <optimized out>
2024-04-29 21:36:48 -          private = <optimized out>
2024-04-29 21:36:48 -          signals = <optimized out>
2024-04-29 21:36:48 -          done = <optimized out>
2024-04-29 21:36:48 -          g1_start = <optimized out>
2024-04-29 21:36:48 -          spin = <optimized out>
2024-04-29 21:36:48 -          buffer = {__routine = <optimized out>, __arg = <optimized out>, __canceltype = <optimized out>, __prev = <optimized out>}
2024-04-29 21:36:48 -          cbuffer = {wseq = <optimized out>, cond = <optimized out>, mutex = <optimized out>, private = <optimized out>}
2024-04-29 21:36:49 -          s = <optimized out>
2024-04-29 21:36:49 -  #2  __pthread_cond_wait (cond=cond@entry=0x5555557e1f78 <Dispatcher::getInstance()::dispatcher+88>, mutex=mutex@entry=0x5555557e1f50 <Dispatcher::getInstance()::dispatcher+48>) at pthread_cond_wait.c:638
2024-04-29 21:36:49 -  No locals.
2024-04-29 21:36:49 -  #3  0x00005555556b8e6e in boost::posix::pthread_cond_wait (m=<optimized out>, c=<optimized out>) at /usr/include/boost/thread/pthread/pthread_helpers.hpp:112
2024-04-29 21:36:49 -          ret = <optimized out>
2024-04-29 21:36:49 -  #4  boost::condition_variable::wait (this=0x5555557e1f50 <Dispatcher::getInstance()::dispatcher+48>, m=...) at /usr/include/boost/thread/pthread/condition_variable.hpp:79
2024-04-29 21:36:49 -          guard = {m = <optimized out>}
2024-04-29 21:36:49 -          check_for_interruption = {thread_info = 0x555555810fc0, m = 0x5555557e1f50 <Dispatcher::getInstance()::dispatcher+48>, set = true, done = false}
2024-04-29 21:36:49 -          the_mutex = 0x5555557e1f50 <Dispatcher::getInstance()::dispatcher+48>
2024-04-29 21:36:49 -          res = 0
2024-04-29 21:36:49 -  #5  0x000055555573ae2e in Dispatcher::dispatcherThread (p=0x5555557e1f20 <Dispatcher::getInstance()::dispatcher>) at tasks.cpp:54
2024-04-29 21:36:49 -          task = 0x0
2024-04-29 21:36:49 -          dispatcher = 0x5555557e1f20 <Dispatcher::getInstance()::dispatcher>
2024-04-29 21:36:49 -          outputPool = <optimized out>
2024-04-29 21:36:49 -          taskLockUnique = {m = 0x5555557e1f28 <Dispatcher::getInstance()::dispatcher+8>, is_locked = false}
2024-04-29 21:36:49 -  #6  0x0000555555716da2 in boost::_bi::list1<boost::_bi::value<void*> >::operator()<void (*)(void*), boost::_bi::list0> (a=<synthetic pointer>..., f=<optimized out>, this=<optimized out>) at /usr/include/boost/bind/bind.hpp:259
2024-04-29 21:36:49 -  No locals.
2024-04-29 21:36:49 -  #7  boost::_bi::bind_t<void, void (*)(void*), boost::_bi::list1<boost::_bi::value<void*> > >::operator() (this=<optimized out>) at /usr/include/boost/bind/bind.hpp:1294
2024-04-29 21:36:49 -          a = {<No data fields>}
2024-04-29 21:36:49 -  #8  boost::detail::thread_data<boost::_bi::bind_t<void, void (*)(void*), boost::_bi::list1<boost::_bi::value<void*> > > >::run (this=<optimized out>) at /usr/include/boost/thread/detail/thread.hpp:120
2024-04-29 21:36:49 -  No locals.
2024-04-29 21:36:49 -  #9  0x00007ffff7bb7787 in ?? () from /lib/x86_64-linux-gnu/libboost_thread.so.1.74.0
2024-04-29 21:36:49 -  No symbol table info available.
2024-04-29 21:36:49 -  #10 0x00007ffff7b91ea7 in start_thread (arg=<optimized out>) at pthread_create.c:477
2024-04-29 21:36:49 -          ret = <optimized out>
2024-04-29 21:36:49 -          pd = <optimized out>
2024-04-29 21:36:49 -          unwind_buf = {cancel_jmp_buf = {{jmp_buf = {140737306572544, 7693441792981104471, 140737488347774, 140737488347775, 140737306570688, 8396800, -7693429262958168233, -7693423602702321833}, mask_was_saved = 0}}, priv = {pad = {0x0, 0x0, 0x0, 0x0}, data = {prev = 0x0, cleanup = 0x0, canceltype = 0}}}
2024-04-29 21:36:49 -          not_first_call = 0
2024-04-29 21:36:49 -  #11 0x00007ffff7786a6f in clone () at ../sysdeps/unix/sysv/linux/x86_64/clone.S:95
2024-04-29 21:36:49 -  No locals.
2024-04-29 21:36:49 -  
2024-04-29 21:36:49 -  Thread 1 (Thread 0x7ffff52a9b80 (LWP 41437) "theforgottenser"):
2024-04-29 21:36:49 -  #0  0x00007ffff7786d96 in epoll_wait (epfd=4, events=events@entry=0x7fffffffdc50, maxevents=maxevents@entry=128, timeout=timeout@entry=-1) at ../sysdeps/unix/sysv/linux/epoll_wait.c:30
2024-04-29 21:36:49 -  No locals.
2024-04-29 21:36:49 -  #1  0x00005555555ae6ed in boost::asio::detail::epoll_reactor::run (this=0x555555810ee0, usec=usec@entry=-1, ops=...) at /usr/include/boost/asio/detail/impl/epoll_reactor.ipp:471
2024-04-29 21:36:49 -          timeout = -1
2024-04-29 21:36:49 -          events = {{events = 1, data = {ptr = 0x555555810f48, fd = 1434521416, u32 = 1434521416, u64 = 93824995102536}}, {events = 1, data = {ptr = 0x555555810f48, fd = 1434521416, u32 = 1434521416, u64 = 93824995102536}}, {events = 1714426516, data = {ptr = 0x557e1f2000000000, fd = 0, u32 = 0, u64 = 6160395562588831744}}, {events = 21845, data = {ptr = 0x7fffffffdf00, fd = -8448, u32 = 4294958848, u64 = 140737488346880}}, {events = 1, data = {ptr = 0xf774324d00000000, fd = 0, u32 = 0, u64 = 17830932130960506880}}, {events = 32767, data = {ptr = 0x7ffff79d91a0, fd = -140668512, u32 = 4154298784, u64 = 140737347686816}}, {events = 4294958336, data = {ptr = 0xffffdcb000000000, fd = 0, u32 = 0, u64 = 18446705247205195776}}, {events = 32767, data = {ptr = 0xf, fd = 15, u32 = 15, u64 = 15}}, {events = 1296318811, data = {ptr = 0x656c6c616854205d, fd = 1750343773, u32 = 1750343773, u64 = 7308335460933443677}}, {events = 3618675, data = {ptr = 0x7fffffffdcd0, fd = -9008, u32 = 4294958288, u64 = 140737488346320}}, {events = 8, data = {ptr = 0x7473657400000000, fd = 0, u32 = 0, u64 = 8391162079611977728}}, {events = 858927461, data = {ptr = 0x5555555ae400 <boost::asio::detail::reactive_socket_send_op_base<boost::asio::const_buffers_1>::do_perform(boost::asio::detail::reactor_op*)+12>, fd = 1432019968, u32 = 1432019968, u64 = 93824992601088}}, {events = 0, data = {ptr = 0x0, fd = 0, u32 = 0, u64 = 0}}, {events = 0, data = {ptr = 0x6854205d4d44415b, fd = 1296318811, u32 = 1296318811, u64 = 7517669263088566619}}, {events = 1701604449, data = {ptr = 0x556fdc0600373773, fd = 3618675, u32 = 3618675, u64 = 6156381133970290547}}, {events = 21845, data = {ptr = 0x0, fd = 0, u32 = 0, u64 = 0}}, {events = 1434451088, data = {ptr = 0xf7b9c32700005555, fd = 21845, u32 = 21845, u64 = 17850513170330834261}}, {events = 32767, data = {ptr = 0xffffffffffffffff, fd = -1, u32 = 4294967295, u64 = 18446744073709551615}}, {events = 1434424592, data = {ptr = 0x200005555, fd = 21845, u32 = 21845, u64 = 8589956437}}, {events = 0, data = {ptr = 0xf7b9c327, fd = -138820825, u32 = 4156146471, u64 = 4156146471}}, {events = 3500275040, data = {ptr = 0x555ae38e00007fff, fd = 32767, u32 = 32767, u64 = 6150478440152727551}}, {events = 21845, data = {ptr = 0x5555557ff818, fd = 1434449944, u32 = 1434449944, u64 = 93824995031064}}, {events = 11, data = {ptr = 0xd0a1f56001005555, fd = 16799061, u32 = 16799061, u64 = 15033566823821890901}}, {events = 32767, data = {ptr = 0x5555555ae302 <boost::asio::detail::reactive_socket_recv_op_base<boost::asio::mutable_buffers_1>::do_perform(boost::asio::detail::reactor_op*)+115>, fd = 1432019714, u32 = 1432019714, u64 = 93824992600834}}, {events = 11, data = {ptr = 0x557d357000000001, fd = 1, u32 = 1, u64 = 6160138620465315841}}, {events = 21845, data = {ptr = 0x7fffffffde60, fd = -8608, u32 = 4294958688, u64 = 140737488346720}}, {events = 0, data = {ptr = 0xd0a1f56000000000, fd = 0, u32 = 0, u64 = 15033566823805091840}}, {events = 32767, data = {ptr = 0x5555557ff800, fd = 1434449920, u32 = 1434449920, u64 = 93824995031040}}, {events = 1434521312, data = {ptr = 0x5555, fd = 21845, u32 = 21845, u64 = 21845}}, {events = 0, data = {ptr = 0x1, fd = 1, u32 = 1, u64 = 1}}, {events = 1432023589, data = {ptr = 0x557f951000005555, fd = 21845, u32 = 21845, u64 = 6160806711218165077}}, {events = 21845, data = {ptr = 0xbf774324d, fd = -143379891, u32 = 4151587405, u64 = 51396227661}}, {events = 3500275040, data = {ptr = 0x555af17a00007fff, fd = 32767, u32 = 32767, u64 = 6150493747416170495}}, {events = 0, data = {ptr = 0x555555811298, fd = 1434522264, u32 = 1434522264, u64 = 93824995103384}}, {events = 3057554689, data = {ptr = 0xb9bf368d2d696, fd = 1758647958, u32 = 1758647958, u64 = 3267694481823382}}, {events = 0, data = {ptr = 0x5555557ff800, fd = 1434449920, u32 = 1434449920, u64 = 93824995031040}}, {events = 4294958848, data = {ptr = 0x200007fff, fd = 32767, u32 = 32767, u64 = 8589967359}}, {events = 0, data = {ptr = 0x2, fd = 2, u32 = 2, u64 = 2}}, {events = 3500233456, data = {ptr = 0x557f951000007fff, fd = 32767, u32 = 32767, u64 = 6160806711218175999}}, {events = 21845, data = {ptr = 0x5555555b52c6 <boost::asio::detail::start_read_buffer_sequence_op<boost::asio::basic_stream_socket<boost::asio::ip::tcp, boost::asio::execution::any_executor<boost::asio::execution::context_as_t<boost::asio::execution_context&>, boost::asio::execution::detail::blocking::never_t<0>, boost::asio::execution::prefer_only<boost::asio::execution::detail::blocking::possibly_t<0> >, boost::asio::execution::prefer_only<boost::asio::execution::detail::outstanding_work::tracked_t<0> >, boost::asio::execution::prefer_only<boost::asio::execution::detail::outstanding_work::untracked_t<0> >, boost::asio::execution::prefer_only<boost::asio::execution::detail::relationship::fork_t<0> >, boost::asio::execution::prefer_only<boost::asio::execution::detail::relationship::continuation_t<0> > > >, boost::asio::mutable_buffers_1, boost::asio::mutable_buffer const*, boost::asio::detail::transfer_all_t, boost::_bi::bind_t<void, boost::_mfi::mf1<void, Connection, boost::system::error_code const&>, boost::_bi::list2<boost::_bi::value<boost::shared_ptr<Connection> >, boost::arg<1> (*)()> > >(boost::asio::basic_stream_socket<boost::asio::ip::tcp, boost::asio::execution::any_executor<boost::asio::execution::context_as_t<boost::asio::execution_context&>, boost::asio::execution::detail::blocking::never_t<0>, boost::asio::execution::prefer_only<boost::asio::execution::detail::blocking::possibly_t<0> >, boost::asio::execution::prefer_only<boost::asio::execution::detail::outstanding_work::tracked_t<0> >, boost::asio::execution::prefer_only<boost::asio::execution::detail::outstanding_work::untracked_t<0> >, boost::asio::execution::prefer_only<boost::asio::execution::detail::relationship::fork_t<0> >, boost::asio::execution::prefer_only<boost::asio::execution::detail::relationship::continuation_t<0> > > >&, boost::asio::mutable_buffers_1 const&, boost::asio::mutable_buffer const* const&, boost::asio::detail::transfer_all_t&, boost::_bi::bind_t<void, boost::_mfi::mf1<void, Connection, boost::system::error_code const&>, boost::_bi::list2<boost::_bi::value<boost::shared_ptr<Connection> >, boost::arg<1> (*)()> >&)+675>, fd = 1432048326, u32 = 1432048326, u64 = 93824992629446}}, {events = 1, data = {ptr = 0x555b51df00000000, fd = 0, u32 = 0, u64 = 6150599734324101120}}, {events = 21845, data = {ptr = 0x7fffd0a1f570, fd = -794692240, u32 = 3500275056, u64 = 140736693663088}}, {events = 3500275024, data = {ptr = 0x100007fff, fd = 32767, u32 = 32767, u64 = 4295000063}}, {events = 0, data = {ptr = 0x5555555b51df <boost::asio::detail::start_read_buffer_sequence_op<boost::asio::basic_stream_socket<boost::asio::ip::tcp, boost::asio::execution::any_executor<boost::asio::execution::context_as_t<boost::asio::execution_context&>, boost::asio::execution::detail::blocking::never_t<0>, boost::asio::execution::prefer_only<boost::asio::execution::detail::blocking::possibly_t<0> >, boost::asio::execution::prefer_only<boost::asio::execution::detail::outstanding_work::tracked_t<0> >, boost::asio::execution::prefer_only<boost::asio::execution::detail::outstanding_work::untracked_t<0> >, boost::asio::execution::prefer_only<boost::asio::execution::detail::relationship::fork_t<0> >, boost::asio::execution::prefer_only<boost::asio::execution::detail::relationship::continuation_t<0> > > >, boost::asio::mutable_buffers_1, boost::asio::mutable_buffer const*, boost::asio::detail::transfer_all_t, boost::_bi::bind_t<void, boost::_mfi::mf1<void, Connection, boost::system::error_code const&>, boost::_bi::list2<boost::_bi::value<boost::shared_ptr<Connection> >, boost::arg<1> (*)()> > >(boost::asio::basic_stream_socket<boost::asio::ip::tcp, boost::asio::execution::any_executor<boost::asio::execution::context_as_t<boost::asio::execution_context&>, boost::asio::execution::detail::blocking::never_t<0>, boost::asio::execution::prefer_only<boost::asio::execution::detail::blocking::possibly_t<0> >, boost::asio::execution::prefer_only<boost::asio::execution::detail::outstanding_work::tracked_t<0> >, boost::asio::execution::prefer_only<boost::asio::execution::detail::outstanding_work::untracked_t<0> >, boost::asio::execution::prefer_only<boost::asio::execution::detail::relationship::fork_t<0> >, boost::asio::execution::prefer_only<boost::asio::execution::detail::relationship::continuation_t<0> > > >&, boost::asio::mutable_buffers_1 const&, boost::asio::mutable_buffer const* const&, boost::asio::detail::transfer_all_t&, boost::_bi::bind_t<void, boost::_mfi::mf1<void, Connection, boost::system::error_code const&>, boost::_bi::list2<boost::_bi::value<boost::shared_ptr<Connection> >, boost::arg<1> (*)()> >&)+444>, fd = 1432048095, u32 = 1432048095, u64 = 93824992629215}}, {events = 4294958720, data = {ptr = 0x557ff80000007fff, fd = 32767, u32 = 32767, u64 = 6160915494149849087}}, {events = 21845, data = {ptr = 0x5555557ff800, fd = 1434449920, u32 = 1434449920, u64 = 93824995031040}}, {events = 1, data = {ptr = 0xd0a1f55000000077, fd = 119, u32 = 119, u64 = 15033566755085615223}}, {events = 32767, data = {ptr = 0x5555557f9510, fd = 1434424592, u32 = 1434424592, u64 = 93824995005712}}, {events = 2, data = {ptr = 0x0, fd = 0, u32 = 0, u64 = 0}}, {events = 0, data = {ptr = 0x1, fd = 1, u32 = 1, u64 = 1}}, {events = 1432002892, data = {ptr = 0x5555, fd = 21845, u32 = 21845, u64 = 21845}}, {events = 0, data = {ptr = 0x0, fd = 0, u32 = 0, u64 = 0}}, {events = 0, data = {ptr = 0x555b0ffe00000000, fd = 0, u32 = 0, u64 = 6150527299700654080}}, {events = 21845, data = {ptr = 0x7fffffffdf78, fd = -8328, u32 = 4294958968, u64 = 140737488347000}}, {events = 4151376832, data = {ptr = 0x557ff65800007fff, fd = 32767, u32 = 32767, u64 = 6160913673083715583}}, {events = 21845, data = {ptr = 0x0, fd = 0, u32 = 0, u64 = 0}}, {events = 0, data = {ptr = 0x700000000, fd = 0, u32 = 0, u64 = 30064771072}}, {events = 0, data = {ptr = 0x20, fd = 32, u32 = 32, u64 = 32}}, {events = 24, data = {ptr = 0x200000000, fd = 0, u32 = 0, u64 = 8589934592}}, {events = 21845, data = {ptr = 0x10, fd = 16, u32 = 16, u64 = 16}}, {events = 64, data = {ptr = 0x0, fd = 0, u32 = 0, u64 = 0}}, {events = 0, data = {ptr = 0x3000000002, fd = 2, u32 = 2, u64 = 206158430210}}, {events = 110, data = {ptr = 0x7c, fd = 124, u32 = 124, u64 = 124}}, {events = 0, data = {ptr = 0x770000005b, fd = 91, u32 = 91, u64 = 511101108315}}, {events = 0, data = {ptr = 0x0, fd = 0, u32 = 0, u64 = 0}}, {events = 0, data = {ptr = 0x555555810d60, fd = 1434520928, u32 = 1434520928, u64 = 93824995102048}}, {events = 0, data = {ptr = 0x1800000000, fd = 0, u32 = 0, u64 = 103079215104}}, {events = 0, data = {ptr = 0x7ffff7859b80 <main_arena>, fd = -142238848, u32 = 4152728448, u64 = 140737346116480}}, {events = 0, data = {ptr = 0x557e1fa800000000, fd = 0, u32 = 0, u64 = 6160396146704384000}}, {events = 21845, data = {ptr = 0x7fff6800fb50, fd = 1744894800, u32 = 1744894800, u64 = 140734938282832}}, {events = 4151381785, data = {ptr = 0x1800007fff, fd = 32767, u32 = 32767, u64 = 103079247871}}, {events = 0, data = {ptr = 0x5555557e1f20 <Dispatcher::getInstance()::dispatcher>, fd = 1434328864, u32 = 1434328864, u64 = 93824994909984}}, {events = 1, data = {ptr = 0xf7a630b500000000, fd = 0, u32 = 0, u64 = 17845004127449382912}}, {events = 32767, data = {ptr = 0x5555557e1f28 <Dispatcher::getInstance()::dispatcher+8>, fd = 1434328872, u32 = 1434328872, u64 = 93824994909992}}, {events = 1433643799, data = {ptr = 0x557ff65800005555, fd = 21845, u32 = 21845, u64 = 6160913673083704661}}, {events = 21845, data = {ptr = 0x7ffff29c5730, fd = -224635088, u32 = 4070332208, u64 = 140737263720240}}, {events = 0, data = {ptr = 0x557d357000000000, fd = 0, u32 = 0, u64 = 6160138620465315840}}, {events = 21845, data = {ptr = 0x5555555a8cc6 <Connection::onWrite(boost::shared_ptr<OutputMessage>, boost::system::error_code const&)>, fd = 1431997638, u32 = 1431997638, u64 = 93824992578758}}, {events = 3057554688, data = {ptr = 0x557f94f068d2d696, fd = 1758647958, u32 = 1758647958, u64 = 6160806575537837718}}, {events = 21845, data = {ptr = 0x7fffffffe068, fd = -8088, u32 = 4294959208, u64 = 140737488347240}}, {events = 4294959208, data = {ptr = 0xffffe31000007fff, fd = 32767, u32 = 32767, u64 = 18446712256591855615}}, {events = 32767, data = {ptr = 0x555555810e10, fd = 1434521104, u32 = 1434521104, u64 = 93824995102224}}, {events = 4294959936, data = {ptr = 0x7fff, fd = 32767, u32 = 32767, u64 = 32767}}, {events = 0, data = {ptr = 0x5555556c2728 <boost::detail::function::functor_manager<boost::_bi::bind_t<void, boost::_mfi::mf1<void, OutputMessagePool, OutputMessage*>, boost::_bi::list2<boost::_bi::value<OutputMessagePool*>, boost::_bi::value<OutputMessage*> > > >::manage(boost::detail::function::function_buffer const&, boost::detail::function::function_buffer&, boost::detail::function::functor_manager_operation_type)+149>, fd = 1433151272, u32 = 1433151272, u64 = 93824993732392}}, {events = 1434521104, data = {ptr = 0xb63e950000005555, fd = 21845, u32 = 21845, u64 = 13132097390691505493}}, {events = 1758647958, data = {ptr = 0x5555557e1fe0 <OutputMessagePool::getInstance()::instance>, fd = 1434329056, u32 = 1434329056, u64 = 93824994910176}}, {events = 3509152240, data = {ptr = 0x55810d6000007fff, fd = 32767, u32 = 32767, u64 = 6161220471187603455}}, {events = 21845, data = {ptr = 0x7fffffffe310, fd = -7408, u32 = 4294959888, u64 = 140737488347920}}, {events = 1434521104, data = {ptr = 0xffffe34000005555, fd = 21845, u32 = 21845, u64 = 18446712462750274901}}, {events = 32767, data = {ptr = 0x0, fd = 0, u32 = 0, u64 = 0}}, {events = 1433151118, data = {ptr = 0x55810d6000005555, fd = 21845, u32 = 21845, u64 = 6161220471187592533}}, {events = 21845, data = {ptr = 0x555555585298 <boost::detail::sp_counted_base::destroy()+10>, fd = 1431851672, u32 = 1431851672, u64 = 93824992432792}}, {events = 4294959888, data = {ptr = 0x55585e4e00007fff, fd = 32767, u32 = 32767, u64 = 6149768980274905087}}, {events = 21845, data = {ptr = 0x7fffffffe1c8, fd = -7736, u32 = 4294959560, u64 = 140737488347592}}, {events = 1432027048, data = {ptr = 0xf2e3793000005555, fd = 21845, u32 = 21845, u64 = 17501965823957292373}}, {events = 32767, data = {ptr = 0x68d2d696b63e9500, fd = -1237412608, u32 = 3057554688, u64 = 7553335467844736256}}, {events = 0, data = {ptr = 0xd14c2d908000001b, fd = -2147483621, u32 = 2147483675, u64 = 15081479350802972699}}, {events = 32767, data = {ptr = 0x555555810d60, fd = 1434520928, u32 = 1434520928, u64 = 93824995102048}}, {events = 1431997217, data = {ptr = 0x55810e1000005555, fd = 21845, u32 = 21845, u64 = 6161221227101836629}}, {events = 21845, data = {ptr = 0x7fffd14c2d90, fd = -783536752, u32 = 3511430544, u64 = 140736704818576}}, {events = 1434520928, data = {ptr = 0x555b5edf00005555, fd = 21845, u32 = 21845, u64 = 6150614027975284053}}, {events = 21845, data = {ptr = 0xc, fd = 12, u32 = 12, u64 = 12}}, {events = 1433529822, data = {ptr = 0x555b37b300005555, fd = 21845, u32 = 21845, u64 = 6150570958043239765}}, {events = 21845, data = {ptr = 0x55555571d01c <boost::asio::detail::socket_ops::non_blocking_accept(int, unsigned char, sockaddr*, unsigned long*, boost::system::error_code&, int&)+130>, fd = 1433522204, u32 = 1433522204, u64 = 93824994103324}}, {events = 0, data = {ptr = 0xf7b9c32700000000, fd = 0, u32 = 0, u64 = 17850513170330812416}}, {events = 32767, data = {ptr = 0x2, fd = 2, u32 = 2, u64 = 2}}, {events = 1434424592, data = {ptr = 0x200005555, fd = 21845, u32 = 21845, u64 = 8589956437}}, {events = 0, data = {ptr = 0x557ff940, fd = 1434450240, u32 = 1434450240, u64 = 1434450240}}, {events = 3500275024, data = {ptr = 0x557f951000007fff, fd = 32767, u32 = 32767, u64 = 6160806711218175999}}, {events = 21845, data = {ptr = 0x2, fd = 2, u32 = 2, u64 = 2}}, {events = 2, data = {ptr = 0xd0a1f55000000000, fd = 0, u32 = 0, u64 = 15033566755085615104}}, {events = 32767, data = {ptr = 0x5555557f9512, fd = 1434424594, u32 = 1434424594, u64 = 93824995005714}}, {events = 3500275024, data = {ptr = 0xf024fc4800007fff, fd = 32767, u32 = 32767, u64 = 17304233054432165887}}, {events = 32767, data = {ptr = 0x5555555a8b04 <Connection::handleWriteTimeout(boost::weak_ptr<Connection>, boost::system::error_code const&)>, fd = 1431997188, u32 = 1431997188, u64 = 93824992578308}}, {events = 1434424560, data = {ptr = 0x5581137000005555, fd = 21845, u32 = 21845, u64 = 6161227136976835925}}, {events = 21845, data = {ptr = 0x10000007d, fd = 125, u32 = 125, u64 = 4294967421}}, {events = 1434269040, data = {ptr = 0x557f94f000005555, fd = 21845, u32 = 21845, u64 = 6160806573779211605}}, {events = 21845, data = {ptr = 0x555555811370, fd = 1434522480, u32 = 1434522480, u64 = 93824995103600}}, {events = 4028955712, data = {ptr = 0x557d486000007fff, fd = 32767, u32 = 32767, u64 = 6160159442466799615}}, {events = 21845, data = {ptr = 0x0, fd = 0, u32 = 0, u64 = 0}}, {events = 1434273856, data = {ptr = 0x557d468000005555, fd = 21845, u32 = 21845, u64 = 6160157380882486613}}, {events = 21845, data = {ptr = 0x7fffffffe1a0, fd = -7776, u32 = 4294959520, u64 = 140737488347552}}, {events = 0, data = {ptr = 0x0, fd = 0, u32 = 0, u64 = 0}}, {events = 0, data = {ptr = 0x0, fd = 0, u32 = 0, u64 = 0}}, {events = 1434424560, data = {ptr = 0x5581137000005555, fd = 21845, u32 = 21845, u64 = 6161227136976835925}}, {events = 21845, data = {ptr = 0x7fffffffe190, fd = -7792, u32 = 4294959504, u64 = 140737488347536}}, {events = 0, data = {ptr = 0x0, fd = 0, u32 = 0, u64 = 0}}, {events = 0, data = {ptr = 0x555555810d60, fd = 1434520928, u32 = 1434520928, u64 = 93824995102048}}}
2024-04-29 21:36:49 -          num_events = <optimized out>
2024-04-29 21:36:49 -          check_timers = <optimized out>
2024-04-29 21:36:49 -  #2  0x00005555555af480 in boost::asio::detail::scheduler::do_run_one (this=this@entry=0x555555810d60, lock=..., this_thread=..., ec=...) at /usr/include/boost/asio/detail/impl/scheduler.ipp:465
2024-04-29 21:36:49 -          on_exit = {scheduler_ = 0x555555810d60, lock_ = 0x7fffffffe310, this_thread_ = 0x7fffffffe340}
2024-04-29 21:36:49 -          o = <optimized out>
2024-04-29 21:36:49 -          more_handlers = false
2024-04-29 21:36:49 -  #3  0x00005555555b09cd in boost::asio::detail::scheduler::run (this=0x555555810d60, ec=...) at /usr/include/boost/asio/detail/impl/scheduler.ipp:204
2024-04-29 21:36:49 -          this_thread = {<boost::asio::detail::thread_info_base> = {<boost::asio::detail::noncopyable> = {<No data fields>}, reusable_memory_ = {0x7fffd12e7dd0, 0x0, 0x0}, has_pending_exception_ = 0, pending_exception_ = {_M_exception_object = 0x0}}, private_op_queue = {<boost::asio::detail::noncopyable> = {<No data fields>}, front_ = 0x0, back_ = 0x0}, private_outstanding_work = 0}
2024-04-29 21:36:49 -          ctx = {<boost::asio::detail::noncopyable> = {<No data fields>}, key_ = 0x555555810d60, value_ = 0x7fffffffe340, next_ = 0x0}
2024-04-29 21:36:49 -          lock = {<boost::asio::detail::noncopyable> = {<No data fields>}, mutex_ = @0x555555810d90, locked_ = false}
2024-04-29 21:36:49 -          n = 4154
2024-04-29 21:36:49 -  #4  0x000055555571b253 in boost::asio::io_context::run (this=0x7fffffffe568) at /usr/include/boost/asio/impl/io_context.ipp:63
2024-04-29 21:36:49 -          ec = {val_ = 0, failed_ = false, cat_ = 0x5555557d3570 <boost::system::detail::cat_holder<void>::system_category_instance>}
2024-04-29 21:36:49 -          s = <optimized out>
2024-04-29 21:36:49 -          ec = {val_ = <optimized out>, failed_ = <optimized out>, cat_ = <optimized out>}
2024-04-29 21:36:49 -          s = <optimized out>
2024-04-29 21:36:49 -  #5  ServiceManager::run (this=this@entry=0x7fffffffe560) at server.cpp:218
2024-04-29 21:36:49 -          __PRETTY_FUNCTION__ = "void ServiceManager::run()"
2024-04-29 21:36:49 -  #6  0x00005555556b3b2d in main (argc=<optimized out>, argv=<optimized out>) at otserv.cpp:358
2024-04-29 21:36:49 -          args = std::vector of length 1, capacity 1 = {"/home/servidor/theforgottenserver"}
2024-04-29 21:36:49 -          servicer = {<boost::noncopyable_::noncopyable> = {<boost::noncopyable_::base_token> = {<No data fields>}, <No data fields>}, _vptr.ServiceManager = 0x5555557d5e48 <vtable for ServiceManager+16>, m_io_service = {<boost::asio::execution_context> = {<boost::asio::detail::noncopyable> = {<No data fields>}, service_registry_ = 0x555555810d10}, impl_ = @0x555555810d60}, deathTimer = {impl_ = {service_ = 0x555555810e60, implementation_ = {<boost::asio::detail::noncopyable> = {<No data fields>}, expiry = {<boost::date_time::base_time<boost::posix_time::ptime, boost::date_time::counted_time_system<boost::date_time::counted_time_rep<boost::posix_time::millisec_posix_time_system_config> > >> = {<boost::operators_impl::less_than_comparable<boost::posix_time::ptime, boost::operators_impl::equality_comparable<boost::posix_time::ptime, boost::posix_time::ptime, boost::operators_impl::operators_detail::empty_base<boost::posix_time::ptime>, boost::operators_impl::operators_detail::false_t>, boost::operators_impl::operators_detail::empty_base<boost::posix_time::ptime>, boost::operators_impl::operators_detail::true_t>> = {<boost::operators_impl::less_than_comparable1<boost::posix_time::ptime, boost::operators_impl::equality_comparable<boost::posix_time::ptime, boost::posix_time::ptime, boost::operators_impl::operators_detail::empty_base<boost::posix_time::ptime>, boost::operators_impl::operators_detail::false_t> >> = {<boost::operators_impl::equality_comparable<boost::posix_time::ptime, boost::posix_time::ptime, boost::operators_impl::operators_detail::empty_base<boost::posix_time::ptime>, boost::operators_impl::operators_detail::false_t>> = {<boost::operators_impl::equality_comparable1<boost::posix_time::ptime, boost::operators_impl::operators_detail::empty_base<boost::posix_time::ptime> >> = {<boost::operators_impl::operators_detail::empty_base<boost::posix_time::ptime>> = {<No data fields>}, <No data fields>}, <No data fields>}, <No data fields>}, <No data fields>}, time_ = {time_count_ = {value_ = 9223372036854775806}}}, <No data fields>}, might_have_pending_waits = false, timer_data = {op_queue_ = {<boost::asio::detail::noncopyable> = {<No data fields>}, front_ = 0x0, back_ = 0x0}, heap_index_ = 18446744073709551615, next_ = 0x0, prev_ = 0x0}}, executor_ = {<boost::asio::execution::detail::any_executor_base> = {object_ = {__data = "h\345\377\377\377\177\000\000\020\063}U\000\000\000", __align = {<No data fields>}}, object_fns_ = 0x5555557d4740 <boost::asio::execution::detail::any_executor_base::object_fns_table<boost::asio::io_context::basic_executor_type<std::allocator<void>, 0u> >(std::enable_if<(!std::is_same<boost::asio::io_context::basic_executor_type<std::allocator<void>, 0u>, void>::value)&&(!std::is_same<boost::asio::io_context::basic_executor_type<std::allocator<void>, 0u>, std::shared_ptr<void> >::value), void>::type*)::fns>, target_ = 0x7fffffffe5b8, target_fns_ = 0x5555557d4760 <boost::asio::execution::detail::any_executor_base::target_fns_table<boost::asio::io_context::basic_executor_type<std::allocator<void>, 0u> >(bool, std::enable_if<!std::is_same<boost::asio::io_context::basic_executor_type<std::allocator<void>, 0u>, void>::value, void>::type*)::fns_with_execute>}, <boost::asio::execution::detail::any_executor_context<boost::asio::execution::any_executor<boost::asio::execution::context_as_t<boost::asio::execution_context&>, boost::asio::execution::detail::blocking::never_t<0>, boost::asio::execution::prefer_only<boost::asio::execution::detail::blocking::possibly_t<0> >, boost::asio::execution::prefer_only<boost::asio::execution::detail::outstanding_work::tracked_t<0> >, boost::asio::execution::prefer_only<boost::asio::execution::detail::outstanding_work::untracked_t<0> >, boost::asio::execution::prefer_only<boost::asio::execution::detail::relationship::fork_t<0> >, boost::asio::execution::prefer_only<boost::asio::execution::detail::relationship::continuation_t<0> > >, boost::asio::execution::detail::supportable_properties<0, void(boost::asio::execution::context_as_t<boost::asio::execution_context&>, boost::asio::execution::detail::blocking::never_t<0>, boost::asio::execution::prefer_only<boost::asio::execution::detail::blocking::possibly_t<0> >, boost::asio::execution::prefer_only<boost::asio::execution::detail::outstanding_work::tracked_t<0> >, boost::asio::execution::prefer_only<boost::asio::execution::detail::outstanding_work::untracked_t<0> >, boost::asio::execution::prefer_only<boost::asio::execution::detail::relationship::fork_t<0> >, boost::asio::execution::prefer_only<boost::asio::execution::detail::relationship::continuation_t<0> >)>::find_context_as_property, void>> = {<No data fields>}, prop_fns_ = 0x5555557d4780 <boost::asio::execution::any_executor<boost::asio::execution::context_as_t<boost::asio::execution_context&>, boost::asio::execution::detail::blocking::never_t<0>, boost::asio::execution::prefer_only<boost::asio::execution::detail::blocking::possibly_t<0> >, boost::asio::execution::prefer_only<boost::asio::execution::detail::outstanding_work::tracked_t<0> >, boost::asio::execution::prefer_only<boost::asio::execution::detail::outstanding_work::untracked_t<0> >, boost::asio::execution::prefer_only<boost::asio::execution::detail::relationship::fork_t<0> >, boost::asio::execution::prefer_only<boost::asio::execution::detail::relationship::continuation_t<0> > >::prop_fns_table<boost::asio::io_context::basic_executor_type<std::allocator<void>, 0u> >()::fns>}}}, running = false, m_acceptors = std::map with 2 elements = {[7172] = {px = 0x7fffe8c26830, pn = {pi_ = 0x7fffd0a13d70}}, [7183] = {px = 0x7fffd02fd140, pn = {pi_ = 0x7fffd02fd190}}}}
2024-04-29 21:36:49 -          sigh = {__sigaction_handler = {sa_handler = 0x1, sa_sigaction = 0x1}, sa_mask = {__val = {0 <repeats 16 times>}}, sa_flags = 0, sa_restorer = 0x4000000042}
2024-04-29 21:36:49 -          outPath = ""
2024-04-29 21:36:49 -          errPath = ""
2024-04-29 21:36:49 -  > Saving server...
2024-04-29 21:36:50 -  > SAVE: Complete in 0.765 seconds using relational house storage.
2024-04-29 21:36:50 -  A debugging session is active.
2024-04-29 21:36:50 -  
2024-04-29 21:36:50 -  	Inferior 1 [process 41437] will be killed.
2024-04-29 21:36:50 -  
2024-04-29 21:36:50 -  Quit anyway? (y or n) [answered Y; input not from terminal]
