2024-07-10 17:27:45 -  [Thread debugging using libthread_db enabled]
2024-07-10 17:27:45 -  Using host libthread_db library "/lib/x86_64-linux-gnu/libthread_db.so.1".
2024-07-10 17:27:46 -  [New Thread 0x7ffff52a3700 (LWP 20083)]
2024-07-10 17:27:46 -  otPokemon Imperium, version 0.3.6 (otPokemon Imperium.)
2024-07-10 17:27:46 -  Compiled with GNU C++ version 10.2.1 20210110 at Jun 26 2024, 23:14:09.
2024-07-10 17:27:46 -  A server developed by : GOD Vitor.
2024-07-10 17:27:46 -  otPokemon Imperium - Pokemon Tibia Online.
2024-07-10 17:27:46 -  
2024-07-10 17:27:46 -  >> Loading config (config.lua)
2024-07-10 17:27:46 -  > Using SHA1 encryption
2024-07-10 17:27:46 -  >> Loading RSA key
2024-07-10 17:27:46 -  >> Starting SQL connection
2024-07-10 17:27:46 -  >> Running Database Manager
2024-07-10 17:27:46 -  > No tables were optimized.
2024-07-10 17:27:46 -  >> Loading items
2024-07-10 17:27:46 -  >> Loading groups
2024-07-10 17:27:46 -  >> Loading vocations
2024-07-10 17:27:46 -  >> Loading script systems
2024-07-10 17:27:46 -  >> Loading chat channels
2024-07-10 17:27:46 -  >> Loading outfits
2024-07-10 17:27:46 -  >> Loading experience stages
2024-07-10 17:27:46 -  >> Loading monsters
2024-07-10 17:27:46 -  I/O warning : failed to load external entity "datapack/monster/pokes/geracao 1/Sks Mewtwo.xml"
2024-07-10 17:27:46 -  [Warning - Monsters::loadMonster] Cannot load monster (Sks Mewtwo) file (datapack/monster/pokes/geracao 1/Sks Mewtwo.xml).
2024-07-10 17:27:46 -  Info: failed to load external entity "datapack/monster/pokes/geracao 1/Sks Mewtwo.xml"
2024-07-10 17:27:46 -  
2024-07-10 17:27:46 -  
2024-07-10 17:27:46 -  I/O warning : failed to load external entity "datapack/monster/pokes/Control/CMGengar.xml"
2024-07-10 17:27:46 -  [Warning - Monsters::loadMonster] Cannot load monster (Gengar cm) file (datapack/monster/pokes/Control/CMGengar.xml).
2024-07-10 17:27:46 -  Info: failed to load external entity "datapack/monster/pokes/Control/CMGengar.xml"
2024-07-10 17:27:46 -  
2024-07-10 17:27:46 -  
2024-07-10 17:27:46 -  I/O warning : failed to load external entity "datapack/monster/pokes/Control/CMAlakazam.xml"
2024-07-10 17:27:46 -  [Warning - Monsters::loadMonster] Cannot load monster (Alakazam cm) file (datapack/monster/pokes/Control/CMAlakazam.xml).
2024-07-10 17:27:46 -  Info: failed to load external entity "datapack/monster/pokes/Control/CMAlakazam.xml"
2024-07-10 17:27:46 -  
2024-07-10 17:27:46 -  
2024-07-10 17:27:46 -  I/O warning : failed to load external entity "datapack/monster/pokes/Control/CMHaunter.xml"
2024-07-10 17:27:46 -  [Warning - Monsters::loadMonster] Cannot load monster (Haunter cm) file (datapack/monster/pokes/Control/CMHaunter.xml).
2024-07-10 17:27:46 -  Info: failed to load external entity "datapack/monster/pokes/Control/CMHaunter.xml"
2024-07-10 17:27:46 -  
2024-07-10 17:27:46 -  
2024-07-10 17:27:46 -  I/O warning : failed to load external entity "datapack/monster/pokes/Control/CMSlowking.xml"
2024-07-10 17:27:46 -  [Warning - Monsters::loadMonster] Cannot load monster (Slowking cm) file (datapack/monster/pokes/Control/CMSlowking.xml).
2024-07-10 17:27:46 -  Info: failed to load external entity "datapack/monster/pokes/Control/CMSlowking.xml"
2024-07-10 17:27:46 -  
2024-07-10 17:27:46 -  
2024-07-10 17:27:46 -  I/O warning : failed to load external entity "datapack/monster/pokes/Control/CMTentacruel.xml"
2024-07-10 17:27:46 -  [Warning - Monsters::loadMonster] Cannot load monster (Tentacruel cm) file (datapack/monster/pokes/Control/CMTentacruel.xml).
2024-07-10 17:27:46 -  Info: failed to load external entity "datapack/monster/pokes/Control/CMTentacruel.xml"
2024-07-10 17:27:46 -  
2024-07-10 17:27:46 -  
2024-07-10 17:27:46 -  I/O warning : failed to load external entity "datapack/monster/pokes/Control/CMShiny Alakazam.xml"
2024-07-10 17:27:46 -  [Warning - Monsters::loadMonster] Cannot load monster (Shiny Alakazam cm) file (datapack/monster/pokes/Control/CMShiny Alakazam.xml).
2024-07-10 17:27:46 -  Info: failed to load external entity "datapack/monster/pokes/Control/CMShiny Alakazam.xml"
2024-07-10 17:27:46 -  
2024-07-10 17:27:46 -  
2024-07-10 17:27:46 -  I/O warning : failed to load external entity "datapack/monster/pokes/Control/CMShiny Gengar.xml"
2024-07-10 17:27:46 -  [Warning - Monsters::loadMonster] Cannot load monster (Shiny Gengar cm) file (datapack/monster/pokes/Control/CMShiny Gengar.xml).
2024-07-10 17:27:46 -  Info: failed to load external entity "datapack/monster/pokes/Control/CMShiny Gengar.xml"
2024-07-10 17:27:46 -  
2024-07-10 17:27:46 -  
2024-07-10 17:27:46 -  I/O warning : failed to load external entity "datapack/monster/pokes/Control/CMShiny Tentacruel.xml"
2024-07-10 17:27:46 -  [Warning - Monsters::loadMonster] Cannot load monster (Shiny Tentacruel cm) file (datapack/monster/pokes/Control/CMShiny Tentacruel.xml).
2024-07-10 17:27:46 -  Info: failed to load external entity "datapack/monster/pokes/Control/CMShiny Tentacruel.xml"
2024-07-10 17:27:46 -  
2024-07-10 17:27:46 -  
2024-07-10 17:27:46 -  >> Loading mods...
2024-07-10 17:27:46 -  > Loading firstitems.xml... done.
2024-07-10 17:27:46 -  > 1 mods were loaded.
2024-07-10 17:27:46 -  >> Loading map and spawns...
2024-07-10 17:27:47 -  > Map size: 2501x4119.
2024-07-10 17:27:47 -  > Map descriptions: 
2024-07-10 17:27:47 -  "Saved with Remere's Map Editor 3.7.0"
2024-07-10 17:27:47 -  "Poke Sapphire
2024-07-10 17:27:47 -  Thalles and Bianca
2024-07-10 17:27:47 -  
2024-07-10 17:27:47 -  Map by [GM] Bob Dylan"
2024-07-10 17:27:48 -  [Warning - IOMap::loadMap] Movable item in house: 1096, item type: 2080, pos 1174/1007/7
2024-07-10 17:27:50 -  [Warning - IOMap::loadMap] Movable item in house: 1096, item type: 38041, pos 1175/1028/7
2024-07-10 17:27:55 -  > Map loading time: 8.827 seconds.
2024-07-10 17:27:55 -  [Warning - Spawns::loadFromXml] Magneton ( 01652 / 00955 / 002 ) spawntime cannot be less than 1 seconds.
2024-07-10 17:27:55 -  [Warning - Spawns::loadFromXml] Electabuzz ( 01640 / 00989 / 002 ) spawntime cannot be less than 1 seconds.
2024-07-10 17:27:56 -  I/O warning : failed to load external entity "datapack/npc/Geraldo.xml"
2024-07-10 17:27:56 -  [Warning - Npc::loadFromXml] Cannot load npc file (datapack/npc/Geraldo.xml).
2024-07-10 17:27:56 -  Info: failed to load external entity "datapack/npc/Geraldo.xml"
2024-07-10 17:27:56 -  
2024-07-10 17:27:56 -  
2024-07-10 17:27:56 -  [Warning - Spawns::loadFromXml] Voltorb ( 01640 / 00991 / 004 ) spawntime cannot be less than 1 seconds.
2024-07-10 17:27:56 -  I/O warning : failed to load external entity "datapack/npc/roberto.xml"
2024-07-10 17:27:56 -  [Warning - Npc::loadFromXml] Cannot load npc file (datapack/npc/roberto.xml).
2024-07-10 17:27:56 -  Info: failed to load external entity "datapack/npc/roberto.xml"
2024-07-10 17:27:56 -  
2024-07-10 17:27:56 -  
2024-07-10 17:27:56 -  [Spawn::addMonster] Cannot find "Pansage"
2024-07-10 17:27:56 -  [Spawn::addMonster] Cannot find "Pansage"
2024-07-10 17:27:56 -  [Spawn::addMonster] Cannot find "Pansage"
2024-07-10 17:27:56 -  [Spawn::addMonster] Cannot find "Pansage"
2024-07-10 17:27:56 -  [Spawn::addMonster] Cannot find "Golett"
2024-07-10 17:27:56 -  [Spawn::addMonster] Cannot find "Golett"
2024-07-10 17:27:56 -  [Spawn::addMonster] Cannot find "Golett"
2024-07-10 17:27:56 -  [Spawn::addMonster] Cannot find "Golett"
2024-07-10 17:27:56 -  [Spawn::addMonster] Cannot find "Golett"
2024-07-10 17:27:56 -  [Spawn::addMonster] Cannot find "Golett"
2024-07-10 17:27:56 -  [Spawn::addMonster] Cannot find "Golett"
2024-07-10 17:27:56 -  [Spawn::addMonster] Cannot find "Gigalith"
2024-07-10 17:27:56 -  [Spawn::addMonster] Cannot find "Gigalith"
2024-07-10 17:27:56 -  [Spawn::addMonster] Cannot find "Gigalith"
2024-07-10 17:27:56 -  [Spawn::addMonster] Cannot find "Gigalith"
2024-07-10 17:27:56 -  [Spawn::addMonster] Cannot find "Gigalith"
2024-07-10 17:27:56 -  [Spawn::addMonster] Cannot find "Gigalith"
2024-07-10 17:27:56 -  [Spawn::addMonster] Cannot find "Gigalith"
2024-07-10 17:27:56 -  [Spawn::addMonster] Cannot find "Gigalith"
2024-07-10 17:27:56 -  [Spawn::addMonster] Cannot find "Gigalith"
2024-07-10 17:27:56 -  [Spawn::addMonster] Cannot find "Gigalith"
2024-07-10 17:27:56 -  [Spawn::addMonster] Cannot find "Gigalith"
2024-07-10 17:27:56 -  [Spawn::addMonster] Cannot find "Gigalith"
2024-07-10 17:27:56 -  [Spawn::addMonster] Cannot find "Gigalith"
2024-07-10 17:27:56 -  [Spawn::addMonster] Cannot find "Gigalith"
2024-07-10 17:27:56 -  [Spawn::addMonster] Cannot find "Gigalith"
2024-07-10 17:27:56 -  [Spawn::addMonster] Cannot find "Gigalith"
2024-07-10 17:27:56 -  [Spawn::addMonster] Cannot find "Gigalith"
2024-07-10 17:27:56 -  [Spawn::addMonster] Cannot find "Gigalith"
2024-07-10 17:27:56 -  [Spawn::addMonster] Cannot find "Gigalith"
2024-07-10 17:27:56 -  [Spawn::addMonster] Cannot find "Gigalith"
2024-07-10 17:27:56 -  [Spawn::addMonster] Cannot find "Gigalith"
2024-07-10 17:27:56 -  [Spawn::addMonster] Cannot find "Gigalith"
2024-07-10 17:27:56 -  [Spawn::addMonster] Cannot find "Gigalith"
2024-07-10 17:27:56 -  [Spawn::addMonster] Cannot find "Gigalith"
2024-07-10 17:27:56 -  [Spawn::addMonster] Cannot find "Beartic"
2024-07-10 17:27:56 -  [Spawn::addMonster] Cannot find "Beartic"
2024-07-10 17:27:56 -  [Spawn::addMonster] Cannot find "Beartic"
2024-07-10 17:27:56 -  [Spawn::addMonster] Cannot find "Beartic"
2024-07-10 17:27:56 -  [Spawn::addMonster] Cannot find "Beartic"
2024-07-10 17:27:56 -  [Spawn::addMonster] Cannot find "Beartic"
2024-07-10 17:27:56 -  [Spawn::addMonster] Cannot find "Beartic"
2024-07-10 17:27:56 -  [Spawn::addMonster] Cannot find "Beartic"
2024-07-10 17:27:56 -  [Spawn::addMonster] Cannot find "Beartic"
2024-07-10 17:27:56 -  [Spawn::addMonster] Cannot find "Beartic"
2024-07-10 17:27:56 -  [Spawn::addMonster] Cannot find "Beartic"
2024-07-10 17:27:56 -  [Spawn::addMonster] Cannot find "Beartic"
2024-07-10 17:27:56 -  [Spawn::addMonster] Cannot find "Beartic"
2024-07-10 17:27:56 -  [Spawn::addMonster] Cannot find "Beartic"
2024-07-10 17:27:56 -  [Spawn::addMonster] Cannot find "Beartic"
2024-07-10 17:27:56 -  [Spawn::addMonster] Cannot find "Beartic"
2024-07-10 17:27:56 -  [Spawn::addMonster] Cannot find "Beartic"
2024-07-10 17:27:56 -  [Spawn::addMonster] Cannot find "Beartic"
2024-07-10 17:27:56 -  [Spawn::addMonster] Cannot find "Beartic"
2024-07-10 17:27:56 -  [Spawn::addMonster] Cannot find "Beartic"
2024-07-10 17:27:56 -  [Spawn::addMonster] Cannot find "Beartic"
2024-07-10 17:27:56 -  I/O warning : failed to load external entity "datapack/npc/Capitao Luiz.xml"
2024-07-10 17:27:56 -  [Warning - Npc::loadFromXml] Cannot load npc file (datapack/npc/Capitao Luiz.xml).
2024-07-10 17:27:56 -  Info: failed to load external entity "datapack/npc/Capitao Luiz.xml"
2024-07-10 17:27:56 -  
2024-07-10 17:27:56 -  
2024-07-10 17:27:56 -  I/O warning : failed to load external entity "datapack/npc/Capitao Barbosa.xml"
2024-07-10 17:27:56 -  [Warning - Npc::loadFromXml] Cannot load npc file (datapack/npc/Capitao Barbosa.xml).
2024-07-10 17:27:56 -  Info: failed to load external entity "datapack/npc/Capitao Barbosa.xml"
2024-07-10 17:27:56 -  
2024-07-10 17:27:56 -  
2024-07-10 17:27:56 -  I/O warning : failed to load external entity "datapack/npc/Capitao Barbosa.xml"
2024-07-10 17:27:56 -  [Warning - Npc::loadFromXml] Cannot load npc file (datapack/npc/Capitao Barbosa.xml).
2024-07-10 17:27:56 -  Info: failed to load external entity "datapack/npc/Capitao Barbosa.xml"
2024-07-10 17:27:56 -  
2024-07-10 17:27:56 -  
2024-07-10 17:27:56 -  I/O warning : failed to load external entity "datapack/npc/DD - Anlow.xml"
2024-07-10 17:27:56 -  [Warning - Npc::loadFromXml] Cannot load npc file (datapack/npc/DD - Anlow.xml).
2024-07-10 17:27:56 -  Info: failed to load external entity "datapack/npc/DD - Anlow.xml"
2024-07-10 17:27:56 -  
2024-07-10 17:27:56 -  
2024-07-10 17:27:56 -  [Spawn::addMonster] Cannot find "Darmanitan"
2024-07-10 17:27:56 -  [Spawn::addMonster] Cannot find "Darmanitan"
2024-07-10 17:27:56 -  I/O warning : failed to load external entity "datapack/npc/Nurse Audino.xml"
2024-07-10 17:27:56 -  [Warning - Npc::loadFromXml] Cannot load npc file (datapack/npc/Nurse Audino.xml).
2024-07-10 17:27:56 -  Info: failed to load external entity "datapack/npc/Nurse Audino.xml"
2024-07-10 17:27:56 -  
2024-07-10 17:27:56 -  
2024-07-10 17:27:56 -  I/O warning : failed to load external entity "datapack/npc/Nurse Audino.xml"
2024-07-10 17:27:56 -  [Warning - Npc::loadFromXml] Cannot load npc file (datapack/npc/Nurse Audino.xml).
2024-07-10 17:27:56 -  Info: failed to load external entity "datapack/npc/Nurse Audino.xml"
2024-07-10 17:27:56 -  
2024-07-10 17:27:56 -  
2024-07-10 17:27:56 -  [Spawn::addMonster] Cannot find "Pansage"
2024-07-10 17:27:56 -  [Spawn::addMonster] Cannot find "Pansage"
2024-07-10 17:27:56 -  [Spawn::addMonster] Cannot find "Pansage"
2024-07-10 17:27:56 -  [Spawn::addMonster] Cannot find "Pansage"
2024-07-10 17:27:56 -  [Spawn::addMonster] Cannot find "Pansage"
2024-07-10 17:27:56 -  [Spawn::addMonster] Cannot find "Pansage"
2024-07-10 17:27:56 -  [Spawn::addMonster] Cannot find "Pansage"
2024-07-10 17:27:56 -  [Spawn::addMonster] Cannot find "Pansage"
2024-07-10 17:27:56 -  [Spawn::addMonster] Cannot find "Pansage"
2024-07-10 17:27:56 -  [Spawn::addMonster] Cannot find "Pansage"
2024-07-10 17:27:56 -  [Spawn::addMonster] Cannot find "Pansage"
2024-07-10 17:27:56 -  [Spawn::addMonster] Cannot find "Pansage"
2024-07-10 17:27:56 -  [Spawn::addMonster] Cannot find "Pansage"
2024-07-10 17:27:56 -  [Spawn::addMonster] Cannot find "Gothorita"
2024-07-10 17:27:56 -  [Spawn::addMonster] Cannot find "Gothorita"
2024-07-10 17:27:56 -  [Spawn::addMonster] Cannot find "Pansage"
2024-07-10 17:27:56 -  [Spawn::addMonster] Cannot find "Pansage"
2024-07-10 17:27:56 -  [Spawn::addMonster] Cannot find "Darmanitan"
2024-07-10 17:27:56 -  [Spawn::addMonster] Cannot find "Pansage"
2024-07-10 17:27:56 -  [Spawn::addMonster] Cannot find "Gothorita"
2024-07-10 17:27:56 -  [Spawn::addMonster] Cannot find "Gothorita"
2024-07-10 17:27:56 -  [Spawn::addMonster] Cannot find "Gothorita"
2024-07-10 17:27:56 -  [Spawn::addMonster] Cannot find "Gothorita"
2024-07-10 17:27:56 -  [Spawn::addMonster] Cannot find "Gothorita"
2024-07-10 17:27:56 -  [Spawn::addMonster] Cannot find "Gothorita"
2024-07-10 17:27:56 -  [Spawn::addMonster] Cannot find "Gothorita"
2024-07-10 17:27:56 -  [Spawn::addMonster] Cannot find "Gothorita"
2024-07-10 17:27:56 -  [Spawn::addMonster] Cannot find "Gothorita"
2024-07-10 17:27:56 -  [Spawn::addMonster] Cannot find "Gothorita"
2024-07-10 17:27:56 -  [Spawn::addMonster] Cannot find "Gothorita"
2024-07-10 17:27:56 -  [Spawn::addMonster] Cannot find "Gothorita"
2024-07-10 17:27:56 -  [Spawn::addMonster] Cannot find "Gothorita"
2024-07-10 17:27:56 -  [Spawn::addMonster] Cannot find "Gothorita"
2024-07-10 17:27:56 -  [Spawn::addMonster] Cannot find "Gothorita"
2024-07-10 17:27:56 -  [Spawn::addMonster] Cannot find "Gothorita"
2024-07-10 17:27:56 -  [Spawn::addMonster] Cannot find "Gothorita"
2024-07-10 17:27:56 -  [Spawn::addMonster] Cannot find "Gothorita"
2024-07-10 17:27:56 -  [Spawn::addMonster] Cannot find "Gothorita"
2024-07-10 17:27:56 -  [Spawn::addMonster] Cannot find "Gothorita"
2024-07-10 17:27:56 -  [Spawn::addMonster] Cannot find "Gothorita"
2024-07-10 17:27:56 -  [Spawn::addMonster] Cannot find "Gothorita"
2024-07-10 17:27:56 -  [Spawn::addMonster] Cannot find "Gothorita"
2024-07-10 17:27:56 -  [Spawn::addMonster] Cannot find "Gothorita"
2024-07-10 17:27:56 -  [Spawn::addMonster] Cannot find "Gothorita"
2024-07-10 17:27:56 -  [Spawn::addMonster] Cannot find "Gothorita"
2024-07-10 17:27:56 -  [Spawn::addMonster] Cannot find "Gothorita"
2024-07-10 17:27:56 -  [Spawn::addMonster] Cannot find "Gothorita"
2024-07-10 17:27:56 -  [Spawn::addMonster] Cannot find "Gothorita"
2024-07-10 17:27:56 -  [Spawn::addMonster] Cannot find "Gothorita"
2024-07-10 17:27:56 -  [Spawn::addMonster] Cannot find "Gothorita"
2024-07-10 17:27:56 -  [Spawn::addMonster] Cannot find "Gothorita"
2024-07-10 17:27:56 -  [Spawn::addMonster] Cannot find "Gothorita"
2024-07-10 17:27:56 -  [Spawn::addMonster] Cannot find "Pansage"
2024-07-10 17:27:56 -  [Spawn::addMonster] Cannot find "Gothorita"
2024-07-10 17:27:56 -  [Spawn::addMonster] Cannot find "Gothorita"
2024-07-10 17:27:56 -  [Spawn::addMonster] Cannot find "Gothorita"
2024-07-10 17:27:56 -  [Spawn::addMonster] Cannot find "Gothorita"
2024-07-10 17:27:56 -  [Spawn::addMonster] Cannot find "Pansage"
2024-07-10 17:27:56 -  [Spawn::addMonster] Cannot find "Pansage"
2024-07-10 17:27:56 -  [Spawn::addMonster] Cannot find "Pansage"
2024-07-10 17:27:56 -  [Spawn::addMonster] Cannot find "Gothorita"
2024-07-10 17:27:56 -  [Spawn::addMonster] Cannot find "Pansage"
2024-07-10 17:27:56 -  [Spawn::addMonster] Cannot find "Pansage"
2024-07-10 17:27:56 -  [Spawn::addMonster] Cannot find "Pansage"
2024-07-10 17:27:56 -  [Spawn::addMonster] Cannot find "Pansage"
2024-07-10 17:27:56 -  [Spawn::addMonster] Cannot find "Pansage"
2024-07-10 17:27:56 -  [Spawn::addMonster] Cannot find "Pansage"
2024-07-10 17:27:56 -  [Spawn::addMonster] Cannot find "Pansage"
2024-07-10 17:27:56 -  [Spawn::addMonster] Cannot find "Pansage"
2024-07-10 17:27:56 -  [Spawn::addMonster] Cannot find "Pansage"
2024-07-10 17:27:56 -  [Spawn::addMonster] Cannot find "Pansage"
2024-07-10 17:27:56 -  [Spawn::addMonster] Cannot find "Pansage"
2024-07-10 17:27:56 -  [Spawn::addMonster] Cannot find "Pansage"
2024-07-10 17:27:56 -  [Spawn::addMonster] Cannot find "Pansage"
2024-07-10 17:27:56 -  [Spawn::addMonster] Cannot find "Pansage"
2024-07-10 17:27:56 -  [Spawn::addMonster] Cannot find "Pansage"
2024-07-10 17:27:56 -  [Spawn::addMonster] Cannot find "Golett"
2024-07-10 17:27:56 -  [Spawn::addMonster] Cannot find "Golett"
2024-07-10 17:27:56 -  [Spawn::addMonster] Cannot find "Golett"
2024-07-10 17:27:56 -  [Spawn::addMonster] Cannot find "Golett"
2024-07-10 17:27:56 -  [Spawn::addMonster] Cannot find "Pansage"
2024-07-10 17:27:56 -  [Spawn::addMonster] Cannot find "Pansage"
2024-07-10 17:27:56 -  [Spawn::addMonster] Cannot find "Pansage"
2024-07-10 17:27:56 -  [Spawn::addMonster] Cannot find "Pansage"
2024-07-10 17:27:56 -  [Spawn::addMonster] Cannot find "Golett"
2024-07-10 17:27:56 -  [Spawn::addMonster] Cannot find "Golett"
2024-07-10 17:27:56 -  [Spawn::addMonster] Cannot find "Pansage"
2024-07-10 17:27:56 -  [Spawn::addMonster] Cannot find "Pansage"
2024-07-10 17:27:56 -  [Spawn::addMonster] Cannot find "Golett"
2024-07-10 17:27:56 -  [Spawn::addMonster] Cannot find "Golett"
2024-07-10 17:27:56 -  [Spawn::addMonster] Cannot find "Pansage"
2024-07-10 17:27:56 -  [Spawn::addMonster] Cannot find "Pansage"
2024-07-10 17:27:56 -  [Spawn::addMonster] Cannot find "Pansage"
2024-07-10 17:27:56 -  [Spawn::addMonster] Cannot find "Pansage"
2024-07-10 17:27:56 -  [Spawn::addMonster] Cannot find "Pansage"
2024-07-10 17:27:56 -  [Spawn::addMonster] Cannot find "Pansage"
2024-07-10 17:27:56 -  [Spawn::addMonster] Cannot find "Pansage"
2024-07-10 17:27:56 -  [Spawn::addMonster] Cannot find "Pansage"
2024-07-10 17:27:56 -  [Spawn::addMonster] Cannot find "Pansage"
2024-07-10 17:27:56 -  [Spawn::addMonster] Cannot find "Pansage"
2024-07-10 17:27:56 -  [Spawn::addMonster] Cannot find "Pansage"
2024-07-10 17:27:56 -  [Spawn::addMonster] Cannot find "Pansage"
2024-07-10 17:27:56 -  [Spawn::addMonster] Cannot find "Pansage"
2024-07-10 17:27:56 -  [Spawn::addMonster] Cannot find "Pansage"
2024-07-10 17:27:56 -  [Spawn::addMonster] Cannot find "Pansage"
2024-07-10 17:27:56 -  [Spawn::addMonster] Cannot find "Pansage"
2024-07-10 17:27:56 -  [Spawn::addMonster] Cannot find "Pansage"
2024-07-10 17:27:56 -  [Spawn::addMonster] Cannot find "Pansage"
2024-07-10 17:27:56 -  [Spawn::addMonster] Cannot find "Pansage"
2024-07-10 17:27:56 -  [Spawn::addMonster] Cannot find "Pansage"
2024-07-10 17:27:56 -  [Spawn::addMonster] Cannot find "Oshawott"
2024-07-10 17:27:56 -  [Spawn::addMonster] Cannot find "Oshawott"
2024-07-10 17:27:56 -  [Spawn::addMonster] Cannot find "Oshawott"
2024-07-10 17:27:56 -  [Spawn::addMonster] Cannot find "Oshawott"
2024-07-10 17:27:56 -  [Spawn::addMonster] Cannot find "Oshawott"
2024-07-10 17:27:56 -  [Spawn::addMonster] Cannot find "Oshawott"
2024-07-10 17:27:56 -  [Spawn::addMonster] Cannot find "Oshawott"
2024-07-10 17:27:56 -  [Spawn::addMonster] Cannot find "Oshawott"
2024-07-10 17:27:56 -  [Spawn::addMonster] Cannot find "Oshawott"
2024-07-10 17:27:56 -  [Spawn::addMonster] Cannot find "Krookodile"
2024-07-10 17:27:56 -  [Spawn::addMonster] Cannot find "Oshawott"
2024-07-10 17:27:56 -  [Spawn::addMonster] Cannot find "Oshawott"
2024-07-10 17:27:56 -  [Spawn::addMonster] Cannot find "Oshawott"
2024-07-10 17:27:56 -  [Spawn::addMonster] Cannot find "Oshawott"
2024-07-10 17:27:56 -  [Spawn::addMonster] Cannot find "Oshawott"
2024-07-10 17:27:56 -  [Spawn::addMonster] Cannot find "Oshawott"
2024-07-10 17:27:56 -  [Spawn::addMonster] Cannot find "Oshawott"
2024-07-10 17:27:56 -  [Spawn::addMonster] Cannot find "Oshawott"
2024-07-10 17:27:56 -  [Spawn::addMonster] Cannot find "Pansage"
2024-07-10 17:27:56 -  [Spawn::addMonster] Cannot find "Pansage"
2024-07-10 17:27:56 -  [Spawn::addMonster] Cannot find "Zweilous"
2024-07-10 17:27:56 -  I/O warning : failed to load external entity "datapack/npc/Nurse Audino.xml"
2024-07-10 17:27:56 -  [Warning - Npc::loadFromXml] Cannot load npc file (datapack/npc/Nurse Audino.xml).
2024-07-10 17:27:56 -  Info: failed to load external entity "datapack/npc/Nurse Audino.xml"
2024-07-10 17:27:56 -  
2024-07-10 17:27:56 -  
2024-07-10 17:27:56 -  [Spawn::addMonster] Cannot find "Pansear"
2024-07-10 17:27:56 -  [Spawn::addMonster] Cannot find "Pansear"
2024-07-10 17:27:56 -  [Spawn::addMonster] Cannot find "Pansear"
2024-07-10 17:27:56 -  [Spawn::addMonster] Cannot find "Pansear"
2024-07-10 17:27:56 -  [Spawn::addMonster] Cannot find "Darmanitan"
2024-07-10 17:27:56 -  [Spawn::addMonster] Cannot find "Pansear"
2024-07-10 17:27:56 -  [Spawn::addMonster] Cannot find "Pansear"
2024-07-10 17:27:56 -  [Spawn::addMonster] Cannot find "Pansear"
2024-07-10 17:27:56 -  [Spawn::addMonster] Cannot find "Pansear"
2024-07-10 17:27:56 -  [Spawn::addMonster] Cannot find "Pansear"
2024-07-10 17:27:56 -  [Spawn::addMonster] Cannot find "Pansear"
2024-07-10 17:27:56 -  [Spawn::addMonster] Cannot find "Pansear"
2024-07-10 17:27:56 -  [Spawn::addMonster] Cannot find "Pansear"
2024-07-10 17:27:56 -  [Spawn::addMonster] Cannot find "Pansear"
2024-07-10 17:27:56 -  [Spawn::addMonster] Cannot find "Pansear"
2024-07-10 17:27:56 -  [Spawn::addMonster] Cannot find "Pansear"
2024-07-10 17:27:56 -  [Spawn::addMonster] Cannot find "Pansear"
2024-07-10 17:27:56 -  [Spawn::addMonster] Cannot find "Pansear"
2024-07-10 17:27:56 -  [Spawn::addMonster] Cannot find "Pansear"
2024-07-10 17:27:56 -  [Spawn::addMonster] Cannot find "Pansear"
2024-07-10 17:27:56 -  [Spawn::addMonster] Cannot find "Pansear"
2024-07-10 17:27:56 -  [Spawn::addMonster] Cannot find "Pansear"
2024-07-10 17:27:56 -  [Spawn::addMonster] Cannot find "Pansear"
2024-07-10 17:27:56 -  [Spawn::addMonster] Cannot find "Pansear"
2024-07-10 17:27:56 -  [Spawn::addMonster] Cannot find "Pansear"
2024-07-10 17:27:56 -  [Spawn::addMonster] Cannot find "Pansear"
2024-07-10 17:27:56 -  [Spawn::addMonster] Cannot find "Pansear"
2024-07-10 17:27:56 -  [Spawn::addMonster] Cannot find "Pansear"
2024-07-10 17:27:56 -  [Spawn::addMonster] Cannot find "Pansear"
2024-07-10 17:27:56 -  [Spawn::addMonster] Cannot find "Zweilous"
2024-07-10 17:27:56 -  [Spawn::addMonster] Cannot find "Zweilous"
2024-07-10 17:27:56 -  [Spawn::addMonster] Cannot find "Pansage"
2024-07-10 17:27:56 -  [Spawn::addMonster] Cannot find "Pansage"
2024-07-10 17:27:56 -  [Spawn::addMonster] Cannot find "Pansage"
2024-07-10 17:27:56 -  [Spawn::addMonster] Cannot find "Pansage"
2024-07-10 17:27:56 -  [Spawn::addMonster] Cannot find "Pansage"
2024-07-10 17:27:56 -  [Spawn::addMonster] Cannot find "Zweilous"
2024-07-10 17:27:56 -  [Spawn::addMonster] Cannot find "Zweilous"
2024-07-10 17:27:56 -  [Spawn::addMonster] Cannot find "Zweilous"
2024-07-10 17:27:56 -  [Spawn::addMonster] Cannot find "Pansage"
2024-07-10 17:27:56 -  [Spawn::addMonster] Cannot find "Zweilous"
2024-07-10 17:27:56 -  [Spawn::addMonster] Cannot find "Zweilous"
2024-07-10 17:27:56 -  [Spawn::addMonster] Cannot find "Gothorita"
2024-07-10 17:27:56 -  [Spawn::addMonster] Cannot find "Zweilous"
2024-07-10 17:27:56 -  [Spawn::addMonster] Cannot find "Gothorita"
2024-07-10 17:27:56 -  [Spawn::addMonster] Cannot find "Gothorita"
2024-07-10 17:27:56 -  [Spawn::addMonster] Cannot find "Gothorita"
2024-07-10 17:27:56 -  [Spawn::addMonster] Cannot find "Gothorita"
2024-07-10 17:27:56 -  [Spawn::addMonster] Cannot find "Gothorita"
2024-07-10 17:27:56 -  [Spawn::addMonster] Cannot find "Gothorita"
2024-07-10 17:27:56 -  [Spawn::addMonster] Cannot find "Pansage"
2024-07-10 17:27:56 -  [Spawn::addMonster] Cannot find "Zweilous"
2024-07-10 17:27:56 -  [Spawn::addMonster] Cannot find "Gothorita"
2024-07-10 17:27:56 -  [Spawn::addMonster] Cannot find "Gothorita"
2024-07-10 17:27:56 -  [Spawn::addMonster] Cannot find "Gothorita"
2024-07-10 17:27:56 -  [Spawn::addMonster] Cannot find "Gothorita"
2024-07-10 17:27:56 -  [Spawn::addMonster] Cannot find "Gothorita"
2024-07-10 17:27:56 -  [Spawn::addMonster] Cannot find "Gothorita"
2024-07-10 17:27:56 -  [Spawn::addMonster] Cannot find "Gothorita"
2024-07-10 17:27:56 -  [Spawn::addMonster] Cannot find "Pansage"
2024-07-10 17:27:56 -  [Spawn::addMonster] Cannot find "Gothorita"
2024-07-10 17:27:56 -  [Spawn::addMonster] Cannot find "Gothorita"
2024-07-10 17:27:56 -  [Spawn::addMonster] Cannot find "Pansage"
2024-07-10 17:27:56 -  [Spawn::addMonster] Cannot find "Pansage"
2024-07-10 17:27:56 -  [Spawn::addMonster] Cannot find "Gothorita"
2024-07-10 17:27:56 -  [Spawn::addMonster] Cannot find "Cubchoo"
2024-07-10 17:27:56 -  [Spawn::addMonster] Cannot find "Cubchoo"
2024-07-10 17:27:56 -  [Spawn::addMonster] Cannot find "Beartic"
2024-07-10 17:27:56 -  [Spawn::addMonster] Cannot find "Cubchoo"
2024-07-10 17:27:56 -  [Spawn::addMonster] Cannot find "Cubchoo"
2024-07-10 17:27:56 -  [Spawn::addMonster] Cannot find "Cubchoo"
2024-07-10 17:27:56 -  [Spawn::addMonster] Cannot find "Cubchoo"
2024-07-10 17:27:56 -  [Spawn::addMonster] Cannot find "Beartic"
2024-07-10 17:27:56 -  [Spawn::addMonster] Cannot find "Beartic"
2024-07-10 17:27:56 -  [Spawn::addMonster] Cannot find "Cubchoo"
2024-07-10 17:27:56 -  [Spawn::addMonster] Cannot find "Cubchoo"
2024-07-10 17:27:56 -  [Spawn::addMonster] Cannot find "Beartic"
2024-07-10 17:27:56 -  [Spawn::addMonster] Cannot find "Beartic"
2024-07-10 17:27:56 -  [Spawn::addMonster] Cannot find "Cubchoo"
2024-07-10 17:27:56 -  [Spawn::addMonster] Cannot find "Beartic"
2024-07-10 17:27:56 -  [Spawn::addMonster] Cannot find "Cubchoo"
2024-07-10 17:27:56 -  [Spawn::addMonster] Cannot find "Beartic"
2024-07-10 17:27:56 -  [Spawn::addMonster] Cannot find "Beartic"
2024-07-10 17:27:56 -  [Spawn::addMonster] Cannot find "Cubchoo"
2024-07-10 17:27:56 -  [Spawn::addMonster] Cannot find "Cubchoo"
2024-07-10 17:27:56 -  [Spawn::addMonster] Cannot find "Cubchoo"
2024-07-10 17:27:56 -  [Spawn::addMonster] Cannot find "Cubchoo"
2024-07-10 17:27:56 -  [Spawn::addMonster] Cannot find "Cubchoo"
2024-07-10 17:27:56 -  [Spawn::addMonster] Cannot find "Beartic"
2024-07-10 17:27:56 -  [Spawn::addMonster] Cannot find "Pansage"
2024-07-10 17:27:56 -  [Spawn::addMonster] Cannot find "Pansage"
2024-07-10 17:27:56 -  [Spawn::addMonster] Cannot find "Pansage"
2024-07-10 17:27:56 -  [Spawn::addMonster] Cannot find "Gothorita"
2024-07-10 17:27:56 -  [Spawn::addMonster] Cannot find "Gothorita"
2024-07-10 17:27:56 -  [Spawn::addMonster] Cannot find "Gothorita"
2024-07-10 17:27:56 -  [Spawn::addMonster] Cannot find "Gothorita"
2024-07-10 17:27:56 -  [Spawn::addMonster] Cannot find "Gothorita"
2024-07-10 17:27:56 -  [Spawn::addMonster] Cannot find "Gothorita"
2024-07-10 17:27:56 -  [Spawn::addMonster] Cannot find "Gothorita"
2024-07-10 17:27:56 -  [Spawn::addMonster] Cannot find "Cubchoo"
2024-07-10 17:27:56 -  [Spawn::addMonster] Cannot find "Cubchoo"
2024-07-10 17:27:56 -  [Spawn::addMonster] Cannot find "Cubchoo"
2024-07-10 17:27:56 -  [Spawn::addMonster] Cannot find "Cubchoo"
2024-07-10 17:27:56 -  [Spawn::addMonster] Cannot find "Cubchoo"
2024-07-10 17:27:56 -  [Spawn::addMonster] Cannot find "Cubchoo"
2024-07-10 17:27:56 -  [Spawn::addMonster] Cannot find "Cubchoo"
2024-07-10 17:27:56 -  [Spawn::addMonster] Cannot find "Cubchoo"
2024-07-10 17:27:56 -  [Spawn::addMonster] Cannot find "Beartic"
2024-07-10 17:27:56 -  [Spawn::addMonster] Cannot find "Cubchoo"
2024-07-10 17:27:56 -  [Spawn::addMonster] Cannot find "Beartic"
2024-07-10 17:27:56 -  [Spawn::addMonster] Cannot find "Cubchoo"
2024-07-10 17:27:56 -  [Spawn::addMonster] Cannot find "Cubchoo"
2024-07-10 17:27:56 -  [Spawn::addMonster] Cannot find "Cubchoo"
2024-07-10 17:27:56 -  [Spawn::addMonster] Cannot find "Cubchoo"
2024-07-10 17:27:56 -  [Spawn::addMonster] Cannot find "Gothorita"
2024-07-10 17:27:56 -  [Spawn::addMonster] Cannot find "Gothorita"
2024-07-10 17:27:56 -  [Spawn::addMonster] Cannot find "Gothorita"
2024-07-10 17:27:56 -  [Spawn::addMonster] Cannot find "Gothorita"
2024-07-10 17:27:56 -  [Spawn::addMonster] Cannot find "Cubchoo"
2024-07-10 17:27:56 -  [Spawn::addMonster] Cannot find "Cubchoo"
2024-07-10 17:27:56 -  [Spawn::addMonster] Cannot find "Beartic"
2024-07-10 17:27:56 -  [Spawn::addMonster] Cannot find "Cubchoo"
2024-07-10 17:27:56 -  [Spawn::addMonster] Cannot find "Cubchoo"
2024-07-10 17:27:56 -  [Spawn::addMonster] Cannot find "Cubchoo"
2024-07-10 17:27:56 -  [Spawn::addMonster] Cannot find "Beartic"
2024-07-10 17:27:56 -  [Spawn::addMonster] Cannot find "Guardian Magmar"
2024-07-10 17:27:56 -  [Spawn::addMonster] Cannot find "Guardian Magmar"
2024-07-10 17:27:56 -  [Spawn::addMonster] Cannot find "Guardian Magmar"
2024-07-10 17:27:56 -  [Spawn::addMonster] Cannot find "Guardian Magmar"
2024-07-10 17:27:56 -  [Spawn::addMonster] Cannot find "Guardian Magmar"
2024-07-10 17:27:56 -  [Spawn::addMonster] Cannot find "Guardian Magmar"
2024-07-10 17:27:56 -  [Spawn::addMonster] Cannot find "Guardian Magmar"
2024-07-10 17:27:56 -  [Spawn::addMonster] Cannot find "Guardian Magmar"
2024-07-10 17:27:56 -  [Spawn::addMonster] Cannot find "Guardian Magmar"
2024-07-10 17:27:56 -  [Spawn::addMonster] Cannot find "Guardian Magmar"
2024-07-10 17:27:56 -  [Spawn::addMonster] Cannot find "Guardian Magmar"
2024-07-10 17:27:56 -  [Spawn::addMonster] Cannot find "Guardian Magmar"
2024-07-10 17:27:56 -  [Spawn::addMonster] Cannot find "Guardian Magmar"
2024-07-10 17:27:56 -  [Spawn::addMonster] Cannot find "Guardian Magmar"
2024-07-10 17:27:56 -  [Spawn::addMonster] Cannot find "Guardian Magmar"
2024-07-10 17:27:56 -  [Spawn::addMonster] Cannot find "Guardian Magmar"
2024-07-10 17:27:56 -  [Spawn::addMonster] Cannot find "Guardian Magmar"
2024-07-10 17:27:56 -  [Spawn::addMonster] Cannot find "Guardian Magmar"
2024-07-10 17:27:56 -  [Spawn::addMonster] Cannot find "Guardian Magmar"
2024-07-10 17:27:56 -  [Spawn::addMonster] Cannot find "Guardian Magmar"
2024-07-10 17:27:56 -  [Spawn::addMonster] Cannot find "Krookodile"
2024-07-10 17:27:56 -  [Spawn::addMonster] Cannot find "Krookodile"
2024-07-10 17:27:56 -  [Spawn::addMonster] Cannot find "Krookodile"
2024-07-10 17:27:56 -  [Spawn::addMonster] Cannot find "Krookodile"
2024-07-10 17:27:56 -  [Spawn::addMonster] Cannot find "Oshawott"
2024-07-10 17:27:56 -  [Spawn::addMonster] Cannot find "Krookodile"
2024-07-10 17:27:56 -  [Spawn::addMonster] Cannot find "Krookodile"
2024-07-10 17:27:56 -  [Spawn::addMonster] Cannot find "Krookodile"
2024-07-10 17:27:56 -  [Spawn::addMonster] Cannot find "Krookodile"
2024-07-10 17:27:56 -  [Spawn::addMonster] Cannot find "Krookodile"
2024-07-10 17:27:56 -  [Spawn::addMonster] Cannot find "Krookodile"
2024-07-10 17:27:56 -  [Spawn::addMonster] Cannot find "Krookodile"
2024-07-10 17:27:56 -  [Spawn::addMonster] Cannot find "Krookodile"
2024-07-10 17:27:56 -  [Spawn::addMonster] Cannot find "Guardian Magmar"
2024-07-10 17:27:56 -  [Spawn::addMonster] Cannot find "Guardian Magmar"
2024-07-10 17:27:56 -  [Spawn::addMonster] Cannot find "Guardian Magmar"
2024-07-10 17:27:56 -  [Spawn::addMonster] Cannot find "Guardian Magmar"
2024-07-10 17:27:56 -  [Spawn::addMonster] Cannot find "Guardian Magmar"
2024-07-10 17:27:56 -  [Spawn::addMonster] Cannot find "Guardian Magmar"
2024-07-10 17:27:56 -  [Spawn::addMonster] Cannot find "Guardian Magmar"
2024-07-10 17:27:56 -  [Spawn::addMonster] Cannot find "Guardian Magmar"
2024-07-10 17:27:56 -  [Spawn::addMonster] Cannot find "Guardian Magmar"
2024-07-10 17:27:56 -  [Spawn::addMonster] Cannot find "Guardian Magmar"
2024-07-10 17:27:56 -  [Spawn::addMonster] Cannot find "Guardian Magmar"
2024-07-10 17:27:56 -  [Spawn::addMonster] Cannot find "Guardian Magmar"
2024-07-10 17:27:56 -  [Spawn::addMonster] Cannot find "Guardian Magmar"
2024-07-10 17:27:56 -  [Spawn::addMonster] Cannot find "Guardian Magmar"
2024-07-10 17:27:56 -  [Spawn::addMonster] Cannot find "Guardian Magmar"
2024-07-10 17:27:56 -  [Spawn::addMonster] Cannot find "Guardian Magmar"
2024-07-10 17:27:56 -  [Spawn::addMonster] Cannot find "Guardian Magmar"
2024-07-10 17:27:56 -  [Spawn::addMonster] Cannot find "Guardian Magmar"
2024-07-10 17:27:56 -  [Spawn::addMonster] Cannot find "Guardian Magmar"
2024-07-10 17:27:56 -  [Spawn::addMonster] Cannot find "Guardian Magmar"
2024-07-10 17:27:56 -  [Spawn::addMonster] Cannot find "Guardian Magmar"
2024-07-10 17:27:56 -  [Spawn::addMonster] Cannot find "Guardian Magmar"
2024-07-10 17:27:56 -  [Spawn::addMonster] Cannot find "Guardian Magmar"
2024-07-10 17:27:56 -  [Spawn::addMonster] Cannot find "Guardian Magmar"
2024-07-10 17:27:56 -  [Spawn::addMonster] Cannot find "Guardian Magmar"
2024-07-10 17:27:56 -  [Spawn::addMonster] Cannot find "Guardian Magmar"
2024-07-10 17:27:56 -  [Spawn::addMonster] Cannot find "Guardian Magmar"
2024-07-10 17:27:56 -  [Spawn::addMonster] Cannot find "Guardian Magmar"
2024-07-10 17:27:56 -  [Spawn::addMonster] Cannot find "Guardian Magmar"
2024-07-10 17:27:56 -  [Spawn::addMonster] Cannot find "Guardian Magmar"
2024-07-10 17:27:56 -  [Spawn::addMonster] Cannot find "Guardian Magmar"
2024-07-10 17:27:56 -  [Spawn::addMonster] Cannot find "Guardian Magmar"
2024-07-10 17:27:56 -  [Spawn::addMonster] Cannot find "Guardian Magmar"
2024-07-10 17:27:56 -  [Spawn::addMonster] Cannot find "Guardian Magmar"
2024-07-10 17:27:56 -  [Spawn::addMonster] Cannot find "Krookodile"
2024-07-10 17:27:56 -  [Spawn::addMonster] Cannot find "Krookodile"
2024-07-10 17:27:56 -  [Spawn::addMonster] Cannot find "Krookodile"
2024-07-10 17:27:56 -  [Spawn::addMonster] Cannot find "Krookodile"
2024-07-10 17:27:56 -  [Spawn::addMonster] Cannot find "Krookodile"
2024-07-10 17:27:56 -  [Spawn::addMonster] Cannot find "Oshawott"
2024-07-10 17:27:56 -  [Spawn::addMonster] Cannot find "Krookodile"
2024-07-10 17:27:56 -  [Spawn::addMonster] Cannot find "Krookodile"
2024-07-10 17:27:56 -  [Spawn::addMonster] Cannot find "Krookodile"
2024-07-10 17:27:56 -  [Spawn::addMonster] Cannot find "Guardian Magmar"
2024-07-10 17:27:56 -  [Spawn::addMonster] Cannot find "Guardian Magmar"
2024-07-10 17:27:56 -  [Spawn::addMonster] Cannot find "Guardian Magmar"
2024-07-10 17:27:56 -  [Spawn::addMonster] Cannot find "Guardian Magmar"
2024-07-10 17:27:56 -  [Spawn::addMonster] Cannot find "Guardian Magmar"
2024-07-10 17:27:56 -  [Spawn::addMonster] Cannot find "Guardian Magmar"
2024-07-10 17:27:56 -  [Spawn::addMonster] Cannot find "Guardian Magmar"
2024-07-10 17:27:56 -  [Spawn::addMonster] Cannot find "Guardian Magmar"
2024-07-10 17:27:56 -  [Spawn::addMonster] Cannot find "Guardian Magmar"
2024-07-10 17:27:56 -  [Spawn::addMonster] Cannot find "Guardian Magmar"
2024-07-10 17:27:56 -  [Spawn::addMonster] Cannot find "Guardian Magmar"
2024-07-10 17:27:56 -  [Spawn::addMonster] Cannot find "Guardian Magmar"
2024-07-10 17:27:56 -  [Spawn::addMonster] Cannot find "Guardian Magmar"
2024-07-10 17:27:56 -  [Spawn::addMonster] Cannot find "Guardian Magmar"
2024-07-10 17:27:56 -  [Spawn::addMonster] Cannot find "Guardian Magmar"
2024-07-10 17:27:56 -  [Spawn::addMonster] Cannot find "Guardian Magmar"
2024-07-10 17:27:56 -  [Spawn::addMonster] Cannot find "Guardian Magmar"
2024-07-10 17:27:56 -  [Spawn::addMonster] Cannot find "Guardian Magmar"
2024-07-10 17:27:56 -  [Spawn::addMonster] Cannot find "Guardian Magmar"
2024-07-10 17:27:56 -  [Spawn::addMonster] Cannot find "Guardian Magmar"
2024-07-10 17:27:56 -  [Spawn::addMonster] Cannot find "Guardian Magmar"
2024-07-10 17:27:56 -  [Warning - Houses::loadFromXml] House entry not set for: Forgotten headquarter (Flat 1, Area 42) (471)
2024-07-10 17:27:56 -  [Warning - Houses::loadFromXml] House entry not set for: Forgotten headquarter (Flat 1, Area 42) (472)
2024-07-10 17:27:56 -  [Warning - Houses::loadFromXml] House entry not set for: Forgotten headquarter (Flat 1, Area 42) (473)
2024-07-10 17:27:56 -  [Warning - Houses::loadFromXml] House entry not set for: Forgotten headquarter (Flat 1, Area 42) (474)
2024-07-10 17:27:56 -  [Warning - Houses::loadFromXml] House entry not set for: Forgotten headquarter (Flat 1, Area 42) (475)
2024-07-10 17:27:56 -  [Warning - Houses::loadFromXml] House entry not set for: Forgotten headquarter (Flat 1, Area 42) (476)
2024-07-10 17:27:56 -  [Warning - Houses::loadFromXml] House entry not set for: Forgotten headquarter (Flat 1, Area 42) (477)
2024-07-10 17:27:56 -  [Warning - Houses::loadFromXml] House entry not set for: Forgotten headquarter (Flat 1, Area 42) (478)
2024-07-10 17:27:56 -  [Warning - Houses::loadFromXml] House entry not set for: Forgotten headquarter (Flat 1, Area 42) (1028)
2024-07-10 17:27:56 -  [Warning - Houses::loadFromXml] House entry not set for: Forgotten headquarter (Flat 1, Area 42) (1029)
2024-07-10 17:27:56 -  [Warning - Houses::loadFromXml] House entry not set for: Forgotten headquarter (Flat 1, Area 42) (1030)
2024-07-10 17:27:56 -  [Warning - Houses::loadFromXml] House entry not set for: Forgotten headquarter (Flat 1, Area 42) (1031)
2024-07-10 17:27:56 -  [Warning - Houses::loadFromXml] House entry not set for: Forgotten headquarter (Flat 1, Area 42) (1032)
2024-07-10 17:27:56 -  [Warning - Houses::loadFromXml] House entry not set for: Forgotten headquarter (Flat 1, Area 42) (1033)
2024-07-10 17:27:56 -  [Warning - Houses::loadFromXml] House entry not set for: Forgotten headquarter (Flat 1, Area 42) (1034)
2024-07-10 17:27:56 -  [Warning - Houses::loadFromXml] House entry not set for: Forgotten headquarter (Flat 1, Area 42) (1035)
2024-07-10 17:27:56 -  [Warning - Houses::loadFromXml] House entry not set for: Forgotten headquarter (Flat 1, Area 42) (1036)
2024-07-10 17:27:56 -  [Warning - Houses::loadFromXml] House entry not set for: Forgotten headquarter (Flat 1, Area 42) (1037)
2024-07-10 17:27:56 -  [Warning - Houses::loadFromXml] House entry not set for: Forgotten headquarter (Flat 1, Area 42) (1038)
2024-07-10 17:27:56 -  [Warning - Houses::loadFromXml] House entry not set for: Forgotten headquarter (Flat 1, Area 42) (1039)
2024-07-10 17:27:56 -  [Warning - Houses::loadFromXml] House entry not set for: Forgotten headquarter (Flat 1, Area 42) (1040)
2024-07-10 17:27:56 -  [Warning - Houses::loadFromXml] House entry not set for: Forgotten headquarter (Flat 1, Area 42) (1041)
2024-07-10 17:27:56 -  [Warning - Houses::loadFromXml] House entry not set for: Forgotten headquarter (Flat 1, Area 42) (1042)
2024-07-10 17:27:56 -  [Warning - Houses::loadFromXml] House entry not set for: Forgotten headquarter (Flat 1, Area 42) (1043)
2024-07-10 17:27:56 -  [Warning - Houses::loadFromXml] House entry not set for: Forgotten headquarter (Flat 1, Area 42) (1044)
2024-07-10 17:27:56 -  [Warning - Houses::loadFromXml] House entry not set for: Forgotten headquarter (Flat 1, Area 42) (1056)
2024-07-10 17:27:56 -  [Warning - Houses::loadFromXml] House entry not set for: Forgotten headquarter (Flat 1, Area 42) (1094)
2024-07-10 17:27:56 -  > Data parsing time: 0.333 seconds.
2024-07-10 17:27:56 -  > Houses synchronization time: 0.195 seconds.
2024-07-10 17:28:03 -  > Content unserialization time: 6.814 seconds.
2024-07-10 17:28:03 -  >> Checking world type... NoN-PvP
2024-07-10 17:28:03 -  >> Initializing game state modules and registering services...
2024-07-10 17:28:03 -  [New Thread 0x7fff7ffff700 (LWP 20084)]
2024-07-10 17:28:05 -  [Warning - Monster::Monster] Unknown event name - tp
2024-07-10 17:28:06 -  > Global address: 85.209.93.118
2024-07-10 17:28:06 -  > Local ports: 7172	7183	
2024-07-10 17:28:06 -  >> All modules were loaded, server is starting up...
2024-07-10 17:28:06 -  >> Green server Online!
2024-07-10 17:28:06 -  
2024-07-10 17:28:12 -  Yuukireh has logged in.
2024-07-10 17:29:34 -  [ADM] Venez has logged in.
2024-07-10 17:30:04 -  Darkin has logged in.
2024-07-10 17:30:05 -  Lain has logged in.
2024-07-10 17:30:16 -  Albedo has logged in.
2024-07-10 17:30:21 -  Otomeuhugo has logged in.
2024-07-10 17:31:07 -  > Broadcasted message: "Evitem acessar sites falsos! Nosso único site oficial é www.pokenight.com. Fiquem atentos e joguem com segurança!".
2024-07-10 17:31:47 -  Lain has logged out.
2024-07-10 17:31:48 -  Lain has logged in.
2024-07-10 17:31:53 -  Lain has logged out.
2024-07-10 17:31:54 -  [Help] Klaus has logged in.
2024-07-10 17:32:28 -  Lain has logged in.
2024-07-10 17:33:37 -  Baambk has logged in.
2024-07-10 17:34:21 -  > [ADM] Venez broadcasted message: "Não saiam do CP".
2024-07-10 17:34:28 -  > Broadcasted message: "Está curtindo o servidor? Que tal convidar seus amigos para se juntarem a você? A diversão é ainda melhor quando compartilhada!".
2024-07-10 17:34:35 -  Frank Castle has logged in.
2024-07-10 17:35:16 -  
2024-07-10 17:35:16 -  Thread 1 "theforgottenser" received signal SIGINT, Interrupt.
2024-07-10 17:35:16 -  0x00007ffff7786d96 in epoll_wait (epfd=4, events=events@entry=0x7fffffffdc50, maxevents=maxevents@entry=128, timeout=timeout@entry=-1) at ../sysdeps/unix/sysv/linux/epoll_wait.c:30
2024-07-10 17:35:16 -  30	../sysdeps/unix/sysv/linux/epoll_wait.c: No such file or directory.
2024-07-10 17:35:16 -  
2024-07-10 17:35:16 -  Thread 3 (Thread 0x7fff7ffff700 (LWP 20084) "theforgottenser"):
2024-07-10 17:35:16 -  #0  futex_abstimed_wait_cancelable (private=0, abstime=0x7fff7fffee50, clockid=2147478864, expected=0, futex_word=0x5555557e3db8 <Scheduler::getInstance()::scheduler+184>) at ../sysdeps/nptl/futex-internal.h:323
2024-07-10 17:35:16 -          __ret = -516
2024-07-10 17:35:16 -          clockbit = 0
2024-07-10 17:35:16 -          op = 137
2024-07-10 17:35:16 -          __ret = <optimized out>
2024-07-10 17:35:16 -          oldtype = 0
2024-07-10 17:35:16 -          err = <optimized out>
2024-07-10 17:35:16 -          oldtype = <optimized out>
2024-07-10 17:35:16 -          err = <optimized out>
2024-07-10 17:35:16 -          __ret = <optimized out>
2024-07-10 17:35:16 -          clockbit = <optimized out>
2024-07-10 17:35:16 -          op = <optimized out>
2024-07-10 17:35:16 -          __ret = <optimized out>
2024-07-10 17:35:16 -          resultvar = <optimized out>
2024-07-10 17:35:16 -          __arg6 = <optimized out>
2024-07-10 17:35:16 -          __arg5 = <optimized out>
2024-07-10 17:35:16 -          __arg4 = <optimized out>
2024-07-10 17:35:16 -          __arg3 = <optimized out>
2024-07-10 17:35:16 -          __arg2 = <optimized out>
2024-07-10 17:35:16 -          __arg1 = <optimized out>
2024-07-10 17:35:16 -          _a6 = <optimized out>
2024-07-10 17:35:16 -          _a5 = <optimized out>
2024-07-10 17:35:16 -          _a4 = <optimized out>
2024-07-10 17:35:16 -          _a3 = <optimized out>
2024-07-10 17:35:16 -          _a2 = <optimized out>
2024-07-10 17:35:16 -          _a1 = <optimized out>
2024-07-10 17:35:16 -  #1  __pthread_cond_wait_common (abstime=0x7fff7fffee50, clockid=2147478864, mutex=0x5555557e3d68 <Scheduler::getInstance()::scheduler+104>, cond=0x5555557e3d90 <Scheduler::getInstance()::scheduler+144>) at pthread_cond_wait.c:520
2024-07-10 17:35:16 -          spin = 0
2024-07-10 17:35:16 -          buffer = {__routine = 0x7ffff7b98540 <__condvar_cleanup_waiting>, __arg = 0x7fff7fffed50, __canceltype = 1434336616, __prev = 0x0}
2024-07-10 17:35:16 -          cbuffer = {wseq = 77114, cond = 0x5555557e3d90 <Scheduler::getInstance()::scheduler+144>, mutex = 0x5555557e3d68 <Scheduler::getInstance()::scheduler+104>, private = 0}
2024-07-10 17:35:16 -          err = <optimized out>
2024-07-10 17:35:16 -          g = 0
2024-07-10 17:35:16 -          flags = <optimized out>
2024-07-10 17:35:16 -          g1_start = <optimized out>
2024-07-10 17:35:16 -          maxspin = 0
2024-07-10 17:35:16 -          signals = <optimized out>
2024-07-10 17:35:16 -          result = 0
2024-07-10 17:35:16 -          wseq = 77114
2024-07-10 17:35:16 -          seq = 38557
2024-07-10 17:35:16 -          private = 0
2024-07-10 17:35:16 -          maxspin = <optimized out>
2024-07-10 17:35:16 -          err = <optimized out>
2024-07-10 17:35:16 -          result = <optimized out>
2024-07-10 17:35:16 -          wseq = <optimized out>
2024-07-10 17:35:16 -          g = <optimized out>
2024-07-10 17:35:16 -          seq = <optimized out>
2024-07-10 17:35:16 -          flags = <optimized out>
2024-07-10 17:35:16 -          private = <optimized out>
2024-07-10 17:35:16 -          signals = <optimized out>
2024-07-10 17:35:16 -          done = <optimized out>
2024-07-10 17:35:16 -          g1_start = <optimized out>
2024-07-10 17:35:16 -          spin = <optimized out>
2024-07-10 17:35:16 -          buffer = {__routine = <optimized out>, __arg = <optimized out>, __canceltype = <optimized out>, __prev = <optimized out>}
2024-07-10 17:35:16 -          cbuffer = {wseq = <optimized out>, cond = <optimized out>, mutex = <optimized out>, private = <optimized out>}
2024-07-10 17:35:16 -          s = <optimized out>
2024-07-10 17:35:16 -  #2  __pthread_cond_timedwait (cond=cond@entry=0x5555557e3d90 <Scheduler::getInstance()::scheduler+144>, mutex=mutex@entry=0x5555557e3d68 <Scheduler::getInstance()::scheduler+104>, abstime=abstime@entry=0x7fff7fffee50) at pthread_cond_wait.c:656
2024-07-10 17:35:16 -          flags = <optimized out>
2024-07-10 17:35:16 -          clockid = 2147478864
2024-07-10 17:35:16 -  #3  0x0000555555717bbf in boost::posix::pthread_cond_timedwait (t=0x7fff7fffee50, m=0x5555557e3d68 <Scheduler::getInstance()::scheduler+104>, c=0x5555557e3d90 <Scheduler::getInstance()::scheduler+144>) at /usr/include/boost/thread/pthread/pthread_helpers.hpp:123
2024-07-10 17:35:16 -          ret = <optimized out>
2024-07-10 17:35:16 -          ret = <optimized out>
2024-07-10 17:35:16 -  #4  boost::condition_variable::do_wait_until (timeout=..., m=..., this=0x5555557e3d68 <Scheduler::getInstance()::scheduler+104>) at /usr/include/boost/thread/pthread/condition_variable.hpp:122
2024-07-10 17:35:16 -          guard = {m = 0x7fff7fffee30}
2024-07-10 17:35:16 -          check_for_interruption = {thread_info = 0x7fffead1d1e0, m = 0x5555557e3d68 <Scheduler::getInstance()::scheduler+104>, set = true, done = false}
2024-07-10 17:35:16 -          the_mutex = 0x5555557e3d68 <Scheduler::getInstance()::scheduler+104>
2024-07-10 17:35:16 -          cond_res = <optimized out>
2024-07-10 17:35:16 -          cond_res = <optimized out>
2024-07-10 17:35:16 -          guard = {m = <optimized out>}
2024-07-10 17:35:16 -          check_for_interruption = {thread_info = <optimized out>, m = <optimized out>, set = <optimized out>, done = <optimized out>}
2024-07-10 17:35:16 -          the_mutex = <optimized out>
2024-07-10 17:35:16 -  #5  boost::condition_variable::timed_wait (abs_time=..., m=..., this=0x5555557e3d68 <Scheduler::getInstance()::scheduler+104>) at /usr/include/boost/thread/pthread/condition_variable_fwd.hpp:116
2024-07-10 17:35:17 -          ts = {dur = {ts_val = {tv_sec = <optimized out>, tv_nsec = <optimized out>}}}
2024-07-10 17:35:17 -          d = {ts_val = {tv_sec = <optimized out>, tv_nsec = <optimized out>}}
2024-07-10 17:35:17 -          ts = {dur = {ts_val = {tv_sec = <optimized out>, tv_nsec = <optimized out>}}}
2024-07-10 17:35:17 -          d = {ts_val = {tv_sec = <optimized out>, tv_nsec = <optimized out>}}
2024-07-10 17:35:17 -  #6  Scheduler::schedulerThread (p=0x5555557e3d00 <Scheduler::getInstance()::scheduler>) at scheduler.cpp:52
2024-07-10 17:35:17 -          task = 0x0
2024-07-10 17:35:17 -          run = false
2024-07-10 17:35:17 -          ret = false
2024-07-10 17:35:17 -          scheduler = 0x5555557e3d00 <Scheduler::getInstance()::scheduler>
2024-07-10 17:35:17 -          eventLockUnique = {m = 0x5555557e3d40 <Scheduler::getInstance()::scheduler+64>, is_locked = false}
2024-07-10 17:35:17 -  #7  0x0000555555718a06 in boost::_bi::list1<boost::_bi::value<void*> >::operator()<void (*)(void*), boost::_bi::list0> (a=<synthetic pointer>..., f=<optimized out>, this=<optimized out>) at /usr/include/boost/bind/bind.hpp:259
2024-07-10 17:35:17 -  No locals.
2024-07-10 17:35:17 -  #8  boost::_bi::bind_t<void, void (*)(void*), boost::_bi::list1<boost::_bi::value<void*> > >::operator() (this=<optimized out>) at /usr/include/boost/bind/bind.hpp:1294
2024-07-10 17:35:17 -          a = {<No data fields>}
2024-07-10 17:35:17 -  #9  boost::detail::thread_data<boost::_bi::bind_t<void, void (*)(void*), boost::_bi::list1<boost::_bi::value<void*> > > >::run (this=<optimized out>) at /usr/include/boost/thread/detail/thread.hpp:120
2024-07-10 17:35:17 -  No locals.
2024-07-10 17:35:17 -  #10 0x00007ffff7bb7787 in ?? () from /lib/x86_64-linux-gnu/libboost_thread.so.1.74.0
2024-07-10 17:35:17 -  No symbol table info available.
2024-07-10 17:35:17 -  #11 0x00007ffff7b91ea7 in start_thread (arg=<optimized out>) at pthread_create.c:477
2024-07-10 17:35:17 -          ret = <optimized out>
2024-07-10 17:35:17 -          pd = <optimized out>
2024-07-10 17:35:17 -          unwind_buf = {cancel_jmp_buf = {{jmp_buf = {140735340869376, 1654093226279682935, 140737306567950, 140737306567951, 140735340867520, 8396800, -1654374701767081097, -1654111388636953737}, mask_was_saved = 0}}, priv = {pad = {0x0, 0x0, 0x0, 0x0}, data = {prev = 0x0, cleanup = 0x0, canceltype = 0}}}
2024-07-10 17:35:17 -          not_first_call = 0
2024-07-10 17:35:17 -  #12 0x00007ffff7786a6f in clone () at ../sysdeps/unix/sysv/linux/x86_64/clone.S:95
2024-07-10 17:35:17 -  No locals.
2024-07-10 17:35:17 -  
2024-07-10 17:35:17 -  Thread 2 (Thread 0x7ffff52a3700 (LWP 20083) "theforgottenser"):
2024-07-10 17:35:17 -  #0  futex_wait_cancelable (private=0, expected=0, futex_word=0x5555557e3fa4 <Dispatcher::getInstance()::dispatcher+132>) at ../sysdeps/nptl/futex-internal.h:186
2024-07-10 17:35:17 -          __ret = -512
2024-07-10 17:35:17 -          oldtype = 0
2024-07-10 17:35:17 -          err = <optimized out>
2024-07-10 17:35:17 -          oldtype = <optimized out>
2024-07-10 17:35:17 -          err = <optimized out>
2024-07-10 17:35:17 -          __ret = <optimized out>
2024-07-10 17:35:17 -          resultvar = <optimized out>
2024-07-10 17:35:17 -          __arg4 = <optimized out>
2024-07-10 17:35:17 -          __arg3 = <optimized out>
2024-07-10 17:35:17 -          __arg2 = <optimized out>
2024-07-10 17:35:17 -          __arg1 = <optimized out>
2024-07-10 17:35:17 -          _a4 = <optimized out>
2024-07-10 17:35:17 -          _a3 = <optimized out>
2024-07-10 17:35:17 -          _a2 = <optimized out>
2024-07-10 17:35:17 -          _a1 = <optimized out>
2024-07-10 17:35:17 -  #1  __pthread_cond_wait_common (abstime=0x0, clockid=0, mutex=0x5555557e3f50 <Dispatcher::getInstance()::dispatcher+48>, cond=0x5555557e3f78 <Dispatcher::getInstance()::dispatcher+88>) at pthread_cond_wait.c:508
2024-07-10 17:35:17 -          spin = 0
2024-07-10 17:35:17 -          buffer = {__routine = 0x7ffff7b98540 <__condvar_cleanup_waiting>, __arg = 0x7ffff52a2d10, __canceltype = -784236672, __prev = 0x0}
2024-07-10 17:35:17 -          cbuffer = {wseq = 79927, cond = 0x5555557e3f78 <Dispatcher::getInstance()::dispatcher+88>, mutex = 0x5555557e3f50 <Dispatcher::getInstance()::dispatcher+48>, private = 0}
2024-07-10 17:35:17 -          err = <optimized out>
2024-07-10 17:35:17 -          g = 4113181936
2024-07-10 17:35:17 -          flags = <optimized out>
2024-07-10 17:35:17 -          g1_start = <optimized out>
2024-07-10 17:35:17 -          maxspin = 0
2024-07-10 17:35:17 -          signals = <optimized out>
2024-07-10 17:35:17 -          result = 0
2024-07-10 17:35:17 -          wseq = 79927
2024-07-10 17:35:17 -          seq = 39963
2024-07-10 17:35:17 -          private = 0
2024-07-10 17:35:17 -          maxspin = <optimized out>
2024-07-10 17:35:17 -          err = <optimized out>
2024-07-10 17:35:17 -          result = <optimized out>
2024-07-10 17:35:17 -          wseq = <optimized out>
2024-07-10 17:35:17 -          g = <optimized out>
2024-07-10 17:35:17 -          seq = <optimized out>
2024-07-10 17:35:17 -          flags = <optimized out>
2024-07-10 17:35:17 -          private = <optimized out>
2024-07-10 17:35:17 -          signals = <optimized out>
2024-07-10 17:35:17 -          done = <optimized out>
2024-07-10 17:35:17 -          g1_start = <optimized out>
2024-07-10 17:35:17 -          spin = <optimized out>
2024-07-10 17:35:17 -          buffer = {__routine = <optimized out>, __arg = <optimized out>, __canceltype = <optimized out>, __prev = <optimized out>}
2024-07-10 17:35:17 -          cbuffer = {wseq = <optimized out>, cond = <optimized out>, mutex = <optimized out>, private = <optimized out>}
2024-07-10 17:35:17 -          s = <optimized out>
2024-07-10 17:35:17 -  #2  __pthread_cond_wait (cond=cond@entry=0x5555557e3f78 <Dispatcher::getInstance()::dispatcher+88>, mutex=mutex@entry=0x5555557e3f50 <Dispatcher::getInstance()::dispatcher+48>) at pthread_cond_wait.c:638
2024-07-10 17:35:17 -  No locals.
2024-07-10 17:35:17 -  #3  0x00005555556baaf0 in boost::posix::pthread_cond_wait (m=<optimized out>, c=<optimized out>) at /usr/include/boost/thread/pthread/pthread_helpers.hpp:112
2024-07-10 17:35:17 -          ret = <optimized out>
2024-07-10 17:35:17 -  #4  boost::condition_variable::wait (this=0x5555557e3f50 <Dispatcher::getInstance()::dispatcher+48>, m=...) at /usr/include/boost/thread/pthread/condition_variable.hpp:79
2024-07-10 17:35:17 -          guard = {m = <optimized out>}
2024-07-10 17:35:17 -          check_for_interruption = {thread_info = 0x555555812fc0, m = 0x5555557e3f50 <Dispatcher::getInstance()::dispatcher+48>, set = true, done = false}
2024-07-10 17:35:17 -          the_mutex = 0x5555557e3f50 <Dispatcher::getInstance()::dispatcher+48>
2024-07-10 17:35:17 -          res = 0
2024-07-10 17:35:17 -  #5  0x000055555573ca92 in Dispatcher::dispatcherThread (p=0x5555557e3f20 <Dispatcher::getInstance()::dispatcher>) at tasks.cpp:54
2024-07-10 17:35:17 -          task = 0x0
2024-07-10 17:35:17 -          dispatcher = 0x5555557e3f20 <Dispatcher::getInstance()::dispatcher>
2024-07-10 17:35:17 -          outputPool = <optimized out>
2024-07-10 17:35:17 -          taskLockUnique = {m = 0x5555557e3f28 <Dispatcher::getInstance()::dispatcher+8>, is_locked = false}
2024-07-10 17:35:17 -  #6  0x0000555555718a06 in boost::_bi::list1<boost::_bi::value<void*> >::operator()<void (*)(void*), boost::_bi::list0> (a=<synthetic pointer>..., f=<optimized out>, this=<optimized out>) at /usr/include/boost/bind/bind.hpp:259
2024-07-10 17:35:17 -  No locals.
2024-07-10 17:35:17 -  #7  boost::_bi::bind_t<void, void (*)(void*), boost::_bi::list1<boost::_bi::value<void*> > >::operator() (this=<optimized out>) at /usr/include/boost/bind/bind.hpp:1294
2024-07-10 17:35:17 -          a = {<No data fields>}
2024-07-10 17:35:17 -  #8  boost::detail::thread_data<boost::_bi::bind_t<void, void (*)(void*), boost::_bi::list1<boost::_bi::value<void*> > > >::run (this=<optimized out>) at /usr/include/boost/thread/detail/thread.hpp:120
2024-07-10 17:35:17 -  No locals.
2024-07-10 17:35:17 -  #9  0x00007ffff7bb7787 in ?? () from /lib/x86_64-linux-gnu/libboost_thread.so.1.74.0
2024-07-10 17:35:17 -  No symbol table info available.
2024-07-10 17:35:17 -  #10 0x00007ffff7b91ea7 in start_thread (arg=<optimized out>) at pthread_create.c:477
2024-07-10 17:35:17 -          ret = <optimized out>
2024-07-10 17:35:17 -          pd = <optimized out>
2024-07-10 17:35:17 -          unwind_buf = {cancel_jmp_buf = {{jmp_buf = {140737306572544, 1654093226279682935, 140737488347774, 140737488347775, 140737306570688, 8396800, -1654106036530330761, -1654111388636953737}, mask_was_saved = 0}}, priv = {pad = {0x0, 0x0, 0x0, 0x0}, data = {prev = 0x0, cleanup = 0x0, canceltype = 0}}}
2024-07-10 17:35:17 -          not_first_call = 0
2024-07-10 17:35:17 -  #11 0x00007ffff7786a6f in clone () at ../sysdeps/unix/sysv/linux/x86_64/clone.S:95
2024-07-10 17:35:17 -  No locals.
2024-07-10 17:35:17 -  
2024-07-10 17:35:17 -  Thread 1 (Thread 0x7ffff52a9b80 (LWP 20079) "theforgottenser"):
2024-07-10 17:35:17 -  #0  0x00007ffff7786d96 in epoll_wait (epfd=4, events=events@entry=0x7fffffffdc50, maxevents=maxevents@entry=128, timeout=timeout@entry=-1) at ../sysdeps/unix/sysv/linux/epoll_wait.c:30
2024-07-10 17:35:17 -  No locals.
2024-07-10 17:35:17 -  #1  0x00005555555ae6ed in boost::asio::detail::epoll_reactor::run (this=0x555555812ee0, usec=usec@entry=-1, ops=...) at /usr/include/boost/asio/detail/impl/epoll_reactor.ipp:471
2024-07-10 17:35:17 -          timeout = -1
2024-07-10 17:35:17 -          events = {{events = 1, data = {ptr = 0x555555812f48, fd = 1434529608, u32 = 1434529608, u64 = 93824995110728}}, {events = 1, data = {ptr = 0x555555832040, fd = 1434656832, u32 = 1434656832, u64 = 93824995237952}}, {events = 1720643675, data = {ptr = 0x557e3f2000000000, fd = 0, u32 = 0, u64 = 6160430746960920576}}, {events = 21845, data = {ptr = 0x7fffffffdf00, fd = -8448, u32 = 4294958848, u64 = 140737488346880}}, {events = 1, data = {ptr = 0xf774324d00000000, fd = 0, u32 = 0, u64 = 17830932130960506880}}, {events = 32767, data = {ptr = 0x1c0000000c, fd = 12, u32 = 12, u64 = 120259084300}}, {events = 4294958336, data = {ptr = 0xffffdcb000000000, fd = 0, u32 = 0, u64 = 18446705247205195776}}, {events = 32767, data = {ptr = 0xc, fd = 12, u32 = 12, u64 = 12}}, {events = 1851880006, data = {ptr = 0x656c74736143206b, fd = 1631789163, u32 = 1631789163, u64 = 7308344334217322603}}, {events = 32512, data = {ptr = 0x7fffffffdcd0, fd = -9008, u32 = 4294958288, u64 = 140737488346320}}, {events = 12, data = {ptr = 0x7473756a00000000, fd = 0, u32 = 0, u64 = 8391179628848349184}}, {events = 1768252265, data = {ptr = 0x550030306f72, fd = 808480626, u32 = 808480626, u64 = 93459296841586}}, {events = 0, data = {ptr = 0x0, fd = 0, u32 = 0, u64 = 0}}, {events = 0, data = {ptr = 0x6143206b6e617246, fd = 1851880006, u32 = 1851880006, u64 = 7008481090904093254}}, {events = 1701606515, data = {ptr = 0x556ff86a00005500, fd = 21760, u32 = 21760, u64 = 6156412349789000960}}, {events = 21845, data = {ptr = 0x0, fd = 0, u32 = 0, u64 = 0}}, {events = 1432245302, data = {ptr = 0xf7b9c32700005555, fd = 21845, u32 = 21845, u64 = 17850513170330834261}}, {events = 32767, data = {ptr = 0xffffffffffffffff, fd = -1, u32 = 4294967295, u64 = 18446744073709551615}}, {events = 1434556352, data = {ptr = 0x200005555, fd = 21845, u32 = 21845, u64 = 8589956437}}, {events = 0, data = {ptr = 0xf7b9c327, fd = -138820825, u32 = 4156146471, u64 = 4156146471}}, {events = 1434464096, data = {ptr = 0x555ae38e00005555, fd = 21845, u32 = 21845, u64 = 6150478440152716629}}, {events = 21845, data = {ptr = 0x55555580ae28, fd = 1434496552, u32 = 1434496552, u64 = 93824995077672}}, {events = 14, data = {ptr = 0x5580c5b001005555, fd = 16799061, u32 = 16799061, u64 = 6161141649964553557}}, {events = 21845, data = {ptr = 0x5555555ae302 <boost::asio::detail::reactive_socket_recv_op_base<boost::asio::mutable_buffers_1>::do_perform(boost::asio::detail::reactor_op*)+115>, fd = 1432019714, u32 = 1432019714, u64 = 93824992600834}}, {events = 11, data = {ptr = 0x557d557000000001, fd = 1, u32 = 1, u64 = 6160173804837404673}}, {events = 21845, data = {ptr = 0x7fffffffde60, fd = -8608, u32 = 4294958688, u64 = 140737488346720}}, {events = 0, data = {ptr = 0x55802f6000000000, fd = 0, u32 = 0, u64 = 6160976379606204416}}, {events = 21845, data = {ptr = 0x55555580ae10, fd = 1434496528, u32 = 1434496528, u64 = 93824995077648}}, {events = 1434529504, data = {ptr = 0x5555, fd = 21845, u32 = 21845, u64 = 21845}}, {events = 0, data = {ptr = 0x1, fd = 1, u32 = 1, u64 = 1}}, {events = 1432023589, data = {ptr = 0x558197c000005555, fd = 21845, u32 = 21845, u64 = 6161372616109086037}}, {events = 21845, data = {ptr = 0xef774324d, fd = -143379891, u32 = 4151587405, u64 = 64281129549}}, {events = 1434502576, data = {ptr = 0x555af17a00005555, fd = 21845, u32 = 21845, u64 = 6150493747416159573}}, {events = 0, data = {ptr = 0x55555580a498, fd = 1434494104, u32 = 1434494104, u64 = 93824995075224}}, {events = 2616896513, data = {ptr = 0x18173209d2828, fd = 547170344, u32 = 547170344, u64 = 423806445103144}}, {events = 0, data = {ptr = 0x55555580ae10, fd = 1434496528, u32 = 1434496528, u64 = 93824995077648}}, {events = 4294958848, data = {ptr = 0x200007fff, fd = 32767, u32 = 32767, u64 = 8589967359}}, {events = 0, data = {ptr = 0x2, fd = 2, u32 = 2, u64 = 2}}, {events = 3501331696, data = {ptr = 0x558197c000007fff, fd = 32767, u32 = 32767, u64 = 6161372616109096959}}, {events = 21845, data = {ptr = 0x5555555b52c6 <boost::asio::detail::start_read_buffer_sequence_op<boost::asio::basic_stream_socket<boost::asio::ip::tcp, boost::asio::execution::any_executor<boost::asio::execution::context_as_t<boost::asio::execution_context&>, boost::asio::execution::detail::blocking::never_t<0>, boost::asio::execution::prefer_only<boost::asio::execution::detail::blocking::possibly_t<0> >, boost::asio::execution::prefer_only<boost::asio::execution::detail::outstanding_work::tracked_t<0> >, boost::asio::execution::prefer_only<boost::asio::execution::detail::outstanding_work::untracked_t<0> >, boost::asio::execution::prefer_only<boost::asio::execution::detail::relationship::fork_t<0> >, boost::asio::execution::prefer_only<boost::asio::execution::detail::relationship::continuation_t<0> > > >, boost::asio::mutable_buffers_1, boost::asio::mutable_buffer const*, boost::asio::detail::transfer_all_t, boost::_bi::bind_t<void, boost::_mfi::mf1<void, Connection, boost::system::error_code const&>, boost::_bi::list2<boost::_bi::value<boost::shared_ptr<Connection> >, boost::arg<1> (*)()> > >(boost::asio::basic_stream_socket<boost::asio::ip::tcp, boost::asio::execution::any_executor<boost::asio::execution::context_as_t<boost::asio::execution_context&>, boost::asio::execution::detail::blocking::never_t<0>, boost::asio::execution::prefer_only<boost::asio::execution::detail::blocking::possibly_t<0> >, boost::asio::execution::prefer_only<boost::asio::execution::detail::outstanding_work::tracked_t<0> >, boost::asio::execution::prefer_only<boost::asio::execution::detail::outstanding_work::untracked_t<0> >, boost::asio::execution::prefer_only<boost::asio::execution::detail::relationship::fork_t<0> >, boost::asio::execution::prefer_only<boost::asio::execution::detail::relationship::continuation_t<0> > > >&, boost::asio::mutable_buffers_1 const&, boost::asio::mutable_buffer const* const&, boost::asio::detail::transfer_all_t&, boost::_bi::bind_t<void, boost::_mfi::mf1<void, Connection, boost::system::error_code const&>, boost::_bi::list2<boost::_bi::value<boost::shared_ptr<Connection> >, boost::arg<1> (*)()> >&)+675>, fd = 1432048326, u32 = 1432048326, u64 = 93824992629446}}, {events = 1, data = {ptr = 0x555b51df00000000, fd = 0, u32 = 0, u64 = 6150599734324101120}}, {events = 21845, data = {ptr = 0x555555802f70, fd = 1434464112, u32 = 1434464112, u64 = 93824995045232}}, {events = 1434464080, data = {ptr = 0x100005555, fd = 21845, u32 = 21845, u64 = 4294989141}}, {events = 0, data = {ptr = 0x5555555b51df <boost::asio::detail::start_read_buffer_sequence_op<boost::asio::basic_stream_socket<boost::asio::ip::tcp, boost::asio::execution::any_executor<boost::asio::execution::context_as_t<boost::asio::execution_context&>, boost::asio::execution::detail::blocking::never_t<0>, boost::asio::execution::prefer_only<boost::asio::execution::detail::blocking::possibly_t<0> >, boost::asio::execution::prefer_only<boost::asio::execution::detail::outstanding_work::tracked_t<0> >, boost::asio::execution::prefer_only<boost::asio::execution::detail::outstanding_work::untracked_t<0> >, boost::asio::execution::prefer_only<boost::asio::execution::detail::relationship::fork_t<0> >, boost::asio::execution::prefer_only<boost::asio::execution::detail::relationship::continuation_t<0> > > >, boost::asio::mutable_buffers_1, boost::asio::mutable_buffer const*, boost::asio::detail::transfer_all_t, boost::_bi::bind_t<void, boost::_mfi::mf1<void, Connection, boost::system::error_code const&>, boost::_bi::list2<boost::_bi::value<boost::shared_ptr<Connection> >, boost::arg<1> (*)()> > >(boost::asio::basic_stream_socket<boost::asio::ip::tcp, boost::asio::execution::any_executor<boost::asio::execution::context_as_t<boost::asio::execution_context&>, boost::asio::execution::detail::blocking::never_t<0>, boost::asio::execution::prefer_only<boost::asio::execution::detail::blocking::possibly_t<0> >, boost::asio::execution::prefer_only<boost::asio::execution::detail::outstanding_work::tracked_t<0> >, boost::asio::execution::prefer_only<boost::asio::execution::detail::outstanding_work::untracked_t<0> >, boost::asio::execution::prefer_only<boost::asio::execution::detail::relationship::fork_t<0> >, boost::asio::execution::prefer_only<boost::asio::execution::detail::relationship::continuation_t<0> > > >&, boost::asio::mutable_buffers_1 const&, boost::asio::mutable_buffer const* const&, boost::asio::detail::transfer_all_t&, boost::_bi::bind_t<void, boost::_mfi::mf1<void, Connection, boost::system::error_code const&>, boost::_bi::list2<boost::_bi::value<boost::shared_ptr<Connection> >, boost::arg<1> (*)()> >&)+444>, fd = 1432048095, u32 = 1432048095, u64 = 93824992629215}}, {events = 4294958720, data = {ptr = 0x5580ae1000007fff, fd = 32767, u32 = 32767, u64 = 6161115673985581055}}, {events = 21845, data = {ptr = 0x55555580ae10, fd = 1434496528, u32 = 1434496528, u64 = 93824995077648}}, {events = 3, data = {ptr = 0x55802f50000000bf, fd = 191, u32 = 191, u64 = 6160976310886727871}}, {events = 21845, data = {ptr = 0x5555558197c0, fd = 1434556352, u32 = 1434556352, u64 = 93824995137472}}, {events = 2, data = {ptr = 0x0, fd = 0, u32 = 0, u64 = 0}}, {events = 0, data = {ptr = 0x1, fd = 1, u32 = 1, u64 = 1}}, {events = 1432002892, data = {ptr = 0x5555, fd = 21845, u32 = 21845, u64 = 21845}}, {events = 0, data = {ptr = 0x0, fd = 0, u32 = 0, u64 = 0}}, {events = 0, data = {ptr = 0x555b0ffe00000000, fd = 0, u32 = 0, u64 = 6150527299700654080}}, {events = 21845, data = {ptr = 0x7fffffffdf78, fd = -8328, u32 = 4294958968, u64 = 140737488347000}}, {events = 1434556320, data = {ptr = 0x5581f90800005555, fd = 21845, u32 = 21845, u64 = 6161479577974625621}}, {events = 21845, data = {ptr = 0x5555558197a8, fd = 1434556328, u32 = 1434556328, u64 = 93824995137448}}, {events = 1434529376, data = {ptr = 0x555afd9a00005555, fd = 21845, u32 = 21845, u64 = 6150507078994646357}}, {events = 21845, data = {ptr = 0x5555558197a0, fd = 1434556320, u32 = 1434556320, u64 = 93824995137440}}, {events = 1432005190, data = {ptr = 0x5581f82800005555, fd = 21845, u32 = 21845, u64 = 6161478615901951317}}, {events = 21845, data = {ptr = 0x55555581f7f0, fd = 1434580976, u32 = 1434580976, u64 = 93824995162096}}, {events = 1434686160, data = {ptr = 0x555aa43600005555, fd = 21845, u32 = 21845, u64 = 6150408792963044693}}, {events = 21845, data = {ptr = 0x5555555aa59a <Connection::parsePacket(boost::system::error_code const&)>, fd = 1432003994, u32 = 1432003994, u64 = 93824992585114}}, {events = 1432022610, data = {ptr = 0x555aa14c00005555, fd = 21845, u32 = 21845, u64 = 6150405588917441877}}, {events = 21845, data = {ptr = 0x7ffff770fbc0 <_int_malloc+2544>, fd = -143590464, u32 = 4151376832, u64 = 140737344764864}}, {events = 0, data = {ptr = 0x0, fd = 0, u32 = 0, u64 = 0}}, {events = 0, data = {ptr = 0x1, fd = 1, u32 = 1, u64 = 1}}, {events = 0, data = {ptr = 0x1800000000, fd = 0, u32 = 0, u64 = 103079215104}}, {events = 0, data = {ptr = 0x7ffff7859b80 <main_arena>, fd = -142238848, u32 = 4152728448, u64 = 140737346116480}}, {events = 0, data = {ptr = 0x557e3fa800000000, fd = 0, u32 = 0, u64 = 6160431331076472832}}, {events = 21845, data = {ptr = 0x555555838bb0, fd = 1434684336, u32 = 1434684336, u64 = 93824995265456}}, {events = 4151381785, data = {ptr = 0x1800007fff, fd = 32767, u32 = 32767, u64 = 103079247871}}, {events = 0, data = {ptr = 0x5555557e3f20 <Dispatcher::getInstance()::dispatcher>, fd = 1434337056, u32 = 1434337056, u64 = 93824994918176}}, {events = 1, data = {ptr = 0xf7a630b500000000, fd = 0, u32 = 0, u64 = 17845004127449382912}}, {events = 32767, data = {ptr = 0x5555557e3f28 <Dispatcher::getInstance()::dispatcher+8>, fd = 1434337064, u32 = 1434337064, u64 = 93824994918184}}, {events = 1433651067, data = {ptr = 0x5585354800005555, fd = 21845, u32 = 21845, u64 = 6162390248480331093}}, {events = 21845, data = {ptr = 0x7fffd0f8c050, fd = -789004208, u32 = 3505963088, u64 = 140736699351120}}, {events = 32, data = {ptr = 0xf7859b8000000000, fd = 0, u32 = 0, u64 = 17835832873328836608}}, {events = 32767, data = {ptr = 0x555555812e10, fd = 1434529296, u32 = 1434529296, u64 = 93824995110416}}, {events = 2616896512, data = {ptr = 0x209d2828, fd = 547170344, u32 = 547170344, u64 = 547170344}}, {events = 0, data = {ptr = 0x7fffffffe068, fd = -8088, u32 = 4294959208, u64 = 140737488347240}}, {events = 4294959208, data = {ptr = 0xffffe31000007fff, fd = 32767, u32 = 32767, u64 = 18446712256591855615}}, {events = 32767, data = {ptr = 0x555555812e10, fd = 1434529296, u32 = 1434529296, u64 = 93824995110416}}, {events = 4294959936, data = {ptr = 0x7fff, fd = 32767, u32 = 32767, u64 = 32767}}, {events = 0, data = {ptr = 0x5555556c43aa <boost::detail::function::functor_manager<boost::_bi::bind_t<void, boost::_mfi::mf1<void, OutputMessagePool, OutputMessage*>, boost::_bi::list2<boost::_bi::value<OutputMessagePool*>, boost::_bi::value<OutputMessage*> > > >::manage(boost::detail::function::function_buffer const&, boost::detail::function::function_buffer&, boost::detail::function::functor_manager_operation_type)+149>, fd = 1433158570, u32 = 1433158570, u64 = 93824993739690}}, {events = 1434529296, data = {ptr = 0x9bfaac0000005555, fd = 21845, u32 = 21845, u64 = 11239484936056493397}}, {events = 547170344, data = {ptr = 0x5555557e3fe0 <OutputMessagePool::getInstance()::instance>, fd = 1434337248, u32 = 1434337248, u64 = 93824994918368}}, {events = 3626014752, data = {ptr = 0x55812d6000007fff, fd = 32767, u32 = 32767, u64 = 6161255655559692287}}, {events = 21845, data = {ptr = 0x7fffffffe310, fd = -7408, u32 = 4294959888, u64 = 140737488347920}}, {events = 1434529296, data = {ptr = 0xffffe34000005555, fd = 21845, u32 = 21845, u64 = 18446712462750274901}}, {events = 32767, data = {ptr = 0x0, fd = 0, u32 = 0, u64 = 0}}, {events = 1433158416, data = {ptr = 0x55812d6000005555, fd = 21845, u32 = 21845, u64 = 6161255655559681365}}, {events = 21845, data = {ptr = 0x555555585298 <boost::detail::sp_counted_base::destroy()+10>, fd = 1431851672, u32 = 1431851672, u64 = 93824992432792}}, {events = 4294959888, data = {ptr = 0x55585e4e00007fff, fd = 32767, u32 = 32767, u64 = 6149768980274905087}}, {events = 21845, data = {ptr = 0x7fffffffe1c8, fd = -7736, u32 = 4294959560, u64 = 140737488347592}}, {events = 1432027048, data = {ptr = 0xd15cc54000005555, fd = 21845, u32 = 21845, u64 = 15086149730452919637}}, {events = 32767, data = {ptr = 0x209d28289bfaac00, fd = -1678070784, u32 = 2616896512, u64 = 2350078735437966336}}, {events = 0, data = {ptr = 0xd15c80708000001b, fd = -2147483621, u32 = 2147483675, u64 = 15086074072456495131}}, {events = 32767, data = {ptr = 0x555555812d60, fd = 1434529120, u32 = 1434529120, u64 = 93824995110240}}, {events = 1431997217, data = {ptr = 0x55812e1000005555, fd = 21845, u32 = 21845, u64 = 6161256411473925461}}, {events = 21845, data = {ptr = 0x7fffd15c8070, fd = -782466960, u32 = 3512500336, u64 = 140736705888368}}, {events = 1434529120, data = {ptr = 0x555b5edf00005555, fd = 21845, u32 = 21845, u64 = 6150614027975284053}}, {events = 21845, data = {ptr = 0x13, fd = 19, u32 = 19, u64 = 19}}, {events = 1433537090, data = {ptr = 0x555b37b300005555, fd = 21845, u32 = 21845, u64 = 6150570958043239765}}, {events = 21845, data = {ptr = 0x55555571ec80 <boost::asio::detail::socket_ops::non_blocking_accept(int, unsigned char, sockaddr*, unsigned long*, boost::system::error_code&, int&)+130>, fd = 1433529472, u32 = 1433529472, u64 = 93824994110592}}, {events = 0, data = {ptr = 0xf7b9c32700000000, fd = 0, u32 = 0, u64 = 17850513170330812416}}, {events = 32767, data = {ptr = 0x2, fd = 2, u32 = 2, u64 = 2}}, {events = 1434556352, data = {ptr = 0x200005555, fd = 21845, u32 = 21845, u64 = 8589956437}}, {events = 0, data = {ptr = 0x55832250, fd = 1434657360, u32 = 1434657360, u64 = 1434657360}}, {events = 1434464080, data = {ptr = 0x558197c000005555, fd = 21845, u32 = 21845, u64 = 6161372616109086037}}, {events = 21845, data = {ptr = 0x2, fd = 2, u32 = 2, u64 = 2}}, {events = 2, data = {ptr = 0x55802f5000000000, fd = 0, u32 = 0, u64 = 6160976310886727680}}, {events = 21845, data = {ptr = 0x5555558197c2, fd = 1434556354, u32 = 1434556354, u64 = 93824995137474}}, {events = 1434742144, data = {ptr = 0xf022b94800005555, fd = 21845, u32 = 21845, u64 = 17303596437199672661}}, {events = 32767, data = {ptr = 0x5555555a8b04 <Connection::handleWriteTimeout(boost::weak_ptr<Connection>, boost::system::error_code const&)>, fd = 1431997188, u32 = 1431997188, u64 = 93824992578308}}, {events = 1434768352, data = {ptr = 0x558318d000005555, fd = 21845, u32 = 21845, u64 = 6161795996805256533}}, {events = 21845, data = {ptr = 0x10000007d, fd = 125, u32 = 125, u64 = 4294967421}}, {events = 1434277232, data = {ptr = 0x5584d3e000005555, fd = 21845, u32 = 21845, u64 = 6162283149175838037}}, {events = 21845, data = {ptr = 0x5555558318d0, fd = 1434654928, u32 = 1434654928, u64 = 93824995236048}}, {events = 4028807488, data = {ptr = 0x557d686000007fff, fd = 32767, u32 = 32767, u64 = 6160194626838888447}}, {events = 21845, data = {ptr = 0x0, fd = 0, u32 = 0, u64 = 0}}, {events = 1434282048, data = {ptr = 0x557d668000005555, fd = 21845, u32 = 21845, u64 = 6160192565254575445}}, {events = 21845, data = {ptr = 0x7fffffffe1a0, fd = -7776, u32 = 4294959520, u64 = 140737488347552}}, {events = 0, data = {ptr = 0x0, fd = 0, u32 = 0, u64 = 0}}, {events = 0, data = {ptr = 0x0, fd = 0, u32 = 0, u64 = 0}}, {events = 1434768352, data = {ptr = 0x558318d000005555, fd = 21845, u32 = 21845, u64 = 6161795996805256533}}, {events = 21845, data = {ptr = 0x7fffffffe190, fd = -7792, u32 = 4294959504, u64 = 140737488347536}}, {events = 0, data = {ptr = 0x0, fd = 0, u32 = 0, u64 = 0}}, {events = 0, data = {ptr = 0x555555812d60, fd = 1434529120, u32 = 1434529120, u64 = 93824995110240}}}
2024-07-10 17:35:17 -          num_events = <optimized out>
2024-07-10 17:35:17 -          check_timers = <optimized out>
2024-07-10 17:35:17 -  #2  0x00005555555af480 in boost::asio::detail::scheduler::do_run_one (this=this@entry=0x555555812d60, lock=..., this_thread=..., ec=...) at /usr/include/boost/asio/detail/impl/scheduler.ipp:465
2024-07-10 17:35:17 -          on_exit = {scheduler_ = 0x555555812d60, lock_ = 0x7fffffffe310, this_thread_ = 0x7fffffffe340}
2024-07-10 17:35:17 -          o = <optimized out>
2024-07-10 17:35:17 -          more_handlers = false
2024-07-10 17:35:17 -  #3  0x00005555555b09cd in boost::asio::detail::scheduler::run (this=0x555555812d60, ec=...) at /usr/include/boost/asio/detail/impl/scheduler.ipp:204
2024-07-10 17:35:17 -          this_thread = {<boost::asio::detail::thread_info_base> = {<boost::asio::detail::noncopyable> = {<No data fields>}, reusable_memory_ = {0x7fffd80eace0, 0x0, 0x0}, has_pending_exception_ = 0, pending_exception_ = {_M_exception_object = 0x0}}, private_op_queue = {<boost::asio::detail::noncopyable> = {<No data fields>}, front_ = 0x0, back_ = 0x0}, private_outstanding_work = 0}
2024-07-10 17:35:17 -          ctx = {<boost::asio::detail::noncopyable> = {<No data fields>}, key_ = 0x555555812d60, value_ = 0x7fffffffe340, next_ = 0x0}
2024-07-10 17:35:17 -          lock = {<boost::asio::detail::noncopyable> = {<No data fields>}, mutex_ = @0x555555812d90, locked_ = false}
2024-07-10 17:35:17 -          n = 78883
2024-07-10 17:35:17 -  #4  0x000055555571ceb7 in boost::asio::io_context::run (this=0x7fffffffe568) at /usr/include/boost/asio/impl/io_context.ipp:63
2024-07-10 17:35:17 -          ec = {val_ = 0, failed_ = false, cat_ = 0x5555557d5570 <boost::system::detail::cat_holder<void>::system_category_instance>}
2024-07-10 17:35:17 -          s = <optimized out>
2024-07-10 17:35:17 -          ec = {val_ = <optimized out>, failed_ = <optimized out>, cat_ = <optimized out>}
2024-07-10 17:35:17 -          s = <optimized out>
2024-07-10 17:35:17 -  #5  ServiceManager::run (this=this@entry=0x7fffffffe560) at server.cpp:218
2024-07-10 17:35:17 -          __PRETTY_FUNCTION__ = "void ServiceManager::run()"
2024-07-10 17:35:17 -  #6  0x00005555556b57af in main (argc=<optimized out>, argv=<optimized out>) at otserv.cpp:358
2024-07-10 17:35:17 -          args = std::vector of length 1, capacity 1 = {"/home/servidor/theforgottenserver"}
2024-07-10 17:35:18 -          servicer = {<boost::noncopyable_::noncopyable> = {<boost::noncopyable_::base_token> = {<No data fields>}, <No data fields>}, _vptr.ServiceManager = 0x5555557d7e48 <vtable for ServiceManager+16>, m_io_service = {<boost::asio::execution_context> = {<boost::asio::detail::noncopyable> = {<No data fields>}, service_registry_ = 0x555555812d10}, impl_ = @0x555555812d60}, deathTimer = {impl_ = {service_ = 0x555555812e60, implementation_ = {<boost::asio::detail::noncopyable> = {<No data fields>}, expiry = {<boost::date_time::base_time<boost::posix_time::ptime, boost::date_time::counted_time_system<boost::date_time::counted_time_rep<boost::posix_time::millisec_posix_time_system_config> > >> = {<boost::operators_impl::less_than_comparable<boost::posix_time::ptime, boost::operators_impl::equality_comparable<boost::posix_time::ptime, boost::posix_time::ptime, boost::operators_impl::operators_detail::empty_base<boost::posix_time::ptime>, boost::operators_impl::operators_detail::false_t>, boost::operators_impl::operators_detail::empty_base<boost::posix_time::ptime>, boost::operators_impl::operators_detail::true_t>> = {<boost::operators_impl::less_than_comparable1<boost::posix_time::ptime, boost::operators_impl::equality_comparable<boost::posix_time::ptime, boost::posix_time::ptime, boost::operators_impl::operators_detail::empty_base<boost::posix_time::ptime>, boost::operators_impl::operators_detail::false_t> >> = {<boost::operators_impl::equality_comparable<boost::posix_time::ptime, boost::posix_time::ptime, boost::operators_impl::operators_detail::empty_base<boost::posix_time::ptime>, boost::operators_impl::operators_detail::false_t>> = {<boost::operators_impl::equality_comparable1<boost::posix_time::ptime, boost::operators_impl::operators_detail::empty_base<boost::posix_time::ptime> >> = {<boost::operators_impl::operators_detail::empty_base<boost::posix_time::ptime>> = {<No data fields>}, <No data fields>}, <No data fields>}, <No data fields>}, <No data fields>}, time_ = {time_count_ = {value_ = 9223372036854775806}}}, <No data fields>}, might_have_pending_waits = false, timer_data = {op_queue_ = {<boost::asio::detail::noncopyable> = {<No data fields>}, front_ = 0x0, back_ = 0x0}, heap_index_ = 18446744073709551615, next_ = 0x0, prev_ = 0x0}}, executor_ = {<boost::asio::execution::detail::any_executor_base> = {object_ = {__data = "h\345\377\377\377\177\000\000\020S}U\000\000\000", __align = {<No data fields>}}, object_fns_ = 0x5555557d6740 <boost::asio::execution::detail::any_executor_base::object_fns_table<boost::asio::io_context::basic_executor_type<std::allocator<void>, 0u> >(std::enable_if<(!std::is_same<boost::asio::io_context::basic_executor_type<std::allocator<void>, 0u>, void>::value)&&(!std::is_same<boost::asio::io_context::basic_executor_type<std::allocator<void>, 0u>, std::shared_ptr<void> >::value), void>::type*)::fns>, target_ = 0x7fffffffe5b8, target_fns_ = 0x5555557d6760 <boost::asio::execution::detail::any_executor_base::target_fns_table<boost::asio::io_context::basic_executor_type<std::allocator<void>, 0u> >(bool, std::enable_if<!std::is_same<boost::asio::io_context::basic_executor_type<std::allocator<void>, 0u>, void>::value, void>::type*)::fns_with_execute>}, <boost::asio::execution::detail::any_executor_context<boost::asio::execution::any_executor<boost::asio::execution::context_as_t<boost::asio::execution_context&>, boost::asio::execution::detail::blocking::never_t<0>, boost::asio::execution::prefer_only<boost::asio::execution::detail::blocking::possibly_t<0> >, boost::asio::execution::prefer_only<boost::asio::execution::detail::outstanding_work::tracked_t<0> >, boost::asio::execution::prefer_only<boost::asio::execution::detail::outstanding_work::untracked_t<0> >, boost::asio::execution::prefer_only<boost::asio::execution::detail::relationship::fork_t<0> >, boost::asio::execution::prefer_only<boost::asio::execution::detail::relationship::continuation_t<0> > >, boost::asio::execution::detail::supportable_properties<0, void(boost::asio::execution::context_as_t<boost::asio::execution_context&>, boost::asio::execution::detail::blocking::never_t<0>, boost::asio::execution::prefer_only<boost::asio::execution::detail::blocking::possibly_t<0> >, boost::asio::execution::prefer_only<boost::asio::execution::detail::outstanding_work::tracked_t<0> >, boost::asio::execution::prefer_only<boost::asio::execution::detail::outstanding_work::untracked_t<0> >, boost::asio::execution::prefer_only<boost::asio::execution::detail::relationship::fork_t<0> >, boost::asio::execution::prefer_only<boost::asio::execution::detail::relationship::continuation_t<0> >)>::find_context_as_property, void>> = {<No data fields>}, prop_fns_ = 0x5555557d6780 <boost::asio::execution::any_executor<boost::asio::execution::context_as_t<boost::asio::execution_context&>, boost::asio::execution::detail::blocking::never_t<0>, boost::asio::execution::prefer_only<boost::asio::execution::detail::blocking::possibly_t<0> >, boost::asio::execution::prefer_only<boost::asio::execution::detail::outstanding_work::tracked_t<0> >, boost::asio::execution::prefer_only<boost::asio::execution::detail::outstanding_work::untracked_t<0> >, boost::asio::execution::prefer_only<boost::asio::execution::detail::relationship::fork_t<0> >, boost::asio::execution::prefer_only<boost::asio::execution::detail::relationship::continuation_t<0> > >::prop_fns_table<boost::asio::io_context::basic_executor_type<std::allocator<void>, 0u> >()::fns>}}}, running = false, m_acceptors = std::map with 2 elements = {[7172] = {px = 0x7fffe8d07f10, pn = {pi_ = 0x7fffd0b2b950}}, [7183] = {px = 0x7fffead116b0, pn = {pi_ = 0x7fffd0b2ba80}}}}
2024-07-10 17:35:18 -          sigh = {__sigaction_handler = {sa_handler = 0x1, sa_sigaction = 0x1}, sa_mask = {__val = {0 <repeats 16 times>}}, sa_flags = 0, sa_restorer = 0x4000000042}
2024-07-10 17:35:18 -          outPath = ""
2024-07-10 17:35:18 -          errPath = ""
2024-07-10 17:35:18 -  > Saving server...
2024-07-10 17:35:21 -  > SAVE: Complete in 2.781 seconds using relational house storage.
2024-07-10 17:35:21 -  A debugging session is active.
2024-07-10 17:35:21 -  
2024-07-10 17:35:21 -  	Inferior 1 [process 20079] will be killed.
2024-07-10 17:35:21 -  
2024-07-10 17:35:21 -  Quit anyway? (y or n) [answered Y; input not from terminal]
