This file contains any messages produced by compilers while
running configure, to aid debugging if configure makes a mistake.

It was created by TheForgottenServer configure 0.3.6, which was
generated by GNU Autoconf 2.69.  Invocation command line was

  $ ../src/configure --host=i686-w64-mingw32 --enable-mysql --with-lua-version=5.1 --with-boost-system=boost_system-mt --with-boost-filesystem=boost_filesystem-mt --with-boost-thread=boost_thread-mt --with-boost-regex=boost_regex-mt CXXFLAGS=-std=c++11 -static-libgcc -static-libstdc++ -D_WIN32_WINNT=0x0501 -D__USE_MINGW_ANSI_STDIO=0 -static LDFLAGS=-static-libgcc -static-libstdc++ -static

## --------- ##
## Platform. ##
## --------- ##

hostname = gabriel
uname -m = x86_64
uname -r = 6.8.0-90-generic
uname -s = Linux
uname -v = #91~22.04.1-Ubuntu SMP PREEMPT_DYNAMIC Thu Nov 20 15:20:45 UTC 2

/usr/bin/uname -p = x86_64
/bin/uname -X     = unknown

/bin/arch              = x86_64
/usr/bin/arch -k       = unknown
/usr/convex/getsysinfo = unknown
/usr/bin/hostinfo      = unknown
/bin/machine           = unknown
/usr/bin/oslevel       = unknown
/bin/universe          = unknown

PATH: /bin
PATH: /usr/local/sbin
PATH: /usr/local/bin
PATH: /usr/sbin
PATH: /usr/bin
PATH: /sbin
PATH: /bin
PATH: /usr/games
PATH: /usr/local/games
PATH: /snap/bin
PATH: /snap/bin


## ----------- ##
## Core tests. ##
## ----------- ##

configure:2456: checking for a BSD-compatible install
configure:2524: result: /bin/install -c
configure:2535: checking whether build environment is sane
configure:2590: result: yes
configure:2644: checking for i686-w64-mingw32-strip
configure:2660: found /bin/i686-w64-mingw32-strip
configure:2671: result: i686-w64-mingw32-strip
configure:2736: checking for a thread-safe mkdir -p
configure:2775: result: /bin/mkdir -p
configure:2782: checking for gawk
configure:2812: result: no
configure:2782: checking for mawk
configure:2798: found /bin/mawk
configure:2809: result: mawk
configure:2820: checking whether make sets $(MAKE)
configure:2842: result: yes
configure:2871: checking whether make supports nested variables
configure:2888: result: yes
configure:3032: checking for i686-w64-mingw32-g++
configure:3048: found /bin/i686-w64-mingw32-g++
configure:3059: result: i686-w64-mingw32-g++
configure:3130: checking for C++ compiler version
configure:3139: i686-w64-mingw32-g++ --version >&5
i686-w64-mingw32-g++ (GCC) 10-win32 20220113
Copyright (C) 2020 Free Software Foundation, Inc.
This is free software; see the source for copying conditions.  There is NO
warranty; not even for MERCHANTABILITY or FITNESS FOR A PARTICULAR PURPOSE.

configure:3150: $? = 0
configure:3139: i686-w64-mingw32-g++ -v >&5
Using built-in specs.
COLLECT_GCC=i686-w64-mingw32-g++
COLLECT_LTO_WRAPPER=/usr/lib/gcc/i686-w64-mingw32/10-win32/lto-wrapper
Target: i686-w64-mingw32
Configured with: ../../src/configure --build=x86_64-linux-gnu --prefix=/usr --includedir='/usr/include' --mandir='/usr/share/man' --infodir='/usr/share/info' --sysconfdir=/etc --localstatedir=/var --disable-option-checking --disable-silent-rules --libdir='/usr/lib/x86_64-linux-gnu' --libexecdir='/usr/lib/x86_64-linux-gnu' --disable-maintainer-mode --disable-dependency-tracking --prefix=/usr --enable-shared --enable-static --disable-multilib --with-system-zlib --libexecdir=/usr/lib --without-included-gettext --libdir=/usr/lib --enable-libstdcxx-time=yes --with-tune=generic --with-headers --enable-version-specific-runtime-libs --enable-fully-dynamic-string --enable-libgomp --enable-languages=c,c++,fortran,objc,obj-c++,ada --enable-lto --enable-threads=win32 --program-suffix=-win32 --program-prefix=i686-w64-mingw32- --target=i686-w64-mingw32 --with-as=/usr/bin/i686-w64-mingw32-as --with-ld=/usr/bin/i686-w64-mingw32-ld --enable-libatomic --enable-libstdcxx-filesystem-ts=yes --enable-dependency-tracking SED=/bin/sed --disable-sjlj-exceptions --with-dwarf2
Thread model: win32
Supported LTO compression algorithms: zlib
gcc version 10-win32 20220113 (GCC) 
configure:3150: $? = 0
configure:3139: i686-w64-mingw32-g++ -V >&5
i686-w64-mingw32-g++: error: unrecognized command-line option '-V'
i686-w64-mingw32-g++: fatal error: no input files
compilation terminated.
configure:3150: $? = 1
configure:3139: i686-w64-mingw32-g++ -qversion >&5
i686-w64-mingw32-g++: error: unrecognized command-line option '-qversion'; did you mean '--version'?
i686-w64-mingw32-g++: fatal error: no input files
compilation terminated.
configure:3150: $? = 1
configure:3170: checking whether the C++ compiler works
configure:3192: i686-w64-mingw32-g++ -std=c++11 -static-libgcc -static-libstdc++ -D_WIN32_WINNT=0x0501 -D__USE_MINGW_ANSI_STDIO=0 -static  -static-libgcc -static-libstdc++ -static conftest.cpp  >&5
configure:3196: $? = 0
configure:3244: result: yes
configure:3247: checking for C++ compiler default output file name
configure:3249: result: a.exe
configure:3255: checking for suffix of executables
configure:3262: i686-w64-mingw32-g++ -o conftest.exe -std=c++11 -static-libgcc -static-libstdc++ -D_WIN32_WINNT=0x0501 -D__USE_MINGW_ANSI_STDIO=0 -static  -static-libgcc -static-libstdc++ -static conftest.cpp  >&5
configure:3266: $? = 0
configure:3288: result: .exe
configure:3310: checking whether we are cross compiling
configure:3318: i686-w64-mingw32-g++ -o conftest.exe -std=c++11 -static-libgcc -static-libstdc++ -D_WIN32_WINNT=0x0501 -D__USE_MINGW_ANSI_STDIO=0 -static  -static-libgcc -static-libstdc++ -static conftest.cpp  >&5
configure:3322: $? = 0
configure:3329: ./conftest.exe
../src/configure: line 3331: ./conftest.exe: cannot execute binary file: Exec format error
configure:3333: $? = 126
configure:3348: result: yes
configure:3353: checking for suffix of object files
configure:3375: i686-w64-mingw32-g++ -c -std=c++11 -static-libgcc -static-libstdc++ -D_WIN32_WINNT=0x0501 -D__USE_MINGW_ANSI_STDIO=0 -static  conftest.cpp >&5
configure:3379: $? = 0
configure:3400: result: o
configure:3404: checking whether we are using the GNU C++ compiler
configure:3423: i686-w64-mingw32-g++ -c -std=c++11 -static-libgcc -static-libstdc++ -D_WIN32_WINNT=0x0501 -D__USE_MINGW_ANSI_STDIO=0 -static  conftest.cpp >&5
configure:3423: $? = 0
configure:3432: result: yes
configure:3441: checking whether i686-w64-mingw32-g++ accepts -g
configure:3461: i686-w64-mingw32-g++ -c -g  conftest.cpp >&5
configure:3461: $? = 0
configure:3502: result: yes
configure:3528: checking whether make supports the include directive
configure:3543: make -f confmf.GNU && cat confinc.out
this is the am__doit target
configure:3546: $? = 0
configure:3565: result: yes (GNU style)
configure:3590: checking dependency style of i686-w64-mingw32-g++
configure:3701: result: gcc3
configure:3955: checking how to run the C++ preprocessor
configure:3982: i686-w64-mingw32-g++ -E  conftest.cpp
configure:3982: $? = 0
configure:3996: i686-w64-mingw32-g++ -E  conftest.cpp
conftest.cpp:11:10: fatal error: ac_nonexistent.h: No such file or directory
   11 | #include <ac_nonexistent.h>
      |          ^~~~~~~~~~~~~~~~~~
compilation terminated.
configure:3996: $? = 1
configure: failed program was:
| /* confdefs.h */
| #define PACKAGE_NAME "TheForgottenServer"
| #define PACKAGE_TARNAME "theforgottenserver"
| #define PACKAGE_VERSION "0.3.6"
| #define PACKAGE_STRING "TheForgottenServer 0.3.6"
| #define PACKAGE_BUGREPORT ""
| #define PACKAGE_URL ""
| #define PACKAGE "theforgottenserver"
| #define VERSION "0.3.6"
| /* end confdefs.h.  */
| #include <ac_nonexistent.h>
configure:4021: result: i686-w64-mingw32-g++ -E
configure:4041: i686-w64-mingw32-g++ -E  conftest.cpp
configure:4041: $? = 0
configure:4055: i686-w64-mingw32-g++ -E  conftest.cpp
conftest.cpp:11:10: fatal error: ac_nonexistent.h: No such file or directory
   11 | #include <ac_nonexistent.h>
      |          ^~~~~~~~~~~~~~~~~~
compilation terminated.
configure:4055: $? = 1
configure: failed program was:
| /* confdefs.h */
| #define PACKAGE_NAME "TheForgottenServer"
| #define PACKAGE_TARNAME "theforgottenserver"
| #define PACKAGE_VERSION "0.3.6"
| #define PACKAGE_STRING "TheForgottenServer 0.3.6"
| #define PACKAGE_BUGREPORT ""
| #define PACKAGE_URL ""
| #define PACKAGE "theforgottenserver"
| #define VERSION "0.3.6"
| /* end confdefs.h.  */
| #include <ac_nonexistent.h>
configure:4084: checking for grep that handles long lines and -e
configure:4142: result: /bin/grep
configure:4147: checking for egrep
configure:4209: result: /bin/grep -E
configure:4214: checking for ANSI C header files
configure:4234: i686-w64-mingw32-g++ -c -std=c++11 -static-libgcc -static-libstdc++ -D_WIN32_WINNT=0x0501 -D__USE_MINGW_ANSI_STDIO=0 -static  conftest.cpp >&5
configure:4234: $? = 0
configure:4318: result: yes
configure:4331: checking for sys/types.h
configure:4331: i686-w64-mingw32-g++ -c -std=c++11 -static-libgcc -static-libstdc++ -D_WIN32_WINNT=0x0501 -D__USE_MINGW_ANSI_STDIO=0 -static  conftest.cpp >&5
configure:4331: $? = 0
configure:4331: result: yes
configure:4331: checking for sys/stat.h
configure:4331: i686-w64-mingw32-g++ -c -std=c++11 -static-libgcc -static-libstdc++ -D_WIN32_WINNT=0x0501 -D__USE_MINGW_ANSI_STDIO=0 -static  conftest.cpp >&5
configure:4331: $? = 0
configure:4331: result: yes
configure:4331: checking for stdlib.h
configure:4331: i686-w64-mingw32-g++ -c -std=c++11 -static-libgcc -static-libstdc++ -D_WIN32_WINNT=0x0501 -D__USE_MINGW_ANSI_STDIO=0 -static  conftest.cpp >&5
configure:4331: $? = 0
configure:4331: result: yes
configure:4331: checking for string.h
configure:4331: i686-w64-mingw32-g++ -c -std=c++11 -static-libgcc -static-libstdc++ -D_WIN32_WINNT=0x0501 -D__USE_MINGW_ANSI_STDIO=0 -static  conftest.cpp >&5
configure:4331: $? = 0
configure:4331: result: yes
configure:4331: checking for memory.h
configure:4331: i686-w64-mingw32-g++ -c -std=c++11 -static-libgcc -static-libstdc++ -D_WIN32_WINNT=0x0501 -D__USE_MINGW_ANSI_STDIO=0 -static  conftest.cpp >&5
configure:4331: $? = 0
configure:4331: result: yes
configure:4331: checking for strings.h
configure:4331: i686-w64-mingw32-g++ -c -std=c++11 -static-libgcc -static-libstdc++ -D_WIN32_WINNT=0x0501 -D__USE_MINGW_ANSI_STDIO=0 -static  conftest.cpp >&5
configure:4331: $? = 0
configure:4331: result: yes
configure:4331: checking for inttypes.h
configure:4331: i686-w64-mingw32-g++ -c -std=c++11 -static-libgcc -static-libstdc++ -D_WIN32_WINNT=0x0501 -D__USE_MINGW_ANSI_STDIO=0 -static  conftest.cpp >&5
configure:4331: $? = 0
configure:4331: result: yes
configure:4331: checking for stdint.h
configure:4331: i686-w64-mingw32-g++ -c -std=c++11 -static-libgcc -static-libstdc++ -D_WIN32_WINNT=0x0501 -D__USE_MINGW_ANSI_STDIO=0 -static  conftest.cpp >&5
configure:4331: $? = 0
configure:4331: result: yes
configure:4331: checking for unistd.h
configure:4331: i686-w64-mingw32-g++ -c -std=c++11 -static-libgcc -static-libstdc++ -D_WIN32_WINNT=0x0501 -D__USE_MINGW_ANSI_STDIO=0 -static  conftest.cpp >&5
configure:4331: $? = 0
configure:4331: result: yes
configure:4346: checking arpa/inet.h usability
configure:4346: i686-w64-mingw32-g++ -c -std=c++11 -static-libgcc -static-libstdc++ -D_WIN32_WINNT=0x0501 -D__USE_MINGW_ANSI_STDIO=0 -static  conftest.cpp >&5
conftest.cpp:54:10: fatal error: arpa/inet.h: No such file or directory
   54 | #include <arpa/inet.h>
      |          ^~~~~~~~~~~~~
compilation terminated.
configure:4346: $? = 1
configure: failed program was:
| /* confdefs.h */
| #define PACKAGE_NAME "TheForgottenServer"
| #define PACKAGE_TARNAME "theforgottenserver"
| #define PACKAGE_VERSION "0.3.6"
| #define PACKAGE_STRING "TheForgottenServer 0.3.6"
| #define PACKAGE_BUGREPORT ""
| #define PACKAGE_URL ""
| #define PACKAGE "theforgottenserver"
| #define VERSION "0.3.6"
| #define STDC_HEADERS 1
| #define HAVE_SYS_TYPES_H 1
| #define HAVE_SYS_STAT_H 1
| #define HAVE_STDLIB_H 1
| #define HAVE_STRING_H 1
| #define HAVE_MEMORY_H 1
| #define HAVE_STRINGS_H 1
| #define HAVE_INTTYPES_H 1
| #define HAVE_STDINT_H 1
| #define HAVE_UNISTD_H 1
| /* end confdefs.h.  */
| #include <stdio.h>
| #ifdef HAVE_SYS_TYPES_H
| # include <sys/types.h>
| #endif
| #ifdef HAVE_SYS_STAT_H
| # include <sys/stat.h>
| #endif
| #ifdef STDC_HEADERS
| # include <stdlib.h>
| # include <stddef.h>
| #else
| # ifdef HAVE_STDLIB_H
| #  include <stdlib.h>
| # endif
| #endif
| #ifdef HAVE_STRING_H
| # if !defined STDC_HEADERS && defined HAVE_MEMORY_H
| #  include <memory.h>
| # endif
| # include <string.h>
| #endif
| #ifdef HAVE_STRINGS_H
| # include <strings.h>
| #endif
| #ifdef HAVE_INTTYPES_H
| # include <inttypes.h>
| #endif
| #ifdef HAVE_STDINT_H
| # include <stdint.h>
| #endif
| #ifdef HAVE_UNISTD_H
| # include <unistd.h>
| #endif
| #include <arpa/inet.h>
configure:4346: result: no
configure:4346: checking arpa/inet.h presence
configure:4346: i686-w64-mingw32-g++ -E  conftest.cpp
conftest.cpp:21:10: fatal error: arpa/inet.h: No such file or directory
   21 | #include <arpa/inet.h>
      |          ^~~~~~~~~~~~~
compilation terminated.
configure:4346: $? = 1
configure: failed program was:
| /* confdefs.h */
| #define PACKAGE_NAME "TheForgottenServer"
| #define PACKAGE_TARNAME "theforgottenserver"
| #define PACKAGE_VERSION "0.3.6"
| #define PACKAGE_STRING "TheForgottenServer 0.3.6"
| #define PACKAGE_BUGREPORT ""
| #define PACKAGE_URL ""
| #define PACKAGE "theforgottenserver"
| #define VERSION "0.3.6"
| #define STDC_HEADERS 1
| #define HAVE_SYS_TYPES_H 1
| #define HAVE_SYS_STAT_H 1
| #define HAVE_STDLIB_H 1
| #define HAVE_STRING_H 1
| #define HAVE_MEMORY_H 1
| #define HAVE_STRINGS_H 1
| #define HAVE_INTTYPES_H 1
| #define HAVE_STDINT_H 1
| #define HAVE_UNISTD_H 1
| /* end confdefs.h.  */
| #include <arpa/inet.h>
configure:4346: result: no
configure:4346: checking for arpa/inet.h
configure:4346: result: no
configure:4346: checking netdb.h usability
configure:4346: i686-w64-mingw32-g++ -c -std=c++11 -static-libgcc -static-libstdc++ -D_WIN32_WINNT=0x0501 -D__USE_MINGW_ANSI_STDIO=0 -static  conftest.cpp >&5
conftest.cpp:54:10: fatal error: netdb.h: No such file or directory
   54 | #include <netdb.h>
      |          ^~~~~~~~~
compilation terminated.
configure:4346: $? = 1
configure: failed program was:
| /* confdefs.h */
| #define PACKAGE_NAME "TheForgottenServer"
| #define PACKAGE_TARNAME "theforgottenserver"
| #define PACKAGE_VERSION "0.3.6"
| #define PACKAGE_STRING "TheForgottenServer 0.3.6"
| #define PACKAGE_BUGREPORT ""
| #define PACKAGE_URL ""
| #define PACKAGE "theforgottenserver"
| #define VERSION "0.3.6"
| #define STDC_HEADERS 1
| #define HAVE_SYS_TYPES_H 1
| #define HAVE_SYS_STAT_H 1
| #define HAVE_STDLIB_H 1
| #define HAVE_STRING_H 1
| #define HAVE_MEMORY_H 1
| #define HAVE_STRINGS_H 1
| #define HAVE_INTTYPES_H 1
| #define HAVE_STDINT_H 1
| #define HAVE_UNISTD_H 1
| /* end confdefs.h.  */
| #include <stdio.h>
| #ifdef HAVE_SYS_TYPES_H
| # include <sys/types.h>
| #endif
| #ifdef HAVE_SYS_STAT_H
| # include <sys/stat.h>
| #endif
| #ifdef STDC_HEADERS
| # include <stdlib.h>
| # include <stddef.h>
| #else
| # ifdef HAVE_STDLIB_H
| #  include <stdlib.h>
| # endif
| #endif
| #ifdef HAVE_STRING_H
| # if !defined STDC_HEADERS && defined HAVE_MEMORY_H
| #  include <memory.h>
| # endif
| # include <string.h>
| #endif
| #ifdef HAVE_STRINGS_H
| # include <strings.h>
| #endif
| #ifdef HAVE_INTTYPES_H
| # include <inttypes.h>
| #endif
| #ifdef HAVE_STDINT_H
| # include <stdint.h>
| #endif
| #ifdef HAVE_UNISTD_H
| # include <unistd.h>
| #endif
| #include <netdb.h>
configure:4346: result: no
configure:4346: checking netdb.h presence
configure:4346: i686-w64-mingw32-g++ -E  conftest.cpp
conftest.cpp:21:10: fatal error: netdb.h: No such file or directory
   21 | #include <netdb.h>
      |          ^~~~~~~~~
compilation terminated.
configure:4346: $? = 1
configure: failed program was:
| /* confdefs.h */
| #define PACKAGE_NAME "TheForgottenServer"
| #define PACKAGE_TARNAME "theforgottenserver"
| #define PACKAGE_VERSION "0.3.6"
| #define PACKAGE_STRING "TheForgottenServer 0.3.6"
| #define PACKAGE_BUGREPORT ""
| #define PACKAGE_URL ""
| #define PACKAGE "theforgottenserver"
| #define VERSION "0.3.6"
| #define STDC_HEADERS 1
| #define HAVE_SYS_TYPES_H 1
| #define HAVE_SYS_STAT_H 1
| #define HAVE_STDLIB_H 1
| #define HAVE_STRING_H 1
| #define HAVE_MEMORY_H 1
| #define HAVE_STRINGS_H 1
| #define HAVE_INTTYPES_H 1
| #define HAVE_STDINT_H 1
| #define HAVE_UNISTD_H 1
| /* end confdefs.h.  */
| #include <netdb.h>
configure:4346: result: no
configure:4346: checking for netdb.h
configure:4346: result: no
configure:4346: checking netinet/in.h usability
configure:4346: i686-w64-mingw32-g++ -c -std=c++11 -static-libgcc -static-libstdc++ -D_WIN32_WINNT=0x0501 -D__USE_MINGW_ANSI_STDIO=0 -static  conftest.cpp >&5
conftest.cpp:54:10: fatal error: netinet/in.h: No such file or directory
   54 | #include <netinet/in.h>
      |          ^~~~~~~~~~~~~~
compilation terminated.
configure:4346: $? = 1
configure: failed program was:
| /* confdefs.h */
| #define PACKAGE_NAME "TheForgottenServer"
| #define PACKAGE_TARNAME "theforgottenserver"
| #define PACKAGE_VERSION "0.3.6"
| #define PACKAGE_STRING "TheForgottenServer 0.3.6"
| #define PACKAGE_BUGREPORT ""
| #define PACKAGE_URL ""
| #define PACKAGE "theforgottenserver"
| #define VERSION "0.3.6"
| #define STDC_HEADERS 1
| #define HAVE_SYS_TYPES_H 1
| #define HAVE_SYS_STAT_H 1
| #define HAVE_STDLIB_H 1
| #define HAVE_STRING_H 1
| #define HAVE_MEMORY_H 1
| #define HAVE_STRINGS_H 1
| #define HAVE_INTTYPES_H 1
| #define HAVE_STDINT_H 1
| #define HAVE_UNISTD_H 1
| /* end confdefs.h.  */
| #include <stdio.h>
| #ifdef HAVE_SYS_TYPES_H
| # include <sys/types.h>
| #endif
| #ifdef HAVE_SYS_STAT_H
| # include <sys/stat.h>
| #endif
| #ifdef STDC_HEADERS
| # include <stdlib.h>
| # include <stddef.h>
| #else
| # ifdef HAVE_STDLIB_H
| #  include <stdlib.h>
| # endif
| #endif
| #ifdef HAVE_STRING_H
| # if !defined STDC_HEADERS && defined HAVE_MEMORY_H
| #  include <memory.h>
| # endif
| # include <string.h>
| #endif
| #ifdef HAVE_STRINGS_H
| # include <strings.h>
| #endif
| #ifdef HAVE_INTTYPES_H
| # include <inttypes.h>
| #endif
| #ifdef HAVE_STDINT_H
| # include <stdint.h>
| #endif
| #ifdef HAVE_UNISTD_H
| # include <unistd.h>
| #endif
| #include <netinet/in.h>
configure:4346: result: no
configure:4346: checking netinet/in.h presence
configure:4346: i686-w64-mingw32-g++ -E  conftest.cpp
conftest.cpp:21:10: fatal error: netinet/in.h: No such file or directory
   21 | #include <netinet/in.h>
      |          ^~~~~~~~~~~~~~
compilation terminated.
configure:4346: $? = 1
configure: failed program was:
| /* confdefs.h */
| #define PACKAGE_NAME "TheForgottenServer"
| #define PACKAGE_TARNAME "theforgottenserver"
| #define PACKAGE_VERSION "0.3.6"
| #define PACKAGE_STRING "TheForgottenServer 0.3.6"
| #define PACKAGE_BUGREPORT ""
| #define PACKAGE_URL ""
| #define PACKAGE "theforgottenserver"
| #define VERSION "0.3.6"
| #define STDC_HEADERS 1
| #define HAVE_SYS_TYPES_H 1
| #define HAVE_SYS_STAT_H 1
| #define HAVE_STDLIB_H 1
| #define HAVE_STRING_H 1
| #define HAVE_MEMORY_H 1
| #define HAVE_STRINGS_H 1
| #define HAVE_INTTYPES_H 1
| #define HAVE_STDINT_H 1
| #define HAVE_UNISTD_H 1
| /* end confdefs.h.  */
| #include <netinet/in.h>
configure:4346: result: no
configure:4346: checking for netinet/in.h
configure:4346: result: no
configure:4346: checking stddef.h usability
configure:4346: i686-w64-mingw32-g++ -c -std=c++11 -static-libgcc -static-libstdc++ -D_WIN32_WINNT=0x0501 -D__USE_MINGW_ANSI_STDIO=0 -static  conftest.cpp >&5
configure:4346: $? = 0
configure:4346: result: yes
configure:4346: checking stddef.h presence
configure:4346: i686-w64-mingw32-g++ -E  conftest.cpp
configure:4346: $? = 0
configure:4346: result: yes
configure:4346: checking for stddef.h
configure:4346: result: yes
configure:4346: checking for stdint.h
configure:4346: result: yes
configure:4346: checking for stdlib.h
configure:4346: result: yes
configure:4346: checking sys/socket.h usability
configure:4346: i686-w64-mingw32-g++ -c -std=c++11 -static-libgcc -static-libstdc++ -D_WIN32_WINNT=0x0501 -D__USE_MINGW_ANSI_STDIO=0 -static  conftest.cpp >&5
conftest.cpp:57:10: fatal error: sys/socket.h: No such file or directory
   57 | #include <sys/socket.h>
      |          ^~~~~~~~~~~~~~
compilation terminated.
configure:4346: $? = 1
configure: failed program was:
| /* confdefs.h */
| #define PACKAGE_NAME "TheForgottenServer"
| #define PACKAGE_TARNAME "theforgottenserver"
| #define PACKAGE_VERSION "0.3.6"
| #define PACKAGE_STRING "TheForgottenServer 0.3.6"
| #define PACKAGE_BUGREPORT ""
| #define PACKAGE_URL ""
| #define PACKAGE "theforgottenserver"
| #define VERSION "0.3.6"
| #define STDC_HEADERS 1
| #define HAVE_SYS_TYPES_H 1
| #define HAVE_SYS_STAT_H 1
| #define HAVE_STDLIB_H 1
| #define HAVE_STRING_H 1
| #define HAVE_MEMORY_H 1
| #define HAVE_STRINGS_H 1
| #define HAVE_INTTYPES_H 1
| #define HAVE_STDINT_H 1
| #define HAVE_UNISTD_H 1
| #define HAVE_STDDEF_H 1
| #define HAVE_STDINT_H 1
| #define HAVE_STDLIB_H 1
| /* end confdefs.h.  */
| #include <stdio.h>
| #ifdef HAVE_SYS_TYPES_H
| # include <sys/types.h>
| #endif
| #ifdef HAVE_SYS_STAT_H
| # include <sys/stat.h>
| #endif
| #ifdef STDC_HEADERS
| # include <stdlib.h>
| # include <stddef.h>
| #else
| # ifdef HAVE_STDLIB_H
| #  include <stdlib.h>
| # endif
| #endif
| #ifdef HAVE_STRING_H
| # if !defined STDC_HEADERS && defined HAVE_MEMORY_H
| #  include <memory.h>
| # endif
| # include <string.h>
| #endif
| #ifdef HAVE_STRINGS_H
| # include <strings.h>
| #endif
| #ifdef HAVE_INTTYPES_H
| # include <inttypes.h>
| #endif
| #ifdef HAVE_STDINT_H
| # include <stdint.h>
| #endif
| #ifdef HAVE_UNISTD_H
| # include <unistd.h>
| #endif
| #include <sys/socket.h>
configure:4346: result: no
configure:4346: checking sys/socket.h presence
configure:4346: i686-w64-mingw32-g++ -E  conftest.cpp
conftest.cpp:24:10: fatal error: sys/socket.h: No such file or directory
   24 | #include <sys/socket.h>
      |          ^~~~~~~~~~~~~~
compilation terminated.
configure:4346: $? = 1
configure: failed program was:
| /* confdefs.h */
| #define PACKAGE_NAME "TheForgottenServer"
| #define PACKAGE_TARNAME "theforgottenserver"
| #define PACKAGE_VERSION "0.3.6"
| #define PACKAGE_STRING "TheForgottenServer 0.3.6"
| #define PACKAGE_BUGREPORT ""
| #define PACKAGE_URL ""
| #define PACKAGE "theforgottenserver"
| #define VERSION "0.3.6"
| #define STDC_HEADERS 1
| #define HAVE_SYS_TYPES_H 1
| #define HAVE_SYS_STAT_H 1
| #define HAVE_STDLIB_H 1
| #define HAVE_STRING_H 1
| #define HAVE_MEMORY_H 1
| #define HAVE_STRINGS_H 1
| #define HAVE_INTTYPES_H 1
| #define HAVE_STDINT_H 1
| #define HAVE_UNISTD_H 1
| #define HAVE_STDDEF_H 1
| #define HAVE_STDINT_H 1
| #define HAVE_STDLIB_H 1
| /* end confdefs.h.  */
| #include <sys/socket.h>
configure:4346: result: no
configure:4346: checking for sys/socket.h
configure:4346: result: no
configure:4346: checking sys/timeb.h usability
configure:4346: i686-w64-mingw32-g++ -c -std=c++11 -static-libgcc -static-libstdc++ -D_WIN32_WINNT=0x0501 -D__USE_MINGW_ANSI_STDIO=0 -static  conftest.cpp >&5
configure:4346: $? = 0
configure:4346: result: yes
configure:4346: checking sys/timeb.h presence
configure:4346: i686-w64-mingw32-g++ -E  conftest.cpp
configure:4346: $? = 0
configure:4346: result: yes
configure:4346: checking for sys/timeb.h
configure:4346: result: yes
configure:4358: checking for stdbool.h that conforms to C99
configure:4425: i686-w64-mingw32-g++ -c -std=c++11 -static-libgcc -static-libstdc++ -D_WIN32_WINNT=0x0501 -D__USE_MINGW_ANSI_STDIO=0 -static  conftest.cpp >&5
conftest.cpp:28:15: error: expected unqualified-id before string constant
   28 |               "error: bool is not defined"
      |               ^~~~~~~~~~~~~~~~~~~~~~~~~~~~
conftest.cpp:46:48: error: 's' does not name a type
   46 |              struct s { _Bool s: 1; _Bool t; } s;
      |                                                ^
conftest.cpp:56:28: error: 's' was not declared in this scope
   56 |              char i[sizeof s.t];
      |                            ^
conftest.cpp: In function 'int main()':
conftest.cpp:74:24: error: 's' was not declared in this scope
   74 |              bool e = &s;
      |                        ^
conftest.cpp:78:63: error: 'i' was not declared in this scope
   78 |              return (!a + !b + !c + !d + !e + !f + !g + !h + !i + !!j + !k + !!l
      |                                                               ^
configure:4425: $? = 1
configure: failed program was:
| /* confdefs.h */
| #define PACKAGE_NAME "TheForgottenServer"
| #define PACKAGE_TARNAME "theforgottenserver"
| #define PACKAGE_VERSION "0.3.6"
| #define PACKAGE_STRING "TheForgottenServer 0.3.6"
| #define PACKAGE_BUGREPORT ""
| #define PACKAGE_URL ""
| #define PACKAGE "theforgottenserver"
| #define VERSION "0.3.6"
| #define STDC_HEADERS 1
| #define HAVE_SYS_TYPES_H 1
| #define HAVE_SYS_STAT_H 1
| #define HAVE_STDLIB_H 1
| #define HAVE_STRING_H 1
| #define HAVE_MEMORY_H 1
| #define HAVE_STRINGS_H 1
| #define HAVE_INTTYPES_H 1
| #define HAVE_STDINT_H 1
| #define HAVE_UNISTD_H 1
| #define HAVE_STDDEF_H 1
| #define HAVE_STDINT_H 1
| #define HAVE_STDLIB_H 1
| #define HAVE_SYS_TIMEB_H 1
| /* end confdefs.h.  */
| 
|              #include <stdbool.h>
|              #ifndef bool
|               "error: bool is not defined"
|              #endif
|              #ifndef false
|               "error: false is not defined"
|              #endif
|              #if false
|               "error: false is not 0"
|              #endif
|              #ifndef true
|               "error: true is not defined"
|              #endif
|              #if true != 1
|               "error: true is not 1"
|              #endif
|              #ifndef __bool_true_false_are_defined
|               "error: __bool_true_false_are_defined is not defined"
|              #endif
| 
|              struct s { _Bool s: 1; _Bool t; } s;
| 
|              char a[true == 1 ? 1 : -1];
|              char b[false == 0 ? 1 : -1];
|              char c[__bool_true_false_are_defined == 1 ? 1 : -1];
|              char d[(bool) 0.5 == true ? 1 : -1];
|              /* See body of main program for 'e'.  */
|              char f[(_Bool) 0.0 == false ? 1 : -1];
|              char g[true];
|              char h[sizeof (_Bool)];
|              char i[sizeof s.t];
|              enum { j = false, k = true, l = false * true, m = true * 256 };
|              /* The following fails for
|                 HP aC++/ANSI C B3910B A.05.55 [Dec 04 2003]. */
|              _Bool n[m];
|              char o[sizeof n == m * sizeof n[0] ? 1 : -1];
|              char p[-1 - (_Bool) 0 < 0 && -1 - (bool) 0 < 0 ? 1 : -1];
|              /* Catch a bug in an HP-UX C compiler.  See
|                 http://gcc.gnu.org/ml/gcc-patches/2003-12/msg02303.html
|                 http://lists.gnu.org/archive/html/bug-coreutils/2005-11/msg00161.html
|               */
|              _Bool q = true;
|              _Bool *pq = &q;
| 
| int
| main ()
| {
| 
|              bool e = &s;
|              *pq |= q;
|              *pq |= ! q;
|              /* Refer to every declared value, to avoid compiler optimizations.  */
|              return (!a + !b + !c + !d + !e + !f + !g + !h + !i + !!j + !k + !!l
|                      + !m + !n + !o + !p + !q + !pq);
| 
|   ;
|   return 0;
| }
configure:4432: result: no
configure:4434: checking for _Bool
configure:4434: i686-w64-mingw32-g++ -c -std=c++11 -static-libgcc -static-libstdc++ -D_WIN32_WINNT=0x0501 -D__USE_MINGW_ANSI_STDIO=0 -static  conftest.cpp >&5
conftest.cpp: In function 'int main()':
conftest.cpp:61:13: error: '_Bool' was not declared in this scope
   61 | if (sizeof (_Bool))
      |             ^~~~~
configure:4434: $? = 1
configure: failed program was:
| /* confdefs.h */
| #define PACKAGE_NAME "TheForgottenServer"
| #define PACKAGE_TARNAME "theforgottenserver"
| #define PACKAGE_VERSION "0.3.6"
| #define PACKAGE_STRING "TheForgottenServer 0.3.6"
| #define PACKAGE_BUGREPORT ""
| #define PACKAGE_URL ""
| #define PACKAGE "theforgottenserver"
| #define VERSION "0.3.6"
| #define STDC_HEADERS 1
| #define HAVE_SYS_TYPES_H 1
| #define HAVE_SYS_STAT_H 1
| #define HAVE_STDLIB_H 1
| #define HAVE_STRING_H 1
| #define HAVE_MEMORY_H 1
| #define HAVE_STRINGS_H 1
| #define HAVE_INTTYPES_H 1
| #define HAVE_STDINT_H 1
| #define HAVE_UNISTD_H 1
| #define HAVE_STDDEF_H 1
| #define HAVE_STDINT_H 1
| #define HAVE_STDLIB_H 1
| #define HAVE_SYS_TIMEB_H 1
| /* end confdefs.h.  */
| #include <stdio.h>
| #ifdef HAVE_SYS_TYPES_H
| # include <sys/types.h>
| #endif
| #ifdef HAVE_SYS_STAT_H
| # include <sys/stat.h>
| #endif
| #ifdef STDC_HEADERS
| # include <stdlib.h>
| # include <stddef.h>
| #else
| # ifdef HAVE_STDLIB_H
| #  include <stdlib.h>
| # endif
| #endif
| #ifdef HAVE_STRING_H
| # if !defined STDC_HEADERS && defined HAVE_MEMORY_H
| #  include <memory.h>
| # endif
| # include <string.h>
| #endif
| #ifdef HAVE_STRINGS_H
| # include <strings.h>
| #endif
| #ifdef HAVE_INTTYPES_H
| # include <inttypes.h>
| #endif
| #ifdef HAVE_STDINT_H
| # include <stdint.h>
| #endif
| #ifdef HAVE_UNISTD_H
| # include <unistd.h>
| #endif
| int
| main ()
| {
| if (sizeof (_Bool))
| 	 return 0;
|   ;
|   return 0;
| }
configure:4434: result: no
configure:4451: checking for an ANSI C-conforming const
configure:4517: i686-w64-mingw32-g++ -c -std=c++11 -static-libgcc -static-libstdc++ -D_WIN32_WINNT=0x0501 -D__USE_MINGW_ANSI_STDIO=0 -static  conftest.cpp >&5
configure:4517: $? = 0
configure:4524: result: yes
configure:4532: checking for inline
configure:4548: i686-w64-mingw32-g++ -c -std=c++11 -static-libgcc -static-libstdc++ -D_WIN32_WINNT=0x0501 -D__USE_MINGW_ANSI_STDIO=0 -static  conftest.cpp >&5
configure:4548: $? = 0
configure:4556: result: inline
configure:4574: checking for int16_t
configure:4574: i686-w64-mingw32-g++ -c -std=c++11 -static-libgcc -static-libstdc++ -D_WIN32_WINNT=0x0501 -D__USE_MINGW_ANSI_STDIO=0 -static  conftest.cpp >&5
configure:4574: $? = 0
configure:4574: i686-w64-mingw32-g++ -c -std=c++11 -static-libgcc -static-libstdc++ -D_WIN32_WINNT=0x0501 -D__USE_MINGW_ANSI_STDIO=0 -static  conftest.cpp >&5
conftest.cpp: In function 'int main()':
conftest.cpp:63:58: error: narrowing conversion of '-1' from 'int' to 'unsigned int' [-Wnarrowing]
   63 |    < (int16_t) (((((int16_t) 1 << N) << N) - 1) * 2 + 2))];
      |                                                          ^
conftest.cpp:62:26: error: size '-1' of array 'test_array' is negative
   62 | static int test_array [1 - 2 * !((int16_t) (((((int16_t) 1 << N) << N) - 1) * 2 + 1)
      |                        ~~^~~~~~~~~~~~~~~~~~~~~~~~~~~~~~~~~~~~~~~~~~~~~~~~~~~~~~~~~~~
   63 |    < (int16_t) (((((int16_t) 1 << N) << N) - 1) * 2 + 2))];
      |    ~~~~~~~~~~~~~~~~~~~~~~~~~~~~~~~~~~~~~~~~~~~~~~~~~~~~~~
configure:4574: $? = 1
configure: failed program was:
| /* confdefs.h */
| #define PACKAGE_NAME "TheForgottenServer"
| #define PACKAGE_TARNAME "theforgottenserver"
| #define PACKAGE_VERSION "0.3.6"
| #define PACKAGE_STRING "TheForgottenServer 0.3.6"
| #define PACKAGE_BUGREPORT ""
| #define PACKAGE_URL ""
| #define PACKAGE "theforgottenserver"
| #define VERSION "0.3.6"
| #define STDC_HEADERS 1
| #define HAVE_SYS_TYPES_H 1
| #define HAVE_SYS_STAT_H 1
| #define HAVE_STDLIB_H 1
| #define HAVE_STRING_H 1
| #define HAVE_MEMORY_H 1
| #define HAVE_STRINGS_H 1
| #define HAVE_INTTYPES_H 1
| #define HAVE_STDINT_H 1
| #define HAVE_UNISTD_H 1
| #define HAVE_STDDEF_H 1
| #define HAVE_STDINT_H 1
| #define HAVE_STDLIB_H 1
| #define HAVE_SYS_TIMEB_H 1
| /* end confdefs.h.  */
| #include <stdio.h>
| #ifdef HAVE_SYS_TYPES_H
| # include <sys/types.h>
| #endif
| #ifdef HAVE_SYS_STAT_H
| # include <sys/stat.h>
| #endif
| #ifdef STDC_HEADERS
| # include <stdlib.h>
| # include <stddef.h>
| #else
| # ifdef HAVE_STDLIB_H
| #  include <stdlib.h>
| # endif
| #endif
| #ifdef HAVE_STRING_H
| # if !defined STDC_HEADERS && defined HAVE_MEMORY_H
| #  include <memory.h>
| # endif
| # include <string.h>
| #endif
| #ifdef HAVE_STRINGS_H
| # include <strings.h>
| #endif
| #ifdef HAVE_INTTYPES_H
| # include <inttypes.h>
| #endif
| #ifdef HAVE_STDINT_H
| # include <stdint.h>
| #endif
| #ifdef HAVE_UNISTD_H
| # include <unistd.h>
| #endif
| 	        enum { N = 16 / 2 - 1 };
| int
| main ()
| {
| static int test_array [1 - 2 * !((int16_t) (((((int16_t) 1 << N) << N) - 1) * 2 + 1)
| 		 < (int16_t) (((((int16_t) 1 << N) << N) - 1) * 2 + 2))];
| test_array [0] = 0;
| return test_array [0];
| 
|   ;
|   return 0;
| }
configure:4574: result: yes
configure:4585: checking for int32_t
configure:4585: i686-w64-mingw32-g++ -c -std=c++11 -static-libgcc -static-libstdc++ -D_WIN32_WINNT=0x0501 -D__USE_MINGW_ANSI_STDIO=0 -static  conftest.cpp >&5
configure:4585: $? = 0
configure:4585: i686-w64-mingw32-g++ -c -std=c++11 -static-libgcc -static-libstdc++ -D_WIN32_WINNT=0x0501 -D__USE_MINGW_ANSI_STDIO=0 -static  conftest.cpp >&5
conftest.cpp: In function 'int main()':
conftest.cpp:63:53: warning: integer overflow in expression of type 'int32_t' {aka 'int'} results in '-2147483648' [-Woverflow]
   63 |    < (int32_t) (((((int32_t) 1 << N) << N) - 1) * 2 + 2))];
      |                 ~~~~~~~~~~~~~~~~~~~~~~~~~~~~~~~~~~~~^~~
conftest.cpp:62:26: error: size '-1' of array 'test_array' is negative
   62 | static int test_array [1 - 2 * !((int32_t) (((((int32_t) 1 << N) << N) - 1) * 2 + 1)
      |                        ~~^~~~~~~~~~~~~~~~~~~~~~~~~~~~~~~~~~~~~~~~~~~~~~~~~~~~~~~~~~~
   63 |    < (int32_t) (((((int32_t) 1 << N) << N) - 1) * 2 + 2))];
      |    ~~~~~~~~~~~~~~~~~~~~~~~~~~~~~~~~~~~~~~~~~~~~~~~~~~~~~~
configure:4585: $? = 1
configure: failed program was:
| /* confdefs.h */
| #define PACKAGE_NAME "TheForgottenServer"
| #define PACKAGE_TARNAME "theforgottenserver"
| #define PACKAGE_VERSION "0.3.6"
| #define PACKAGE_STRING "TheForgottenServer 0.3.6"
| #define PACKAGE_BUGREPORT ""
| #define PACKAGE_URL ""
| #define PACKAGE "theforgottenserver"
| #define VERSION "0.3.6"
| #define STDC_HEADERS 1
| #define HAVE_SYS_TYPES_H 1
| #define HAVE_SYS_STAT_H 1
| #define HAVE_STDLIB_H 1
| #define HAVE_STRING_H 1
| #define HAVE_MEMORY_H 1
| #define HAVE_STRINGS_H 1
| #define HAVE_INTTYPES_H 1
| #define HAVE_STDINT_H 1
| #define HAVE_UNISTD_H 1
| #define HAVE_STDDEF_H 1
| #define HAVE_STDINT_H 1
| #define HAVE_STDLIB_H 1
| #define HAVE_SYS_TIMEB_H 1
| /* end confdefs.h.  */
| #include <stdio.h>
| #ifdef HAVE_SYS_TYPES_H
| # include <sys/types.h>
| #endif
| #ifdef HAVE_SYS_STAT_H
| # include <sys/stat.h>
| #endif
| #ifdef STDC_HEADERS
| # include <stdlib.h>
| # include <stddef.h>
| #else
| # ifdef HAVE_STDLIB_H
| #  include <stdlib.h>
| # endif
| #endif
| #ifdef HAVE_STRING_H
| # if !defined STDC_HEADERS && defined HAVE_MEMORY_H
| #  include <memory.h>
| # endif
| # include <string.h>
| #endif
| #ifdef HAVE_STRINGS_H
| # include <strings.h>
| #endif
| #ifdef HAVE_INTTYPES_H
| # include <inttypes.h>
| #endif
| #ifdef HAVE_STDINT_H
| # include <stdint.h>
| #endif
| #ifdef HAVE_UNISTD_H
| # include <unistd.h>
| #endif
| 	        enum { N = 32 / 2 - 1 };
| int
| main ()
| {
| static int test_array [1 - 2 * !((int32_t) (((((int32_t) 1 << N) << N) - 1) * 2 + 1)
| 		 < (int32_t) (((((int32_t) 1 << N) << N) - 1) * 2 + 2))];
| test_array [0] = 0;
| return test_array [0];
| 
|   ;
|   return 0;
| }
configure:4585: result: yes
configure:4596: checking for int64_t
configure:4596: i686-w64-mingw32-g++ -c -std=c++11 -static-libgcc -static-libstdc++ -D_WIN32_WINNT=0x0501 -D__USE_MINGW_ANSI_STDIO=0 -static  conftest.cpp >&5
configure:4596: $? = 0
configure:4596: i686-w64-mingw32-g++ -c -std=c++11 -static-libgcc -static-libstdc++ -D_WIN32_WINNT=0x0501 -D__USE_MINGW_ANSI_STDIO=0 -static  conftest.cpp >&5
conftest.cpp: In function 'int main()':
conftest.cpp:63:53: warning: integer overflow in expression of type 'int64_t' {aka 'long long int'} results in '-9223372036854775808' [-Woverflow]
   63 |    < (int64_t) (((((int64_t) 1 << N) << N) - 1) * 2 + 2))];
      |                 ~~~~~~~~~~~~~~~~~~~~~~~~~~~~~~~~~~~~^~~
conftest.cpp:62:26: error: size '-1' of array 'test_array' is negative
   62 | static int test_array [1 - 2 * !((int64_t) (((((int64_t) 1 << N) << N) - 1) * 2 + 1)
      |                        ~~^~~~~~~~~~~~~~~~~~~~~~~~~~~~~~~~~~~~~~~~~~~~~~~~~~~~~~~~~~~
   63 |    < (int64_t) (((((int64_t) 1 << N) << N) - 1) * 2 + 2))];
      |    ~~~~~~~~~~~~~~~~~~~~~~~~~~~~~~~~~~~~~~~~~~~~~~~~~~~~~~
configure:4596: $? = 1
configure: failed program was:
| /* confdefs.h */
| #define PACKAGE_NAME "TheForgottenServer"
| #define PACKAGE_TARNAME "theforgottenserver"
| #define PACKAGE_VERSION "0.3.6"
| #define PACKAGE_STRING "TheForgottenServer 0.3.6"
| #define PACKAGE_BUGREPORT ""
| #define PACKAGE_URL ""
| #define PACKAGE "theforgottenserver"
| #define VERSION "0.3.6"
| #define STDC_HEADERS 1
| #define HAVE_SYS_TYPES_H 1
| #define HAVE_SYS_STAT_H 1
| #define HAVE_STDLIB_H 1
| #define HAVE_STRING_H 1
| #define HAVE_MEMORY_H 1
| #define HAVE_STRINGS_H 1
| #define HAVE_INTTYPES_H 1
| #define HAVE_STDINT_H 1
| #define HAVE_UNISTD_H 1
| #define HAVE_STDDEF_H 1
| #define HAVE_STDINT_H 1
| #define HAVE_STDLIB_H 1
| #define HAVE_SYS_TIMEB_H 1
| /* end confdefs.h.  */
| #include <stdio.h>
| #ifdef HAVE_SYS_TYPES_H
| # include <sys/types.h>
| #endif
| #ifdef HAVE_SYS_STAT_H
| # include <sys/stat.h>
| #endif
| #ifdef STDC_HEADERS
| # include <stdlib.h>
| # include <stddef.h>
| #else
| # ifdef HAVE_STDLIB_H
| #  include <stdlib.h>
| # endif
| #endif
| #ifdef HAVE_STRING_H
| # if !defined STDC_HEADERS && defined HAVE_MEMORY_H
| #  include <memory.h>
| # endif
| # include <string.h>
| #endif
| #ifdef HAVE_STRINGS_H
| # include <strings.h>
| #endif
| #ifdef HAVE_INTTYPES_H
| # include <inttypes.h>
| #endif
| #ifdef HAVE_STDINT_H
| # include <stdint.h>
| #endif
| #ifdef HAVE_UNISTD_H
| # include <unistd.h>
| #endif
| 	        enum { N = 64 / 2 - 1 };
| int
| main ()
| {
| static int test_array [1 - 2 * !((int64_t) (((((int64_t) 1 << N) << N) - 1) * 2 + 1)
| 		 < (int64_t) (((((int64_t) 1 << N) << N) - 1) * 2 + 2))];
| test_array [0] = 0;
| return test_array [0];
| 
|   ;
|   return 0;
| }
configure:4596: result: yes
configure:4607: checking for size_t
configure:4607: i686-w64-mingw32-g++ -c -std=c++11 -static-libgcc -static-libstdc++ -D_WIN32_WINNT=0x0501 -D__USE_MINGW_ANSI_STDIO=0 -static  conftest.cpp >&5
configure:4607: $? = 0
configure:4607: i686-w64-mingw32-g++ -c -std=c++11 -static-libgcc -static-libstdc++ -D_WIN32_WINNT=0x0501 -D__USE_MINGW_ANSI_STDIO=0 -static  conftest.cpp >&5
conftest.cpp: In function 'int main()':
conftest.cpp:61:20: error: expected primary-expression before ')' token
   61 | if (sizeof ((size_t)))
      |                    ^
configure:4607: $? = 1
configure: failed program was:
| /* confdefs.h */
| #define PACKAGE_NAME "TheForgottenServer"
| #define PACKAGE_TARNAME "theforgottenserver"
| #define PACKAGE_VERSION "0.3.6"
| #define PACKAGE_STRING "TheForgottenServer 0.3.6"
| #define PACKAGE_BUGREPORT ""
| #define PACKAGE_URL ""
| #define PACKAGE "theforgottenserver"
| #define VERSION "0.3.6"
| #define STDC_HEADERS 1
| #define HAVE_SYS_TYPES_H 1
| #define HAVE_SYS_STAT_H 1
| #define HAVE_STDLIB_H 1
| #define HAVE_STRING_H 1
| #define HAVE_MEMORY_H 1
| #define HAVE_STRINGS_H 1
| #define HAVE_INTTYPES_H 1
| #define HAVE_STDINT_H 1
| #define HAVE_UNISTD_H 1
| #define HAVE_STDDEF_H 1
| #define HAVE_STDINT_H 1
| #define HAVE_STDLIB_H 1
| #define HAVE_SYS_TIMEB_H 1
| /* end confdefs.h.  */
| #include <stdio.h>
| #ifdef HAVE_SYS_TYPES_H
| # include <sys/types.h>
| #endif
| #ifdef HAVE_SYS_STAT_H
| # include <sys/stat.h>
| #endif
| #ifdef STDC_HEADERS
| # include <stdlib.h>
| # include <stddef.h>
| #else
| # ifdef HAVE_STDLIB_H
| #  include <stdlib.h>
| # endif
| #endif
| #ifdef HAVE_STRING_H
| # if !defined STDC_HEADERS && defined HAVE_MEMORY_H
| #  include <memory.h>
| # endif
| # include <string.h>
| #endif
| #ifdef HAVE_STRINGS_H
| # include <strings.h>
| #endif
| #ifdef HAVE_INTTYPES_H
| # include <inttypes.h>
| #endif
| #ifdef HAVE_STDINT_H
| # include <stdint.h>
| #endif
| #ifdef HAVE_UNISTD_H
| # include <unistd.h>
| #endif
| int
| main ()
| {
| if (sizeof ((size_t)))
| 	    return 0;
|   ;
|   return 0;
| }
configure:4607: result: yes
configure:4618: checking whether struct tm is in sys/time.h or time.h
configure:4638: i686-w64-mingw32-g++ -c -std=c++11 -static-libgcc -static-libstdc++ -D_WIN32_WINNT=0x0501 -D__USE_MINGW_ANSI_STDIO=0 -static  conftest.cpp >&5
configure:4638: $? = 0
configure:4645: result: time.h
configure:4653: checking for uint16_t
configure:4653: i686-w64-mingw32-g++ -c -std=c++11 -static-libgcc -static-libstdc++ -D_WIN32_WINNT=0x0501 -D__USE_MINGW_ANSI_STDIO=0 -static  conftest.cpp >&5
configure:4653: $? = 0
configure:4653: result: yes
configure:4665: checking for uint32_t
configure:4665: i686-w64-mingw32-g++ -c -std=c++11 -static-libgcc -static-libstdc++ -D_WIN32_WINNT=0x0501 -D__USE_MINGW_ANSI_STDIO=0 -static  conftest.cpp >&5
configure:4665: $? = 0
configure:4665: result: yes
configure:4679: checking for uint64_t
configure:4679: i686-w64-mingw32-g++ -c -std=c++11 -static-libgcc -static-libstdc++ -D_WIN32_WINNT=0x0501 -D__USE_MINGW_ANSI_STDIO=0 -static  conftest.cpp >&5
configure:4679: $? = 0
configure:4679: result: yes
configure:4693: checking for uint8_t
configure:4693: i686-w64-mingw32-g++ -c -std=c++11 -static-libgcc -static-libstdc++ -D_WIN32_WINNT=0x0501 -D__USE_MINGW_ANSI_STDIO=0 -static  conftest.cpp >&5
configure:4693: $? = 0
configure:4693: result: yes
configure:4707: checking for ptrdiff_t
configure:4707: i686-w64-mingw32-g++ -c -std=c++11 -static-libgcc -static-libstdc++ -D_WIN32_WINNT=0x0501 -D__USE_MINGW_ANSI_STDIO=0 -static  conftest.cpp >&5
configure:4707: $? = 0
configure:4707: i686-w64-mingw32-g++ -c -std=c++11 -static-libgcc -static-libstdc++ -D_WIN32_WINNT=0x0501 -D__USE_MINGW_ANSI_STDIO=0 -static  conftest.cpp >&5
conftest.cpp: In function 'int main()':
conftest.cpp:61:23: error: expected primary-expression before ')' token
   61 | if (sizeof ((ptrdiff_t)))
      |                       ^
configure:4707: $? = 1
configure: failed program was:
| /* confdefs.h */
| #define PACKAGE_NAME "TheForgottenServer"
| #define PACKAGE_TARNAME "theforgottenserver"
| #define PACKAGE_VERSION "0.3.6"
| #define PACKAGE_STRING "TheForgottenServer 0.3.6"
| #define PACKAGE_BUGREPORT ""
| #define PACKAGE_URL ""
| #define PACKAGE "theforgottenserver"
| #define VERSION "0.3.6"
| #define STDC_HEADERS 1
| #define HAVE_SYS_TYPES_H 1
| #define HAVE_SYS_STAT_H 1
| #define HAVE_STDLIB_H 1
| #define HAVE_STRING_H 1
| #define HAVE_MEMORY_H 1
| #define HAVE_STRINGS_H 1
| #define HAVE_INTTYPES_H 1
| #define HAVE_STDINT_H 1
| #define HAVE_UNISTD_H 1
| #define HAVE_STDDEF_H 1
| #define HAVE_STDINT_H 1
| #define HAVE_STDLIB_H 1
| #define HAVE_SYS_TIMEB_H 1
| /* end confdefs.h.  */
| #include <stdio.h>
| #ifdef HAVE_SYS_TYPES_H
| # include <sys/types.h>
| #endif
| #ifdef HAVE_SYS_STAT_H
| # include <sys/stat.h>
| #endif
| #ifdef STDC_HEADERS
| # include <stdlib.h>
| # include <stddef.h>
| #else
| # ifdef HAVE_STDLIB_H
| #  include <stdlib.h>
| # endif
| #endif
| #ifdef HAVE_STRING_H
| # if !defined STDC_HEADERS && defined HAVE_MEMORY_H
| #  include <memory.h>
| # endif
| # include <string.h>
| #endif
| #ifdef HAVE_STRINGS_H
| # include <strings.h>
| #endif
| #ifdef HAVE_INTTYPES_H
| # include <inttypes.h>
| #endif
| #ifdef HAVE_STDINT_H
| # include <stdint.h>
| #endif
| #ifdef HAVE_UNISTD_H
| # include <unistd.h>
| #endif
| int
| main ()
| {
| if (sizeof ((ptrdiff_t)))
| 	    return 0;
|   ;
|   return 0;
| }
configure:4707: result: yes
configure:4721: checking for stdlib.h
configure:4721: result: yes
configure:4731: checking for GNU libc compatible malloc
configure:4765: result: no
configure:4786: checking for working memcmp
configure:4839: result: no
configure:4850: checking for stdlib.h
configure:4850: result: yes
configure:4860: checking for GNU libc compatible realloc
configure:4894: result: no
configure:4918: checking for floor
configure:4918: i686-w64-mingw32-g++ -o conftest.exe -std=c++11 -static-libgcc -static-libstdc++ -D_WIN32_WINNT=0x0501 -D__USE_MINGW_ANSI_STDIO=0 -static  -static-libgcc -static-libstdc++ -static conftest.cpp  >&5
conftest.cpp:55:6: warning: declaration of 'char floor()' conflicts with built-in declaration 'double floor(double)' [-Wbuiltin-declaration-mismatch]
   55 | char floor ();
      |      ^~~~~
configure:4918: $? = 0
configure:4918: result: yes
configure:4918: checking for ftime
configure:4918: i686-w64-mingw32-g++ -o conftest.exe -std=c++11 -static-libgcc -static-libstdc++ -D_WIN32_WINNT=0x0501 -D__USE_MINGW_ANSI_STDIO=0 -static  -static-libgcc -static-libstdc++ -static conftest.cpp  >&5
configure:4918: $? = 0
configure:4918: result: yes
configure:4918: checking for gethostbyname
configure:4918: i686-w64-mingw32-g++ -o conftest.exe -std=c++11 -static-libgcc -static-libstdc++ -D_WIN32_WINNT=0x0501 -D__USE_MINGW_ANSI_STDIO=0 -static  -static-libgcc -static-libstdc++ -static conftest.cpp  >&5
/usr/bin/i686-w64-mingw32-ld: /tmp/ccg6OAMf.o:conftest.cpp:(.text+0xc): undefined reference to `gethostbyname'
collect2: error: ld returned 1 exit status
configure:4918: $? = 1
configure: failed program was:
| /* confdefs.h */
| #define PACKAGE_NAME "TheForgottenServer"
| #define PACKAGE_TARNAME "theforgottenserver"
| #define PACKAGE_VERSION "0.3.6"
| #define PACKAGE_STRING "TheForgottenServer 0.3.6"
| #define PACKAGE_BUGREPORT ""
| #define PACKAGE_URL ""
| #define PACKAGE "theforgottenserver"
| #define VERSION "0.3.6"
| #define STDC_HEADERS 1
| #define HAVE_SYS_TYPES_H 1
| #define HAVE_SYS_STAT_H 1
| #define HAVE_STDLIB_H 1
| #define HAVE_STRING_H 1
| #define HAVE_MEMORY_H 1
| #define HAVE_STRINGS_H 1
| #define HAVE_INTTYPES_H 1
| #define HAVE_STDINT_H 1
| #define HAVE_UNISTD_H 1
| #define HAVE_STDDEF_H 1
| #define HAVE_STDINT_H 1
| #define HAVE_STDLIB_H 1
| #define HAVE_SYS_TIMEB_H 1
| #define HAVE_PTRDIFF_T 1
| #define HAVE_STDLIB_H 1
| #define HAVE_MALLOC 0
| #define malloc rpl_malloc
| #define HAVE_STDLIB_H 1
| #define HAVE_REALLOC 0
| #define realloc rpl_realloc
| #define HAVE_FLOOR 1
| #define HAVE_FTIME 1
| /* end confdefs.h.  */
| /* Define gethostbyname to an innocuous variant, in case <limits.h> declares gethostbyname.
|    For example, HP-UX 11i <limits.h> declares gettimeofday.  */
| #define gethostbyname innocuous_gethostbyname
| 
| /* System header to define __stub macros and hopefully few prototypes,
|     which can conflict with char gethostbyname (); below.
|     Prefer <limits.h> to <assert.h> if __STDC__ is defined, since
|     <limits.h> exists even on freestanding compilers.  */
| 
| #ifdef __STDC__
| # include <limits.h>
| #else
| # include <assert.h>
| #endif
| 
| #undef gethostbyname
| 
| /* Override any GCC internal prototype to avoid an error.
|    Use char because int might match the return type of a GCC
|    builtin and then its argument prototype would still apply.  */
| #ifdef __cplusplus
| extern "C"
| #endif
| char gethostbyname ();
| /* The GNU C library defines this for functions which it implements
|     to always fail with ENOSYS.  Some functions are actually named
|     something starting with __ and the normal name is an alias.  */
| #if defined __stub_gethostbyname || defined __stub___gethostbyname
| choke me
| #endif
| 
| int
| main ()
| {
| return gethostbyname ();
|   ;
|   return 0;
| }
configure:4918: result: no
configure:4918: checking for gethostname
configure:4918: i686-w64-mingw32-g++ -o conftest.exe -std=c++11 -static-libgcc -static-libstdc++ -D_WIN32_WINNT=0x0501 -D__USE_MINGW_ANSI_STDIO=0 -static  -static-libgcc -static-libstdc++ -static conftest.cpp  >&5
/usr/bin/i686-w64-mingw32-ld: /tmp/ccgdTNe7.o:conftest.cpp:(.text+0xc): undefined reference to `gethostname'
collect2: error: ld returned 1 exit status
configure:4918: $? = 1
configure: failed program was:
| /* confdefs.h */
| #define PACKAGE_NAME "TheForgottenServer"
| #define PACKAGE_TARNAME "theforgottenserver"
| #define PACKAGE_VERSION "0.3.6"
| #define PACKAGE_STRING "TheForgottenServer 0.3.6"
| #define PACKAGE_BUGREPORT ""
| #define PACKAGE_URL ""
| #define PACKAGE "theforgottenserver"
| #define VERSION "0.3.6"
| #define STDC_HEADERS 1
| #define HAVE_SYS_TYPES_H 1
| #define HAVE_SYS_STAT_H 1
| #define HAVE_STDLIB_H 1
| #define HAVE_STRING_H 1
| #define HAVE_MEMORY_H 1
| #define HAVE_STRINGS_H 1
| #define HAVE_INTTYPES_H 1
| #define HAVE_STDINT_H 1
| #define HAVE_UNISTD_H 1
| #define HAVE_STDDEF_H 1
| #define HAVE_STDINT_H 1
| #define HAVE_STDLIB_H 1
| #define HAVE_SYS_TIMEB_H 1
| #define HAVE_PTRDIFF_T 1
| #define HAVE_STDLIB_H 1
| #define HAVE_MALLOC 0
| #define malloc rpl_malloc
| #define HAVE_STDLIB_H 1
| #define HAVE_REALLOC 0
| #define realloc rpl_realloc
| #define HAVE_FLOOR 1
| #define HAVE_FTIME 1
| /* end confdefs.h.  */
| /* Define gethostname to an innocuous variant, in case <limits.h> declares gethostname.
|    For example, HP-UX 11i <limits.h> declares gettimeofday.  */
| #define gethostname innocuous_gethostname
| 
| /* System header to define __stub macros and hopefully few prototypes,
|     which can conflict with char gethostname (); below.
|     Prefer <limits.h> to <assert.h> if __STDC__ is defined, since
|     <limits.h> exists even on freestanding compilers.  */
| 
| #ifdef __STDC__
| # include <limits.h>
| #else
| # include <assert.h>
| #endif
| 
| #undef gethostname
| 
| /* Override any GCC internal prototype to avoid an error.
|    Use char because int might match the return type of a GCC
|    builtin and then its argument prototype would still apply.  */
| #ifdef __cplusplus
| extern "C"
| #endif
| char gethostname ();
| /* The GNU C library defines this for functions which it implements
|     to always fail with ENOSYS.  Some functions are actually named
|     something starting with __ and the normal name is an alias.  */
| #if defined __stub_gethostname || defined __stub___gethostname
| choke me
| #endif
| 
| int
| main ()
| {
| return gethostname ();
|   ;
|   return 0;
| }
configure:4918: result: no
configure:4918: checking for memset
configure:4918: i686-w64-mingw32-g++ -o conftest.exe -std=c++11 -static-libgcc -static-libstdc++ -D_WIN32_WINNT=0x0501 -D__USE_MINGW_ANSI_STDIO=0 -static  -static-libgcc -static-libstdc++ -static conftest.cpp  >&5
conftest.cpp:57:6: warning: declaration of 'char memset()' conflicts with built-in declaration 'void* memset(void*, int, unsigned int)' [-Wbuiltin-declaration-mismatch]
   57 | char memset ();
      |      ^~~~~~
configure:4918: $? = 0
configure:4918: result: yes
configure:4918: checking for pow
configure:4918: i686-w64-mingw32-g++ -o conftest.exe -std=c++11 -static-libgcc -static-libstdc++ -D_WIN32_WINNT=0x0501 -D__USE_MINGW_ANSI_STDIO=0 -static  -static-libgcc -static-libstdc++ -static conftest.cpp  >&5
conftest.cpp:58:6: warning: declaration of 'char pow()' conflicts with built-in declaration 'double pow(double, double)' [-Wbuiltin-declaration-mismatch]
   58 | char pow ();
      |      ^~~
configure:4918: $? = 0
configure:4918: result: yes
configure:4918: checking for sqrt
configure:4918: i686-w64-mingw32-g++ -o conftest.exe -std=c++11 -static-libgcc -static-libstdc++ -D_WIN32_WINNT=0x0501 -D__USE_MINGW_ANSI_STDIO=0 -static  -static-libgcc -static-libstdc++ -static conftest.cpp  >&5
conftest.cpp:59:6: warning: declaration of 'char sqrt()' conflicts with built-in declaration 'double sqrt(double)' [-Wbuiltin-declaration-mismatch]
   59 | char sqrt ();
      |      ^~~~
configure:4918: $? = 0
configure:4918: result: yes
configure:4918: checking for strcasecmp
configure:4918: i686-w64-mingw32-g++ -o conftest.exe -std=c++11 -static-libgcc -static-libstdc++ -D_WIN32_WINNT=0x0501 -D__USE_MINGW_ANSI_STDIO=0 -static  -static-libgcc -static-libstdc++ -static conftest.cpp  >&5
configure:4918: $? = 0
configure:4918: result: yes
configure:4918: checking for strncasecmp
configure:4918: i686-w64-mingw32-g++ -o conftest.exe -std=c++11 -static-libgcc -static-libstdc++ -D_WIN32_WINNT=0x0501 -D__USE_MINGW_ANSI_STDIO=0 -static  -static-libgcc -static-libstdc++ -static conftest.cpp  >&5
configure:4918: $? = 0
configure:4918: result: yes
configure:4918: checking for strstr
configure:4918: i686-w64-mingw32-g++ -o conftest.exe -std=c++11 -static-libgcc -static-libstdc++ -D_WIN32_WINNT=0x0501 -D__USE_MINGW_ANSI_STDIO=0 -static  -static-libgcc -static-libstdc++ -static conftest.cpp  >&5
conftest.cpp:62:6: warning: declaration of 'char strstr()' conflicts with built-in declaration 'char* strstr(const char*, const char*)' [-Wbuiltin-declaration-mismatch]
   62 | char strstr ();
      |      ^~~~~~
configure:4918: $? = 0
configure:4918: result: yes
configure:4918: checking for strtol
configure:4918: i686-w64-mingw32-g++ -o conftest.exe -std=c++11 -static-libgcc -static-libstdc++ -D_WIN32_WINNT=0x0501 -D__USE_MINGW_ANSI_STDIO=0 -static  -static-libgcc -static-libstdc++ -static conftest.cpp  >&5
configure:4918: $? = 0
configure:4918: result: yes
configure:4969: checking for xml2-config
configure:4987: found /bin/xml2-config
configure:5000: result: /bin/xml2-config
configure:5009: checking for libxml - version >= 2.6.5
configure:5126: result: yes (version 2.9.14)
configure:5194: checking gmp.h usability
configure:5194: i686-w64-mingw32-g++ -c -std=c++11 -static-libgcc -static-libstdc++ -D_WIN32_WINNT=0x0501 -D__USE_MINGW_ANSI_STDIO=0 -static  conftest.cpp >&5
conftest.cpp:74:10: fatal error: gmp.h: No such file or directory
   74 | #include <gmp.h>
      |          ^~~~~~~
compilation terminated.
configure:5194: $? = 1
configure: failed program was:
| /* confdefs.h */
| #define PACKAGE_NAME "TheForgottenServer"
| #define PACKAGE_TARNAME "theforgottenserver"
| #define PACKAGE_VERSION "0.3.6"
| #define PACKAGE_STRING "TheForgottenServer 0.3.6"
| #define PACKAGE_BUGREPORT ""
| #define PACKAGE_URL ""
| #define PACKAGE "theforgottenserver"
| #define VERSION "0.3.6"
| #define STDC_HEADERS 1
| #define HAVE_SYS_TYPES_H 1
| #define HAVE_SYS_STAT_H 1
| #define HAVE_STDLIB_H 1
| #define HAVE_STRING_H 1
| #define HAVE_MEMORY_H 1
| #define HAVE_STRINGS_H 1
| #define HAVE_INTTYPES_H 1
| #define HAVE_STDINT_H 1
| #define HAVE_UNISTD_H 1
| #define HAVE_STDDEF_H 1
| #define HAVE_STDINT_H 1
| #define HAVE_STDLIB_H 1
| #define HAVE_SYS_TIMEB_H 1
| #define HAVE_PTRDIFF_T 1
| #define HAVE_STDLIB_H 1
| #define HAVE_MALLOC 0
| #define malloc rpl_malloc
| #define HAVE_STDLIB_H 1
| #define HAVE_REALLOC 0
| #define realloc rpl_realloc
| #define HAVE_FLOOR 1
| #define HAVE_FTIME 1
| #define HAVE_MEMSET 1
| #define HAVE_POW 1
| #define HAVE_SQRT 1
| #define HAVE_STRCASECMP 1
| #define HAVE_STRNCASECMP 1
| #define HAVE_STRSTR 1
| #define HAVE_STRTOL 1
| /* end confdefs.h.  */
| #include <stdio.h>
| #ifdef HAVE_SYS_TYPES_H
| # include <sys/types.h>
| #endif
| #ifdef HAVE_SYS_STAT_H
| # include <sys/stat.h>
| #endif
| #ifdef STDC_HEADERS
| # include <stdlib.h>
| # include <stddef.h>
| #else
| # ifdef HAVE_STDLIB_H
| #  include <stdlib.h>
| # endif
| #endif
| #ifdef HAVE_STRING_H
| # if !defined STDC_HEADERS && defined HAVE_MEMORY_H
| #  include <memory.h>
| # endif
| # include <string.h>
| #endif
| #ifdef HAVE_STRINGS_H
| # include <strings.h>
| #endif
| #ifdef HAVE_INTTYPES_H
| # include <inttypes.h>
| #endif
| #ifdef HAVE_STDINT_H
| # include <stdint.h>
| #endif
| #ifdef HAVE_UNISTD_H
| # include <unistd.h>
| #endif
| #include <gmp.h>
configure:5194: result: no
configure:5194: checking gmp.h presence
configure:5194: i686-w64-mingw32-g++ -E  conftest.cpp
conftest.cpp:41:10: fatal error: gmp.h: No such file or directory
   41 | #include <gmp.h>
      |          ^~~~~~~
compilation terminated.
configure:5194: $? = 1
configure: failed program was:
| /* confdefs.h */
| #define PACKAGE_NAME "TheForgottenServer"
| #define PACKAGE_TARNAME "theforgottenserver"
| #define PACKAGE_VERSION "0.3.6"
| #define PACKAGE_STRING "TheForgottenServer 0.3.6"
| #define PACKAGE_BUGREPORT ""
| #define PACKAGE_URL ""
| #define PACKAGE "theforgottenserver"
| #define VERSION "0.3.6"
| #define STDC_HEADERS 1
| #define HAVE_SYS_TYPES_H 1
| #define HAVE_SYS_STAT_H 1
| #define HAVE_STDLIB_H 1
| #define HAVE_STRING_H 1
| #define HAVE_MEMORY_H 1
| #define HAVE_STRINGS_H 1
| #define HAVE_INTTYPES_H 1
| #define HAVE_STDINT_H 1
| #define HAVE_UNISTD_H 1
| #define HAVE_STDDEF_H 1
| #define HAVE_STDINT_H 1
| #define HAVE_STDLIB_H 1
| #define HAVE_SYS_TIMEB_H 1
| #define HAVE_PTRDIFF_T 1
| #define HAVE_STDLIB_H 1
| #define HAVE_MALLOC 0
| #define malloc rpl_malloc
| #define HAVE_STDLIB_H 1
| #define HAVE_REALLOC 0
| #define realloc rpl_realloc
| #define HAVE_FLOOR 1
| #define HAVE_FTIME 1
| #define HAVE_MEMSET 1
| #define HAVE_POW 1
| #define HAVE_SQRT 1
| #define HAVE_STRCASECMP 1
| #define HAVE_STRNCASECMP 1
| #define HAVE_STRSTR 1
| #define HAVE_STRTOL 1
| /* end confdefs.h.  */
| #include <gmp.h>
configure:5194: result: no
configure:5194: checking for gmp.h
configure:5194: result: no
configure:5201: error: "GMP header not found."

## ---------------- ##
## Cache variables. ##
## ---------------- ##

ac_cv_c_const=yes
ac_cv_c_inline=inline
ac_cv_c_int16_t=yes
ac_cv_c_int32_t=yes
ac_cv_c_int64_t=yes
ac_cv_c_uint16_t=yes
ac_cv_c_uint32_t=yes
ac_cv_c_uint64_t=yes
ac_cv_c_uint8_t=yes
ac_cv_cxx_compiler_gnu=yes
ac_cv_env_CCC_set=
ac_cv_env_CCC_value=
ac_cv_env_CPPFLAGS_set=
ac_cv_env_CPPFLAGS_value=
ac_cv_env_CXXCPP_set=
ac_cv_env_CXXCPP_value=
ac_cv_env_CXXFLAGS_set=set
ac_cv_env_CXXFLAGS_value='-std=c++11 -static-libgcc -static-libstdc++ -D_WIN32_WINNT=0x0501 -D__USE_MINGW_ANSI_STDIO=0 -static'
ac_cv_env_CXX_set=
ac_cv_env_CXX_value=
ac_cv_env_LDFLAGS_set=set
ac_cv_env_LDFLAGS_value='-static-libgcc -static-libstdc++ -static'
ac_cv_env_LIBS_set=
ac_cv_env_LIBS_value=
ac_cv_env_LUA_CFLAGS_set=
ac_cv_env_LUA_CFLAGS_value=
ac_cv_env_LUA_LIBS_set=
ac_cv_env_LUA_LIBS_value=
ac_cv_env_PKG_CONFIG_LIBDIR_set=
ac_cv_env_PKG_CONFIG_LIBDIR_value=
ac_cv_env_PKG_CONFIG_PATH_set=
ac_cv_env_PKG_CONFIG_PATH_value=
ac_cv_env_PKG_CONFIG_set=
ac_cv_env_PKG_CONFIG_value=
ac_cv_env_build_alias_set=
ac_cv_env_build_alias_value=
ac_cv_env_host_alias_set=set
ac_cv_env_host_alias_value=i686-w64-mingw32
ac_cv_env_target_alias_set=
ac_cv_env_target_alias_value=
ac_cv_exeext=.exe
ac_cv_func_floor=yes
ac_cv_func_ftime=yes
ac_cv_func_gethostbyname=no
ac_cv_func_gethostname=no
ac_cv_func_malloc_0_nonnull=no
ac_cv_func_memcmp_working=no
ac_cv_func_memset=yes
ac_cv_func_pow=yes
ac_cv_func_realloc_0_nonnull=no
ac_cv_func_sqrt=yes
ac_cv_func_strcasecmp=yes
ac_cv_func_strncasecmp=yes
ac_cv_func_strstr=yes
ac_cv_func_strtol=yes
ac_cv_header_arpa_inet_h=no
ac_cv_header_gmp_h=no
ac_cv_header_inttypes_h=yes
ac_cv_header_memory_h=yes
ac_cv_header_netdb_h=no
ac_cv_header_netinet_in_h=no
ac_cv_header_stdbool_h=no
ac_cv_header_stdc=yes
ac_cv_header_stddef_h=yes
ac_cv_header_stdint_h=yes
ac_cv_header_stdlib_h=yes
ac_cv_header_string_h=yes
ac_cv_header_strings_h=yes
ac_cv_header_sys_socket_h=no
ac_cv_header_sys_stat_h=yes
ac_cv_header_sys_timeb_h=yes
ac_cv_header_sys_types_h=yes
ac_cv_header_unistd_h=yes
ac_cv_objext=o
ac_cv_path_EGREP='/bin/grep -E'
ac_cv_path_GREP=/bin/grep
ac_cv_path_XML2_CONFIG=/bin/xml2-config
ac_cv_path_install='/bin/install -c'
ac_cv_path_mkdir=/bin/mkdir
ac_cv_prog_AWK=mawk
ac_cv_prog_CXX=i686-w64-mingw32-g++
ac_cv_prog_CXXCPP='i686-w64-mingw32-g++ -E'
ac_cv_prog_STRIP=i686-w64-mingw32-strip
ac_cv_prog_cxx_g=yes
ac_cv_prog_make_make_set=yes
ac_cv_struct_tm=time.h
ac_cv_type__Bool=no
ac_cv_type_ptrdiff_t=yes
ac_cv_type_size_t=yes
am_cv_CXX_dependencies_compiler_type=gcc3
am_cv_make_support_nested_variables=yes

## ----------------- ##
## Output variables. ##
## ----------------- ##

ACLOCAL='${SHELL} '\''/home/gabriel/projetos/poketibias/bases_estudo/Myst/Servidor/src/missing'\'' aclocal-1.16'
AMDEPBACKSLASH='\'
AMDEP_FALSE='#'
AMDEP_TRUE=''
AMTAR='$${TAR-tar}'
AM_BACKSLASH='\'
AM_DEFAULT_V='$(AM_DEFAULT_VERBOSITY)'
AM_DEFAULT_VERBOSITY='1'
AM_V='$(V)'
AUTOCONF='${SHELL} '\''/home/gabriel/projetos/poketibias/bases_estudo/Myst/Servidor/src/missing'\'' autoconf'
AUTOHEADER='${SHELL} '\''/home/gabriel/projetos/poketibias/bases_estudo/Myst/Servidor/src/missing'\'' autoheader'
AUTOMAKE='${SHELL} '\''/home/gabriel/projetos/poketibias/bases_estudo/Myst/Servidor/src/missing'\'' automake-1.16'
AWK='mawk'
CPPFLAGS=''
CXX='i686-w64-mingw32-g++'
CXXCPP='i686-w64-mingw32-g++ -E'
CXXDEPMODE='depmode=gcc3'
CXXFLAGS='-std=c++11 -static-libgcc -static-libstdc++ -D_WIN32_WINNT=0x0501 -D__USE_MINGW_ANSI_STDIO=0 -static'
CYGPATH_W='echo'
DEBUG_FLAGS=''
DEFS=''
DEPDIR='.deps'
ECHO_C=''
ECHO_N='-n'
ECHO_T=''
EGREP='/bin/grep -E'
EXEEXT='.exe'
GREP='/bin/grep'
INSTALL_DATA='${INSTALL} -m 644'
INSTALL_PROGRAM='${INSTALL}'
INSTALL_SCRIPT='${INSTALL}'
INSTALL_STRIP_PROGRAM='$(install_sh) -c -s'
LDFLAGS='-static-libgcc -static-libstdc++ -static'
LIBOBJS=' malloc.o memcmp.o realloc.o'
LIBS=' -lxml2'
LOGIN_SERVER_FALSE=''
LOGIN_SERVER_TRUE='#'
LTLIBOBJS=''
LUA_CFLAGS=''
LUA_LIBS=''
MAKEINFO='${SHELL} '\''/home/gabriel/projetos/poketibias/bases_estudo/Myst/Servidor/src/missing'\'' makeinfo'
MKDIR_P='/bin/mkdir -p'
MYSQL_FLAGS='-D__USE_MYSQL__'
MYSQL_LIBS=''
OBJEXT='o'
ODBC_FLAGS=''
ODBC_LIBS=''
OPTIONAL_FLAGS=''
PACKAGE='theforgottenserver'
PACKAGE_BUGREPORT=''
PACKAGE_NAME='TheForgottenServer'
PACKAGE_STRING='TheForgottenServer 0.3.6'
PACKAGE_TARNAME='theforgottenserver'
PACKAGE_URL=''
PACKAGE_VERSION='0.3.6'
PATH_SEPARATOR=':'
PGSQL_FLAGS=''
PGSQL_LIBS=''
PKG_CONFIG=''
PKG_CONFIG_LIBDIR=''
PKG_CONFIG_PATH=''
PROFILER_FLAGS=''
REMOTE_CONTROL_FALSE=''
REMOTE_CONTROL_TRUE='#'
SET_MAKE=''
SHELL='/bin/bash'
SQLITE_FLAGS=''
SQLITE_LIBS=''
STRIP='i686-w64-mingw32-strip'
USE_MYSQL_FALSE='#'
USE_MYSQL_TRUE=''
USE_ODBC_FALSE=''
USE_ODBC_TRUE='#'
USE_PGSQL_FALSE=''
USE_PGSQL_TRUE='#'
USE_SQLITE_FALSE=''
USE_SQLITE_TRUE='#'
VERSION='0.3.6'
XML2_CONFIG='/bin/xml2-config'
XML_CPPFLAGS='-I/usr/include/libxml2'
XML_LIBS='-lxml2'
ac_ct_CXX=''
am__EXEEXT_FALSE=''
am__EXEEXT_TRUE=''
am__fastdepCXX_FALSE='#'
am__fastdepCXX_TRUE=''
am__include='include'
am__isrc=' -I$(srcdir)'
am__leading_dot='.'
am__nodep='_no'
am__quote=''
am__tar='$${TAR-tar} chof - "$$tardir"'
am__untar='$${TAR-tar} xf -'
bindir='${exec_prefix}/bin'
build_alias=''
datadir='${datarootdir}'
datarootdir='${prefix}/share'
docdir='${datarootdir}/doc/${PACKAGE_TARNAME}'
dvidir='${docdir}'
exec_prefix='NONE'
host_alias='i686-w64-mingw32'
htmldir='${docdir}'
includedir='${prefix}/include'
infodir='${datarootdir}/info'
install_sh='${SHELL} /home/gabriel/projetos/poketibias/bases_estudo/Myst/Servidor/src/install-sh'
libdir='${exec_prefix}/lib'
libexecdir='${exec_prefix}/libexec'
localedir='${datarootdir}/locale'
localstatedir='${prefix}/var'
mandir='${datarootdir}/man'
mkdir_p='$(MKDIR_P)'
oldincludedir='/usr/include'
pdfdir='${docdir}'
prefix='NONE'
program_transform_name='s,x,x,'
psdir='${docdir}'
runstatedir='${localstatedir}/run'
sbindir='${exec_prefix}/sbin'
sharedstatedir='${prefix}/com'
sysconfdir='${prefix}/etc'
target_alias=''

## ----------- ##
## confdefs.h. ##
## ----------- ##

/* confdefs.h */
#define PACKAGE_NAME "TheForgottenServer"
#define PACKAGE_TARNAME "theforgottenserver"
#define PACKAGE_VERSION "0.3.6"
#define PACKAGE_STRING "TheForgottenServer 0.3.6"
#define PACKAGE_BUGREPORT ""
#define PACKAGE_URL ""
#define PACKAGE "theforgottenserver"
#define VERSION "0.3.6"
#define STDC_HEADERS 1
#define HAVE_SYS_TYPES_H 1
#define HAVE_SYS_STAT_H 1
#define HAVE_STDLIB_H 1
#define HAVE_STRING_H 1
#define HAVE_MEMORY_H 1
#define HAVE_STRINGS_H 1
#define HAVE_INTTYPES_H 1
#define HAVE_STDINT_H 1
#define HAVE_UNISTD_H 1
#define HAVE_STDDEF_H 1
#define HAVE_STDINT_H 1
#define HAVE_STDLIB_H 1
#define HAVE_SYS_TIMEB_H 1
#define HAVE_PTRDIFF_T 1
#define HAVE_STDLIB_H 1
#define HAVE_MALLOC 0
#define malloc rpl_malloc
#define HAVE_STDLIB_H 1
#define HAVE_REALLOC 0
#define realloc rpl_realloc
#define HAVE_FLOOR 1
#define HAVE_FTIME 1
#define HAVE_MEMSET 1
#define HAVE_POW 1
#define HAVE_SQRT 1
#define HAVE_STRCASECMP 1
#define HAVE_STRNCASECMP 1
#define HAVE_STRSTR 1
#define HAVE_STRTOL 1

configure: exit 1
